execve("./a.out", ["./a.out"], 0x7ffefe4a26e0 /* 32 vars */) = 0
brk(NULL)                               = 0x55dbfa257000
arch_prctl(0x3001 /* ARCH_??? */, 0x7ffc71ddfb00) = -1 EINVAL (Invalid argument)
access("/etc/ld.so.preload", R_OK)      = -1 ENOENT (No such file or directory)
openat(AT_FDCWD, "/etc/ld.so.cache", O_RDONLY|O_CLOEXEC) = 3
fstat(3, {st_mode=S_IFREG|0644, st_size=75516, ...}) = 0
mmap(NULL, 75516, PROT_READ, MAP_PRIVATE, 3, 0) = 0x7f915e4b8000
close(3)                                = 0
openat(AT_FDCWD, "/lib/x86_64-linux-gnu/librt.so.1", O_RDONLY|O_CLOEXEC) = 3
read(3, "\177ELF\2\1\1\0\0\0\0\0\0\0\0\0\3\0>\0\1\0\0\0 7\0\0\0\0\0\0"..., 832) = 832
fstat(3, {st_mode=S_IFREG|0644, st_size=40040, ...}) = 0
mmap(NULL, 8192, PROT_READ|PROT_WRITE, MAP_PRIVATE|MAP_ANONYMOUS, -1, 0) = 0x7f915e4b6000
mmap(NULL, 44000, PROT_READ, MAP_PRIVATE|MAP_DENYWRITE, 3, 0) = 0x7f915e4ab000
mprotect(0x7f915e4ae000, 24576, PROT_NONE) = 0
mmap(0x7f915e4ae000, 16384, PROT_READ|PROT_EXEC, MAP_PRIVATE|MAP_FIXED|MAP_DENYWRITE, 3, 0x3000) = 0x7f915e4ae000
mmap(0x7f915e4b2000, 4096, PROT_READ, MAP_PRIVATE|MAP_FIXED|MAP_DENYWRITE, 3, 0x7000) = 0x7f915e4b2000
mmap(0x7f915e4b4000, 8192, PROT_READ|PROT_WRITE, MAP_PRIVATE|MAP_FIXED|MAP_DENYWRITE, 3, 0x8000) = 0x7f915e4b4000
close(3)                                = 0
openat(AT_FDCWD, "/lib/x86_64-linux-gnu/libpthread.so.0", O_RDONLY|O_CLOEXEC) = 3
read(3, "\177ELF\2\1\1\0\0\0\0\0\0\0\0\0\3\0>\0\1\0\0\0\220\201\0\0\0\0\0\0"..., 832) = 832
pread64(3, "\4\0\0\0\24\0\0\0\3\0\0\0GNU\0\345Ga\367\265T\320\374\301V)Yf]\223\337"..., 68, 824) = 68
fstat(3, {st_mode=S_IFREG|0755, st_size=157224, ...}) = 0
pread64(3, "\4\0\0\0\24\0\0\0\3\0\0\0GNU\0\345Ga\367\265T\320\374\301V)Yf]\223\337"..., 68, 824) = 68
mmap(NULL, 140408, PROT_READ, MAP_PRIVATE|MAP_DENYWRITE, 3, 0) = 0x7f915e488000
mmap(0x7f915e48f000, 69632, PROT_READ|PROT_EXEC, MAP_PRIVATE|MAP_FIXED|MAP_DENYWRITE, 3, 0x7000) = 0x7f915e48f000
mmap(0x7f915e4a0000, 20480, PROT_READ, MAP_PRIVATE|MAP_FIXED|MAP_DENYWRITE, 3, 0x18000) = 0x7f915e4a0000
mmap(0x7f915e4a5000, 8192, PROT_READ|PROT_WRITE, MAP_PRIVATE|MAP_FIXED|MAP_DENYWRITE, 3, 0x1c000) = 0x7f915e4a5000
mmap(0x7f915e4a7000, 13432, PROT_READ|PROT_WRITE, MAP_PRIVATE|MAP_FIXED|MAP_ANONYMOUS, -1, 0) = 0x7f915e4a7000
close(3)                                = 0
openat(AT_FDCWD, "/lib/x86_64-linux-gnu/libdl.so.2", O_RDONLY|O_CLOEXEC) = 3
read(3, "\177ELF\2\1\1\0\0\0\0\0\0\0\0\0\3\0>\0\1\0\0\0 \22\0\0\0\0\0\0"..., 832) = 832
fstat(3, {st_mode=S_IFREG|0644, st_size=18816, ...}) = 0
mmap(NULL, 20752, PROT_READ, MAP_PRIVATE|MAP_DENYWRITE, 3, 0) = 0x7f915e482000
mmap(0x7f915e483000, 8192, PROT_READ|PROT_EXEC, MAP_PRIVATE|MAP_FIXED|MAP_DENYWRITE, 3, 0x1000) = 0x7f915e483000
mmap(0x7f915e485000, 4096, PROT_READ, MAP_PRIVATE|MAP_FIXED|MAP_DENYWRITE, 3, 0x3000) = 0x7f915e485000
mmap(0x7f915e486000, 8192, PROT_READ|PROT_WRITE, MAP_PRIVATE|MAP_FIXED|MAP_DENYWRITE, 3, 0x3000) = 0x7f915e486000
close(3)                                = 0
openat(AT_FDCWD, "/lib/x86_64-linux-gnu/libstdc++.so.6", O_RDONLY|O_CLOEXEC) = 3
read(3, "\177ELF\2\1\1\3\0\0\0\0\0\0\0\0\3\0>\0\1\0\0\0`\341\t\0\0\0\0\0"..., 832) = 832
fstat(3, {st_mode=S_IFREG|0644, st_size=1956992, ...}) = 0
mmap(NULL, 1972224, PROT_READ, MAP_PRIVATE|MAP_DENYWRITE, 3, 0) = 0x7f915e2a0000
mprotect(0x7f915e336000, 1290240, PROT_NONE) = 0
mmap(0x7f915e336000, 987136, PROT_READ|PROT_EXEC, MAP_PRIVATE|MAP_FIXED|MAP_DENYWRITE, 3, 0x96000) = 0x7f915e336000
mmap(0x7f915e427000, 299008, PROT_READ, MAP_PRIVATE|MAP_FIXED|MAP_DENYWRITE, 3, 0x187000) = 0x7f915e427000
mmap(0x7f915e471000, 57344, PROT_READ|PROT_WRITE, MAP_PRIVATE|MAP_FIXED|MAP_DENYWRITE, 3, 0x1d0000) = 0x7f915e471000
mmap(0x7f915e47f000, 10240, PROT_READ|PROT_WRITE, MAP_PRIVATE|MAP_FIXED|MAP_ANONYMOUS, -1, 0) = 0x7f915e47f000
close(3)                                = 0
openat(AT_FDCWD, "/lib/x86_64-linux-gnu/libgcc_s.so.1", O_RDONLY|O_CLOEXEC) = 3
read(3, "\177ELF\2\1\1\0\0\0\0\0\0\0\0\0\3\0>\0\1\0\0\0\3405\0\0\0\0\0\0"..., 832) = 832
fstat(3, {st_mode=S_IFREG|0644, st_size=104984, ...}) = 0
mmap(NULL, 107592, PROT_READ, MAP_PRIVATE|MAP_DENYWRITE, 3, 0) = 0x7f915e285000
mmap(0x7f915e288000, 73728, PROT_READ|PROT_EXEC, MAP_PRIVATE|MAP_FIXED|MAP_DENYWRITE, 3, 0x3000) = 0x7f915e288000
mmap(0x7f915e29a000, 16384, PROT_READ, MAP_PRIVATE|MAP_FIXED|MAP_DENYWRITE, 3, 0x15000) = 0x7f915e29a000
mmap(0x7f915e29e000, 8192, PROT_READ|PROT_WRITE, MAP_PRIVATE|MAP_FIXED|MAP_DENYWRITE, 3, 0x18000) = 0x7f915e29e000
close(3)                                = 0
openat(AT_FDCWD, "/lib/x86_64-linux-gnu/libc.so.6", O_RDONLY|O_CLOEXEC) = 3
read(3, "\177ELF\2\1\1\3\0\0\0\0\0\0\0\0\3\0>\0\1\0\0\0\360q\2\0\0\0\0\0"..., 832) = 832
pread64(3, "\6\0\0\0\4\0\0\0@\0\0\0\0\0\0\0@\0\0\0\0\0\0\0@\0\0\0\0\0\0\0"..., 784, 64) = 784
pread64(3, "\4\0\0\0\20\0\0\0\5\0\0\0GNU\0\2\0\0\300\4\0\0\0\3\0\0\0\0\0\0\0", 32, 848) = 32
pread64(3, "\4\0\0\0\24\0\0\0\3\0\0\0GNU\0\t\233\222%\274\260\320\31\331\326\10\204\276X>\263"..., 68, 880) = 68
fstat(3, {st_mode=S_IFREG|0755, st_size=2029224, ...}) = 0
pread64(3, "\6\0\0\0\4\0\0\0@\0\0\0\0\0\0\0@\0\0\0\0\0\0\0@\0\0\0\0\0\0\0"..., 784, 64) = 784
pread64(3, "\4\0\0\0\20\0\0\0\5\0\0\0GNU\0\2\0\0\300\4\0\0\0\3\0\0\0\0\0\0\0", 32, 848) = 32
pread64(3, "\4\0\0\0\24\0\0\0\3\0\0\0GNU\0\t\233\222%\274\260\320\31\331\326\10\204\276X>\263"..., 68, 880) = 68
mmap(NULL, 2036952, PROT_READ, MAP_PRIVATE|MAP_DENYWRITE, 3, 0) = 0x7f915e093000
mprotect(0x7f915e0b8000, 1847296, PROT_NONE) = 0
mmap(0x7f915e0b8000, 1540096, PROT_READ|PROT_EXEC, MAP_PRIVATE|MAP_FIXED|MAP_DENYWRITE, 3, 0x25000) = 0x7f915e0b8000
mmap(0x7f915e230000, 303104, PROT_READ, MAP_PRIVATE|MAP_FIXED|MAP_DENYWRITE, 3, 0x19d000) = 0x7f915e230000
mmap(0x7f915e27b000, 24576, PROT_READ|PROT_WRITE, MAP_PRIVATE|MAP_FIXED|MAP_DENYWRITE, 3, 0x1e7000) = 0x7f915e27b000
mmap(0x7f915e281000, 13528, PROT_READ|PROT_WRITE, MAP_PRIVATE|MAP_FIXED|MAP_ANONYMOUS, -1, 0) = 0x7f915e281000
close(3)                                = 0
openat(AT_FDCWD, "/lib/x86_64-linux-gnu/libm.so.6", O_RDONLY|O_CLOEXEC) = 3
read(3, "\177ELF\2\1\1\3\0\0\0\0\0\0\0\0\3\0>\0\1\0\0\0\300\363\0\0\0\0\0\0"..., 832) = 832
fstat(3, {st_mode=S_IFREG|0644, st_size=1369352, ...}) = 0
mmap(NULL, 8192, PROT_READ|PROT_WRITE, MAP_PRIVATE|MAP_ANONYMOUS, -1, 0) = 0x7f915e091000
mmap(NULL, 1368336, PROT_READ, MAP_PRIVATE|MAP_DENYWRITE, 3, 0) = 0x7f915df42000
mmap(0x7f915df51000, 684032, PROT_READ|PROT_EXEC, MAP_PRIVATE|MAP_FIXED|MAP_DENYWRITE, 3, 0xf000) = 0x7f915df51000
mmap(0x7f915dff8000, 618496, PROT_READ, MAP_PRIVATE|MAP_FIXED|MAP_DENYWRITE, 3, 0xb6000) = 0x7f915dff8000
mmap(0x7f915e08f000, 8192, PROT_READ|PROT_WRITE, MAP_PRIVATE|MAP_FIXED|MAP_DENYWRITE, 3, 0x14c000) = 0x7f915e08f000
close(3)                                = 0
mmap(NULL, 12288, PROT_READ|PROT_WRITE, MAP_PRIVATE|MAP_ANONYMOUS, -1, 0) = 0x7f915df3f000
arch_prctl(ARCH_SET_FS, 0x7f915df3fa00) = 0
mprotect(0x7f915e27b000, 12288, PROT_READ) = 0
mprotect(0x7f915e08f000, 4096, PROT_READ) = 0
mprotect(0x7f915e29e000, 4096, PROT_READ) = 0
mprotect(0x7f915e471000, 45056, PROT_READ) = 0
mprotect(0x7f915e486000, 4096, PROT_READ) = 0
mprotect(0x7f915e4a5000, 4096, PROT_READ) = 0
mprotect(0x7f915e4b4000, 4096, PROT_READ) = 0
mprotect(0x55dbfa0eb000, 16384, PROT_READ) = 0
mprotect(0x7f915e4f8000, 4096, PROT_READ) = 0
munmap(0x7f915e4b8000, 75516)           = 0
set_tid_address(0x7f915df3fcd0)         = 2097092
set_robust_list(0x7f915df3fce0, 24)     = 0
rt_sigaction(SIGRTMIN, {sa_handler=0x7f915e48fbf0, sa_mask=[], sa_flags=SA_RESTORER|SA_SIGINFO, sa_restorer=0x7f915e49d3c0}, NULL, 8) = 0
rt_sigaction(SIGRT_1, {sa_handler=0x7f915e48fc90, sa_mask=[], sa_flags=SA_RESTORER|SA_RESTART|SA_SIGINFO, sa_restorer=0x7f915e49d3c0}, NULL, 8) = 0
rt_sigprocmask(SIG_UNBLOCK, [RTMIN RT_1], NULL, 8) = 0
prlimit64(0, RLIMIT_STACK, NULL, {rlim_cur=8192*1024, rlim_max=RLIM64_INFINITY}) = 0
brk(NULL)                               = 0x55dbfa257000
brk(0x55dbfa278000)                     = 0x55dbfa278000
futex(0x55dbfa0efa38, FUTEX_WAKE_PRIVATE, 2147483647) = 0
futex(0x7f915e4870c8, FUTEX_WAKE_PRIVATE, 2147483647) = 0
openat(AT_FDCWD, "/etc/ld.so.cache", O_RDONLY|O_CLOEXEC) = 3
fstat(3, {st_mode=S_IFREG|0644, st_size=75516, ...}) = 0
mmap(NULL, 75516, PROT_READ, MAP_PRIVATE, 3, 0) = 0x7f915e4b8000
close(3)                                = 0
openat(AT_FDCWD, "/lib/x86_64-linux-gnu/libcuda.so.1", O_RDONLY|O_CLOEXEC) = 3
read(3, "\177ELF\2\1\1\0\0\0\0\0\0\0\0\0\3\0>\0\1\0\0\0 j\r\0\0\0\0\0"..., 832) = 832
fstat(3, {st_mode=S_IFREG|0644, st_size=22267208, ...}) = 0
mmap(NULL, 24493992, PROT_READ|PROT_EXEC, MAP_PRIVATE|MAP_DENYWRITE, 3, 0) = 0x7f915c7e3000
mprotect(0x7f915db27000, 2093056, PROT_NONE) = 0
mmap(0x7f915dd26000, 2068480, PROT_READ|PROT_WRITE, MAP_PRIVATE|MAP_FIXED|MAP_DENYWRITE, 3, 0x1343000) = 0x7f915dd26000
mmap(0x7f915df1f000, 130984, PROT_READ|PROT_WRITE, MAP_PRIVATE|MAP_FIXED|MAP_ANONYMOUS, -1, 0) = 0x7f915df1f000
close(3)                                = 0
mprotect(0x7f915dd26000, 974848, PROT_READ) = 0
sched_get_priority_max(SCHED_RR)        = 99
sched_get_priority_min(SCHED_RR)        = 1
munmap(0x7f915e4b8000, 75516)           = 0
getpid()                                = 2097092
openat(AT_FDCWD, "/sys/devices/system/cpu/online", O_RDONLY|O_CLOEXEC) = 3
read(3, "0-63\n", 8192)                 = 5
close(3)                                = 0
mmap(NULL, 135168, PROT_READ|PROT_WRITE, MAP_PRIVATE|MAP_ANONYMOUS, -1, 0) = 0x7f915c7c2000
sched_getaffinity(2097092, 8, [0, 1, 2, 3, 4, 5, 6, 7, 8, 9, 10, 11, 12, 13, 14, 15, 16, 17, 18, 19, 20, 21, 22, 23, 24, 25, 26, 27, 28, 29, 30, 31, 32, 33, 34, 35, 36, 37, 38, 39, 40, 41, 42, 43, 44, 45, 46, 47, 48, 49, 50, 51, 52, 53, 54, 55, 56, 57, 58, 59, 60, 61, 62, 63]) = 8
munmap(0x7f915c7c2000, 135168)          = 0
openat(AT_FDCWD, "/proc/sys/vm/mmap_min_addr", O_RDONLY) = 3
fstat(3, {st_mode=S_IFREG|0644, st_size=0, ...}) = 0
read(3, "65536\n", 1024)                = 6
close(3)                                = 0
openat(AT_FDCWD, "/proc/cpuinfo", O_RDONLY) = 3
fstat(3, {st_mode=S_IFREG|0444, st_size=0, ...}) = 0
read(3, "processor\t: 0\nvendor_id\t: Genuin"..., 1024) = 1024
read(3, " smap clflushopt clwb intel_pt a"..., 1024) = 1024
close(3)                                = 0
openat(AT_FDCWD, "/proc/self/maps", O_RDONLY) = 3
brk(0x55dbfa29a000)                     = 0x55dbfa29a000
fstat(3, {st_mode=S_IFREG|0444, st_size=0, ...}) = 0
read(3, "55dbfa079000-55dbfa080000 r--p 0"..., 1024) = 1024
read(3, "6618                   /usr/lib/"..., 1024) = 1024
read(3, "         /usr/lib/x86_64-linux-g"..., 1024) = 1024
read(3, "w-p 00019000 08:02 52303453     "..., 1024) = 1024
read(3, "           /usr/lib/x86_64-linux"..., 1024) = 1024
read(3, "0 0 \n7f915e4ab000-7f915e4ae000 r"..., 1024) = 1024
read(3, " /usr/lib/x86_64-linux-gnu/ld-2."..., 1024) = 632
close(3)                                = 0
getpid()                                = 2097092
futex(0x7f915df28bbc, FUTEX_WAKE_PRIVATE, 2147483647) = 0
statfs("/dev/shm/", {f_type=TMPFS_MAGIC, f_bsize=4096, f_blocks=49355490, f_bfree=49355490, f_bavail=49355490, f_files=49355490, f_ffree=49355486, f_fsid={val=[0, 0]}, f_namelen=255, f_frsize=4096, f_flags=ST_VALID|ST_NOSUID|ST_NODEV}) = 0
futex(0x7f915e4aa390, FUTEX_WAKE_PRIVATE, 2147483647) = 0
openat(AT_FDCWD, "/dev/shm/cuda_injection_path_shm", O_RDWR|O_NOFOLLOW|O_CLOEXEC) = -1 ENOENT (No such file or directory)
openat(AT_FDCWD, "/home/user01/.nv/nvidia-application-profile-globals-rc", O_RDONLY) = -1 ENOENT (No such file or directory)
openat(AT_FDCWD, "/home/user01/.nv/nvidia-application-profiles-rc", O_RDONLY) = -1 ENOENT (No such file or directory)
openat(AT_FDCWD, "/home/user01/.nv/nvidia-application-profiles-rc.d", O_RDONLY) = -1 ENOENT (No such file or directory)
openat(AT_FDCWD, "/etc/nvidia/nvidia-application-profiles-rc", O_RDONLY) = -1 ENOENT (No such file or directory)
openat(AT_FDCWD, "/etc/nvidia/nvidia-application-profiles-rc.d/", O_RDONLY) = -1 ENOENT (No such file or directory)
openat(AT_FDCWD, "/usr/share/nvidia/nvidia-application-profiles-470.57.02-rc", O_RDONLY) = 3
fstat(3, {st_mode=S_IFREG|0644, st_size=9082, ...}) = 0
fstat(3, {st_mode=S_IFREG|0644, st_size=9082, ...}) = 0
read(3, "# Application profiles for the N"..., 8192) = 8192
read(3, "gcoord\" },\n        { \"pattern\": "..., 4096) = 890
brk(0x55dbfa2bb000)                     = 0x55dbfa2bb000
close(3)                                = 0
openat(AT_FDCWD, "/usr/share/nvidia/nvidia-application-profiles-rc", O_RDONLY) = -1 ENOENT (No such file or directory)
getpid()                                = 2097092
readlink("/proc/2097092/exe", "/home/user01/microbench/gpu_cont"..., 4095) = 47
openat(AT_FDCWD, "/proc/self/comm", O_RDONLY) = 3
fstat(3, {st_mode=S_IFREG|0644, st_size=0, ...}) = 0
read(3, "a.out\n", 4096)                = 6
read(3, "", 3072)                       = 0
close(3)                                = 0
getpid()                                = 2097092
geteuid()                               = 1000
socket(AF_UNIX, SOCK_SEQPACKET|SOCK_CLOEXEC, 0) = 3
setsockopt(3, SOL_SOCKET, SO_PASSCRED, [1], 4) = 0
connect(3, {sa_family=AF_UNIX, sun_path="/tmp/nvidia-mps/control"}, 26) = -1 ECONNREFUSED (Connection refused)
close(3)                                = 0
lstat("/proc", {st_mode=S_IFDIR|0555, st_size=0, ...}) = 0
lstat("/proc/self", {st_mode=S_IFLNK|0777, st_size=0, ...}) = 0
readlink("/proc/self", "2097092", 4095) = 7
lstat("/proc/2097092", {st_mode=S_IFDIR|0555, st_size=0, ...}) = 0
lstat("/proc/2097092/exe", {st_mode=S_IFLNK|0777, st_size=0, ...}) = 0
readlink("/proc/2097092/exe", "/home/user01/microbench/gpu_cont"..., 4095) = 47
lstat("/home", {st_mode=S_IFDIR|0755, st_size=4096, ...}) = 0
lstat("/home/user01", {st_mode=S_IFDIR|0755, st_size=4096, ...}) = 0
lstat("/home/user01/microbench", {st_mode=S_IFDIR|0775, st_size=4096, ...}) = 0
lstat("/home/user01/microbench/gpu_context_share", {st_mode=S_IFDIR|0775, st_size=4096, ...}) = 0
lstat("/home/user01/microbench/gpu_context_share/a.out", {st_mode=S_IFREG|0775, st_size=658744, ...}) = 0
openat(AT_FDCWD, "/proc/modules", O_RDONLY) = 3
fstat(3, {st_mode=S_IFREG|0444, st_size=0, ...}) = 0
read(3, "ufs 81920 0 - Live 0x00000000000"..., 1024) = 1024
read(3, "2 nf_conntrack_netlink, Live 0x0"..., 1024) = 1024
read(3, "0000000000\nscsi_dh_emc 16384 0 -"..., 1024) = 1024
read(3, "0000000\ndell_wmi_descriptor 2048"..., 1024) = 1024
read(3, "84 0 - Live 0x0000000000000000\nn"..., 1024) = 1024
read(3, "0x0000000000000000\nlibcrc32c 163"..., 1024) = 1024
close(3)                                = 0
openat(AT_FDCWD, "/proc/driver/nvidia/params", O_RDONLY) = 3
fstat(3, {st_mode=S_IFREG|0444, st_size=0, ...}) = 0
read(3, "ResmanDebugLevel: 4294967295\nRmL"..., 1024) = 803
close(3)                                = 0
stat("/dev/nvidiactl", {st_mode=S_IFCHR|0666, st_rdev=makedev(0xc3, 0xff), ...}) = 0
openat(AT_FDCWD, "/dev/nvidiactl", O_RDWR) = 3
fcntl(3, F_SETFD, FD_CLOEXEC)           = 0
ioctl(3, _IOC(_IOC_READ|_IOC_WRITE, 0x46, 0xd2, 0x48), 0x7ffc71ddc110) = 0
openat(AT_FDCWD, "/sys/devices/system/memory/block_size_bytes", O_RDONLY) = 4
read(4, "40000000\n", 99)               = 9
close(4)                                = 0
ioctl(3, _IOC(_IOC_READ|_IOC_WRITE, 0x46, 0xd6, 0x8), 0x7ffc71ddc110) = 0
ioctl(3, _IOC(_IOC_READ|_IOC_WRITE, 0x46, 0xc8, 0x900), 0x7f915df301c0) = 0
ioctl(3, _IOC(_IOC_READ|_IOC_WRITE, 0x46, 0x2b, 0x20), 0x7ffc71ddc110) = 0
ioctl(3, _IOC(_IOC_READ|_IOC_WRITE, 0x46, 0x2a, 0x20), 0x7ffc71ddc060) = 0
ioctl(3, _IOC(_IOC_READ|_IOC_WRITE, 0x46, 0x29, 0x10), 0x7ffc71ddc160) = 0
close(3)                                = 0
openat(AT_FDCWD, "/proc/modules", O_RDONLY) = 3
fstat(3, {st_mode=S_IFREG|0444, st_size=0, ...}) = 0
read(3, "ufs 81920 0 - Live 0x00000000000"..., 1024) = 1024
read(3, "2 nf_conntrack_netlink, Live 0x0"..., 1024) = 1024
read(3, "0000000000\nscsi_dh_emc 16384 0 -"..., 1024) = 1024
read(3, "0000000\ndell_wmi_descriptor 2048"..., 1024) = 1024
read(3, "84 0 - Live 0x0000000000000000\nn"..., 1024) = 1024
read(3, "0x0000000000000000\nlibcrc32c 163"..., 1024) = 1024
close(3)                                = 0
openat(AT_FDCWD, "/proc/driver/nvidia/params", O_RDONLY) = 3
fstat(3, {st_mode=S_IFREG|0444, st_size=0, ...}) = 0
read(3, "ResmanDebugLevel: 4294967295\nRmL"..., 1024) = 803
close(3)                                = 0
stat("/dev/nvidiactl", {st_mode=S_IFCHR|0666, st_rdev=makedev(0xc3, 0xff), ...}) = 0
openat(AT_FDCWD, "/dev/nvidiactl", O_RDWR) = 3
fcntl(3, F_SETFD, FD_CLOEXEC)           = 0
ioctl(3, _IOC(_IOC_READ|_IOC_WRITE, 0x46, 0xd2, 0x48), 0x7ffc71ddc6d0) = 0
openat(AT_FDCWD, "/sys/devices/system/memory/block_size_bytes", O_RDONLY) = 4
read(4, "40000000\n", 99)               = 9
close(4)                                = 0
ioctl(3, _IOC(_IOC_READ|_IOC_WRITE, 0x46, 0xd6, 0x8), 0x7ffc71ddc6d0) = 0
ioctl(3, _IOC(_IOC_READ|_IOC_WRITE, 0x46, 0xc8, 0x900), 0x7f915df301c0) = 0
ioctl(3, _IOC(_IOC_READ|_IOC_WRITE, 0x46, 0x2b, 0x20), 0x7ffc71ddc6d0) = 0
ioctl(3, _IOC(_IOC_READ|_IOC_WRITE, 0x46, 0x2a, 0x20), 0x7ffc71ddc600) = 0
openat(AT_FDCWD, "/proc/self/status", O_RDONLY) = 4
fstat(4, {st_mode=S_IFREG|0444, st_size=0, ...}) = 0
read(4, "Name:\ta.out\nUmask:\t0002\nState:\tR"..., 1024) = 1024
read(4, "\nMems_allowed:\t00000000,00000000"..., 1024) = 385
close(4)                                = 0
openat(AT_FDCWD, "/sys/devices/system/node", O_RDONLY|O_NONBLOCK|O_CLOEXEC|O_DIRECTORY) = 4
fstat(4, {st_mode=S_IFDIR|0755, st_size=0, ...}) = 0
brk(0x55dbfa2e3000)                     = 0x55dbfa2e3000
getdents64(4, /* 11 entries */, 32768)  = 344
openat(AT_FDCWD, "/sys/devices/system/node/node0/cpumap", O_RDONLY) = 5
fstat(5, {st_mode=S_IFREG|0444, st_size=4096, ...}) = 0
read(5, "55555555,55555555\n", 4096)    = 18
close(5)                                = 0
openat(AT_FDCWD, "/sys/devices/system/node/node1/cpumap", O_RDONLY) = 5
fstat(5, {st_mode=S_IFREG|0444, st_size=4096, ...}) = 0
read(5, "aaaaaaaa,aaaaaaaa\n", 4096)    = 18
close(5)                                = 0
getdents64(4, /* 0 entries */, 32768)   = 0
close(4)                                = 0
futex(0x7f915df26f38, FUTEX_WAKE_PRIVATE, 2147483647) = 0
get_mempolicy([MPOL_DEFAULT], [000000000000000000, 000000000000000000, 000000000000000000, 000000000000000000, 000000000000000000, 000000000000000000, 000000000000000000, 000000000000000000, 000000000000000000, 000000000000000000, 000000000000000000, 000000000000000000, 000000000000000000, 000000000000000000, 000000000000000000, 000000000000000000], 1024, NULL, 0) = 0
openat(AT_FDCWD, "/proc/modules", O_RDONLY) = 4
fstat(4, {st_mode=S_IFREG|0444, st_size=0, ...}) = 0
read(4, "ufs 81920 0 - Live 0x00000000000"..., 1024) = 1024
read(4, "2 nf_conntrack_netlink, Live 0x0"..., 1024) = 1024
read(4, "0000000000\nscsi_dh_emc 16384 0 -"..., 1024) = 1024
read(4, "0000000\ndell_wmi_descriptor 2048"..., 1024) = 1024
read(4, "84 0 - Live 0x0000000000000000\nn"..., 1024) = 1024
close(4)                                = 0
openat(AT_FDCWD, "/proc/devices", O_RDONLY) = 4
fstat(4, {st_mode=S_IFREG|0444, st_size=0, ...}) = 0
read(4, "Character devices:\n  1 mem\n  4 /"..., 1024) = 717
close(4)                                = 0
stat("/dev/nvidia-uvm", {st_mode=S_IFCHR|0666, st_rdev=makedev(0xeb, 0), ...}) = 0
stat("/dev/nvidia-uvm-tools", {st_mode=S_IFCHR|0666, st_rdev=makedev(0xeb, 0x1), ...}) = 0
openat(AT_FDCWD, "/dev/nvidia-uvm", O_RDWR|O_CLOEXEC) = 4
fcntl(4, F_GETFD)                       = 0x1 (flags FD_CLOEXEC)
ioctl(4, _IOC(_IOC_NONE, 0, 0x1, 0x3000), 0x7ffc71ddc720) = 0
ioctl(4, _IOC(_IOC_NONE, 0, 0x27, 0), 0x7ffc71ddc730) = 0
ioctl(3, _IOC(_IOC_READ|_IOC_WRITE, 0x46, 0x2a, 0x20), 0x7ffc71ddb4a0) = 0
ioctl(3, _IOC(_IOC_READ|_IOC_WRITE, 0x46, 0x2a, 0x20), 0x7ffc71ddb3a0) = 0
ioctl(3, _IOC(_IOC_READ|_IOC_WRITE, 0x46, 0x2a, 0x20), 0x7ffc71ddac10) = 0
ioctl(3, _IOC(_IOC_READ|_IOC_WRITE, 0x46, 0x2a, 0x20), 0x7ffc71ddb4a0) = 0
openat(AT_FDCWD, "/proc/driver/nvidia/params", O_RDONLY) = 5
fstat(5, {st_mode=S_IFREG|0444, st_size=0, ...}) = 0
read(5, "ResmanDebugLevel: 4294967295\nRmL"..., 1024) = 803
close(5)                                = 0
stat("/dev/nvidia0", {st_mode=S_IFCHR|0666, st_rdev=makedev(0xc3, 0), ...}) = 0
openat(AT_FDCWD, "/dev/nvidia0", O_RDWR|O_CLOEXEC) = 5
fcntl(5, F_GETFD)                       = 0x1 (flags FD_CLOEXEC)
ioctl(3, _IOC(_IOC_READ|_IOC_WRITE, 0x46, 0x2a, 0x20), 0x7ffc71ddb4a0) = 0
openat(AT_FDCWD, "/proc/driver/nvidia/params", O_RDONLY) = 6
fstat(6, {st_mode=S_IFREG|0444, st_size=0, ...}) = 0
read(6, "ResmanDebugLevel: 4294967295\nRmL"..., 1024) = 803
close(6)                                = 0
stat("/dev/nvidia1", {st_mode=S_IFCHR|0666, st_rdev=makedev(0xc3, 0x1), ...}) = 0
openat(AT_FDCWD, "/dev/nvidia1", O_RDWR|O_CLOEXEC) = 6
fcntl(6, F_GETFD)                       = 0x1 (flags FD_CLOEXEC)
ioctl(3, _IOC(_IOC_READ|_IOC_WRITE, 0x46, 0x2a, 0x20), 0x7ffc71ddb4a0) = 0
openat(AT_FDCWD, "/proc/driver/nvidia/params", O_RDONLY) = 7
fstat(7, {st_mode=S_IFREG|0444, st_size=0, ...}) = 0
read(7, "ResmanDebugLevel: 4294967295\nRmL"..., 1024) = 803
close(7)                                = 0
stat("/dev/nvidia2", {st_mode=S_IFCHR|0666, st_rdev=makedev(0xc3, 0x2), ...}) = 0
openat(AT_FDCWD, "/dev/nvidia2", O_RDWR|O_CLOEXEC) = 7
fcntl(7, F_GETFD)                       = 0x1 (flags FD_CLOEXEC)
ioctl(3, _IOC(_IOC_READ|_IOC_WRITE, 0x46, 0x2a, 0x20), 0x7ffc71ddb4a0) = 0
openat(AT_FDCWD, "/proc/driver/nvidia/params", O_RDONLY) = 8
fstat(8, {st_mode=S_IFREG|0444, st_size=0, ...}) = 0
read(8, "ResmanDebugLevel: 4294967295\nRmL"..., 1024) = 803
close(8)                                = 0
stat("/dev/nvidia3", {st_mode=S_IFCHR|0666, st_rdev=makedev(0xc3, 0x3), ...}) = 0
openat(AT_FDCWD, "/dev/nvidia3", O_RDWR|O_CLOEXEC) = 8
fcntl(8, F_GETFD)                       = 0x1 (flags FD_CLOEXEC)
ioctl(3, _IOC(_IOC_READ|_IOC_WRITE, 0x46, 0x2a, 0x20), 0x7ffc71ddb490) = 0
ioctl(3, _IOC(_IOC_READ|_IOC_WRITE, 0x46, 0x2a, 0x20), 0x7ffc71ddb2c0) = 0
ioctl(3, _IOC(_IOC_READ|_IOC_WRITE, 0x46, 0x2a, 0x20), 0x7ffc71ddb460) = 0
openat(AT_FDCWD, "/proc/driver/nvidia/params", O_RDONLY) = 9
fstat(9, {st_mode=S_IFREG|0444, st_size=0, ...}) = 0
read(9, "ResmanDebugLevel: 4294967295\nRmL"..., 1024) = 803
close(9)                                = 0
stat("/dev/nvidia0", {st_mode=S_IFCHR|0666, st_rdev=makedev(0xc3, 0), ...}) = 0
openat(AT_FDCWD, "/dev/nvidia0", O_RDWR|O_CLOEXEC) = 9
fcntl(9, F_GETFD)                       = 0x1 (flags FD_CLOEXEC)
ioctl(9, _IOC(_IOC_READ|_IOC_WRITE, 0x46, 0xc9, 0x4), 0x7ffc71ddb4b0) = 0
ioctl(9, _IOC(_IOC_READ|_IOC_WRITE, 0x46, 0xd7, 0x228), 0x7ffc71ddb250) = 0
ioctl(3, _IOC(_IOC_READ|_IOC_WRITE, 0x46, 0x2b, 0x28), 0x7ffc71ddb590) = 0
ioctl(3, _IOC(_IOC_READ|_IOC_WRITE, 0x46, 0x2a, 0x20), 0x7ffc71ddb4a0) = 0
ioctl(3, _IOC(_IOC_READ|_IOC_WRITE, 0x46, 0x2a, 0x20), 0x7ffc71ddb4a0) = 0
ioctl(3, _IOC(_IOC_READ|_IOC_WRITE, 0x46, 0x2a, 0x20), 0x7ffc71ddb4a0) = 0
ioctl(3, _IOC(_IOC_READ|_IOC_WRITE, 0x46, 0x2a, 0x20), 0x7ffc71ddb4a0) = 0
ioctl(3, _IOC(_IOC_READ|_IOC_WRITE, 0x46, 0x2a, 0x20), 0x7ffc71ddb370) = 0
ioctl(3, _IOC(_IOC_READ|_IOC_WRITE, 0x46, 0x2a, 0x20), 0x7ffc71ddb220) = 0
ioctl(3, _IOC(_IOC_READ|_IOC_WRITE, 0x46, 0x2a, 0x20), 0x7ffc71ddb3c0) = 0
openat(AT_FDCWD, "/proc/driver/nvidia/params", O_RDONLY) = 10
fstat(10, {st_mode=S_IFREG|0444, st_size=0, ...}) = 0
read(10, "ResmanDebugLevel: 4294967295\nRmL"..., 1024) = 803
close(10)                               = 0
stat("/dev/nvidia0", {st_mode=S_IFCHR|0666, st_rdev=makedev(0xc3, 0), ...}) = 0
openat(AT_FDCWD, "/dev/nvidia0", O_RDWR|O_CLOEXEC) = 10
fcntl(10, F_GETFD)                      = 0x1 (flags FD_CLOEXEC)
ioctl(10, _IOC(_IOC_READ|_IOC_WRITE, 0x46, 0xc9, 0x4), 0x7ffc71ddb410) = 0
ioctl(3, _IOC(_IOC_READ|_IOC_WRITE, 0x46, 0x2b, 0x28), 0x7ffc71ddb4d0) = 0
ioctl(3, _IOC(_IOC_READ|_IOC_WRITE, 0x46, 0x2a, 0x20), 0x7ffc71ddb480) = 0
ioctl(3, _IOC(_IOC_READ|_IOC_WRITE, 0x46, 0x2a, 0x20), 0x7ffc71ddb3a0) = 0
ioctl(3, _IOC(_IOC_READ|_IOC_WRITE, 0x46, 0x2a, 0x20), 0x7ffc71ddb020) = 0
ioctl(3, _IOC(_IOC_READ|_IOC_WRITE, 0x46, 0x2a, 0x20), 0x7ffc71ddb3d0) = 0
ioctl(3, _IOC(_IOC_READ|_IOC_WRITE, 0x46, 0x2a, 0x20), 0x7ffc71ddb330) = 0
ioctl(3, _IOC(_IOC_READ|_IOC_WRITE, 0x46, 0x2a, 0x20), 0x7ffc71ddb1f0) = 0
ioctl(3, _IOC(_IOC_READ|_IOC_WRITE, 0x46, 0x2a, 0x20), 0x7ffc71ddb1f0) = 0
ioctl(3, _IOC(_IOC_READ|_IOC_WRITE, 0x46, 0x2a, 0x20), 0x7ffc71ddb1f0) = 0
ioctl(3, _IOC(_IOC_READ|_IOC_WRITE, 0x46, 0x2a, 0x20), 0x7ffc71ddb1f0) = 0
ioctl(3, _IOC(_IOC_READ|_IOC_WRITE, 0x46, 0x2a, 0x20), 0x7ffc71ddafb0) = 0
ioctl(3, _IOC(_IOC_READ|_IOC_WRITE, 0x46, 0x2a, 0x20), 0x7ffc71ddb330) = 0
ioctl(3, _IOC(_IOC_READ|_IOC_WRITE, 0x46, 0x2a, 0x20), 0x7ffc71ddb330) = 0
ioctl(3, _IOC(_IOC_READ|_IOC_WRITE, 0x46, 0x2a, 0x20), 0x7ffc71ddb330) = 0
ioctl(3, _IOC(_IOC_READ|_IOC_WRITE, 0x46, 0x2a, 0x20), 0x7ffc71ddb330) = 0
ioctl(3, _IOC(_IOC_READ|_IOC_WRITE, 0x46, 0x2a, 0x20), 0x7ffc71ddb2b0) = 0
ioctl(3, _IOC(_IOC_READ|_IOC_WRITE, 0x46, 0x2a, 0x20), 0x7ffc71ddb330) = 0
ioctl(3, _IOC(_IOC_READ|_IOC_WRITE, 0x46, 0x2a, 0x20), 0x7ffc71ddb330) = 0
ioctl(3, _IOC(_IOC_READ|_IOC_WRITE, 0x46, 0x2a, 0x20), 0x7ffc71ddb160) = 0
ioctl(3, _IOC(_IOC_READ|_IOC_WRITE, 0x46, 0x2a, 0x20), 0x7ffc71ddb310) = 0
ioctl(3, _IOC(_IOC_READ|_IOC_WRITE, 0x46, 0x2a, 0x20), 0x7ffc71ddb310) = 0
ioctl(3, _IOC(_IOC_READ|_IOC_WRITE, 0x46, 0x2a, 0x20), 0x7ffc71ddb310) = 0
ioctl(3, _IOC(_IOC_READ|_IOC_WRITE, 0x46, 0x2a, 0x20), 0x7ffc71ddb310) = 0
ioctl(3, _IOC(_IOC_READ|_IOC_WRITE, 0x46, 0x2a, 0x20), 0x7ffc71ddb310) = 0
ioctl(3, _IOC(_IOC_READ|_IOC_WRITE, 0x46, 0x2a, 0x20), 0x7ffc71ddb310) = 0
ioctl(3, _IOC(_IOC_READ|_IOC_WRITE, 0x46, 0x2a, 0x20), 0x7ffc71ddb310) = 0
ioctl(3, _IOC(_IOC_READ|_IOC_WRITE, 0x46, 0x2a, 0x20), 0x7ffc71ddb310) = 0
ioctl(3, _IOC(_IOC_READ|_IOC_WRITE, 0x46, 0x2a, 0x20), 0x7ffc71ddb300) = 0
ioctl(3, _IOC(_IOC_READ|_IOC_WRITE, 0x46, 0x2a, 0x20), 0x7ffc71ddb310) = 0
ioctl(3, _IOC(_IOC_READ|_IOC_WRITE, 0x46, 0x2a, 0x20), 0x7ffc71ddb310) = 0
ioctl(3, _IOC(_IOC_READ|_IOC_WRITE, 0x46, 0x2a, 0x20), 0x7ffc71ddb310) = 0
ioctl(3, _IOC(_IOC_READ|_IOC_WRITE, 0x46, 0x2a, 0x20), 0x7ffc71ddb310) = 0
ioctl(3, _IOC(_IOC_READ|_IOC_WRITE, 0x46, 0x2a, 0x20), 0x7ffc71dd9ac0) = 0
ioctl(3, _IOC(_IOC_READ|_IOC_WRITE, 0x46, 0x2a, 0x20), 0x7ffc71ddb3a0) = 0
ioctl(3, _IOC(_IOC_READ|_IOC_WRITE, 0x46, 0x2a, 0x20), 0x7ffc71ddb380) = 0
ioctl(3, _IOC(_IOC_READ|_IOC_WRITE, 0x46, 0x2b, 0x28), 0x7ffc71ddb4f0) = 0
ioctl(3, _IOC(_IOC_READ|_IOC_WRITE, 0x46, 0x2a, 0x20), 0x7ffc71ddb2e0) = 0
openat(AT_FDCWD, "/dev/nvidia0", O_RDWR|O_CLOEXEC) = 11
fcntl(11, F_GETFD)                      = 0x1 (flags FD_CLOEXEC)
ioctl(3, _IOC(_IOC_READ|_IOC_WRITE, 0x46, 0x4e, 0x38), 0x7ffc71ddb4b0) = 0
mmap(NULL, 65536, PROT_WRITE, MAP_SHARED, 11, 0) = 0x7f915e4bb000
close(11)                               = 0
ioctl(3, _IOC(_IOC_READ|_IOC_WRITE, 0x46, 0x2a, 0x20), 0x7ffc71ddb390) = 0
ioctl(3, _IOC(_IOC_READ|_IOC_WRITE, 0x46, 0x2b, 0x28), 0x7ffc71ddb4b0) = 0
ioctl(3, _IOC(_IOC_READ|_IOC_WRITE, 0x46, 0x2b, 0x28), 0x7ffc71ddb4b0) = 0
ioctl(3, _IOC(_IOC_READ|_IOC_WRITE, 0x46, 0x2a, 0x20), 0x7ffc71ddb3c0) = 0
ioctl(3, _IOC(_IOC_READ|_IOC_WRITE, 0x46, 0x2a, 0x20), 0x7ffc71ddb320) = 0
ioctl(3, _IOC(_IOC_READ|_IOC_WRITE, 0x46, 0x2a, 0x20), 0x7ffc71ddb300) = 0
ioctl(3, _IOC(_IOC_READ|_IOC_WRITE, 0x46, 0x2a, 0x20), 0x7ffc71ddb3f0) = 0
ioctl(3, _IOC(_IOC_READ|_IOC_WRITE, 0x46, 0x2a, 0x20), 0x7ffc71ddb2f0) = 0
ioctl(3, _IOC(_IOC_READ|_IOC_WRITE, 0x46, 0x2a, 0x20), 0x7ffc71ddb490) = 0
ioctl(3, _IOC(_IOC_READ|_IOC_WRITE, 0x46, 0x2a, 0x20), 0x7ffc71ddb2c0) = 0
ioctl(3, _IOC(_IOC_READ|_IOC_WRITE, 0x46, 0x2a, 0x20), 0x7ffc71ddb460) = 0
ioctl(3, _IOC(_IOC_READ|_IOC_WRITE, 0x46, 0x2a, 0x20), 0x7ffc71ddb460) = 0
openat(AT_FDCWD, "/proc/driver/nvidia/params", O_RDONLY) = 11
fstat(11, {st_mode=S_IFREG|0444, st_size=0, ...}) = 0
read(11, "ResmanDebugLevel: 4294967295\nRmL"..., 1024) = 803
close(11)                               = 0
stat("/dev/nvidia1", {st_mode=S_IFCHR|0666, st_rdev=makedev(0xc3, 0x1), ...}) = 0
openat(AT_FDCWD, "/dev/nvidia1", O_RDWR|O_CLOEXEC) = 11
fcntl(11, F_GETFD)                      = 0x1 (flags FD_CLOEXEC)
ioctl(11, _IOC(_IOC_READ|_IOC_WRITE, 0x46, 0xc9, 0x4), 0x7ffc71ddb4b0) = 0
ioctl(11, _IOC(_IOC_READ|_IOC_WRITE, 0x46, 0xd7, 0x228), 0x7ffc71ddb250) = 0
ioctl(3, _IOC(_IOC_READ|_IOC_WRITE, 0x46, 0x2b, 0x28), 0x7ffc71ddb590) = 0
ioctl(3, _IOC(_IOC_READ|_IOC_WRITE, 0x46, 0x2a, 0x20), 0x7ffc71ddb4a0) = 0
ioctl(3, _IOC(_IOC_READ|_IOC_WRITE, 0x46, 0x2a, 0x20), 0x7ffc71ddb4a0) = 0
ioctl(3, _IOC(_IOC_READ|_IOC_WRITE, 0x46, 0x2a, 0x20), 0x7ffc71ddb4a0) = 0
ioctl(3, _IOC(_IOC_READ|_IOC_WRITE, 0x46, 0x2a, 0x20), 0x7ffc71ddb4a0) = 0
ioctl(3, _IOC(_IOC_READ|_IOC_WRITE, 0x46, 0x2a, 0x20), 0x7ffc71ddb370) = 0
ioctl(3, _IOC(_IOC_READ|_IOC_WRITE, 0x46, 0x2a, 0x20), 0x7ffc71ddb220) = 0
ioctl(3, _IOC(_IOC_READ|_IOC_WRITE, 0x46, 0x2a, 0x20), 0x7ffc71ddb3c0) = 0
ioctl(3, _IOC(_IOC_READ|_IOC_WRITE, 0x46, 0x2a, 0x20), 0x7ffc71ddb3c0) = 0
openat(AT_FDCWD, "/proc/driver/nvidia/params", O_RDONLY) = 12
fstat(12, {st_mode=S_IFREG|0444, st_size=0, ...}) = 0
read(12, "ResmanDebugLevel: 4294967295\nRmL"..., 1024) = 803
close(12)                               = 0
stat("/dev/nvidia1", {st_mode=S_IFCHR|0666, st_rdev=makedev(0xc3, 0x1), ...}) = 0
openat(AT_FDCWD, "/dev/nvidia1", O_RDWR|O_CLOEXEC) = 12
fcntl(12, F_GETFD)                      = 0x1 (flags FD_CLOEXEC)
ioctl(12, _IOC(_IOC_READ|_IOC_WRITE, 0x46, 0xc9, 0x4), 0x7ffc71ddb410) = 0
ioctl(3, _IOC(_IOC_READ|_IOC_WRITE, 0x46, 0x2b, 0x28), 0x7ffc71ddb4d0) = 0
ioctl(3, _IOC(_IOC_READ|_IOC_WRITE, 0x46, 0x2a, 0x20), 0x7ffc71ddb480) = 0
ioctl(3, _IOC(_IOC_READ|_IOC_WRITE, 0x46, 0x2a, 0x20), 0x7ffc71ddb3a0) = 0
ioctl(3, _IOC(_IOC_READ|_IOC_WRITE, 0x46, 0x2a, 0x20), 0x7ffc71ddb020) = 0
ioctl(3, _IOC(_IOC_READ|_IOC_WRITE, 0x46, 0x2a, 0x20), 0x7ffc71ddb3d0) = 0
ioctl(3, _IOC(_IOC_READ|_IOC_WRITE, 0x46, 0x2a, 0x20), 0x7ffc71ddb330) = 0
ioctl(3, _IOC(_IOC_READ|_IOC_WRITE, 0x46, 0x2a, 0x20), 0x7ffc71ddb1f0) = 0
ioctl(3, _IOC(_IOC_READ|_IOC_WRITE, 0x46, 0x2a, 0x20), 0x7ffc71ddb1f0) = 0
ioctl(3, _IOC(_IOC_READ|_IOC_WRITE, 0x46, 0x2a, 0x20), 0x7ffc71ddb1f0) = 0
ioctl(3, _IOC(_IOC_READ|_IOC_WRITE, 0x46, 0x2a, 0x20), 0x7ffc71ddb1f0) = 0
ioctl(3, _IOC(_IOC_READ|_IOC_WRITE, 0x46, 0x2a, 0x20), 0x7ffc71ddafb0) = 0
ioctl(3, _IOC(_IOC_READ|_IOC_WRITE, 0x46, 0x2a, 0x20), 0x7ffc71ddb330) = 0
ioctl(3, _IOC(_IOC_READ|_IOC_WRITE, 0x46, 0x2a, 0x20), 0x7ffc71ddb330) = 0
ioctl(3, _IOC(_IOC_READ|_IOC_WRITE, 0x46, 0x2a, 0x20), 0x7ffc71ddb330) = 0
ioctl(3, _IOC(_IOC_READ|_IOC_WRITE, 0x46, 0x2a, 0x20), 0x7ffc71ddb330) = 0
ioctl(3, _IOC(_IOC_READ|_IOC_WRITE, 0x46, 0x2a, 0x20), 0x7ffc71ddb2b0) = 0
ioctl(3, _IOC(_IOC_READ|_IOC_WRITE, 0x46, 0x2a, 0x20), 0x7ffc71ddb330) = 0
ioctl(3, _IOC(_IOC_READ|_IOC_WRITE, 0x46, 0x2a, 0x20), 0x7ffc71ddb330) = 0
ioctl(3, _IOC(_IOC_READ|_IOC_WRITE, 0x46, 0x2a, 0x20), 0x7ffc71ddb160) = 0
ioctl(3, _IOC(_IOC_READ|_IOC_WRITE, 0x46, 0x2a, 0x20), 0x7ffc71ddb310) = 0
ioctl(3, _IOC(_IOC_READ|_IOC_WRITE, 0x46, 0x2a, 0x20), 0x7ffc71ddb310) = 0
ioctl(3, _IOC(_IOC_READ|_IOC_WRITE, 0x46, 0x2a, 0x20), 0x7ffc71ddb310) = 0
ioctl(3, _IOC(_IOC_READ|_IOC_WRITE, 0x46, 0x2a, 0x20), 0x7ffc71ddb310) = 0
ioctl(3, _IOC(_IOC_READ|_IOC_WRITE, 0x46, 0x2a, 0x20), 0x7ffc71ddb310) = 0
ioctl(3, _IOC(_IOC_READ|_IOC_WRITE, 0x46, 0x2a, 0x20), 0x7ffc71ddb310) = 0
ioctl(3, _IOC(_IOC_READ|_IOC_WRITE, 0x46, 0x2a, 0x20), 0x7ffc71ddb310) = 0
ioctl(3, _IOC(_IOC_READ|_IOC_WRITE, 0x46, 0x2a, 0x20), 0x7ffc71ddb310) = 0
ioctl(3, _IOC(_IOC_READ|_IOC_WRITE, 0x46, 0x2a, 0x20), 0x7ffc71ddb300) = 0
ioctl(3, _IOC(_IOC_READ|_IOC_WRITE, 0x46, 0x2a, 0x20), 0x7ffc71ddb310) = 0
ioctl(3, _IOC(_IOC_READ|_IOC_WRITE, 0x46, 0x2a, 0x20), 0x7ffc71ddb310) = 0
ioctl(3, _IOC(_IOC_READ|_IOC_WRITE, 0x46, 0x2a, 0x20), 0x7ffc71ddb310) = 0
ioctl(3, _IOC(_IOC_READ|_IOC_WRITE, 0x46, 0x2a, 0x20), 0x7ffc71ddb310) = 0
ioctl(3, _IOC(_IOC_READ|_IOC_WRITE, 0x46, 0x2a, 0x20), 0x7ffc71dd9ac0) = 0
ioctl(3, _IOC(_IOC_READ|_IOC_WRITE, 0x46, 0x2a, 0x20), 0x7ffc71ddb3a0) = 0
ioctl(3, _IOC(_IOC_READ|_IOC_WRITE, 0x46, 0x2a, 0x20), 0x7ffc71ddb380) = 0
ioctl(3, _IOC(_IOC_READ|_IOC_WRITE, 0x46, 0x2b, 0x28), 0x7ffc71ddb4f0) = 0
ioctl(3, _IOC(_IOC_READ|_IOC_WRITE, 0x46, 0x2a, 0x20), 0x7ffc71ddb2e0) = 0
openat(AT_FDCWD, "/dev/nvidia1", O_RDWR|O_CLOEXEC) = 13
fcntl(13, F_GETFD)                      = 0x1 (flags FD_CLOEXEC)
ioctl(3, _IOC(_IOC_READ|_IOC_WRITE, 0x46, 0x4e, 0x38), 0x7ffc71ddb4b0) = 0
mmap(NULL, 65536, PROT_WRITE, MAP_SHARED, 13, 0) = 0x7f915c7d3000
close(13)                               = 0
ioctl(3, _IOC(_IOC_READ|_IOC_WRITE, 0x46, 0x2a, 0x20), 0x7ffc71ddb390) = 0
ioctl(3, _IOC(_IOC_READ|_IOC_WRITE, 0x46, 0x2b, 0x28), 0x7ffc71ddb4b0) = 0
ioctl(3, _IOC(_IOC_READ|_IOC_WRITE, 0x46, 0x2b, 0x28), 0x7ffc71ddb4b0) = 0
ioctl(3, _IOC(_IOC_READ|_IOC_WRITE, 0x46, 0x2a, 0x20), 0x7ffc71ddb3c0) = 0
ioctl(3, _IOC(_IOC_READ|_IOC_WRITE, 0x46, 0x2a, 0x20), 0x7ffc71ddb320) = 0
ioctl(3, _IOC(_IOC_READ|_IOC_WRITE, 0x46, 0x2a, 0x20), 0x7ffc71ddb300) = 0
ioctl(3, _IOC(_IOC_READ|_IOC_WRITE, 0x46, 0x2a, 0x20), 0x7ffc71ddb3f0) = 0
ioctl(3, _IOC(_IOC_READ|_IOC_WRITE, 0x46, 0x2a, 0x20), 0x7ffc71ddb2f0) = 0
ioctl(3, _IOC(_IOC_READ|_IOC_WRITE, 0x46, 0x2a, 0x20), 0x7ffc71ddb490) = 0
ioctl(3, _IOC(_IOC_READ|_IOC_WRITE, 0x46, 0x2a, 0x20), 0x7ffc71ddb2c0) = 0
ioctl(3, _IOC(_IOC_READ|_IOC_WRITE, 0x46, 0x2a, 0x20), 0x7ffc71ddb460) = 0
ioctl(3, _IOC(_IOC_READ|_IOC_WRITE, 0x46, 0x2a, 0x20), 0x7ffc71ddb460) = 0
ioctl(3, _IOC(_IOC_READ|_IOC_WRITE, 0x46, 0x2a, 0x20), 0x7ffc71ddb460) = 0
openat(AT_FDCWD, "/proc/driver/nvidia/params", O_RDONLY) = 13
fstat(13, {st_mode=S_IFREG|0444, st_size=0, ...}) = 0
read(13, "ResmanDebugLevel: 4294967295\nRmL"..., 1024) = 803
close(13)                               = 0
stat("/dev/nvidia2", {st_mode=S_IFCHR|0666, st_rdev=makedev(0xc3, 0x2), ...}) = 0
openat(AT_FDCWD, "/dev/nvidia2", O_RDWR|O_CLOEXEC) = 13
fcntl(13, F_GETFD)                      = 0x1 (flags FD_CLOEXEC)
ioctl(13, _IOC(_IOC_READ|_IOC_WRITE, 0x46, 0xc9, 0x4), 0x7ffc71ddb4b0) = 0
ioctl(13, _IOC(_IOC_READ|_IOC_WRITE, 0x46, 0xd7, 0x228), 0x7ffc71ddb250) = 0
ioctl(3, _IOC(_IOC_READ|_IOC_WRITE, 0x46, 0x2b, 0x28), 0x7ffc71ddb590) = 0
ioctl(3, _IOC(_IOC_READ|_IOC_WRITE, 0x46, 0x2a, 0x20), 0x7ffc71ddb4a0) = 0
ioctl(3, _IOC(_IOC_READ|_IOC_WRITE, 0x46, 0x2a, 0x20), 0x7ffc71ddb4a0) = 0
ioctl(3, _IOC(_IOC_READ|_IOC_WRITE, 0x46, 0x2a, 0x20), 0x7ffc71ddb4a0) = 0
ioctl(3, _IOC(_IOC_READ|_IOC_WRITE, 0x46, 0x2a, 0x20), 0x7ffc71ddb4a0) = 0
ioctl(3, _IOC(_IOC_READ|_IOC_WRITE, 0x46, 0x2a, 0x20), 0x7ffc71ddb370) = 0
ioctl(3, _IOC(_IOC_READ|_IOC_WRITE, 0x46, 0x2a, 0x20), 0x7ffc71ddb220) = 0
ioctl(3, _IOC(_IOC_READ|_IOC_WRITE, 0x46, 0x2a, 0x20), 0x7ffc71ddb3c0) = 0
ioctl(3, _IOC(_IOC_READ|_IOC_WRITE, 0x46, 0x2a, 0x20), 0x7ffc71ddb3c0) = 0
ioctl(3, _IOC(_IOC_READ|_IOC_WRITE, 0x46, 0x2a, 0x20), 0x7ffc71ddb3c0) = 0
openat(AT_FDCWD, "/proc/driver/nvidia/params", O_RDONLY) = 14
fstat(14, {st_mode=S_IFREG|0444, st_size=0, ...}) = 0
read(14, "ResmanDebugLevel: 4294967295\nRmL"..., 1024) = 803
close(14)                               = 0
stat("/dev/nvidia2", {st_mode=S_IFCHR|0666, st_rdev=makedev(0xc3, 0x2), ...}) = 0
openat(AT_FDCWD, "/dev/nvidia2", O_RDWR|O_CLOEXEC) = 14
fcntl(14, F_GETFD)                      = 0x1 (flags FD_CLOEXEC)
ioctl(14, _IOC(_IOC_READ|_IOC_WRITE, 0x46, 0xc9, 0x4), 0x7ffc71ddb410) = 0
ioctl(3, _IOC(_IOC_READ|_IOC_WRITE, 0x46, 0x2b, 0x28), 0x7ffc71ddb4d0) = 0
ioctl(3, _IOC(_IOC_READ|_IOC_WRITE, 0x46, 0x2a, 0x20), 0x7ffc71ddb480) = 0
ioctl(3, _IOC(_IOC_READ|_IOC_WRITE, 0x46, 0x2a, 0x20), 0x7ffc71ddb3a0) = 0
ioctl(3, _IOC(_IOC_READ|_IOC_WRITE, 0x46, 0x2a, 0x20), 0x7ffc71ddb020) = 0
ioctl(3, _IOC(_IOC_READ|_IOC_WRITE, 0x46, 0x2a, 0x20), 0x7ffc71ddb3d0) = 0
ioctl(3, _IOC(_IOC_READ|_IOC_WRITE, 0x46, 0x2a, 0x20), 0x7ffc71ddb330) = 0
ioctl(3, _IOC(_IOC_READ|_IOC_WRITE, 0x46, 0x2a, 0x20), 0x7ffc71ddb1f0) = 0
ioctl(3, _IOC(_IOC_READ|_IOC_WRITE, 0x46, 0x2a, 0x20), 0x7ffc71ddb1f0) = 0
ioctl(3, _IOC(_IOC_READ|_IOC_WRITE, 0x46, 0x2a, 0x20), 0x7ffc71ddb1f0) = 0
ioctl(3, _IOC(_IOC_READ|_IOC_WRITE, 0x46, 0x2a, 0x20), 0x7ffc71ddb1f0) = 0
ioctl(3, _IOC(_IOC_READ|_IOC_WRITE, 0x46, 0x2a, 0x20), 0x7ffc71ddafb0) = 0
ioctl(3, _IOC(_IOC_READ|_IOC_WRITE, 0x46, 0x2a, 0x20), 0x7ffc71ddb330) = 0
ioctl(3, _IOC(_IOC_READ|_IOC_WRITE, 0x46, 0x2a, 0x20), 0x7ffc71ddb330) = 0
ioctl(3, _IOC(_IOC_READ|_IOC_WRITE, 0x46, 0x2a, 0x20), 0x7ffc71ddb330) = 0
ioctl(3, _IOC(_IOC_READ|_IOC_WRITE, 0x46, 0x2a, 0x20), 0x7ffc71ddb330) = 0
ioctl(3, _IOC(_IOC_READ|_IOC_WRITE, 0x46, 0x2a, 0x20), 0x7ffc71ddb2b0) = 0
ioctl(3, _IOC(_IOC_READ|_IOC_WRITE, 0x46, 0x2a, 0x20), 0x7ffc71ddb330) = 0
ioctl(3, _IOC(_IOC_READ|_IOC_WRITE, 0x46, 0x2a, 0x20), 0x7ffc71ddb330) = 0
ioctl(3, _IOC(_IOC_READ|_IOC_WRITE, 0x46, 0x2a, 0x20), 0x7ffc71ddb160) = 0
ioctl(3, _IOC(_IOC_READ|_IOC_WRITE, 0x46, 0x2a, 0x20), 0x7ffc71ddb310) = 0
ioctl(3, _IOC(_IOC_READ|_IOC_WRITE, 0x46, 0x2a, 0x20), 0x7ffc71ddb310) = 0
ioctl(3, _IOC(_IOC_READ|_IOC_WRITE, 0x46, 0x2a, 0x20), 0x7ffc71ddb310) = 0
ioctl(3, _IOC(_IOC_READ|_IOC_WRITE, 0x46, 0x2a, 0x20), 0x7ffc71ddb310) = 0
ioctl(3, _IOC(_IOC_READ|_IOC_WRITE, 0x46, 0x2a, 0x20), 0x7ffc71ddb310) = 0
ioctl(3, _IOC(_IOC_READ|_IOC_WRITE, 0x46, 0x2a, 0x20), 0x7ffc71ddb310) = 0
ioctl(3, _IOC(_IOC_READ|_IOC_WRITE, 0x46, 0x2a, 0x20), 0x7ffc71ddb310) = 0
ioctl(3, _IOC(_IOC_READ|_IOC_WRITE, 0x46, 0x2a, 0x20), 0x7ffc71ddb310) = 0
ioctl(3, _IOC(_IOC_READ|_IOC_WRITE, 0x46, 0x2a, 0x20), 0x7ffc71ddb300) = 0
ioctl(3, _IOC(_IOC_READ|_IOC_WRITE, 0x46, 0x2a, 0x20), 0x7ffc71ddb310) = 0
ioctl(3, _IOC(_IOC_READ|_IOC_WRITE, 0x46, 0x2a, 0x20), 0x7ffc71ddb310) = 0
ioctl(3, _IOC(_IOC_READ|_IOC_WRITE, 0x46, 0x2a, 0x20), 0x7ffc71ddb310) = 0
ioctl(3, _IOC(_IOC_READ|_IOC_WRITE, 0x46, 0x2a, 0x20), 0x7ffc71ddb310) = 0
ioctl(3, _IOC(_IOC_READ|_IOC_WRITE, 0x46, 0x2a, 0x20), 0x7ffc71dd9ac0) = 0
ioctl(3, _IOC(_IOC_READ|_IOC_WRITE, 0x46, 0x2a, 0x20), 0x7ffc71ddb3a0) = 0
ioctl(3, _IOC(_IOC_READ|_IOC_WRITE, 0x46, 0x2a, 0x20), 0x7ffc71ddb380) = 0
ioctl(3, _IOC(_IOC_READ|_IOC_WRITE, 0x46, 0x2b, 0x28), 0x7ffc71ddb4f0) = 0
ioctl(3, _IOC(_IOC_READ|_IOC_WRITE, 0x46, 0x2a, 0x20), 0x7ffc71ddb2e0) = 0
openat(AT_FDCWD, "/dev/nvidia2", O_RDWR|O_CLOEXEC) = 15
fcntl(15, F_GETFD)                      = 0x1 (flags FD_CLOEXEC)
ioctl(3, _IOC(_IOC_READ|_IOC_WRITE, 0x46, 0x4e, 0x38), 0x7ffc71ddb4b0) = 0
mmap(NULL, 65536, PROT_WRITE, MAP_SHARED, 15, 0) = 0x7f915c7c3000
close(15)                               = 0
ioctl(3, _IOC(_IOC_READ|_IOC_WRITE, 0x46, 0x2a, 0x20), 0x7ffc71ddb390) = 0
ioctl(3, _IOC(_IOC_READ|_IOC_WRITE, 0x46, 0x2b, 0x28), 0x7ffc71ddb4b0) = 0
ioctl(3, _IOC(_IOC_READ|_IOC_WRITE, 0x46, 0x2b, 0x28), 0x7ffc71ddb4b0) = 0
ioctl(3, _IOC(_IOC_READ|_IOC_WRITE, 0x46, 0x2a, 0x20), 0x7ffc71ddb3c0) = 0
ioctl(3, _IOC(_IOC_READ|_IOC_WRITE, 0x46, 0x2a, 0x20), 0x7ffc71ddb320) = 0
ioctl(3, _IOC(_IOC_READ|_IOC_WRITE, 0x46, 0x2a, 0x20), 0x7ffc71ddb300) = 0
ioctl(3, _IOC(_IOC_READ|_IOC_WRITE, 0x46, 0x2a, 0x20), 0x7ffc71ddb3f0) = 0
ioctl(3, _IOC(_IOC_READ|_IOC_WRITE, 0x46, 0x2a, 0x20), 0x7ffc71ddb2f0) = 0
ioctl(3, _IOC(_IOC_READ|_IOC_WRITE, 0x46, 0x2a, 0x20), 0x7ffc71ddb490) = 0
ioctl(3, _IOC(_IOC_READ|_IOC_WRITE, 0x46, 0x2a, 0x20), 0x7ffc71ddb2c0) = 0
ioctl(3, _IOC(_IOC_READ|_IOC_WRITE, 0x46, 0x2a, 0x20), 0x7ffc71ddb460) = 0
ioctl(3, _IOC(_IOC_READ|_IOC_WRITE, 0x46, 0x2a, 0x20), 0x7ffc71ddb460) = 0
ioctl(3, _IOC(_IOC_READ|_IOC_WRITE, 0x46, 0x2a, 0x20), 0x7ffc71ddb460) = 0
ioctl(3, _IOC(_IOC_READ|_IOC_WRITE, 0x46, 0x2a, 0x20), 0x7ffc71ddb460) = 0
openat(AT_FDCWD, "/proc/driver/nvidia/params", O_RDONLY) = 15
fstat(15, {st_mode=S_IFREG|0444, st_size=0, ...}) = 0
read(15, "ResmanDebugLevel: 4294967295\nRmL"..., 1024) = 803
close(15)                               = 0
stat("/dev/nvidia3", {st_mode=S_IFCHR|0666, st_rdev=makedev(0xc3, 0x3), ...}) = 0
openat(AT_FDCWD, "/dev/nvidia3", O_RDWR|O_CLOEXEC) = 15
fcntl(15, F_GETFD)                      = 0x1 (flags FD_CLOEXEC)
ioctl(15, _IOC(_IOC_READ|_IOC_WRITE, 0x46, 0xc9, 0x4), 0x7ffc71ddb4b0) = 0
ioctl(15, _IOC(_IOC_READ|_IOC_WRITE, 0x46, 0xd7, 0x228), 0x7ffc71ddb250) = 0
ioctl(3, _IOC(_IOC_READ|_IOC_WRITE, 0x46, 0x2b, 0x28), 0x7ffc71ddb590) = 0
ioctl(3, _IOC(_IOC_READ|_IOC_WRITE, 0x46, 0x2a, 0x20), 0x7ffc71ddb4a0) = 0
ioctl(3, _IOC(_IOC_READ|_IOC_WRITE, 0x46, 0x2a, 0x20), 0x7ffc71ddb4a0) = 0
ioctl(3, _IOC(_IOC_READ|_IOC_WRITE, 0x46, 0x2a, 0x20), 0x7ffc71ddb4a0) = 0
ioctl(3, _IOC(_IOC_READ|_IOC_WRITE, 0x46, 0x2a, 0x20), 0x7ffc71ddb4a0) = 0
ioctl(3, _IOC(_IOC_READ|_IOC_WRITE, 0x46, 0x2a, 0x20), 0x7ffc71ddb370) = 0
ioctl(3, _IOC(_IOC_READ|_IOC_WRITE, 0x46, 0x2a, 0x20), 0x7ffc71ddb220) = 0
ioctl(3, _IOC(_IOC_READ|_IOC_WRITE, 0x46, 0x2a, 0x20), 0x7ffc71ddb3c0) = 0
ioctl(3, _IOC(_IOC_READ|_IOC_WRITE, 0x46, 0x2a, 0x20), 0x7ffc71ddb3c0) = 0
ioctl(3, _IOC(_IOC_READ|_IOC_WRITE, 0x46, 0x2a, 0x20), 0x7ffc71ddb3c0) = 0
ioctl(3, _IOC(_IOC_READ|_IOC_WRITE, 0x46, 0x2a, 0x20), 0x7ffc71ddb3c0) = 0
openat(AT_FDCWD, "/proc/driver/nvidia/params", O_RDONLY) = 16
fstat(16, {st_mode=S_IFREG|0444, st_size=0, ...}) = 0
read(16, "ResmanDebugLevel: 4294967295\nRmL"..., 1024) = 803
close(16)                               = 0
stat("/dev/nvidia3", {st_mode=S_IFCHR|0666, st_rdev=makedev(0xc3, 0x3), ...}) = 0
openat(AT_FDCWD, "/dev/nvidia3", O_RDWR|O_CLOEXEC) = 16
fcntl(16, F_GETFD)                      = 0x1 (flags FD_CLOEXEC)
ioctl(16, _IOC(_IOC_READ|_IOC_WRITE, 0x46, 0xc9, 0x4), 0x7ffc71ddb410) = 0
ioctl(3, _IOC(_IOC_READ|_IOC_WRITE, 0x46, 0x2b, 0x28), 0x7ffc71ddb4d0) = 0
ioctl(3, _IOC(_IOC_READ|_IOC_WRITE, 0x46, 0x2a, 0x20), 0x7ffc71ddb480) = 0
ioctl(3, _IOC(_IOC_READ|_IOC_WRITE, 0x46, 0x2a, 0x20), 0x7ffc71ddb3a0) = 0
ioctl(3, _IOC(_IOC_READ|_IOC_WRITE, 0x46, 0x2a, 0x20), 0x7ffc71ddb020) = 0
ioctl(3, _IOC(_IOC_READ|_IOC_WRITE, 0x46, 0x2a, 0x20), 0x7ffc71ddb3d0) = 0
ioctl(3, _IOC(_IOC_READ|_IOC_WRITE, 0x46, 0x2a, 0x20), 0x7ffc71ddb330) = 0
ioctl(3, _IOC(_IOC_READ|_IOC_WRITE, 0x46, 0x2a, 0x20), 0x7ffc71ddb1f0) = 0
ioctl(3, _IOC(_IOC_READ|_IOC_WRITE, 0x46, 0x2a, 0x20), 0x7ffc71ddb1f0) = 0
ioctl(3, _IOC(_IOC_READ|_IOC_WRITE, 0x46, 0x2a, 0x20), 0x7ffc71ddb1f0) = 0
ioctl(3, _IOC(_IOC_READ|_IOC_WRITE, 0x46, 0x2a, 0x20), 0x7ffc71ddb1f0) = 0
ioctl(3, _IOC(_IOC_READ|_IOC_WRITE, 0x46, 0x2a, 0x20), 0x7ffc71ddafb0) = 0
ioctl(3, _IOC(_IOC_READ|_IOC_WRITE, 0x46, 0x2a, 0x20), 0x7ffc71ddb330) = 0
ioctl(3, _IOC(_IOC_READ|_IOC_WRITE, 0x46, 0x2a, 0x20), 0x7ffc71ddb330) = 0
ioctl(3, _IOC(_IOC_READ|_IOC_WRITE, 0x46, 0x2a, 0x20), 0x7ffc71ddb330) = 0
ioctl(3, _IOC(_IOC_READ|_IOC_WRITE, 0x46, 0x2a, 0x20), 0x7ffc71ddb330) = 0
ioctl(3, _IOC(_IOC_READ|_IOC_WRITE, 0x46, 0x2a, 0x20), 0x7ffc71ddb2b0) = 0
ioctl(3, _IOC(_IOC_READ|_IOC_WRITE, 0x46, 0x2a, 0x20), 0x7ffc71ddb330) = 0
ioctl(3, _IOC(_IOC_READ|_IOC_WRITE, 0x46, 0x2a, 0x20), 0x7ffc71ddb330) = 0
ioctl(3, _IOC(_IOC_READ|_IOC_WRITE, 0x46, 0x2a, 0x20), 0x7ffc71ddb160) = 0
ioctl(3, _IOC(_IOC_READ|_IOC_WRITE, 0x46, 0x2a, 0x20), 0x7ffc71ddb310) = 0
ioctl(3, _IOC(_IOC_READ|_IOC_WRITE, 0x46, 0x2a, 0x20), 0x7ffc71ddb310) = 0
ioctl(3, _IOC(_IOC_READ|_IOC_WRITE, 0x46, 0x2a, 0x20), 0x7ffc71ddb310) = 0
ioctl(3, _IOC(_IOC_READ|_IOC_WRITE, 0x46, 0x2a, 0x20), 0x7ffc71ddb310) = 0
ioctl(3, _IOC(_IOC_READ|_IOC_WRITE, 0x46, 0x2a, 0x20), 0x7ffc71ddb310) = 0
ioctl(3, _IOC(_IOC_READ|_IOC_WRITE, 0x46, 0x2a, 0x20), 0x7ffc71ddb310) = 0
ioctl(3, _IOC(_IOC_READ|_IOC_WRITE, 0x46, 0x2a, 0x20), 0x7ffc71ddb310) = 0
ioctl(3, _IOC(_IOC_READ|_IOC_WRITE, 0x46, 0x2a, 0x20), 0x7ffc71ddb310) = 0
ioctl(3, _IOC(_IOC_READ|_IOC_WRITE, 0x46, 0x2a, 0x20), 0x7ffc71ddb300) = 0
ioctl(3, _IOC(_IOC_READ|_IOC_WRITE, 0x46, 0x2a, 0x20), 0x7ffc71ddb310) = 0
ioctl(3, _IOC(_IOC_READ|_IOC_WRITE, 0x46, 0x2a, 0x20), 0x7ffc71ddb310) = 0
ioctl(3, _IOC(_IOC_READ|_IOC_WRITE, 0x46, 0x2a, 0x20), 0x7ffc71ddb310) = 0
ioctl(3, _IOC(_IOC_READ|_IOC_WRITE, 0x46, 0x2a, 0x20), 0x7ffc71ddb310) = 0
ioctl(3, _IOC(_IOC_READ|_IOC_WRITE, 0x46, 0x2a, 0x20), 0x7ffc71dd9ac0) = 0
ioctl(3, _IOC(_IOC_READ|_IOC_WRITE, 0x46, 0x2a, 0x20), 0x7ffc71ddb3a0) = 0
ioctl(3, _IOC(_IOC_READ|_IOC_WRITE, 0x46, 0x2a, 0x20), 0x7ffc71ddb380) = 0
ioctl(3, _IOC(_IOC_READ|_IOC_WRITE, 0x46, 0x2b, 0x28), 0x7ffc71ddb4f0) = 0
ioctl(3, _IOC(_IOC_READ|_IOC_WRITE, 0x46, 0x2a, 0x20), 0x7ffc71ddb2e0) = 0
openat(AT_FDCWD, "/dev/nvidia3", O_RDWR|O_CLOEXEC) = 17
fcntl(17, F_GETFD)                      = 0x1 (flags FD_CLOEXEC)
ioctl(3, _IOC(_IOC_READ|_IOC_WRITE, 0x46, 0x4e, 0x38), 0x7ffc71ddb4b0) = 0
mmap(NULL, 65536, PROT_WRITE, MAP_SHARED, 17, 0) = 0x7f915c7b3000
close(17)                               = 0
ioctl(3, _IOC(_IOC_READ|_IOC_WRITE, 0x46, 0x2a, 0x20), 0x7ffc71ddb390) = 0
ioctl(3, _IOC(_IOC_READ|_IOC_WRITE, 0x46, 0x2b, 0x28), 0x7ffc71ddb4b0) = 0
ioctl(3, _IOC(_IOC_READ|_IOC_WRITE, 0x46, 0x2b, 0x28), 0x7ffc71ddb4b0) = 0
ioctl(3, _IOC(_IOC_READ|_IOC_WRITE, 0x46, 0x2a, 0x20), 0x7ffc71ddb3c0) = 0
ioctl(3, _IOC(_IOC_READ|_IOC_WRITE, 0x46, 0x2a, 0x20), 0x7ffc71ddb320) = 0
ioctl(3, _IOC(_IOC_READ|_IOC_WRITE, 0x46, 0x2a, 0x20), 0x7ffc71ddb300) = 0
ioctl(3, _IOC(_IOC_READ|_IOC_WRITE, 0x46, 0x2a, 0x20), 0x7ffc71ddb3f0) = 0
ioctl(3, _IOC(_IOC_READ|_IOC_WRITE, 0x46, 0x2a, 0x20), 0x7ffc71ddb2f0) = 0
mmap(NULL, 100663296, PROT_NONE, MAP_PRIVATE|MAP_ANONYMOUS, -1, 0) = 0x7f91567b3000
ioctl(3, _IOC(_IOC_READ|_IOC_WRITE, 0x46, 0x2a, 0x20), 0x7ffc71ddc0d0) = 0
ioctl(3, _IOC(_IOC_READ|_IOC_WRITE, 0x46, 0x2a, 0x20), 0x7ffc71ddc0d0) = 0
ioctl(3, _IOC(_IOC_READ|_IOC_WRITE, 0x46, 0x2a, 0x20), 0x7ffc71ddc0d0) = 0
ioctl(3, _IOC(_IOC_READ|_IOC_WRITE, 0x46, 0x2a, 0x20), 0x7ffc71ddc0d0) = 0
ioctl(3, _IOC(_IOC_READ|_IOC_WRITE, 0x46, 0x2a, 0x20), 0x7ffc71ddc0d0) = 0
ioctl(3, _IOC(_IOC_READ|_IOC_WRITE, 0x46, 0x2a, 0x20), 0x7ffc71ddc0d0) = 0
ioctl(3, _IOC(_IOC_READ|_IOC_WRITE, 0x46, 0x2a, 0x20), 0x7ffc71ddc0d0) = 0
ioctl(3, _IOC(_IOC_READ|_IOC_WRITE, 0x46, 0x2a, 0x20), 0x7ffc71ddc0d0) = 0
mmap(NULL, 172032, PROT_READ|PROT_WRITE, MAP_PRIVATE|MAP_ANONYMOUS, -1, 0) = 0x7f9156789000
ioctl(3, _IOC(_IOC_READ|_IOC_WRITE, 0x46, 0x2a, 0x20), 0x7ffc71ddb900) = 0
ioctl(3, _IOC(_IOC_READ|_IOC_WRITE, 0x46, 0x2a, 0x20), 0x7ffc71dda7d0) = 0
ioctl(3, _IOC(_IOC_READ|_IOC_WRITE, 0x46, 0x2a, 0x20), 0x7ffc71dda7d0) = 0
ioctl(3, _IOC(_IOC_READ|_IOC_WRITE, 0x46, 0x2a, 0x20), 0x7ffc71dda7d0) = 0
ioctl(3, _IOC(_IOC_READ|_IOC_WRITE, 0x46, 0x2a, 0x20), 0x7ffc71dda7d0) = 0
mmap(NULL, 659456, PROT_READ|PROT_WRITE, MAP_PRIVATE|MAP_ANONYMOUS, -1, 0) = 0x7f91566e8000
sysinfo({uptime=3265340, loads=[8800, 2624, 640], totalram=404320174080, freeram=390414258176, sharedram=3276800, bufferram=1204985856, totalswap=8589930496, freeswap=8589930496, procs=1001, totalhigh=0, freehigh=0, mem_unit=1}) = 0
uname({sysname="Linux", nodename="t640-126", ...}) = 0
ioctl(4, _IOC(_IOC_NONE, 0, 0x25, 0), 0x7ffc71ddc6f0) = 0
ioctl(4, _IOC(_IOC_NONE, 0, 0x25, 0), 0x7ffc71ddc6f0) = 0
ioctl(4, _IOC(_IOC_NONE, 0, 0x25, 0), 0x7ffc71ddc6f0) = 0
ioctl(4, _IOC(_IOC_NONE, 0, 0x25, 0), 0x7ffc71ddc6f0) = 0
ioctl(4, _IOC(_IOC_NONE, 0, 0x17, 0), 0x7ffc71ddc790) = 0
ioctl(3, _IOC(_IOC_READ|_IOC_WRITE, 0x46, 0x4a, 0xb8), 0x7ffc71ddc510) = 0
ioctl(3, _IOC(_IOC_READ|_IOC_WRITE, 0x46, 0x4a, 0xb8), 0x7ffc71ddc510) = 0
ioctl(3, _IOC(_IOC_READ|_IOC_WRITE, 0x46, 0x4a, 0xb8), 0x7ffc71ddc510) = 0
ioctl(3, _IOC(_IOC_READ|_IOC_WRITE, 0x46, 0x4a, 0xb8), 0x7ffc71ddc510) = 0
prlimit64(0, RLIMIT_AS, NULL, {rlim_cur=RLIM64_INFINITY, rlim_max=RLIM64_INFINITY}) = 0
mmap(0x200000000, 17181966336, PROT_NONE, MAP_PRIVATE|MAP_ANONYMOUS, -1, 0) = 0x200000000
mmap(NULL, 536866816, PROT_NONE, MAP_PRIVATE|MAP_ANONYMOUS, -1, 0) = 0x7f91366e9000
munmap(0x7f91366e9000, 160526336)       = 0
munmap(0x7f9150000000, 107905024)       = 0
eventfd2(0, EFD_CLOEXEC|EFD_NONBLOCK)   = 17
fcntl(17, F_SETFL, O_RDONLY|O_NONBLOCK) = 0
mmap(NULL, 8392704, PROT_NONE, MAP_PRIVATE|MAP_ANONYMOUS|MAP_STACK, -1, 0) = 0x7f9155ee7000
mprotect(0x7f9155ee8000, 8388608, PROT_READ|PROT_WRITE) = 0
clone(child_stack=0x7f91566e6cf0, flags=CLONE_VM|CLONE_FS|CLONE_FILES|CLONE_SIGHAND|CLONE_THREAD|CLONE_SYSVSEM|CLONE_SETTLS|CLONE_PARENT_SETTID|CLONE_CHILD_CLEARTID, parent_tid=[2097101], tls=0x7f91566e7700, child_tidptr=0x7f91566e79d0) = 2097101
openat(AT_FDCWD, "/proc/self/task/2097101/comm", O_RDWR) = 18
write(18, "cuda-EvtHandlr", 14)         = 14
close(18)                               = 0
futex(0x55dbfa284098, FUTEX_WAKE_PRIVATE, 1) = 1
getpid()                                = 2097092
stat("/proc/2097092/ns/pid", {st_mode=S_IFREG|0444, st_size=0, ...}) = 0
stat("/proc/2097092/ns/pid", {st_mode=S_IFREG|0444, st_size=0, ...}) = 0
socket(AF_UNIX, SOCK_SEQPACKET|SOCK_CLOEXEC, 0) = 18
unlink("")                              = -1 ENOENT (No such file or directory)
bind(18, {sa_family=AF_UNIX, sun_path=@"cuda-uvmfd-4026531836-2097092\0"}, 33) = 0
listen(18, 128)                         = 0
write(17, "\1\0\0\0\0\0\0\0", 8)        = 8
getpid()                                = 2097092
futex(0x55dbfa0f0370, FUTEX_WAKE_PRIVATE, 2147483647) = 0
ioctl(3, _IOC(_IOC_READ|_IOC_WRITE, 0x46, 0x2a, 0x20), 0x7ffc71ddc6c0) = 0
ioctl(3, _IOC(_IOC_READ|_IOC_WRITE, 0x46, 0x4a, 0xb8), 0x7ffc71ddc840) = 0
ioctl(3, _IOC(_IOC_READ|_IOC_WRITE, 0x46, 0x2a, 0x20), 0x7ffc71ddc6e0) = 0
ioctl(3, _IOC(_IOC_READ|_IOC_WRITE, 0x46, 0x2a, 0x20), 0x7ffc71ddc5a0) = 0
ioctl(3, _IOC(_IOC_READ|_IOC_WRITE, 0x46, 0x2a, 0x20), 0x7ffc71ddc5a0) = 0
ioctl(3, _IOC(_IOC_READ|_IOC_WRITE, 0x46, 0x2a, 0x20), 0x7ffc71ddc5a0) = 0
ioctl(3, _IOC(_IOC_READ|_IOC_WRITE, 0x46, 0x2a, 0x20), 0x7ffc71ddc610) = 0
ioctl(3, _IOC(_IOC_READ|_IOC_WRITE, 0x46, 0x2a, 0x20), 0x7ffc71ddc610) = 0
ioctl(3, _IOC(_IOC_READ|_IOC_WRITE, 0x46, 0x2a, 0x20), 0x7ffc71ddc5a0) = 0
ioctl(3, _IOC(_IOC_READ|_IOC_WRITE, 0x46, 0x2a, 0x20), 0x7ffc71ddc5a0) = 0
ioctl(3, _IOC(_IOC_READ|_IOC_WRITE, 0x46, 0x2a, 0x20), 0x7ffc71ddc5a0) = 0
ioctl(3, _IOC(_IOC_READ|_IOC_WRITE, 0x46, 0x2a, 0x20), 0x7ffc71ddc610) = 0
ioctl(3, _IOC(_IOC_READ|_IOC_WRITE, 0x46, 0x2a, 0x20), 0x7ffc71ddc610) = 0
ioctl(3, _IOC(_IOC_READ|_IOC_WRITE, 0x46, 0x2a, 0x20), 0x7ffc71ddc6c0) = 0
ioctl(3, _IOC(_IOC_READ|_IOC_WRITE, 0x46, 0x4a, 0xb8), 0x7ffc71ddc840) = 0
ioctl(3, _IOC(_IOC_READ|_IOC_WRITE, 0x46, 0x2a, 0x20), 0x7ffc71ddc6e0) = 0
ioctl(3, _IOC(_IOC_READ|_IOC_WRITE, 0x46, 0x2a, 0x20), 0x7ffc71ddc5a0) = 0
ioctl(3, _IOC(_IOC_READ|_IOC_WRITE, 0x46, 0x2a, 0x20), 0x7ffc71ddc5a0) = 0
ioctl(3, _IOC(_IOC_READ|_IOC_WRITE, 0x46, 0x2a, 0x20), 0x7ffc71ddc5a0) = 0
ioctl(3, _IOC(_IOC_READ|_IOC_WRITE, 0x46, 0x2a, 0x20), 0x7ffc71ddc610) = 0
ioctl(3, _IOC(_IOC_READ|_IOC_WRITE, 0x46, 0x2a, 0x20), 0x7ffc71ddc610) = 0
ioctl(3, _IOC(_IOC_READ|_IOC_WRITE, 0x46, 0x2a, 0x20), 0x7ffc71ddc5a0) = 0
ioctl(3, _IOC(_IOC_READ|_IOC_WRITE, 0x46, 0x2a, 0x20), 0x7ffc71ddc5a0) = 0
ioctl(3, _IOC(_IOC_READ|_IOC_WRITE, 0x46, 0x2a, 0x20), 0x7ffc71ddc5a0) = 0
ioctl(3, _IOC(_IOC_READ|_IOC_WRITE, 0x46, 0x2a, 0x20), 0x7ffc71ddc610) = 0
ioctl(3, _IOC(_IOC_READ|_IOC_WRITE, 0x46, 0x2a, 0x20), 0x7ffc71ddc610) = 0
ioctl(3, _IOC(_IOC_READ|_IOC_WRITE, 0x46, 0x2a, 0x20), 0x7ffc71ddc6c0) = 0
ioctl(3, _IOC(_IOC_READ|_IOC_WRITE, 0x46, 0x4a, 0xb8), 0x7ffc71ddc840) = 0
ioctl(3, _IOC(_IOC_READ|_IOC_WRITE, 0x46, 0x2a, 0x20), 0x7ffc71ddc6e0) = 0
ioctl(3, _IOC(_IOC_READ|_IOC_WRITE, 0x46, 0x2a, 0x20), 0x7ffc71ddc5a0) = 0
ioctl(3, _IOC(_IOC_READ|_IOC_WRITE, 0x46, 0x2a, 0x20), 0x7ffc71ddc5a0) = 0
ioctl(3, _IOC(_IOC_READ|_IOC_WRITE, 0x46, 0x2a, 0x20), 0x7ffc71ddc5a0) = 0
ioctl(3, _IOC(_IOC_READ|_IOC_WRITE, 0x46, 0x2a, 0x20), 0x7ffc71ddc610) = 0
ioctl(3, _IOC(_IOC_READ|_IOC_WRITE, 0x46, 0x2a, 0x20), 0x7ffc71ddc610) = 0
ioctl(3, _IOC(_IOC_READ|_IOC_WRITE, 0x46, 0x2a, 0x20), 0x7ffc71ddc5a0) = 0
ioctl(3, _IOC(_IOC_READ|_IOC_WRITE, 0x46, 0x2a, 0x20), 0x7ffc71ddc5a0) = 0
ioctl(3, _IOC(_IOC_READ|_IOC_WRITE, 0x46, 0x2a, 0x20), 0x7ffc71ddc5a0) = 0
ioctl(3, _IOC(_IOC_READ|_IOC_WRITE, 0x46, 0x2a, 0x20), 0x7ffc71ddc610) = 0
ioctl(3, _IOC(_IOC_READ|_IOC_WRITE, 0x46, 0x2a, 0x20), 0x7ffc71ddc610) = 0
ioctl(3, _IOC(_IOC_READ|_IOC_WRITE, 0x46, 0x2a, 0x20), 0x7ffc71ddc6c0) = 0
ioctl(3, _IOC(_IOC_READ|_IOC_WRITE, 0x46, 0x4a, 0xb8), 0x7ffc71ddc840) = 0
ioctl(3, _IOC(_IOC_READ|_IOC_WRITE, 0x46, 0x2a, 0x20), 0x7ffc71ddc6e0) = 0
ioctl(3, _IOC(_IOC_READ|_IOC_WRITE, 0x46, 0x2a, 0x20), 0x7ffc71ddc5a0) = 0
ioctl(3, _IOC(_IOC_READ|_IOC_WRITE, 0x46, 0x2a, 0x20), 0x7ffc71ddc5a0) = 0
ioctl(3, _IOC(_IOC_READ|_IOC_WRITE, 0x46, 0x2a, 0x20), 0x7ffc71ddc5a0) = 0
ioctl(3, _IOC(_IOC_READ|_IOC_WRITE, 0x46, 0x2a, 0x20), 0x7ffc71ddc610) = 0
ioctl(3, _IOC(_IOC_READ|_IOC_WRITE, 0x46, 0x2a, 0x20), 0x7ffc71ddc610) = 0
ioctl(3, _IOC(_IOC_READ|_IOC_WRITE, 0x46, 0x2a, 0x20), 0x7ffc71ddc5a0) = 0
ioctl(3, _IOC(_IOC_READ|_IOC_WRITE, 0x46, 0x2a, 0x20), 0x7ffc71ddc5a0) = 0
ioctl(3, _IOC(_IOC_READ|_IOC_WRITE, 0x46, 0x2a, 0x20), 0x7ffc71ddc5a0) = 0
ioctl(3, _IOC(_IOC_READ|_IOC_WRITE, 0x46, 0x2a, 0x20), 0x7ffc71ddc610) = 0
ioctl(3, _IOC(_IOC_READ|_IOC_WRITE, 0x46, 0x2a, 0x20), 0x7ffc71ddc610) = 0
clone(child_stack=NULL, flags=CLONE_CHILD_CLEARTID|CLONE_CHILD_SETTID|SIGCHLD, child_tidptr=0x7f915df3fcd0) = 2097102
clock_gettime(CLOCK_PROCESS_CPUTIME_ID, {tv_sec=0, tv_nsec=111448143}) = 0
futex(0x7f915df30fa4, FUTEX_WAKE_PRIVATE, 2147483647) = 0
ioctl(3, _IOC(_IOC_READ|_IOC_WRITE, 0x46, 0x2a, 0x20), 0x7ffc71ddbe20) = 0
eventfd2(0, EFD_CLOEXEC|EFD_NONBLOCK)   = 20
fcntl(20, F_SETFL, O_RDONLY|O_NONBLOCK) = 0
mmap(NULL, 8392704, PROT_NONE, MAP_PRIVATE|MAP_ANONYMOUS|MAP_STACK, -1, 0) = 0x7f91556e6000
mprotect(0x7f91556e7000, 8388608, PROT_READ|PROT_WRITE) = 0
clone(child_stack=0x7f9155ee5cf0, flags=CLONE_VM|CLONE_FS|CLONE_FILES|CLONE_SIGHAND|CLONE_THREAD|CLONE_SYSVSEM|CLONE_SETTLS|CLONE_PARENT_SETTID|CLONE_CHILD_CLEARTID, parent_tid=[2097103], tls=0x7f9155ee6700, child_tidptr=0x7f9155ee69d0) = 2097103
openat(AT_FDCWD, "/proc/self/task/2097103/comm", O_RDWR) = 21
write(21, "cuda-EvtHandlr", 14)         = 14
close(21)                               = 0
futex(0x55dbfa279ac8, FUTEX_WAKE_PRIVATE, 1) = 1
ioctl(3, _IOC(_IOC_READ|_IOC_WRITE, 0x46, 0x2a, 0x20), 0x7ffc71ddbe40) = 0
ioctl(4, _IOC(_IOC_NONE, 0, 0x19, 0), 0x7ffc71ddbf80) = 0
ioctl(3, _IOC(_IOC_READ|_IOC_WRITE, 0x46, 0x4a, 0xb8), 0x7ffc71ddb250) = 0
ioctl(4, _IOC(_IOC_NONE, 0, 0x49, 0), 0x7ffc71ddb1e0) = 0
ioctl(4, _IOC(_IOC_NONE, 0, 0x21, 0), 0x7ffc71ddad50) = 0
ioctl(3, _IOC(_IOC_READ|_IOC_WRITE, 0x46, 0x4a, 0xb8), 0x7ffc71ddb280) = 0
--- SIGCHLD {si_signo=SIGCHLD, si_code=CLD_EXITED, si_pid=2097102, si_uid=1000, si_status=0, si_utime=0, si_stime=0} ---
ioctl(3, _IOC(_IOC_READ|_IOC_WRITE, 0x46, 0x2a, 0x20), 0x7ffc71ddb240) = 0
openat(AT_FDCWD, "/dev/nvidiactl", O_RDWR|O_CLOEXEC) = 21
fcntl(21, F_GETFD)                      = 0x1 (flags FD_CLOEXEC)
ioctl(3, _IOC(_IOC_READ|_IOC_WRITE, 0x46, 0x4e, 0x38), 0x7ffc71ddb410) = 0
mmap(0x200200000, 2097152, PROT_READ|PROT_WRITE, MAP_SHARED|MAP_FIXED, 21, 0) = 0x200200000
close(21)                               = 0
ioctl(4, _IOC(_IOC_NONE, 0, 0x49, 0), 0x7ffc71ddb210) = 0
ioctl(4, _IOC(_IOC_NONE, 0, 0x21, 0), 0x7ffc71ddad80) = 0
brk(0x55dbfa308000)                     = 0x55dbfa308000
mmap(0x10000000000, 67108864, PROT_NONE, MAP_PRIVATE|MAP_ANONYMOUS, -1, 0) = 0x10000000000
ioctl(3, _IOC(_IOC_READ|_IOC_WRITE, 0x46, 0x4a, 0xb8), 0x7ffc71ddb2d0) = 0
ioctl(4, _IOC(_IOC_NONE, 0, 0x49, 0), 0x7ffc71ddb260) = 0
ioctl(4, _IOC(_IOC_NONE, 0, 0x21, 0), 0x7ffc71ddadd0) = 0
ioctl(3, _IOC(_IOC_READ|_IOC_WRITE, 0x46, 0x4a, 0xb8), 0x7ffc71ddb2d0) = 0
ioctl(4, _IOC(_IOC_NONE, 0, 0x49, 0), 0x7ffc71ddb260) = 0
ioctl(4, _IOC(_IOC_NONE, 0, 0x21, 0), 0x7ffc71ddadd0) = 0
mmap(NULL, 266240, PROT_READ|PROT_WRITE, MAP_PRIVATE|MAP_ANONYMOUS, -1, 0) = 0x7f91556a5000
mmap(NULL, 528384, PROT_READ|PROT_WRITE, MAP_PRIVATE|MAP_ANONYMOUS, -1, 0) = 0x7f9155624000
mmap(NULL, 528384, PROT_READ|PROT_WRITE, MAP_PRIVATE|MAP_ANONYMOUS, -1, 0) = 0x7f91555a3000
mmap(NULL, 528384, PROT_READ|PROT_WRITE, MAP_PRIVATE|MAP_ANONYMOUS, -1, 0) = 0x7f9155522000
mmap(NULL, 67104768, PROT_NONE, MAP_PRIVATE|MAP_ANONYMOUS, -1, 0) = 0x7f9151523000
munmap(0x7f9151523000, 11390976)        = 0
munmap(0x7f9154000000, 22159360)        = 0
ioctl(3, _IOC(_IOC_READ|_IOC_WRITE, 0x46, 0x4a, 0xb8), 0x7ffc71ddb330) = 0
ioctl(4, _IOC(_IOC_NONE, 0, 0x49, 0), 0x7ffc71ddb2c0) = 0
ioctl(4, _IOC(_IOC_NONE, 0, 0x21, 0), 0x7ffc71ddae30) = 0
ioctl(3, _IOC(_IOC_READ|_IOC_WRITE, 0x46, 0x2b, 0x28), 0x7ffc71ddbbf0) = 0
ioctl(3, _IOC(_IOC_READ|_IOC_WRITE, 0x46, 0x2b, 0x28), 0x7ffc71ddbba0) = 0
brk(0x55dbfa334000)                     = 0x55dbfa334000
ioctl(3, _IOC(_IOC_READ|_IOC_WRITE, 0x46, 0x4a, 0xb8), 0x7ffc71ddadf0) = 0
ioctl(3, _IOC(_IOC_READ|_IOC_WRITE, 0x46, 0x2a, 0x20), 0x7ffc71ddadb0) = 0
openat(AT_FDCWD, "/dev/nvidia0", O_RDWR|O_CLOEXEC) = 21
fcntl(21, F_GETFD)                      = 0x1 (flags FD_CLOEXEC)
ioctl(3, _IOC(_IOC_READ|_IOC_WRITE, 0x46, 0x4e, 0x38), 0x7ffc71ddaf80) = 0
mmap(0x200400000, 2097152, PROT_READ|PROT_WRITE, MAP_SHARED|MAP_FIXED, 21, 0) = 0x200400000
ioctl(3, _IOC(_IOC_READ|_IOC_WRITE, 0x46, 0x5e, 0x28), 0x7ffc71ddaf50) = 0
close(21)                               = 0
ioctl(4, _IOC(_IOC_NONE, 0, 0x49, 0), 0x7ffc71ddad80) = 0
ioctl(4, _IOC(_IOC_NONE, 0, 0x21, 0), 0x7ffc71dda8f0) = 0
ioctl(3, _IOC(_IOC_READ|_IOC_WRITE, 0x46, 0x4a, 0xb8), 0x7ffc71ddac70) = 0
ioctl(3, _IOC(_IOC_READ|_IOC_WRITE, 0x46, 0x2a, 0x20), 0x7ffc71ddac30) = 0
openat(AT_FDCWD, "/dev/nvidiactl", O_RDWR|O_CLOEXEC) = 21
fcntl(21, F_GETFD)                      = 0x1 (flags FD_CLOEXEC)
ioctl(3, _IOC(_IOC_READ|_IOC_WRITE, 0x46, 0x4e, 0x38), 0x7ffc71ddae00) = 0
mmap(0x200600000, 50331648, PROT_READ|PROT_WRITE, MAP_SHARED|MAP_FIXED, 21, 0) = 0x200600000
close(21)                               = 0
ioctl(4, _IOC(_IOC_NONE, 0, 0x49, 0), 0x7ffc71ddac00) = 0
ioctl(4, _IOC(_IOC_NONE, 0, 0x21, 0), 0x7ffc71dda770) = 0
ioctl(3, _IOC(_IOC_READ|_IOC_WRITE, 0x46, 0x4a, 0xb8), 0x7ffc71ddaf20) = 0
ioctl(3, _IOC(_IOC_READ|_IOC_WRITE, 0x46, 0x2a, 0x20), 0x7ffc71ddaee0) = 0
openat(AT_FDCWD, "/dev/nvidiactl", O_RDWR|O_CLOEXEC) = 21
fcntl(21, F_GETFD)                      = 0x1 (flags FD_CLOEXEC)
ioctl(3, _IOC(_IOC_READ|_IOC_WRITE, 0x46, 0x4e, 0x38), 0x7ffc71ddb0b0) = 0
mmap(NULL, 4096, PROT_READ|PROT_WRITE, MAP_SHARED, 21, 0) = 0x7f915e4f7000
close(21)                               = 0
ioctl(3, _IOC(_IOC_READ|_IOC_WRITE, 0x46, 0x2b, 0x28), 0x7ffc71ddba30) = 0
ioctl(3, _IOC(_IOC_READ|_IOC_WRITE, 0x46, 0x2a, 0x20), 0x7ffc71ddb930) = 0
ioctl(3, _IOC(_IOC_READ|_IOC_WRITE, 0x46, 0x2b, 0x28), 0x7ffc71ddb9d0) = 0
ioctl(3, _IOC(_IOC_READ|_IOC_WRITE, 0x46, 0x2a, 0x20), 0x7ffc71ddb8e0) = 0
ioctl(3, _IOC(_IOC_READ|_IOC_WRITE, 0x46, 0x2b, 0x28), 0x7ffc71ddb9d0) = 0
ioctl(3, _IOC(_IOC_READ|_IOC_WRITE, 0x46, 0x2a, 0x20), 0x7ffc71ddb8e0) = 0
ioctl(3, _IOC(_IOC_READ|_IOC_WRITE, 0x46, 0x2a, 0x20), 0x7ffc71ddb940) = 0
ioctl(3, _IOC(_IOC_READ|_IOC_WRITE, 0x46, 0x2a, 0x20), 0x7ffc71ddb940) = 0
ioctl(3, _IOC(_IOC_READ|_IOC_WRITE, 0x46, 0x4a, 0xb8), 0x7ffc71ddb060) = 0
ioctl(3, _IOC(_IOC_READ|_IOC_WRITE, 0x46, 0x2a, 0x20), 0x7ffc71ddb020) = 0
openat(AT_FDCWD, "/dev/nvidiactl", O_RDWR|O_CLOEXEC) = 21
fcntl(21, F_GETFD)                      = 0x1 (flags FD_CLOEXEC)
ioctl(3, _IOC(_IOC_READ|_IOC_WRITE, 0x46, 0x4e, 0x38), 0x7ffc71ddb1f0) = 0
mmap(0x204600000, 2097152, PROT_READ|PROT_WRITE, MAP_SHARED|MAP_FIXED, 21, 0) = 0x204600000
close(21)                               = 0
ioctl(4, _IOC(_IOC_NONE, 0, 0x49, 0), 0x7ffc71ddaff0) = 0
ioctl(4, _IOC(_IOC_NONE, 0, 0x21, 0), 0x7ffc71ddab60) = 0
ioctl(3, _IOC(_IOC_READ|_IOC_WRITE, 0x46, 0x4a, 0xb8), 0x7ffc71ddb060) = 0
ioctl(3, _IOC(_IOC_READ|_IOC_WRITE, 0x46, 0x2a, 0x20), 0x7ffc71ddb020) = 0
openat(AT_FDCWD, "/dev/nvidiactl", O_RDWR|O_CLOEXEC) = 21
fcntl(21, F_GETFD)                      = 0x1 (flags FD_CLOEXEC)
ioctl(3, _IOC(_IOC_READ|_IOC_WRITE, 0x46, 0x4e, 0x38), 0x7ffc71ddb1f0) = 0
mmap(0x204800000, 2097152, PROT_READ|PROT_WRITE, MAP_SHARED|MAP_FIXED, 21, 0) = 0x204800000
close(21)                               = 0
ioctl(4, _IOC(_IOC_NONE, 0, 0x49, 0), 0x7ffc71ddaff0) = 0
ioctl(4, _IOC(_IOC_NONE, 0, 0x21, 0), 0x7ffc71ddab60) = 0
brk(0x55dbfa35e000)                     = 0x55dbfa35e000
ioctl(3, _IOC(_IOC_READ|_IOC_WRITE, 0x46, 0x4a, 0xb8), 0x7ffc71ddaf20) = 0
ioctl(3, _IOC(_IOC_READ|_IOC_WRITE, 0x46, 0x2a, 0x20), 0x7ffc71ddaee0) = 0
openat(AT_FDCWD, "/dev/nvidiactl", O_RDWR|O_CLOEXEC) = 21
fcntl(21, F_GETFD)                      = 0x1 (flags FD_CLOEXEC)
ioctl(3, _IOC(_IOC_READ|_IOC_WRITE, 0x46, 0x4e, 0x38), 0x7ffc71ddb0b0) = 0
mmap(NULL, 4096, PROT_READ|PROT_WRITE, MAP_SHARED, 21, 0) = 0x7f915e4ba000
close(21)                               = 0
ioctl(3, _IOC(_IOC_READ|_IOC_WRITE, 0x46, 0x2b, 0x28), 0x7ffc71ddba30) = 0
ioctl(3, _IOC(_IOC_READ|_IOC_WRITE, 0x46, 0x2a, 0x20), 0x7ffc71ddb930) = 0
ioctl(3, _IOC(_IOC_READ|_IOC_WRITE, 0x46, 0x2b, 0x28), 0x7ffc71ddb9d0) = 0
ioctl(3, _IOC(_IOC_READ|_IOC_WRITE, 0x46, 0x2a, 0x20), 0x7ffc71ddb8e0) = 0
ioctl(3, _IOC(_IOC_READ|_IOC_WRITE, 0x46, 0x2b, 0x28), 0x7ffc71ddb9d0) = 0
ioctl(3, _IOC(_IOC_READ|_IOC_WRITE, 0x46, 0x2a, 0x20), 0x7ffc71ddb8e0) = 0
ioctl(3, _IOC(_IOC_READ|_IOC_WRITE, 0x46, 0x2a, 0x20), 0x7ffc71ddb940) = 0
ioctl(3, _IOC(_IOC_READ|_IOC_WRITE, 0x46, 0x2a, 0x20), 0x7ffc71ddb940) = 0
ioctl(3, _IOC(_IOC_READ|_IOC_WRITE, 0x46, 0x4a, 0xb8), 0x7ffc71ddaf20) = 0
ioctl(3, _IOC(_IOC_READ|_IOC_WRITE, 0x46, 0x2a, 0x20), 0x7ffc71ddaee0) = 0
openat(AT_FDCWD, "/dev/nvidiactl", O_RDWR|O_CLOEXEC) = 21
fcntl(21, F_GETFD)                      = 0x1 (flags FD_CLOEXEC)
ioctl(3, _IOC(_IOC_READ|_IOC_WRITE, 0x46, 0x4e, 0x38), 0x7ffc71ddb0b0) = 0
mmap(NULL, 4096, PROT_READ|PROT_WRITE, MAP_SHARED, 21, 0) = 0x7f915e4b9000
close(21)                               = 0
ioctl(3, _IOC(_IOC_READ|_IOC_WRITE, 0x46, 0x2b, 0x28), 0x7ffc71ddba30) = 0
ioctl(3, _IOC(_IOC_READ|_IOC_WRITE, 0x46, 0x2a, 0x20), 0x7ffc71ddb930) = 0
ioctl(3, _IOC(_IOC_READ|_IOC_WRITE, 0x46, 0x2b, 0x28), 0x7ffc71ddb9d0) = 0
ioctl(3, _IOC(_IOC_READ|_IOC_WRITE, 0x46, 0x2a, 0x20), 0x7ffc71ddb8e0) = 0
ioctl(3, _IOC(_IOC_READ|_IOC_WRITE, 0x46, 0x2b, 0x28), 0x7ffc71ddb9d0) = 0
ioctl(3, _IOC(_IOC_READ|_IOC_WRITE, 0x46, 0x2a, 0x20), 0x7ffc71ddb8e0) = 0
ioctl(3, _IOC(_IOC_READ|_IOC_WRITE, 0x46, 0x2a, 0x20), 0x7ffc71ddb940) = 0
ioctl(3, _IOC(_IOC_READ|_IOC_WRITE, 0x46, 0x2a, 0x20), 0x7ffc71ddb940) = 0
brk(0x55dbfa38b000)                     = 0x55dbfa38b000
ioctl(3, _IOC(_IOC_READ|_IOC_WRITE, 0x46, 0x4a, 0xb8), 0x7ffc71ddaf20) = 0
ioctl(3, _IOC(_IOC_READ|_IOC_WRITE, 0x46, 0x2a, 0x20), 0x7ffc71ddaee0) = 0
openat(AT_FDCWD, "/dev/nvidiactl", O_RDWR|O_CLOEXEC) = 21
fcntl(21, F_GETFD)                      = 0x1 (flags FD_CLOEXEC)
ioctl(3, _IOC(_IOC_READ|_IOC_WRITE, 0x46, 0x4e, 0x38), 0x7ffc71ddb0b0) = 0
mmap(NULL, 4096, PROT_READ|PROT_WRITE, MAP_SHARED, 21, 0) = 0x7f915e4b8000
close(21)                               = 0
ioctl(3, _IOC(_IOC_READ|_IOC_WRITE, 0x46, 0x2b, 0x28), 0x7ffc71ddba30) = 0
ioctl(3, _IOC(_IOC_READ|_IOC_WRITE, 0x46, 0x2a, 0x20), 0x7ffc71ddb930) = 0
ioctl(3, _IOC(_IOC_READ|_IOC_WRITE, 0x46, 0x2b, 0x28), 0x7ffc71ddb9d0) = 0
ioctl(3, _IOC(_IOC_READ|_IOC_WRITE, 0x46, 0x2a, 0x20), 0x7ffc71ddb8e0) = 0
ioctl(3, _IOC(_IOC_READ|_IOC_WRITE, 0x46, 0x2b, 0x28), 0x7ffc71ddb9d0) = 0
ioctl(3, _IOC(_IOC_READ|_IOC_WRITE, 0x46, 0x2a, 0x20), 0x7ffc71ddb8e0) = 0
ioctl(3, _IOC(_IOC_READ|_IOC_WRITE, 0x46, 0x2a, 0x20), 0x7ffc71ddb940) = 0
ioctl(3, _IOC(_IOC_READ|_IOC_WRITE, 0x46, 0x2a, 0x20), 0x7ffc71ddb940) = 0
ioctl(3, _IOC(_IOC_READ|_IOC_WRITE, 0x46, 0x4a, 0xb8), 0x7ffc71ddaf20) = 0
ioctl(3, _IOC(_IOC_READ|_IOC_WRITE, 0x46, 0x2a, 0x20), 0x7ffc71ddaee0) = 0
openat(AT_FDCWD, "/dev/nvidiactl", O_RDWR|O_CLOEXEC) = 21
fcntl(21, F_GETFD)                      = 0x1 (flags FD_CLOEXEC)
ioctl(3, _IOC(_IOC_READ|_IOC_WRITE, 0x46, 0x4e, 0x38), 0x7ffc71ddb0b0) = 0
mmap(NULL, 4096, PROT_READ|PROT_WRITE, MAP_SHARED, 21, 0) = 0x7f9155521000
close(21)                               = 0
ioctl(3, _IOC(_IOC_READ|_IOC_WRITE, 0x46, 0x2b, 0x28), 0x7ffc71ddba30) = 0
ioctl(3, _IOC(_IOC_READ|_IOC_WRITE, 0x46, 0x2a, 0x20), 0x7ffc71ddb930) = 0
ioctl(3, _IOC(_IOC_READ|_IOC_WRITE, 0x46, 0x2b, 0x28), 0x7ffc71ddb9d0) = 0
ioctl(3, _IOC(_IOC_READ|_IOC_WRITE, 0x46, 0x2a, 0x20), 0x7ffc71ddb8e0) = 0
ioctl(3, _IOC(_IOC_READ|_IOC_WRITE, 0x46, 0x2b, 0x28), 0x7ffc71ddb9d0) = 0
ioctl(3, _IOC(_IOC_READ|_IOC_WRITE, 0x46, 0x2a, 0x20), 0x7ffc71ddb8e0) = 0
ioctl(3, _IOC(_IOC_READ|_IOC_WRITE, 0x46, 0x2a, 0x20), 0x7ffc71ddb940) = 0
ioctl(3, _IOC(_IOC_READ|_IOC_WRITE, 0x46, 0x2a, 0x20), 0x7ffc71ddb940) = 0
ioctl(3, _IOC(_IOC_READ|_IOC_WRITE, 0x46, 0x4a, 0xb8), 0x7ffc71ddaf20) = 0
ioctl(3, _IOC(_IOC_READ|_IOC_WRITE, 0x46, 0x2a, 0x20), 0x7ffc71ddaee0) = 0
openat(AT_FDCWD, "/dev/nvidiactl", O_RDWR|O_CLOEXEC) = 21
fcntl(21, F_GETFD)                      = 0x1 (flags FD_CLOEXEC)
ioctl(3, _IOC(_IOC_READ|_IOC_WRITE, 0x46, 0x4e, 0x38), 0x7ffc71ddb0b0) = 0
mmap(NULL, 4096, PROT_READ|PROT_WRITE, MAP_SHARED, 21, 0) = 0x7f9155520000
close(21)                               = 0
ioctl(3, _IOC(_IOC_READ|_IOC_WRITE, 0x46, 0x2b, 0x28), 0x7ffc71ddba30) = 0
ioctl(3, _IOC(_IOC_READ|_IOC_WRITE, 0x46, 0x2a, 0x20), 0x7ffc71ddb930) = 0
ioctl(3, _IOC(_IOC_READ|_IOC_WRITE, 0x46, 0x2b, 0x28), 0x7ffc71ddb9d0) = 0
ioctl(3, _IOC(_IOC_READ|_IOC_WRITE, 0x46, 0x2a, 0x20), 0x7ffc71ddb8e0) = 0
ioctl(3, _IOC(_IOC_READ|_IOC_WRITE, 0x46, 0x2b, 0x28), 0x7ffc71ddb9d0) = 0
ioctl(3, _IOC(_IOC_READ|_IOC_WRITE, 0x46, 0x2a, 0x20), 0x7ffc71ddb8e0) = 0
ioctl(3, _IOC(_IOC_READ|_IOC_WRITE, 0x46, 0x2a, 0x20), 0x7ffc71ddb940) = 0
ioctl(3, _IOC(_IOC_READ|_IOC_WRITE, 0x46, 0x2a, 0x20), 0x7ffc71ddb940) = 0
brk(0x55dbfa3b9000)                     = 0x55dbfa3b9000
ioctl(3, _IOC(_IOC_READ|_IOC_WRITE, 0x46, 0x4a, 0xb8), 0x7ffc71ddaf20) = 0
ioctl(3, _IOC(_IOC_READ|_IOC_WRITE, 0x46, 0x2a, 0x20), 0x7ffc71ddaee0) = 0
openat(AT_FDCWD, "/dev/nvidiactl", O_RDWR|O_CLOEXEC) = 21
fcntl(21, F_GETFD)                      = 0x1 (flags FD_CLOEXEC)
ioctl(3, _IOC(_IOC_READ|_IOC_WRITE, 0x46, 0x4e, 0x38), 0x7ffc71ddb0b0) = 0
mmap(NULL, 4096, PROT_READ|PROT_WRITE, MAP_SHARED, 21, 0) = 0x7f915551f000
close(21)                               = 0
ioctl(3, _IOC(_IOC_READ|_IOC_WRITE, 0x46, 0x2b, 0x28), 0x7ffc71ddba30) = 0
ioctl(3, _IOC(_IOC_READ|_IOC_WRITE, 0x46, 0x2a, 0x20), 0x7ffc71ddb930) = 0
ioctl(3, _IOC(_IOC_READ|_IOC_WRITE, 0x46, 0x2b, 0x28), 0x7ffc71ddb9d0) = 0
ioctl(3, _IOC(_IOC_READ|_IOC_WRITE, 0x46, 0x2a, 0x20), 0x7ffc71ddb8e0) = 0
ioctl(3, _IOC(_IOC_READ|_IOC_WRITE, 0x46, 0x2b, 0x28), 0x7ffc71ddb9d0) = 0
ioctl(3, _IOC(_IOC_READ|_IOC_WRITE, 0x46, 0x2a, 0x20), 0x7ffc71ddb8e0) = 0
ioctl(3, _IOC(_IOC_READ|_IOC_WRITE, 0x46, 0x2a, 0x20), 0x7ffc71ddb940) = 0
ioctl(3, _IOC(_IOC_READ|_IOC_WRITE, 0x46, 0x2a, 0x20), 0x7ffc71ddb940) = 0
ioctl(3, _IOC(_IOC_READ|_IOC_WRITE, 0x46, 0x4a, 0xb8), 0x7ffc71ddaf20) = 0
ioctl(3, _IOC(_IOC_READ|_IOC_WRITE, 0x46, 0x2a, 0x20), 0x7ffc71ddaee0) = 0
openat(AT_FDCWD, "/dev/nvidiactl", O_RDWR|O_CLOEXEC) = 21
fcntl(21, F_GETFD)                      = 0x1 (flags FD_CLOEXEC)
ioctl(3, _IOC(_IOC_READ|_IOC_WRITE, 0x46, 0x4e, 0x38), 0x7ffc71ddb0b0) = 0
mmap(NULL, 4096, PROT_READ|PROT_WRITE, MAP_SHARED, 21, 0) = 0x7f915551e000
close(21)                               = 0
ioctl(3, _IOC(_IOC_READ|_IOC_WRITE, 0x46, 0x2b, 0x28), 0x7ffc71ddba30) = 0
ioctl(3, _IOC(_IOC_READ|_IOC_WRITE, 0x46, 0x2a, 0x20), 0x7ffc71ddb930) = 0
ioctl(3, _IOC(_IOC_READ|_IOC_WRITE, 0x46, 0x2b, 0x28), 0x7ffc71ddb9d0) = 0
ioctl(3, _IOC(_IOC_READ|_IOC_WRITE, 0x46, 0x2a, 0x20), 0x7ffc71ddb8e0) = 0
ioctl(3, _IOC(_IOC_READ|_IOC_WRITE, 0x46, 0x2b, 0x28), 0x7ffc71ddb9d0) = 0
ioctl(3, _IOC(_IOC_READ|_IOC_WRITE, 0x46, 0x2a, 0x20), 0x7ffc71ddb8e0) = 0
ioctl(3, _IOC(_IOC_READ|_IOC_WRITE, 0x46, 0x2a, 0x20), 0x7ffc71ddb940) = 0
ioctl(3, _IOC(_IOC_READ|_IOC_WRITE, 0x46, 0x2a, 0x20), 0x7ffc71ddb940) = 0
ioctl(4, _IOC(_IOC_NONE, 0, 0x1b, 0), 0x7ffc71ddbd60) = 0
ioctl(4, _IOC(_IOC_NONE, 0, 0x1b, 0), 0x7ffc71ddbd60) = 0
ioctl(4, _IOC(_IOC_NONE, 0, 0x1b, 0), 0x7ffc71ddbd60) = 0
ioctl(4, _IOC(_IOC_NONE, 0, 0x1b, 0), 0x7ffc71ddbd60) = 0
ioctl(4, _IOC(_IOC_NONE, 0, 0x1b, 0), 0x7ffc71ddbd60) = 0
ioctl(4, _IOC(_IOC_NONE, 0, 0x1b, 0), 0x7ffc71ddbd60) = 0
ioctl(4, _IOC(_IOC_NONE, 0, 0x1b, 0), 0x7ffc71ddbd60) = 0
ioctl(4, _IOC(_IOC_NONE, 0, 0x1b, 0), 0x7ffc71ddbd60) = 0
ioctl(3, _IOC(_IOC_READ|_IOC_WRITE, 0x46, 0x2a, 0x20), 0x7ffc71ddbc40) = 0
openat(AT_FDCWD, "/dev/nvidia0", O_RDWR|O_CLOEXEC) = 21
fcntl(21, F_GETFD)                      = 0x1 (flags FD_CLOEXEC)
ioctl(21, _IOC(_IOC_READ|_IOC_WRITE, 0x46, 0xc9, 0x4), 0x7ffc71ddbcb0) = 0
ioctl(21, _IOC(_IOC_READ|_IOC_WRITE, 0x46, 0xce, 0x10), 0x7ffc71ddbcb0) = 0
ioctl(21, _IOC(_IOC_READ|_IOC_WRITE, 0x46, 0x2b, 0x28), 0x7ffc71ddbc20) = 0
write(20, "\1\0\0\0\0\0\0\0", 8)        = 8
futex(0x7ffc71ddbcf0, FUTEX_WAIT_BITSET_PRIVATE|FUTEX_CLOCK_REALTIME, 0, {tv_sec=1634792259, tv_nsec=242903000}, FUTEX_BITSET_MATCH_ANY) = 0
ioctl(3, _IOC(_IOC_READ|_IOC_WRITE, 0x46, 0x2b, 0x28), 0x7ffc71ddbbf0) = 0
brk(0x55dbfa3de000)                     = 0x55dbfa3de000
ioctl(3, _IOC(_IOC_READ|_IOC_WRITE, 0x46, 0x4a, 0xb8), 0x7ffc71ddaf20) = 0
ioctl(3, _IOC(_IOC_READ|_IOC_WRITE, 0x46, 0x2a, 0x20), 0x7ffc71ddaee0) = 0
openat(AT_FDCWD, "/dev/nvidiactl", O_RDWR|O_CLOEXEC) = 22
fcntl(22, F_GETFD)                      = 0x1 (flags FD_CLOEXEC)
ioctl(3, _IOC(_IOC_READ|_IOC_WRITE, 0x46, 0x4e, 0x38), 0x7ffc71ddb0b0) = 0
mmap(NULL, 4096, PROT_READ|PROT_WRITE, MAP_SHARED, 22, 0) = 0x7f915551d000
close(22)                               = 0
ioctl(3, _IOC(_IOC_READ|_IOC_WRITE, 0x46, 0x2b, 0x28), 0x7ffc71ddba30) = 0
ioctl(3, _IOC(_IOC_READ|_IOC_WRITE, 0x46, 0x2a, 0x20), 0x7ffc71ddb930) = 0
ioctl(3, _IOC(_IOC_READ|_IOC_WRITE, 0x46, 0x2b, 0x28), 0x7ffc71ddb9d0) = 0
ioctl(3, _IOC(_IOC_READ|_IOC_WRITE, 0x46, 0x2a, 0x20), 0x7ffc71ddb8e0) = 0
ioctl(3, _IOC(_IOC_READ|_IOC_WRITE, 0x46, 0x2a, 0x20), 0x7ffc71ddb940) = 0
ioctl(3, _IOC(_IOC_READ|_IOC_WRITE, 0x46, 0x4a, 0xb8), 0x7ffc71ddaf20) = 0
ioctl(3, _IOC(_IOC_READ|_IOC_WRITE, 0x46, 0x2a, 0x20), 0x7ffc71ddaee0) = 0
openat(AT_FDCWD, "/dev/nvidiactl", O_RDWR|O_CLOEXEC) = 22
fcntl(22, F_GETFD)                      = 0x1 (flags FD_CLOEXEC)
ioctl(3, _IOC(_IOC_READ|_IOC_WRITE, 0x46, 0x4e, 0x38), 0x7ffc71ddb0b0) = 0
mmap(NULL, 4096, PROT_READ|PROT_WRITE, MAP_SHARED, 22, 0) = 0x7f915551c000
close(22)                               = 0
ioctl(3, _IOC(_IOC_READ|_IOC_WRITE, 0x46, 0x2b, 0x28), 0x7ffc71ddba30) = 0
ioctl(3, _IOC(_IOC_READ|_IOC_WRITE, 0x46, 0x2a, 0x20), 0x7ffc71ddb930) = 0
ioctl(3, _IOC(_IOC_READ|_IOC_WRITE, 0x46, 0x2b, 0x28), 0x7ffc71ddb9d0) = 0
ioctl(3, _IOC(_IOC_READ|_IOC_WRITE, 0x46, 0x2a, 0x20), 0x7ffc71ddb8e0) = 0
ioctl(3, _IOC(_IOC_READ|_IOC_WRITE, 0x46, 0x2a, 0x20), 0x7ffc71ddb940) = 0
ioctl(3, _IOC(_IOC_READ|_IOC_WRITE, 0x46, 0x4a, 0xb8), 0x7ffc71ddaf20) = 0
ioctl(3, _IOC(_IOC_READ|_IOC_WRITE, 0x46, 0x2a, 0x20), 0x7ffc71ddaee0) = 0
openat(AT_FDCWD, "/dev/nvidiactl", O_RDWR|O_CLOEXEC) = 22
fcntl(22, F_GETFD)                      = 0x1 (flags FD_CLOEXEC)
ioctl(3, _IOC(_IOC_READ|_IOC_WRITE, 0x46, 0x4e, 0x38), 0x7ffc71ddb0b0) = 0
mmap(NULL, 4096, PROT_READ|PROT_WRITE, MAP_SHARED, 22, 0) = 0x7f915551b000
close(22)                               = 0
ioctl(3, _IOC(_IOC_READ|_IOC_WRITE, 0x46, 0x2b, 0x28), 0x7ffc71ddba30) = 0
ioctl(3, _IOC(_IOC_READ|_IOC_WRITE, 0x46, 0x2a, 0x20), 0x7ffc71ddb930) = 0
ioctl(3, _IOC(_IOC_READ|_IOC_WRITE, 0x46, 0x2b, 0x28), 0x7ffc71ddb9d0) = 0
ioctl(3, _IOC(_IOC_READ|_IOC_WRITE, 0x46, 0x2a, 0x20), 0x7ffc71ddb8e0) = 0
ioctl(3, _IOC(_IOC_READ|_IOC_WRITE, 0x46, 0x2a, 0x20), 0x7ffc71ddb940) = 0
brk(0x55dbfa40c000)                     = 0x55dbfa40c000
ioctl(3, _IOC(_IOC_READ|_IOC_WRITE, 0x46, 0x4a, 0xb8), 0x7ffc71ddaf20) = 0
ioctl(3, _IOC(_IOC_READ|_IOC_WRITE, 0x46, 0x2a, 0x20), 0x7ffc71ddaee0) = 0
openat(AT_FDCWD, "/dev/nvidiactl", O_RDWR|O_CLOEXEC) = 22
fcntl(22, F_GETFD)                      = 0x1 (flags FD_CLOEXEC)
ioctl(3, _IOC(_IOC_READ|_IOC_WRITE, 0x46, 0x4e, 0x38), 0x7ffc71ddb0b0) = 0
mmap(NULL, 4096, PROT_READ|PROT_WRITE, MAP_SHARED, 22, 0) = 0x7f915551a000
close(22)                               = 0
ioctl(3, _IOC(_IOC_READ|_IOC_WRITE, 0x46, 0x2b, 0x28), 0x7ffc71ddba30) = 0
ioctl(3, _IOC(_IOC_READ|_IOC_WRITE, 0x46, 0x2a, 0x20), 0x7ffc71ddb930) = 0
ioctl(3, _IOC(_IOC_READ|_IOC_WRITE, 0x46, 0x2b, 0x28), 0x7ffc71ddb9d0) = 0
ioctl(3, _IOC(_IOC_READ|_IOC_WRITE, 0x46, 0x2a, 0x20), 0x7ffc71ddb8e0) = 0
ioctl(3, _IOC(_IOC_READ|_IOC_WRITE, 0x46, 0x2a, 0x20), 0x7ffc71ddb940) = 0
ioctl(4, _IOC(_IOC_NONE, 0, 0x1b, 0), 0x7ffc71ddbd60) = 0
ioctl(4, _IOC(_IOC_NONE, 0, 0x1b, 0), 0x7ffc71ddbd60) = 0
ioctl(4, _IOC(_IOC_NONE, 0, 0x1b, 0), 0x7ffc71ddbd60) = 0
ioctl(4, _IOC(_IOC_NONE, 0, 0x1b, 0), 0x7ffc71ddbd60) = 0
ioctl(3, _IOC(_IOC_READ|_IOC_WRITE, 0x46, 0x2a, 0x20), 0x7ffc71ddbc40) = 0
openat(AT_FDCWD, "/dev/nvidia0", O_RDWR|O_CLOEXEC) = 22
fcntl(22, F_GETFD)                      = 0x1 (flags FD_CLOEXEC)
ioctl(22, _IOC(_IOC_READ|_IOC_WRITE, 0x46, 0xc9, 0x4), 0x7ffc71ddbcb0) = 0
ioctl(22, _IOC(_IOC_READ|_IOC_WRITE, 0x46, 0xce, 0x10), 0x7ffc71ddbcb0) = 0
ioctl(22, _IOC(_IOC_READ|_IOC_WRITE, 0x46, 0x2b, 0x28), 0x7ffc71ddbc20) = 0
write(20, "\1\0\0\0\0\0\0\0", 8)        = 8
futex(0x7ffc71ddbcf0, FUTEX_WAIT_BITSET_PRIVATE|FUTEX_CLOCK_REALTIME, 0, {tv_sec=1634792259, tv_nsec=247754000}, FUTEX_BITSET_MATCH_ANY) = 0
ioctl(3, _IOC(_IOC_READ|_IOC_WRITE, 0x46, 0x2b, 0x28), 0x7ffc71ddbbf0) = 0
ioctl(3, _IOC(_IOC_READ|_IOC_WRITE, 0x46, 0x4a, 0xb8), 0x7ffc71ddaf20) = 0
ioctl(3, _IOC(_IOC_READ|_IOC_WRITE, 0x46, 0x2a, 0x20), 0x7ffc71ddaee0) = 0
openat(AT_FDCWD, "/dev/nvidiactl", O_RDWR|O_CLOEXEC) = 23
fcntl(23, F_GETFD)                      = 0x1 (flags FD_CLOEXEC)
ioctl(3, _IOC(_IOC_READ|_IOC_WRITE, 0x46, 0x4e, 0x38), 0x7ffc71ddb0b0) = 0
mmap(NULL, 4096, PROT_READ|PROT_WRITE, MAP_SHARED, 23, 0) = 0x7f9155519000
close(23)                               = 0
ioctl(3, _IOC(_IOC_READ|_IOC_WRITE, 0x46, 0x2b, 0x28), 0x7ffc71ddba30) = 0
ioctl(3, _IOC(_IOC_READ|_IOC_WRITE, 0x46, 0x2a, 0x20), 0x7ffc71ddb930) = 0
ioctl(3, _IOC(_IOC_READ|_IOC_WRITE, 0x46, 0x2b, 0x28), 0x7ffc71ddb9d0) = 0
ioctl(3, _IOC(_IOC_READ|_IOC_WRITE, 0x46, 0x2a, 0x20), 0x7ffc71ddb8e0) = 0
ioctl(3, _IOC(_IOC_READ|_IOC_WRITE, 0x46, 0x2a, 0x20), 0x7ffc71ddb940) = 0
brk(0x55dbfa431000)                     = 0x55dbfa431000
ioctl(3, _IOC(_IOC_READ|_IOC_WRITE, 0x46, 0x4a, 0xb8), 0x7ffc71ddaf20) = 0
ioctl(3, _IOC(_IOC_READ|_IOC_WRITE, 0x46, 0x2a, 0x20), 0x7ffc71ddaee0) = 0
openat(AT_FDCWD, "/dev/nvidiactl", O_RDWR|O_CLOEXEC) = 23
fcntl(23, F_GETFD)                      = 0x1 (flags FD_CLOEXEC)
ioctl(3, _IOC(_IOC_READ|_IOC_WRITE, 0x46, 0x4e, 0x38), 0x7ffc71ddb0b0) = 0
mmap(NULL, 4096, PROT_READ|PROT_WRITE, MAP_SHARED, 23, 0) = 0x7f9155518000
close(23)                               = 0
ioctl(3, _IOC(_IOC_READ|_IOC_WRITE, 0x46, 0x2b, 0x28), 0x7ffc71ddba30) = 0
ioctl(3, _IOC(_IOC_READ|_IOC_WRITE, 0x46, 0x2a, 0x20), 0x7ffc71ddb930) = 0
ioctl(3, _IOC(_IOC_READ|_IOC_WRITE, 0x46, 0x2b, 0x28), 0x7ffc71ddb9d0) = 0
ioctl(3, _IOC(_IOC_READ|_IOC_WRITE, 0x46, 0x2a, 0x20), 0x7ffc71ddb8e0) = 0
ioctl(3, _IOC(_IOC_READ|_IOC_WRITE, 0x46, 0x2a, 0x20), 0x7ffc71ddb940) = 0
ioctl(3, _IOC(_IOC_READ|_IOC_WRITE, 0x46, 0x4a, 0xb8), 0x7ffc71ddaf20) = 0
ioctl(3, _IOC(_IOC_READ|_IOC_WRITE, 0x46, 0x2a, 0x20), 0x7ffc71ddaee0) = 0
openat(AT_FDCWD, "/dev/nvidiactl", O_RDWR|O_CLOEXEC) = 23
fcntl(23, F_GETFD)                      = 0x1 (flags FD_CLOEXEC)
ioctl(3, _IOC(_IOC_READ|_IOC_WRITE, 0x46, 0x4e, 0x38), 0x7ffc71ddb0b0) = 0
mmap(NULL, 4096, PROT_READ|PROT_WRITE, MAP_SHARED, 23, 0) = 0x7f9155517000
close(23)                               = 0
ioctl(3, _IOC(_IOC_READ|_IOC_WRITE, 0x46, 0x2b, 0x28), 0x7ffc71ddba30) = 0
ioctl(3, _IOC(_IOC_READ|_IOC_WRITE, 0x46, 0x2a, 0x20), 0x7ffc71ddb930) = 0
ioctl(3, _IOC(_IOC_READ|_IOC_WRITE, 0x46, 0x2b, 0x28), 0x7ffc71ddb9d0) = 0
ioctl(3, _IOC(_IOC_READ|_IOC_WRITE, 0x46, 0x2a, 0x20), 0x7ffc71ddb8e0) = 0
ioctl(3, _IOC(_IOC_READ|_IOC_WRITE, 0x46, 0x2a, 0x20), 0x7ffc71ddb940) = 0
ioctl(3, _IOC(_IOC_READ|_IOC_WRITE, 0x46, 0x4a, 0xb8), 0x7ffc71ddaf20) = 0
ioctl(3, _IOC(_IOC_READ|_IOC_WRITE, 0x46, 0x2a, 0x20), 0x7ffc71ddaee0) = 0
openat(AT_FDCWD, "/dev/nvidiactl", O_RDWR|O_CLOEXEC) = 23
fcntl(23, F_GETFD)                      = 0x1 (flags FD_CLOEXEC)
ioctl(3, _IOC(_IOC_READ|_IOC_WRITE, 0x46, 0x4e, 0x38), 0x7ffc71ddb0b0) = 0
mmap(NULL, 4096, PROT_READ|PROT_WRITE, MAP_SHARED, 23, 0) = 0x7f9155516000
close(23)                               = 0
ioctl(3, _IOC(_IOC_READ|_IOC_WRITE, 0x46, 0x2b, 0x28), 0x7ffc71ddba30) = 0
ioctl(3, _IOC(_IOC_READ|_IOC_WRITE, 0x46, 0x2a, 0x20), 0x7ffc71ddb930) = 0
ioctl(3, _IOC(_IOC_READ|_IOC_WRITE, 0x46, 0x2b, 0x28), 0x7ffc71ddb9d0) = 0
ioctl(3, _IOC(_IOC_READ|_IOC_WRITE, 0x46, 0x2a, 0x20), 0x7ffc71ddb8e0) = 0
ioctl(3, _IOC(_IOC_READ|_IOC_WRITE, 0x46, 0x2a, 0x20), 0x7ffc71ddb940) = 0
ioctl(4, _IOC(_IOC_NONE, 0, 0x1b, 0), 0x7ffc71ddbd60) = 0
ioctl(4, _IOC(_IOC_NONE, 0, 0x1b, 0), 0x7ffc71ddbd60) = 0
ioctl(4, _IOC(_IOC_NONE, 0, 0x1b, 0), 0x7ffc71ddbd60) = 0
ioctl(4, _IOC(_IOC_NONE, 0, 0x1b, 0), 0x7ffc71ddbd60) = 0
ioctl(3, _IOC(_IOC_READ|_IOC_WRITE, 0x46, 0x2a, 0x20), 0x7ffc71ddbc40) = 0
openat(AT_FDCWD, "/dev/nvidia0", O_RDWR|O_CLOEXEC) = 23
fcntl(23, F_GETFD)                      = 0x1 (flags FD_CLOEXEC)
ioctl(23, _IOC(_IOC_READ|_IOC_WRITE, 0x46, 0xc9, 0x4), 0x7ffc71ddbcb0) = 0
ioctl(23, _IOC(_IOC_READ|_IOC_WRITE, 0x46, 0xce, 0x10), 0x7ffc71ddbcb0) = 0
ioctl(23, _IOC(_IOC_READ|_IOC_WRITE, 0x46, 0x2b, 0x28), 0x7ffc71ddbc20) = 0
write(20, "\1\0\0\0\0\0\0\0", 8)        = 8
futex(0x7ffc71ddbcf0, FUTEX_WAIT_BITSET_PRIVATE|FUTEX_CLOCK_REALTIME, 0, {tv_sec=1634792259, tv_nsec=252652000}, FUTEX_BITSET_MATCH_ANY) = 0
eventfd2(0, EFD_CLOEXEC|EFD_NONBLOCK)   = 24
fcntl(24, F_SETFL, O_RDONLY|O_NONBLOCK) = 0
write(20, "\1\0\0\0\0\0\0\0", 8)        = 8
ioctl(3, _IOC(_IOC_READ|_IOC_WRITE, 0x46, 0x2a, 0x20), 0x7ffc71ddbdf0) = 0
mmap(NULL, 8392704, PROT_NONE, MAP_PRIVATE|MAP_ANONYMOUS|MAP_STACK, -1, 0) = 0x7f9154d15000
mprotect(0x7f9154d16000, 8388608, PROT_READ|PROT_WRITE) = 0
brk(0x55dbfa452000)                     = 0x55dbfa452000
clone(child_stack=0x7f9155514cf0, flags=CLONE_VM|CLONE_FS|CLONE_FILES|CLONE_SIGHAND|CLONE_THREAD|CLONE_SYSVSEM|CLONE_SETTLS|CLONE_PARENT_SETTID|CLONE_CHILD_CLEARTID, parent_tid=[2097104], tls=0x7f9155515700, child_tidptr=0x7f91555159d0) = 2097104
ioctl(3, _IOC(_IOC_READ|_IOC_WRITE, 0x46, 0x4a, 0xb8), 0x7ffc71ddb190) = 0
ioctl(4, _IOC(_IOC_NONE, 0, 0x49, 0), 0x7ffc71ddb120) = 0
ioctl(4, _IOC(_IOC_NONE, 0, 0x21, 0), 0x7ffc71ddac90) = 0
ioctl(4, _IOC(_IOC_NONE, 0, 0x44, 0), 0x7ffc71ddaeb0) = 0
mmap(0x204a00000, 2097152, PROT_READ|PROT_WRITE, MAP_SHARED|MAP_FIXED, 4, 0x204a00000) = 0x204a00000
ioctl(4, _IOC(_IOC_NONE, 0, 0x48, 0), 0x7ffc71ddadc0) = 0
ioctl(3, _IOC(_IOC_READ|_IOC_WRITE, 0x46, 0x4a, 0xb8), 0x7ffc71ddb1d0) = 0
ioctl(3, _IOC(_IOC_READ|_IOC_WRITE, 0x46, 0x2a, 0x20), 0x7ffc71ddb190) = 0
openat(AT_FDCWD, "/dev/nvidiactl", O_RDWR|O_CLOEXEC) = 25
fcntl(25, F_GETFD)                      = 0x1 (flags FD_CLOEXEC)
ioctl(3, _IOC(_IOC_READ|_IOC_WRITE, 0x46, 0x4e, 0x38), 0x7ffc71ddb360) = 0
mmap(0x204c00000, 2097152, PROT_READ|PROT_WRITE, MAP_SHARED|MAP_FIXED, 25, 0) = 0x204c00000
close(25)                               = 0
ioctl(4, _IOC(_IOC_NONE, 0, 0x49, 0), 0x7ffc71ddb160) = 0
ioctl(4, _IOC(_IOC_NONE, 0, 0x21, 0), 0x7ffc71ddacd0) = 0
brk(0x55dbfa474000)                     = 0x55dbfa474000
ioctl(4, _IOC(_IOC_NONE, 0, 0x17, 0), 0x7ffc71ddbf10) = 0
ioctl(4, _IOC(_IOC_NONE, 0, 0x17, 0), 0x7ffc71ddbf10) = 0
ioctl(4, _IOC(_IOC_NONE, 0, 0x17, 0), 0x7ffc71ddbf10) = 0
ioctl(4, _IOC(_IOC_NONE, 0, 0x17, 0), 0x7ffc71ddbf10) = 0
ioctl(4, _IOC(_IOC_NONE, 0, 0x17, 0), 0x7ffc71ddbf10) = 0
ioctl(4, _IOC(_IOC_NONE, 0, 0x17, 0), 0x7ffc71ddbf10) = 0
ioctl(4, _IOC(_IOC_NONE, 0, 0x17, 0), 0x7ffc71ddbf10) = 0
ioctl(4, _IOC(_IOC_NONE, 0, 0x17, 0), 0x7ffc71ddbf10) = 0
ioctl(4, _IOC(_IOC_NONE, 0, 0x17, 0), 0x7ffc71ddbf10) = 0
ioctl(4, _IOC(_IOC_NONE, 0, 0x17, 0), 0x7ffc71ddbf10) = 0
mmap(0x7f9152400000, 2097152, PROT_READ|PROT_WRITE, MAP_SHARED|MAP_FIXED|MAP_ANONYMOUS, -1, 0) = 0x7f9152400000
ioctl(9, _IOC(_IOC_READ|_IOC_WRITE, 0x46, 0x27, 0x38), 0x7ffc71ddb4e0) = 0
ioctl(4, _IOC(_IOC_NONE, 0, 0x49, 0), 0x7ffc71ddb400) = 0
ioctl(4, _IOC(_IOC_NONE, 0, 0x21, 0), 0x7ffc71ddaf70) = 0
ioctl(3, _IOC(_IOC_READ|_IOC_WRITE, 0x46, 0x4a, 0xb8), 0x7ffc71ddb470) = 0
ioctl(3, _IOC(_IOC_READ|_IOC_WRITE, 0x46, 0x2a, 0x20), 0x7ffc71ddb430) = 0
openat(AT_FDCWD, "/dev/nvidiactl", O_RDWR|O_CLOEXEC) = 25
fcntl(25, F_GETFD)                      = 0x1 (flags FD_CLOEXEC)
ioctl(3, _IOC(_IOC_READ|_IOC_WRITE, 0x46, 0x4e, 0x38), 0x7ffc71ddb600) = 0
mmap(0x7f9152600000, 2097152, PROT_READ|PROT_WRITE, MAP_SHARED|MAP_FIXED, 25, 0) = 0x7f9152600000
close(25)                               = 0
ioctl(4, _IOC(_IOC_NONE, 0, 0x49, 0), 0x7ffc71ddb400) = 0
ioctl(4, _IOC(_IOC_NONE, 0, 0x21, 0), 0x7ffc71ddaf70) = 0
brk(0x55dbfa49a000)                     = 0x55dbfa49a000
ioctl(3, _IOC(_IOC_READ|_IOC_WRITE, 0x46, 0x4a, 0xb8), 0x7ffc71ddb2e0) = 0
ioctl(4, _IOC(_IOC_NONE, 0, 0x49, 0), 0x7ffc71ddb270) = 0
ioctl(4, _IOC(_IOC_NONE, 0, 0x21, 0), 0x7ffc71ddade0) = 0
ioctl(3, _IOC(_IOC_READ|_IOC_WRITE, 0x46, 0x4a, 0xb8), 0x7ffc71ddb0f0) = 0
ioctl(3, _IOC(_IOC_READ|_IOC_WRITE, 0x46, 0x2a, 0x20), 0x7ffc71ddb0b0) = 0
openat(AT_FDCWD, "/dev/nvidiactl", O_RDWR|O_CLOEXEC) = 25
fcntl(25, F_GETFD)                      = 0x1 (flags FD_CLOEXEC)
ioctl(3, _IOC(_IOC_READ|_IOC_WRITE, 0x46, 0x4e, 0x38), 0x7ffc71ddb280) = 0
mmap(0x205000000, 2097152, PROT_READ|PROT_WRITE, MAP_SHARED|MAP_FIXED, 25, 0) = 0x205000000
close(25)                               = 0
ioctl(4, _IOC(_IOC_NONE, 0, 0x49, 0), 0x7ffc71ddb080) = 0
ioctl(4, _IOC(_IOC_NONE, 0, 0x21, 0), 0x7ffc71ddabf0) = 0
mmap(0x7f9152800000, 2097152, PROT_READ|PROT_WRITE, MAP_SHARED|MAP_FIXED|MAP_ANONYMOUS, -1, 0) = 0x7f9152800000
ioctl(9, _IOC(_IOC_READ|_IOC_WRITE, 0x46, 0x27, 0x38), 0x7ffc71ddb230) = 0
ioctl(4, _IOC(_IOC_NONE, 0, 0x49, 0), 0x7ffc71ddb150) = 0
ioctl(4, _IOC(_IOC_NONE, 0, 0x21, 0), 0x7ffc71ddacc0) = 0
brk(0x55dbfa4bb000)                     = 0x55dbfa4bb000
ioctl(3, _IOC(_IOC_READ|_IOC_WRITE, 0x46, 0x4a, 0xb8), 0x7ffc71ddb060) = 0
ioctl(4, _IOC(_IOC_NONE, 0, 0x49, 0), 0x7ffc71ddaff0) = 0
ioctl(4, _IOC(_IOC_NONE, 0, 0x21, 0), 0x7ffc71ddab60) = 0
ioctl(4, _IOC(_IOC_NONE, 0, 0x41, 0), 0x7ffc71ddb410) = 0
mmap(NULL, 2097152, PROT_READ|PROT_WRITE, MAP_SHARED|MAP_ANONYMOUS, -1, 0) = 0x7f9154b15000
ioctl(9, _IOC(_IOC_READ|_IOC_WRITE, 0x46, 0x27, 0x38), 0x7ffc71ddb320) = 0
ioctl(4, _IOC(_IOC_NONE, 0, 0x49, 0), 0x7ffc71ddb240) = 0
ioctl(4, _IOC(_IOC_NONE, 0, 0x21, 0), 0x7ffc71ddadb0) = 0
ioctl(3, _IOC(_IOC_READ|_IOC_WRITE, 0x46, 0x4a, 0xb8), 0x7ffc71ddac30) = 0
ioctl(4, _IOC(_IOC_NONE, 0, 0x49, 0), 0x7ffc71ddabc0) = 0
ioctl(4, _IOC(_IOC_NONE, 0, 0x21, 0), 0x7ffc71dda730) = 0
mkdir("/home", 0700)                    = -1 EEXIST (File exists)
mkdir("/home/user01", 0700)             = -1 EEXIST (File exists)
mkdir("/home/user01/.nv", 0700)         = -1 EEXIST (File exists)
mkdir("/home/user01/.nv/ComputeCache", 0700) = -1 EEXIST (File exists)
ioctl(3, _IOC(_IOC_READ|_IOC_WRITE, 0x46, 0x2b, 0x28), 0x7ffc71ddbf70) = 0
ioctl(3, _IOC(_IOC_READ|_IOC_WRITE, 0x46, 0x4a, 0xb8), 0x7ffc71ddb470) = 0
ioctl(3, _IOC(_IOC_READ|_IOC_WRITE, 0x46, 0x2a, 0x20), 0x7ffc71ddb430) = 0
openat(AT_FDCWD, "/dev/nvidiactl", O_RDWR|O_CLOEXEC) = 25
fcntl(25, F_GETFD)                      = 0x1 (flags FD_CLOEXEC)
ioctl(3, _IOC(_IOC_READ|_IOC_WRITE, 0x46, 0x4e, 0x38), 0x7ffc71ddb600) = 0
mmap(0x7f9153000000, 2097152, PROT_READ|PROT_WRITE, MAP_SHARED|MAP_FIXED, 25, 0) = 0x7f9153000000
close(25)                               = 0
ioctl(4, _IOC(_IOC_NONE, 0, 0x49, 0), 0x7ffc71ddb400) = 0
ioctl(4, _IOC(_IOC_NONE, 0, 0x21, 0), 0x7ffc71ddaf70) = 0
mmap(NULL, 1101824, PROT_READ|PROT_WRITE, MAP_PRIVATE|MAP_ANONYMOUS, -1, 0) = 0x7f9154a08000
brk(0x55dbfa4df000)                     = 0x55dbfa4df000
brk(0x55dbfa506000)                     = 0x55dbfa506000
brk(0x55dbfa527000)                     = 0x55dbfa527000
brk(0x55dbfa552000)                     = 0x55dbfa552000
brk(0x55dbfa576000)                     = 0x55dbfa576000
brk(0x55dbfa597000)                     = 0x55dbfa597000
brk(0x55dbfa5b8000)                     = 0x55dbfa5b8000
brk(0x55dbfa5da000)                     = 0x55dbfa5da000
brk(0x55dbfa5fb000)                     = 0x55dbfa5fb000
brk(0x55dbfa61c000)                     = 0x55dbfa61c000
mmap(NULL, 2101248, PROT_READ|PROT_WRITE, MAP_PRIVATE|MAP_ANONYMOUS, -1, 0) = 0x7f9154807000
munmap(0x7f9154807000, 2101248)         = 0
brk(0x55dbfa641000)                     = 0x55dbfa641000
brk(0x55dbfa662000)                     = 0x55dbfa662000
brk(0x55dbfa86f000)                     = 0x55dbfa86f000
mmap(0x7f9153200000, 2097152, PROT_READ|PROT_WRITE, MAP_SHARED|MAP_FIXED|MAP_ANONYMOUS, -1, 0) = 0x7f9153200000
ioctl(9, _IOC(_IOC_READ|_IOC_WRITE, 0x46, 0x27, 0x38), 0x7ffc71ddb380) = 0
ioctl(4, _IOC(_IOC_NONE, 0, 0x49, 0), 0x7ffc71ddb2a0) = 0
ioctl(4, _IOC(_IOC_NONE, 0, 0x21, 0), 0x7ffc71ddae10) = 0
ioctl(3, _IOC(_IOC_READ|_IOC_WRITE, 0x46, 0x4a, 0xb8), 0x7ffc71ddb240) = 0
ioctl(3, _IOC(_IOC_READ|_IOC_WRITE, 0x46, 0x2a, 0x20), 0x7ffc71ddb200) = 0
openat(AT_FDCWD, "/dev/nvidiactl", O_RDWR|O_CLOEXEC) = 25
fcntl(25, F_GETFD)                      = 0x1 (flags FD_CLOEXEC)
ioctl(3, _IOC(_IOC_READ|_IOC_WRITE, 0x46, 0x4e, 0x38), 0x7ffc71ddb3d0) = 0
mmap(0x7f9153400000, 3354624, PROT_READ|PROT_WRITE, MAP_SHARED|MAP_FIXED, 25, 0) = 0x7f9153400000
close(25)                               = 0
ioctl(4, _IOC(_IOC_NONE, 0, 0x49, 0), 0x7ffc71ddb1d0) = 0
ioctl(4, _IOC(_IOC_NONE, 0, 0x21, 0), 0x7ffc71ddad40) = 0
mmap(NULL, 3354624, PROT_READ|PROT_WRITE, MAP_PRIVATE|MAP_ANONYMOUS, -1, 0) = 0x7f91546d5000
write(24, "\1\0\0\0\0\0\0\0", 8)        = 8
munmap(0x7f91546d5000, 3354624)         = 0
mmap(NULL, 100659200, PROT_NONE, MAP_PRIVATE|MAP_ANONYMOUS, -1, 0) = 0x7f9132001000
munmap(0x7f9132001000, 33550336)        = 0
ioctl(3, _IOC(_IOC_READ|_IOC_WRITE, 0x46, 0x4a, 0xb8), 0x7ffc71ddb250) = 0
ioctl(4, _IOC(_IOC_NONE, 0, 0x49, 0), 0x7ffc71ddb1e0) = 0
ioctl(4, _IOC(_IOC_NONE, 0, 0x21, 0), 0x7ffc71ddad50) = 0
mmap(NULL, 39174144, PROT_READ|PROT_WRITE, MAP_PRIVATE|MAP_ANONYMOUS, -1, 0) = 0x7f9131aa4000
munmap(0x7f9131aa4000, 39174144)        = 0
ioctl(3, _IOC(_IOC_READ|_IOC_WRITE, 0x46, 0x4a, 0xb8), 0x7ffc71ddb230) = 0
ioctl(4, _IOC(_IOC_NONE, 0, 0x49, 0), 0x7ffc71ddb1c0) = 0
ioctl(4, _IOC(_IOC_NONE, 0, 0x21, 0), 0x7ffc71ddad30) = 0
brk(0x55dbfa8c8000)                     = 0x55dbfa8c8000
brk(0x55dbfa8ed000)                     = 0x55dbfa8ed000
openat(AT_FDCWD, "/dev/nvidia0", O_RDWR|O_CLOEXEC) = 25
fcntl(25, F_GETFD)                      = 0x1 (flags FD_CLOEXEC)
ioctl(25, _IOC(_IOC_READ|_IOC_WRITE, 0x46, 0xc9, 0x4), 0x7ffc71ddbe70) = 0
ioctl(25, _IOC(_IOC_READ|_IOC_WRITE, 0x46, 0xce, 0x10), 0x7ffc71ddbe70) = 0
ioctl(25, _IOC(_IOC_READ|_IOC_WRITE, 0x46, 0x2b, 0x28), 0x7ffc71ddbde0) = 0
write(20, "\1\0\0\0\0\0\0\0", 8)        = 8
futex(0x7ffc71ddbeb0, FUTEX_WAIT_BITSET_PRIVATE|FUTEX_CLOCK_REALTIME, 0, {tv_sec=1634792259, tv_nsec=312674000}, FUTEX_BITSET_MATCH_ANY) = 0
openat(AT_FDCWD, "/dev/nvidia0", O_RDWR|O_CLOEXEC) = 26
fcntl(26, F_GETFD)                      = 0x1 (flags FD_CLOEXEC)
ioctl(26, _IOC(_IOC_READ|_IOC_WRITE, 0x46, 0xc9, 0x4), 0x7ffc71ddbe70) = 0
ioctl(26, _IOC(_IOC_READ|_IOC_WRITE, 0x46, 0xce, 0x10), 0x7ffc71ddbe70) = 0
ioctl(26, _IOC(_IOC_READ|_IOC_WRITE, 0x46, 0x2b, 0x28), 0x7ffc71ddbde0) = 0
write(20, "\1\0\0\0\0\0\0\0", 8)        = 8
openat(AT_FDCWD, "/dev/nvidia0", O_RDWR|O_CLOEXEC) = 27
fcntl(27, F_GETFD)                      = 0x1 (flags FD_CLOEXEC)
ioctl(27, _IOC(_IOC_READ|_IOC_WRITE, 0x46, 0xc9, 0x4), 0x7ffc71ddbe70) = 0
ioctl(27, _IOC(_IOC_READ|_IOC_WRITE, 0x46, 0xce, 0x10), 0x7ffc71ddbe70) = 0
ioctl(27, _IOC(_IOC_READ|_IOC_WRITE, 0x46, 0x2b, 0x28), 0x7ffc71ddbde0) = 0
write(20, "\1\0\0\0\0\0\0\0", 8)        = 8
openat(AT_FDCWD, "/dev/nvidia0", O_RDWR|O_CLOEXEC) = 28
fcntl(28, F_GETFD)                      = 0x1 (flags FD_CLOEXEC)
ioctl(28, _IOC(_IOC_READ|_IOC_WRITE, 0x46, 0xc9, 0x4), 0x7ffc71ddbe70) = 0
ioctl(28, _IOC(_IOC_READ|_IOC_WRITE, 0x46, 0xce, 0x10), 0x7ffc71ddbe70) = 0
ioctl(28, _IOC(_IOC_READ|_IOC_WRITE, 0x46, 0x2b, 0x28), 0x7ffc71ddbde0) = 0
write(20, "\1\0\0\0\0\0\0\0", 8)        = 8
ioctl(3, _IOC(_IOC_READ|_IOC_WRITE, 0x46, 0x2a, 0x20), 0x7ffc71ddbd10) = 0
ioctl(3, _IOC(_IOC_READ|_IOC_WRITE, 0x46, 0x2a, 0x20), 0x7ffc71ddbdf0) = 0
ioctl(3, _IOC(_IOC_READ|_IOC_WRITE, 0x46, 0x2a, 0x20), 0x7ffc71ddbe30) = 0
mmap(NULL, 268431360, PROT_NONE, MAP_PRIVATE|MAP_ANONYMOUS, -1, 0) = 0x7f9124001000
munmap(0x7f9124001000, 33550336)        = 0
ioctl(3, _IOC(_IOC_READ|_IOC_WRITE, 0x46, 0x4a, 0xb8), 0x7ffc71ddb200) = 0
ioctl(4, _IOC(_IOC_NONE, 0, 0x49, 0), 0x7ffc71ddb190) = 0
ioctl(4, _IOC(_IOC_NONE, 0, 0x21, 0), 0x7ffc71ddad00) = 0
brk(0x55dbfa95a000)                     = 0x55dbfa95a000
brk(0x55dbfa986000)                     = 0x55dbfa986000
brk(0x55dbfa9ac000)                     = 0x55dbfa9ac000
ioctl(3, _IOC(_IOC_READ|_IOC_WRITE, 0x46, 0x2a, 0x20), 0x7ffc71ddbe30) = 0
pipe2([29, 30], O_CLOEXEC)              = 0
fcntl(29, F_SETFL, O_RDONLY|O_NONBLOCK) = 0
fcntl(30, F_SETFL, O_RDONLY|O_NONBLOCK) = 0
write(20, "\1\0\0\0\0\0\0\0", 8)        = 8
futex(0x7ffc71ddbef0, FUTEX_WAIT_BITSET_PRIVATE|FUTEX_CLOCK_REALTIME, 0, {tv_sec=1634792259, tv_nsec=319275000}, FUTEX_BITSET_MATCH_ANY) = 0
openat(AT_FDCWD, "/home/user01/.nv/ComputeCache/index", O_RDWR) = 31
fcntl(31, F_SETLK, {l_type=F_RDLCK, l_whence=SEEK_SET, l_start=0, l_len=0}) = 0
fstat(31, {st_mode=S_IFREG|0664, st_size=1536, ...}) = 0
lseek(31, 0, SEEK_SET)                  = 0
read(31, "A\0\0\0_\0\0\0003<\25\0\0\0\0\0\6\366\370\200k\2546\360\267\207\0\0\0\0\0\0"..., 4096) = 1536
openat(AT_FDCWD, "/home/user01/.nv/ComputeCache/4/a/dabd3b6c825d50", O_RDONLY) = 32
fstat(32, {st_mode=S_IFREG|0664, st_size=3797, ...}) = 0
read(32, "A\0\0\0Q\3\0\0\0\0\0\0h\v\0\0\0\0\0\0U\307o\206\323\307\nOJul "..., 4096) = 3797
fcntl(31, F_SETLK, {l_type=F_UNLCK, l_whence=SEEK_SET, l_start=0, l_len=0}) = 0
close(31)                               = 0
close(32)                               = 0
ioctl(3, _IOC(_IOC_READ|_IOC_WRITE, 0x46, 0x4a, 0xb8), 0x7ffc71ddbcb0) = 0
ioctl(4, _IOC(_IOC_NONE, 0, 0x49, 0), 0x7ffc71ddbc40) = 0
ioctl(4, _IOC(_IOC_NONE, 0, 0x21, 0), 0x7ffc71ddb7b0) = 0
clock_gettime(CLOCK_PROCESS_CPUTIME_ID, {tv_sec=0, tv_nsec=210344345}) = 0
fstat(1, {st_mode=S_IFCHR|0620, st_rdev=makedev(0x88, 0x1), ...}) = 0
write(1, "parent time 0.098896\n", 21)  = 21
wait4(-1, NULL, 0, NULL)                = 2097102
ioctl(4, _IOC(_IOC_NONE, 0, 0x22, 0), 0x7ffc71ddc480) = 0
ioctl(3, _IOC(_IOC_READ|_IOC_WRITE, 0x46, 0x29, 0x10), 0x7ffc71ddc5d0) = 0
exit_group(0)                           = ?
+++ exited with 0 +++
