execve("./thread", ["./thread"], 0x7ffcaa5bee90 /* 32 vars */) = 0
brk(NULL)                               = 0x560e860cb000
arch_prctl(0x3001 /* ARCH_??? */, 0x7ffe7b112ad0) = -1 EINVAL (Invalid argument)
access("/etc/ld.so.preload", R_OK)      = -1 ENOENT (No such file or directory)
openat(AT_FDCWD, "/etc/ld.so.cache", O_RDONLY|O_CLOEXEC) = 3
fstat(3, {st_mode=S_IFREG|0644, st_size=75516, ...}) = 0
mmap(NULL, 75516, PROT_READ, MAP_PRIVATE, 3, 0) = 0x7f9a881d6000
close(3)                                = 0
openat(AT_FDCWD, "/lib/x86_64-linux-gnu/librt.so.1", O_RDONLY|O_CLOEXEC) = 3
read(3, "\177ELF\2\1\1\0\0\0\0\0\0\0\0\0\3\0>\0\1\0\0\0 7\0\0\0\0\0\0"..., 832) = 832
fstat(3, {st_mode=S_IFREG|0644, st_size=40040, ...}) = 0
mmap(NULL, 8192, PROT_READ|PROT_WRITE, MAP_PRIVATE|MAP_ANONYMOUS, -1, 0) = 0x7f9a881d4000
mmap(NULL, 44000, PROT_READ, MAP_PRIVATE|MAP_DENYWRITE, 3, 0) = 0x7f9a881c9000
mprotect(0x7f9a881cc000, 24576, PROT_NONE) = 0
mmap(0x7f9a881cc000, 16384, PROT_READ|PROT_EXEC, MAP_PRIVATE|MAP_FIXED|MAP_DENYWRITE, 3, 0x3000) = 0x7f9a881cc000
mmap(0x7f9a881d0000, 4096, PROT_READ, MAP_PRIVATE|MAP_FIXED|MAP_DENYWRITE, 3, 0x7000) = 0x7f9a881d0000
mmap(0x7f9a881d2000, 8192, PROT_READ|PROT_WRITE, MAP_PRIVATE|MAP_FIXED|MAP_DENYWRITE, 3, 0x8000) = 0x7f9a881d2000
close(3)                                = 0
openat(AT_FDCWD, "/lib/x86_64-linux-gnu/libpthread.so.0", O_RDONLY|O_CLOEXEC) = 3
read(3, "\177ELF\2\1\1\0\0\0\0\0\0\0\0\0\3\0>\0\1\0\0\0\220\201\0\0\0\0\0\0"..., 832) = 832
pread64(3, "\4\0\0\0\24\0\0\0\3\0\0\0GNU\0\345Ga\367\265T\320\374\301V)Yf]\223\337"..., 68, 824) = 68
fstat(3, {st_mode=S_IFREG|0755, st_size=157224, ...}) = 0
pread64(3, "\4\0\0\0\24\0\0\0\3\0\0\0GNU\0\345Ga\367\265T\320\374\301V)Yf]\223\337"..., 68, 824) = 68
mmap(NULL, 140408, PROT_READ, MAP_PRIVATE|MAP_DENYWRITE, 3, 0) = 0x7f9a881a6000
mmap(0x7f9a881ad000, 69632, PROT_READ|PROT_EXEC, MAP_PRIVATE|MAP_FIXED|MAP_DENYWRITE, 3, 0x7000) = 0x7f9a881ad000
mmap(0x7f9a881be000, 20480, PROT_READ, MAP_PRIVATE|MAP_FIXED|MAP_DENYWRITE, 3, 0x18000) = 0x7f9a881be000
mmap(0x7f9a881c3000, 8192, PROT_READ|PROT_WRITE, MAP_PRIVATE|MAP_FIXED|MAP_DENYWRITE, 3, 0x1c000) = 0x7f9a881c3000
mmap(0x7f9a881c5000, 13432, PROT_READ|PROT_WRITE, MAP_PRIVATE|MAP_FIXED|MAP_ANONYMOUS, -1, 0) = 0x7f9a881c5000
close(3)                                = 0
openat(AT_FDCWD, "/lib/x86_64-linux-gnu/libdl.so.2", O_RDONLY|O_CLOEXEC) = 3
read(3, "\177ELF\2\1\1\0\0\0\0\0\0\0\0\0\3\0>\0\1\0\0\0 \22\0\0\0\0\0\0"..., 832) = 832
fstat(3, {st_mode=S_IFREG|0644, st_size=18816, ...}) = 0
mmap(NULL, 20752, PROT_READ, MAP_PRIVATE|MAP_DENYWRITE, 3, 0) = 0x7f9a881a0000
mmap(0x7f9a881a1000, 8192, PROT_READ|PROT_EXEC, MAP_PRIVATE|MAP_FIXED|MAP_DENYWRITE, 3, 0x1000) = 0x7f9a881a1000
mmap(0x7f9a881a3000, 4096, PROT_READ, MAP_PRIVATE|MAP_FIXED|MAP_DENYWRITE, 3, 0x3000) = 0x7f9a881a3000
mmap(0x7f9a881a4000, 8192, PROT_READ|PROT_WRITE, MAP_PRIVATE|MAP_FIXED|MAP_DENYWRITE, 3, 0x3000) = 0x7f9a881a4000
close(3)                                = 0
openat(AT_FDCWD, "/lib/x86_64-linux-gnu/libstdc++.so.6", O_RDONLY|O_CLOEXEC) = 3
read(3, "\177ELF\2\1\1\3\0\0\0\0\0\0\0\0\3\0>\0\1\0\0\0`\341\t\0\0\0\0\0"..., 832) = 832
fstat(3, {st_mode=S_IFREG|0644, st_size=1956992, ...}) = 0
mmap(NULL, 1972224, PROT_READ, MAP_PRIVATE|MAP_DENYWRITE, 3, 0) = 0x7f9a87fbe000
mprotect(0x7f9a88054000, 1290240, PROT_NONE) = 0
mmap(0x7f9a88054000, 987136, PROT_READ|PROT_EXEC, MAP_PRIVATE|MAP_FIXED|MAP_DENYWRITE, 3, 0x96000) = 0x7f9a88054000
mmap(0x7f9a88145000, 299008, PROT_READ, MAP_PRIVATE|MAP_FIXED|MAP_DENYWRITE, 3, 0x187000) = 0x7f9a88145000
mmap(0x7f9a8818f000, 57344, PROT_READ|PROT_WRITE, MAP_PRIVATE|MAP_FIXED|MAP_DENYWRITE, 3, 0x1d0000) = 0x7f9a8818f000
mmap(0x7f9a8819d000, 10240, PROT_READ|PROT_WRITE, MAP_PRIVATE|MAP_FIXED|MAP_ANONYMOUS, -1, 0) = 0x7f9a8819d000
close(3)                                = 0
openat(AT_FDCWD, "/lib/x86_64-linux-gnu/libgcc_s.so.1", O_RDONLY|O_CLOEXEC) = 3
read(3, "\177ELF\2\1\1\0\0\0\0\0\0\0\0\0\3\0>\0\1\0\0\0\3405\0\0\0\0\0\0"..., 832) = 832
fstat(3, {st_mode=S_IFREG|0644, st_size=104984, ...}) = 0
mmap(NULL, 107592, PROT_READ, MAP_PRIVATE|MAP_DENYWRITE, 3, 0) = 0x7f9a87fa3000
mmap(0x7f9a87fa6000, 73728, PROT_READ|PROT_EXEC, MAP_PRIVATE|MAP_FIXED|MAP_DENYWRITE, 3, 0x3000) = 0x7f9a87fa6000
mmap(0x7f9a87fb8000, 16384, PROT_READ, MAP_PRIVATE|MAP_FIXED|MAP_DENYWRITE, 3, 0x15000) = 0x7f9a87fb8000
mmap(0x7f9a87fbc000, 8192, PROT_READ|PROT_WRITE, MAP_PRIVATE|MAP_FIXED|MAP_DENYWRITE, 3, 0x18000) = 0x7f9a87fbc000
close(3)                                = 0
openat(AT_FDCWD, "/lib/x86_64-linux-gnu/libc.so.6", O_RDONLY|O_CLOEXEC) = 3
read(3, "\177ELF\2\1\1\3\0\0\0\0\0\0\0\0\3\0>\0\1\0\0\0\360q\2\0\0\0\0\0"..., 832) = 832
pread64(3, "\6\0\0\0\4\0\0\0@\0\0\0\0\0\0\0@\0\0\0\0\0\0\0@\0\0\0\0\0\0\0"..., 784, 64) = 784
pread64(3, "\4\0\0\0\20\0\0\0\5\0\0\0GNU\0\2\0\0\300\4\0\0\0\3\0\0\0\0\0\0\0", 32, 848) = 32
pread64(3, "\4\0\0\0\24\0\0\0\3\0\0\0GNU\0\t\233\222%\274\260\320\31\331\326\10\204\276X>\263"..., 68, 880) = 68
fstat(3, {st_mode=S_IFREG|0755, st_size=2029224, ...}) = 0
pread64(3, "\6\0\0\0\4\0\0\0@\0\0\0\0\0\0\0@\0\0\0\0\0\0\0@\0\0\0\0\0\0\0"..., 784, 64) = 784
pread64(3, "\4\0\0\0\20\0\0\0\5\0\0\0GNU\0\2\0\0\300\4\0\0\0\3\0\0\0\0\0\0\0", 32, 848) = 32
pread64(3, "\4\0\0\0\24\0\0\0\3\0\0\0GNU\0\t\233\222%\274\260\320\31\331\326\10\204\276X>\263"..., 68, 880) = 68
mmap(NULL, 2036952, PROT_READ, MAP_PRIVATE|MAP_DENYWRITE, 3, 0) = 0x7f9a87db1000
mprotect(0x7f9a87dd6000, 1847296, PROT_NONE) = 0
mmap(0x7f9a87dd6000, 1540096, PROT_READ|PROT_EXEC, MAP_PRIVATE|MAP_FIXED|MAP_DENYWRITE, 3, 0x25000) = 0x7f9a87dd6000
mmap(0x7f9a87f4e000, 303104, PROT_READ, MAP_PRIVATE|MAP_FIXED|MAP_DENYWRITE, 3, 0x19d000) = 0x7f9a87f4e000
mmap(0x7f9a87f99000, 24576, PROT_READ|PROT_WRITE, MAP_PRIVATE|MAP_FIXED|MAP_DENYWRITE, 3, 0x1e7000) = 0x7f9a87f99000
mmap(0x7f9a87f9f000, 13528, PROT_READ|PROT_WRITE, MAP_PRIVATE|MAP_FIXED|MAP_ANONYMOUS, -1, 0) = 0x7f9a87f9f000
close(3)                                = 0
openat(AT_FDCWD, "/lib/x86_64-linux-gnu/libm.so.6", O_RDONLY|O_CLOEXEC) = 3
read(3, "\177ELF\2\1\1\3\0\0\0\0\0\0\0\0\3\0>\0\1\0\0\0\300\363\0\0\0\0\0\0"..., 832) = 832
fstat(3, {st_mode=S_IFREG|0644, st_size=1369352, ...}) = 0
mmap(NULL, 8192, PROT_READ|PROT_WRITE, MAP_PRIVATE|MAP_ANONYMOUS, -1, 0) = 0x7f9a87daf000
mmap(NULL, 1368336, PROT_READ, MAP_PRIVATE|MAP_DENYWRITE, 3, 0) = 0x7f9a87c60000
mmap(0x7f9a87c6f000, 684032, PROT_READ|PROT_EXEC, MAP_PRIVATE|MAP_FIXED|MAP_DENYWRITE, 3, 0xf000) = 0x7f9a87c6f000
mmap(0x7f9a87d16000, 618496, PROT_READ, MAP_PRIVATE|MAP_FIXED|MAP_DENYWRITE, 3, 0xb6000) = 0x7f9a87d16000
mmap(0x7f9a87dad000, 8192, PROT_READ|PROT_WRITE, MAP_PRIVATE|MAP_FIXED|MAP_DENYWRITE, 3, 0x14c000) = 0x7f9a87dad000
close(3)                                = 0
mmap(NULL, 12288, PROT_READ|PROT_WRITE, MAP_PRIVATE|MAP_ANONYMOUS, -1, 0) = 0x7f9a87c5d000
arch_prctl(ARCH_SET_FS, 0x7f9a87c5da00) = 0
mprotect(0x7f9a87f99000, 12288, PROT_READ) = 0
mprotect(0x7f9a87dad000, 4096, PROT_READ) = 0
mprotect(0x7f9a87fbc000, 4096, PROT_READ) = 0
mprotect(0x7f9a8818f000, 45056, PROT_READ) = 0
mprotect(0x7f9a881a4000, 4096, PROT_READ) = 0
mprotect(0x7f9a881c3000, 4096, PROT_READ) = 0
mprotect(0x7f9a881d2000, 4096, PROT_READ) = 0
mprotect(0x560e845e9000, 16384, PROT_READ) = 0
mprotect(0x7f9a88216000, 4096, PROT_READ) = 0
munmap(0x7f9a881d6000, 75516)           = 0
set_tid_address(0x7f9a87c5dcd0)         = 2097614
set_robust_list(0x7f9a87c5dce0, 24)     = 0
rt_sigaction(SIGRTMIN, {sa_handler=0x7f9a881adbf0, sa_mask=[], sa_flags=SA_RESTORER|SA_SIGINFO, sa_restorer=0x7f9a881bb3c0}, NULL, 8) = 0
rt_sigaction(SIGRT_1, {sa_handler=0x7f9a881adc90, sa_mask=[], sa_flags=SA_RESTORER|SA_RESTART|SA_SIGINFO, sa_restorer=0x7f9a881bb3c0}, NULL, 8) = 0
rt_sigprocmask(SIG_UNBLOCK, [RTMIN RT_1], NULL, 8) = 0
prlimit64(0, RLIMIT_STACK, NULL, {rlim_cur=8192*1024, rlim_max=RLIM64_INFINITY}) = 0
brk(NULL)                               = 0x560e860cb000
brk(0x560e860ec000)                     = 0x560e860ec000
futex(0x560e845f0938, FUTEX_WAKE_PRIVATE, 2147483647) = 0
futex(0x7f9a881a50c8, FUTEX_WAKE_PRIVATE, 2147483647) = 0
openat(AT_FDCWD, "/etc/ld.so.cache", O_RDONLY|O_CLOEXEC) = 3
fstat(3, {st_mode=S_IFREG|0644, st_size=75516, ...}) = 0
mmap(NULL, 75516, PROT_READ, MAP_PRIVATE, 3, 0) = 0x7f9a881d6000
close(3)                                = 0
openat(AT_FDCWD, "/lib/x86_64-linux-gnu/libcuda.so.1", O_RDONLY|O_CLOEXEC) = 3
read(3, "\177ELF\2\1\1\0\0\0\0\0\0\0\0\0\3\0>\0\1\0\0\0 j\r\0\0\0\0\0"..., 832) = 832
fstat(3, {st_mode=S_IFREG|0644, st_size=22267208, ...}) = 0
mmap(NULL, 24493992, PROT_READ|PROT_EXEC, MAP_PRIVATE|MAP_DENYWRITE, 3, 0) = 0x7f9a86501000
mprotect(0x7f9a87845000, 2093056, PROT_NONE) = 0
mmap(0x7f9a87a44000, 2068480, PROT_READ|PROT_WRITE, MAP_PRIVATE|MAP_FIXED|MAP_DENYWRITE, 3, 0x1343000) = 0x7f9a87a44000
mmap(0x7f9a87c3d000, 130984, PROT_READ|PROT_WRITE, MAP_PRIVATE|MAP_FIXED|MAP_ANONYMOUS, -1, 0) = 0x7f9a87c3d000
close(3)                                = 0
mprotect(0x7f9a87a44000, 974848, PROT_READ) = 0
sched_get_priority_max(SCHED_RR)        = 99
sched_get_priority_min(SCHED_RR)        = 1
munmap(0x7f9a881d6000, 75516)           = 0
getpid()                                = 2097614
openat(AT_FDCWD, "/sys/devices/system/cpu/online", O_RDONLY|O_CLOEXEC) = 3
read(3, "0-63\n", 8192)                 = 5
close(3)                                = 0
mmap(NULL, 135168, PROT_READ|PROT_WRITE, MAP_PRIVATE|MAP_ANONYMOUS, -1, 0) = 0x7f9a864e0000
sched_getaffinity(2097614, 8, [0, 1, 2, 3, 4, 5, 6, 7, 8, 9, 10, 11, 12, 13, 14, 15, 16, 17, 18, 19, 20, 21, 22, 23, 24, 25, 26, 27, 28, 29, 30, 31, 32, 33, 34, 35, 36, 37, 38, 39, 40, 41, 42, 43, 44, 45, 46, 47, 48, 49, 50, 51, 52, 53, 54, 55, 56, 57, 58, 59, 60, 61, 62, 63]) = 8
munmap(0x7f9a864e0000, 135168)          = 0
openat(AT_FDCWD, "/proc/sys/vm/mmap_min_addr", O_RDONLY) = 3
fstat(3, {st_mode=S_IFREG|0644, st_size=0, ...}) = 0
read(3, "65536\n", 1024)                = 6
close(3)                                = 0
openat(AT_FDCWD, "/proc/cpuinfo", O_RDONLY) = 3
fstat(3, {st_mode=S_IFREG|0444, st_size=0, ...}) = 0
read(3, "processor\t: 0\nvendor_id\t: Genuin"..., 1024) = 1024
read(3, " smap clflushopt clwb intel_pt a"..., 1024) = 1024
close(3)                                = 0
openat(AT_FDCWD, "/proc/self/maps", O_RDONLY) = 3
brk(0x560e8610e000)                     = 0x560e8610e000
fstat(3, {st_mode=S_IFREG|0444, st_size=0, ...}) = 0
read(3, "560e84577000-560e8457e000 r--p 0"..., 1024) = 1024
read(3, " 52306618                   /usr"..., 1024) = 1024
read(3, "              /usr/lib/x86_64-li"..., 1024) = 1024
read(3, "000 rw-p 00019000 08:02 52303453"..., 1024) = 1024
read(3, "                /usr/lib/x86_64-"..., 1024) = 1024
read(3, " 00:00 0 \n7f9a881c9000-7f9a881cc"..., 1024) = 1024
read(3, "      /usr/lib/x86_64-linux-gnu/"..., 1024) = 637
close(3)                                = 0
getpid()                                = 2097614
futex(0x7f9a87c46bbc, FUTEX_WAKE_PRIVATE, 2147483647) = 0
statfs("/dev/shm/", {f_type=TMPFS_MAGIC, f_bsize=4096, f_blocks=49355490, f_bfree=49355490, f_bavail=49355490, f_files=49355490, f_ffree=49355486, f_fsid={val=[0, 0]}, f_namelen=255, f_frsize=4096, f_flags=ST_VALID|ST_NOSUID|ST_NODEV}) = 0
futex(0x7f9a881c8390, FUTEX_WAKE_PRIVATE, 2147483647) = 0
openat(AT_FDCWD, "/dev/shm/cuda_injection_path_shm", O_RDWR|O_NOFOLLOW|O_CLOEXEC) = -1 ENOENT (No such file or directory)
openat(AT_FDCWD, "/home/user01/.nv/nvidia-application-profile-globals-rc", O_RDONLY) = -1 ENOENT (No such file or directory)
openat(AT_FDCWD, "/home/user01/.nv/nvidia-application-profiles-rc", O_RDONLY) = -1 ENOENT (No such file or directory)
openat(AT_FDCWD, "/home/user01/.nv/nvidia-application-profiles-rc.d", O_RDONLY) = -1 ENOENT (No such file or directory)
openat(AT_FDCWD, "/etc/nvidia/nvidia-application-profiles-rc", O_RDONLY) = -1 ENOENT (No such file or directory)
openat(AT_FDCWD, "/etc/nvidia/nvidia-application-profiles-rc.d/", O_RDONLY) = -1 ENOENT (No such file or directory)
openat(AT_FDCWD, "/usr/share/nvidia/nvidia-application-profiles-470.57.02-rc", O_RDONLY) = 3
fstat(3, {st_mode=S_IFREG|0644, st_size=9082, ...}) = 0
fstat(3, {st_mode=S_IFREG|0644, st_size=9082, ...}) = 0
read(3, "# Application profiles for the N"..., 8192) = 8192
read(3, "gcoord\" },\n        { \"pattern\": "..., 4096) = 890
brk(0x560e8612f000)                     = 0x560e8612f000
close(3)                                = 0
openat(AT_FDCWD, "/usr/share/nvidia/nvidia-application-profiles-rc", O_RDONLY) = -1 ENOENT (No such file or directory)
getpid()                                = 2097614
readlink("/proc/2097614/exe", "/home/user01/microbench/gpu_cont"..., 4095) = 48
openat(AT_FDCWD, "/proc/self/comm", O_RDONLY) = 3
fstat(3, {st_mode=S_IFREG|0644, st_size=0, ...}) = 0
read(3, "thread\n", 4096)               = 7
read(3, "", 3072)                       = 0
close(3)                                = 0
getpid()                                = 2097614
geteuid()                               = 1000
socket(AF_UNIX, SOCK_SEQPACKET|SOCK_CLOEXEC, 0) = 3
setsockopt(3, SOL_SOCKET, SO_PASSCRED, [1], 4) = 0
connect(3, {sa_family=AF_UNIX, sun_path="/tmp/nvidia-mps/control"}, 26) = -1 ECONNREFUSED (Connection refused)
close(3)                                = 0
lstat("/proc", {st_mode=S_IFDIR|0555, st_size=0, ...}) = 0
lstat("/proc/self", {st_mode=S_IFLNK|0777, st_size=0, ...}) = 0
readlink("/proc/self", "2097614", 4095) = 7
lstat("/proc/2097614", {st_mode=S_IFDIR|0555, st_size=0, ...}) = 0
lstat("/proc/2097614/exe", {st_mode=S_IFLNK|0777, st_size=0, ...}) = 0
readlink("/proc/2097614/exe", "/home/user01/microbench/gpu_cont"..., 4095) = 48
lstat("/home", {st_mode=S_IFDIR|0755, st_size=4096, ...}) = 0
lstat("/home/user01", {st_mode=S_IFDIR|0755, st_size=4096, ...}) = 0
lstat("/home/user01/microbench", {st_mode=S_IFDIR|0775, st_size=4096, ...}) = 0
lstat("/home/user01/microbench/gpu_context_share", {st_mode=S_IFDIR|0775, st_size=4096, ...}) = 0
lstat("/home/user01/microbench/gpu_context_share/thread", {st_mode=S_IFREG|0775, st_size=658912, ...}) = 0
openat(AT_FDCWD, "/proc/modules", O_RDONLY) = 3
fstat(3, {st_mode=S_IFREG|0444, st_size=0, ...}) = 0
read(3, "ufs 81920 0 - Live 0x00000000000"..., 1024) = 1024
read(3, "2 nf_conntrack_netlink, Live 0x0"..., 1024) = 1024
read(3, "0000000000\nscsi_dh_emc 16384 0 -"..., 1024) = 1024
read(3, "0000000\ndell_wmi_descriptor 2048"..., 1024) = 1024
read(3, "84 0 - Live 0x0000000000000000\nn"..., 1024) = 1024
read(3, "0x0000000000000000\nlibcrc32c 163"..., 1024) = 1024
close(3)                                = 0
openat(AT_FDCWD, "/proc/driver/nvidia/params", O_RDONLY) = 3
fstat(3, {st_mode=S_IFREG|0444, st_size=0, ...}) = 0
read(3, "ResmanDebugLevel: 4294967295\nRmL"..., 1024) = 803
close(3)                                = 0
stat("/dev/nvidiactl", {st_mode=S_IFCHR|0666, st_rdev=makedev(0xc3, 0xff), ...}) = 0
openat(AT_FDCWD, "/dev/nvidiactl", O_RDWR) = 3
fcntl(3, F_SETFD, FD_CLOEXEC)           = 0
ioctl(3, _IOC(_IOC_READ|_IOC_WRITE, 0x46, 0xd2, 0x48), 0x7ffe7b111ff0) = 0
openat(AT_FDCWD, "/sys/devices/system/memory/block_size_bytes", O_RDONLY) = 4
read(4, "40000000\n", 99)               = 9
close(4)                                = 0
ioctl(3, _IOC(_IOC_READ|_IOC_WRITE, 0x46, 0xd6, 0x8), 0x7ffe7b111ff0) = 0
ioctl(3, _IOC(_IOC_READ|_IOC_WRITE, 0x46, 0xc8, 0x900), 0x7f9a87c4e1c0) = 0
ioctl(3, _IOC(_IOC_READ|_IOC_WRITE, 0x46, 0x2b, 0x20), 0x7ffe7b111ff0) = 0
ioctl(3, _IOC(_IOC_READ|_IOC_WRITE, 0x46, 0x2a, 0x20), 0x7ffe7b111f40) = 0
ioctl(3, _IOC(_IOC_READ|_IOC_WRITE, 0x46, 0x29, 0x10), 0x7ffe7b112040) = 0
close(3)                                = 0
openat(AT_FDCWD, "/proc/modules", O_RDONLY) = 3
fstat(3, {st_mode=S_IFREG|0444, st_size=0, ...}) = 0
read(3, "ufs 81920 0 - Live 0x00000000000"..., 1024) = 1024
read(3, "2 nf_conntrack_netlink, Live 0x0"..., 1024) = 1024
read(3, "0000000000\nscsi_dh_emc 16384 0 -"..., 1024) = 1024
read(3, "0000000\ndell_wmi_descriptor 2048"..., 1024) = 1024
read(3, "84 0 - Live 0x0000000000000000\nn"..., 1024) = 1024
read(3, "0x0000000000000000\nlibcrc32c 163"..., 1024) = 1024
close(3)                                = 0
openat(AT_FDCWD, "/proc/driver/nvidia/params", O_RDONLY) = 3
fstat(3, {st_mode=S_IFREG|0444, st_size=0, ...}) = 0
read(3, "ResmanDebugLevel: 4294967295\nRmL"..., 1024) = 803
close(3)                                = 0
stat("/dev/nvidiactl", {st_mode=S_IFCHR|0666, st_rdev=makedev(0xc3, 0xff), ...}) = 0
openat(AT_FDCWD, "/dev/nvidiactl", O_RDWR) = 3
fcntl(3, F_SETFD, FD_CLOEXEC)           = 0
ioctl(3, _IOC(_IOC_READ|_IOC_WRITE, 0x46, 0xd2, 0x48), 0x7ffe7b1125b0) = 0
openat(AT_FDCWD, "/sys/devices/system/memory/block_size_bytes", O_RDONLY) = 4
read(4, "40000000\n", 99)               = 9
close(4)                                = 0
ioctl(3, _IOC(_IOC_READ|_IOC_WRITE, 0x46, 0xd6, 0x8), 0x7ffe7b1125b0) = 0
ioctl(3, _IOC(_IOC_READ|_IOC_WRITE, 0x46, 0xc8, 0x900), 0x7f9a87c4e1c0) = 0
ioctl(3, _IOC(_IOC_READ|_IOC_WRITE, 0x46, 0x2b, 0x20), 0x7ffe7b1125b0) = 0
ioctl(3, _IOC(_IOC_READ|_IOC_WRITE, 0x46, 0x2a, 0x20), 0x7ffe7b1124e0) = 0
openat(AT_FDCWD, "/proc/self/status", O_RDONLY) = 4
fstat(4, {st_mode=S_IFREG|0444, st_size=0, ...}) = 0
read(4, "Name:\tthread\nUmask:\t0002\nState:\t"..., 1024) = 1024
read(4, "3\nMems_allowed:\t00000000,0000000"..., 1024) = 386
close(4)                                = 0
openat(AT_FDCWD, "/sys/devices/system/node", O_RDONLY|O_NONBLOCK|O_CLOEXEC|O_DIRECTORY) = 4
fstat(4, {st_mode=S_IFDIR|0755, st_size=0, ...}) = 0
brk(0x560e86157000)                     = 0x560e86157000
getdents64(4, /* 11 entries */, 32768)  = 344
openat(AT_FDCWD, "/sys/devices/system/node/node0/cpumap", O_RDONLY) = 5
fstat(5, {st_mode=S_IFREG|0444, st_size=4096, ...}) = 0
read(5, "55555555,55555555\n", 4096)    = 18
close(5)                                = 0
openat(AT_FDCWD, "/sys/devices/system/node/node1/cpumap", O_RDONLY) = 5
fstat(5, {st_mode=S_IFREG|0444, st_size=4096, ...}) = 0
read(5, "aaaaaaaa,aaaaaaaa\n", 4096)    = 18
close(5)                                = 0
getdents64(4, /* 0 entries */, 32768)   = 0
close(4)                                = 0
futex(0x7f9a87c44f38, FUTEX_WAKE_PRIVATE, 2147483647) = 0
get_mempolicy([MPOL_DEFAULT], [000000000000000000, 000000000000000000, 000000000000000000, 000000000000000000, 000000000000000000, 000000000000000000, 000000000000000000, 000000000000000000, 000000000000000000, 000000000000000000, 000000000000000000, 000000000000000000, 000000000000000000, 000000000000000000, 000000000000000000, 000000000000000000], 1024, NULL, 0) = 0
openat(AT_FDCWD, "/proc/modules", O_RDONLY) = 4
fstat(4, {st_mode=S_IFREG|0444, st_size=0, ...}) = 0
read(4, "ufs 81920 0 - Live 0x00000000000"..., 1024) = 1024
read(4, "2 nf_conntrack_netlink, Live 0x0"..., 1024) = 1024
read(4, "0000000000\nscsi_dh_emc 16384 0 -"..., 1024) = 1024
read(4, "0000000\ndell_wmi_descriptor 2048"..., 1024) = 1024
read(4, "84 0 - Live 0x0000000000000000\nn"..., 1024) = 1024
close(4)                                = 0
openat(AT_FDCWD, "/proc/devices", O_RDONLY) = 4
fstat(4, {st_mode=S_IFREG|0444, st_size=0, ...}) = 0
read(4, "Character devices:\n  1 mem\n  4 /"..., 1024) = 717
close(4)                                = 0
stat("/dev/nvidia-uvm", {st_mode=S_IFCHR|0666, st_rdev=makedev(0xeb, 0), ...}) = 0
stat("/dev/nvidia-uvm-tools", {st_mode=S_IFCHR|0666, st_rdev=makedev(0xeb, 0x1), ...}) = 0
openat(AT_FDCWD, "/dev/nvidia-uvm", O_RDWR|O_CLOEXEC) = 4
fcntl(4, F_GETFD)                       = 0x1 (flags FD_CLOEXEC)
ioctl(4, _IOC(_IOC_NONE, 0, 0x1, 0x3000), 0x7ffe7b112600) = 0
ioctl(4, _IOC(_IOC_NONE, 0, 0x27, 0), 0x7ffe7b112610) = 0
ioctl(3, _IOC(_IOC_READ|_IOC_WRITE, 0x46, 0x2a, 0x20), 0x7ffe7b111380) = 0
ioctl(3, _IOC(_IOC_READ|_IOC_WRITE, 0x46, 0x2a, 0x20), 0x7ffe7b111280) = 0
ioctl(3, _IOC(_IOC_READ|_IOC_WRITE, 0x46, 0x2a, 0x20), 0x7ffe7b110af0) = 0
ioctl(3, _IOC(_IOC_READ|_IOC_WRITE, 0x46, 0x2a, 0x20), 0x7ffe7b111380) = 0
openat(AT_FDCWD, "/proc/driver/nvidia/params", O_RDONLY) = 5
fstat(5, {st_mode=S_IFREG|0444, st_size=0, ...}) = 0
read(5, "ResmanDebugLevel: 4294967295\nRmL"..., 1024) = 803
close(5)                                = 0
stat("/dev/nvidia0", {st_mode=S_IFCHR|0666, st_rdev=makedev(0xc3, 0), ...}) = 0
openat(AT_FDCWD, "/dev/nvidia0", O_RDWR|O_CLOEXEC) = 5
fcntl(5, F_GETFD)                       = 0x1 (flags FD_CLOEXEC)
ioctl(3, _IOC(_IOC_READ|_IOC_WRITE, 0x46, 0x2a, 0x20), 0x7ffe7b111380) = 0
openat(AT_FDCWD, "/proc/driver/nvidia/params", O_RDONLY) = 6
fstat(6, {st_mode=S_IFREG|0444, st_size=0, ...}) = 0
read(6, "ResmanDebugLevel: 4294967295\nRmL"..., 1024) = 803
close(6)                                = 0
stat("/dev/nvidia1", {st_mode=S_IFCHR|0666, st_rdev=makedev(0xc3, 0x1), ...}) = 0
openat(AT_FDCWD, "/dev/nvidia1", O_RDWR|O_CLOEXEC) = 6
fcntl(6, F_GETFD)                       = 0x1 (flags FD_CLOEXEC)
ioctl(3, _IOC(_IOC_READ|_IOC_WRITE, 0x46, 0x2a, 0x20), 0x7ffe7b111380) = 0
openat(AT_FDCWD, "/proc/driver/nvidia/params", O_RDONLY) = 7
fstat(7, {st_mode=S_IFREG|0444, st_size=0, ...}) = 0
read(7, "ResmanDebugLevel: 4294967295\nRmL"..., 1024) = 803
close(7)                                = 0
stat("/dev/nvidia2", {st_mode=S_IFCHR|0666, st_rdev=makedev(0xc3, 0x2), ...}) = 0
openat(AT_FDCWD, "/dev/nvidia2", O_RDWR|O_CLOEXEC) = 7
fcntl(7, F_GETFD)                       = 0x1 (flags FD_CLOEXEC)
ioctl(3, _IOC(_IOC_READ|_IOC_WRITE, 0x46, 0x2a, 0x20), 0x7ffe7b111380) = 0
openat(AT_FDCWD, "/proc/driver/nvidia/params", O_RDONLY) = 8
fstat(8, {st_mode=S_IFREG|0444, st_size=0, ...}) = 0
read(8, "ResmanDebugLevel: 4294967295\nRmL"..., 1024) = 803
close(8)                                = 0
stat("/dev/nvidia3", {st_mode=S_IFCHR|0666, st_rdev=makedev(0xc3, 0x3), ...}) = 0
openat(AT_FDCWD, "/dev/nvidia3", O_RDWR|O_CLOEXEC) = 8
fcntl(8, F_GETFD)                       = 0x1 (flags FD_CLOEXEC)
ioctl(3, _IOC(_IOC_READ|_IOC_WRITE, 0x46, 0x2a, 0x20), 0x7ffe7b111370) = 0
ioctl(3, _IOC(_IOC_READ|_IOC_WRITE, 0x46, 0x2a, 0x20), 0x7ffe7b1111a0) = 0
ioctl(3, _IOC(_IOC_READ|_IOC_WRITE, 0x46, 0x2a, 0x20), 0x7ffe7b111340) = 0
openat(AT_FDCWD, "/proc/driver/nvidia/params", O_RDONLY) = 9
fstat(9, {st_mode=S_IFREG|0444, st_size=0, ...}) = 0
read(9, "ResmanDebugLevel: 4294967295\nRmL"..., 1024) = 803
close(9)                                = 0
stat("/dev/nvidia0", {st_mode=S_IFCHR|0666, st_rdev=makedev(0xc3, 0), ...}) = 0
openat(AT_FDCWD, "/dev/nvidia0", O_RDWR|O_CLOEXEC) = 9
fcntl(9, F_GETFD)                       = 0x1 (flags FD_CLOEXEC)
ioctl(9, _IOC(_IOC_READ|_IOC_WRITE, 0x46, 0xc9, 0x4), 0x7ffe7b111390) = 0
ioctl(9, _IOC(_IOC_READ|_IOC_WRITE, 0x46, 0xd7, 0x228), 0x7ffe7b111130) = 0
ioctl(3, _IOC(_IOC_READ|_IOC_WRITE, 0x46, 0x2b, 0x28), 0x7ffe7b111470) = 0
ioctl(3, _IOC(_IOC_READ|_IOC_WRITE, 0x46, 0x2a, 0x20), 0x7ffe7b111380) = 0
ioctl(3, _IOC(_IOC_READ|_IOC_WRITE, 0x46, 0x2a, 0x20), 0x7ffe7b111380) = 0
ioctl(3, _IOC(_IOC_READ|_IOC_WRITE, 0x46, 0x2a, 0x20), 0x7ffe7b111380) = 0
ioctl(3, _IOC(_IOC_READ|_IOC_WRITE, 0x46, 0x2a, 0x20), 0x7ffe7b111380) = 0
ioctl(3, _IOC(_IOC_READ|_IOC_WRITE, 0x46, 0x2a, 0x20), 0x7ffe7b111250) = 0
ioctl(3, _IOC(_IOC_READ|_IOC_WRITE, 0x46, 0x2a, 0x20), 0x7ffe7b111100) = 0
ioctl(3, _IOC(_IOC_READ|_IOC_WRITE, 0x46, 0x2a, 0x20), 0x7ffe7b1112a0) = 0
openat(AT_FDCWD, "/proc/driver/nvidia/params", O_RDONLY) = 10
fstat(10, {st_mode=S_IFREG|0444, st_size=0, ...}) = 0
read(10, "ResmanDebugLevel: 4294967295\nRmL"..., 1024) = 803
close(10)                               = 0
stat("/dev/nvidia0", {st_mode=S_IFCHR|0666, st_rdev=makedev(0xc3, 0), ...}) = 0
openat(AT_FDCWD, "/dev/nvidia0", O_RDWR|O_CLOEXEC) = 10
fcntl(10, F_GETFD)                      = 0x1 (flags FD_CLOEXEC)
ioctl(10, _IOC(_IOC_READ|_IOC_WRITE, 0x46, 0xc9, 0x4), 0x7ffe7b1112f0) = 0
ioctl(3, _IOC(_IOC_READ|_IOC_WRITE, 0x46, 0x2b, 0x28), 0x7ffe7b1113b0) = 0
ioctl(3, _IOC(_IOC_READ|_IOC_WRITE, 0x46, 0x2a, 0x20), 0x7ffe7b111360) = 0
ioctl(3, _IOC(_IOC_READ|_IOC_WRITE, 0x46, 0x2a, 0x20), 0x7ffe7b111280) = 0
ioctl(3, _IOC(_IOC_READ|_IOC_WRITE, 0x46, 0x2a, 0x20), 0x7ffe7b110f00) = 0
ioctl(3, _IOC(_IOC_READ|_IOC_WRITE, 0x46, 0x2a, 0x20), 0x7ffe7b1112b0) = 0
ioctl(3, _IOC(_IOC_READ|_IOC_WRITE, 0x46, 0x2a, 0x20), 0x7ffe7b111210) = 0
ioctl(3, _IOC(_IOC_READ|_IOC_WRITE, 0x46, 0x2a, 0x20), 0x7ffe7b1110d0) = 0
ioctl(3, _IOC(_IOC_READ|_IOC_WRITE, 0x46, 0x2a, 0x20), 0x7ffe7b1110d0) = 0
ioctl(3, _IOC(_IOC_READ|_IOC_WRITE, 0x46, 0x2a, 0x20), 0x7ffe7b1110d0) = 0
ioctl(3, _IOC(_IOC_READ|_IOC_WRITE, 0x46, 0x2a, 0x20), 0x7ffe7b1110d0) = 0
ioctl(3, _IOC(_IOC_READ|_IOC_WRITE, 0x46, 0x2a, 0x20), 0x7ffe7b110e90) = 0
ioctl(3, _IOC(_IOC_READ|_IOC_WRITE, 0x46, 0x2a, 0x20), 0x7ffe7b111210) = 0
ioctl(3, _IOC(_IOC_READ|_IOC_WRITE, 0x46, 0x2a, 0x20), 0x7ffe7b111210) = 0
ioctl(3, _IOC(_IOC_READ|_IOC_WRITE, 0x46, 0x2a, 0x20), 0x7ffe7b111210) = 0
ioctl(3, _IOC(_IOC_READ|_IOC_WRITE, 0x46, 0x2a, 0x20), 0x7ffe7b111210) = 0
ioctl(3, _IOC(_IOC_READ|_IOC_WRITE, 0x46, 0x2a, 0x20), 0x7ffe7b111190) = 0
ioctl(3, _IOC(_IOC_READ|_IOC_WRITE, 0x46, 0x2a, 0x20), 0x7ffe7b111210) = 0
ioctl(3, _IOC(_IOC_READ|_IOC_WRITE, 0x46, 0x2a, 0x20), 0x7ffe7b111210) = 0
ioctl(3, _IOC(_IOC_READ|_IOC_WRITE, 0x46, 0x2a, 0x20), 0x7ffe7b111040) = 0
ioctl(3, _IOC(_IOC_READ|_IOC_WRITE, 0x46, 0x2a, 0x20), 0x7ffe7b1111f0) = 0
ioctl(3, _IOC(_IOC_READ|_IOC_WRITE, 0x46, 0x2a, 0x20), 0x7ffe7b1111f0) = 0
ioctl(3, _IOC(_IOC_READ|_IOC_WRITE, 0x46, 0x2a, 0x20), 0x7ffe7b1111f0) = 0
ioctl(3, _IOC(_IOC_READ|_IOC_WRITE, 0x46, 0x2a, 0x20), 0x7ffe7b1111f0) = 0
ioctl(3, _IOC(_IOC_READ|_IOC_WRITE, 0x46, 0x2a, 0x20), 0x7ffe7b1111f0) = 0
ioctl(3, _IOC(_IOC_READ|_IOC_WRITE, 0x46, 0x2a, 0x20), 0x7ffe7b1111f0) = 0
ioctl(3, _IOC(_IOC_READ|_IOC_WRITE, 0x46, 0x2a, 0x20), 0x7ffe7b1111f0) = 0
ioctl(3, _IOC(_IOC_READ|_IOC_WRITE, 0x46, 0x2a, 0x20), 0x7ffe7b1111f0) = 0
ioctl(3, _IOC(_IOC_READ|_IOC_WRITE, 0x46, 0x2a, 0x20), 0x7ffe7b1111e0) = 0
ioctl(3, _IOC(_IOC_READ|_IOC_WRITE, 0x46, 0x2a, 0x20), 0x7ffe7b1111f0) = 0
ioctl(3, _IOC(_IOC_READ|_IOC_WRITE, 0x46, 0x2a, 0x20), 0x7ffe7b1111f0) = 0
ioctl(3, _IOC(_IOC_READ|_IOC_WRITE, 0x46, 0x2a, 0x20), 0x7ffe7b1111f0) = 0
ioctl(3, _IOC(_IOC_READ|_IOC_WRITE, 0x46, 0x2a, 0x20), 0x7ffe7b1111f0) = 0
ioctl(3, _IOC(_IOC_READ|_IOC_WRITE, 0x46, 0x2a, 0x20), 0x7ffe7b10f9a0) = 0
ioctl(3, _IOC(_IOC_READ|_IOC_WRITE, 0x46, 0x2a, 0x20), 0x7ffe7b111280) = 0
ioctl(3, _IOC(_IOC_READ|_IOC_WRITE, 0x46, 0x2a, 0x20), 0x7ffe7b111260) = 0
ioctl(3, _IOC(_IOC_READ|_IOC_WRITE, 0x46, 0x2b, 0x28), 0x7ffe7b1113d0) = 0
ioctl(3, _IOC(_IOC_READ|_IOC_WRITE, 0x46, 0x2a, 0x20), 0x7ffe7b1111c0) = 0
openat(AT_FDCWD, "/dev/nvidia0", O_RDWR|O_CLOEXEC) = 11
fcntl(11, F_GETFD)                      = 0x1 (flags FD_CLOEXEC)
ioctl(3, _IOC(_IOC_READ|_IOC_WRITE, 0x46, 0x4e, 0x38), 0x7ffe7b111390) = 0
mmap(NULL, 65536, PROT_WRITE, MAP_SHARED, 11, 0) = 0x7f9a881d9000
close(11)                               = 0
ioctl(3, _IOC(_IOC_READ|_IOC_WRITE, 0x46, 0x2a, 0x20), 0x7ffe7b111270) = 0
ioctl(3, _IOC(_IOC_READ|_IOC_WRITE, 0x46, 0x2b, 0x28), 0x7ffe7b111390) = 0
ioctl(3, _IOC(_IOC_READ|_IOC_WRITE, 0x46, 0x2b, 0x28), 0x7ffe7b111390) = 0
ioctl(3, _IOC(_IOC_READ|_IOC_WRITE, 0x46, 0x2a, 0x20), 0x7ffe7b1112a0) = 0
ioctl(3, _IOC(_IOC_READ|_IOC_WRITE, 0x46, 0x2a, 0x20), 0x7ffe7b111200) = 0
ioctl(3, _IOC(_IOC_READ|_IOC_WRITE, 0x46, 0x2a, 0x20), 0x7ffe7b1111e0) = 0
ioctl(3, _IOC(_IOC_READ|_IOC_WRITE, 0x46, 0x2a, 0x20), 0x7ffe7b1112d0) = 0
ioctl(3, _IOC(_IOC_READ|_IOC_WRITE, 0x46, 0x2a, 0x20), 0x7ffe7b1111d0) = 0
ioctl(3, _IOC(_IOC_READ|_IOC_WRITE, 0x46, 0x2a, 0x20), 0x7ffe7b111370) = 0
ioctl(3, _IOC(_IOC_READ|_IOC_WRITE, 0x46, 0x2a, 0x20), 0x7ffe7b1111a0) = 0
ioctl(3, _IOC(_IOC_READ|_IOC_WRITE, 0x46, 0x2a, 0x20), 0x7ffe7b111340) = 0
ioctl(3, _IOC(_IOC_READ|_IOC_WRITE, 0x46, 0x2a, 0x20), 0x7ffe7b111340) = 0
openat(AT_FDCWD, "/proc/driver/nvidia/params", O_RDONLY) = 11
fstat(11, {st_mode=S_IFREG|0444, st_size=0, ...}) = 0
read(11, "ResmanDebugLevel: 4294967295\nRmL"..., 1024) = 803
close(11)                               = 0
stat("/dev/nvidia1", {st_mode=S_IFCHR|0666, st_rdev=makedev(0xc3, 0x1), ...}) = 0
openat(AT_FDCWD, "/dev/nvidia1", O_RDWR|O_CLOEXEC) = 11
fcntl(11, F_GETFD)                      = 0x1 (flags FD_CLOEXEC)
ioctl(11, _IOC(_IOC_READ|_IOC_WRITE, 0x46, 0xc9, 0x4), 0x7ffe7b111390) = 0
ioctl(11, _IOC(_IOC_READ|_IOC_WRITE, 0x46, 0xd7, 0x228), 0x7ffe7b111130) = 0
ioctl(3, _IOC(_IOC_READ|_IOC_WRITE, 0x46, 0x2b, 0x28), 0x7ffe7b111470) = 0
ioctl(3, _IOC(_IOC_READ|_IOC_WRITE, 0x46, 0x2a, 0x20), 0x7ffe7b111380) = 0
ioctl(3, _IOC(_IOC_READ|_IOC_WRITE, 0x46, 0x2a, 0x20), 0x7ffe7b111380) = 0
ioctl(3, _IOC(_IOC_READ|_IOC_WRITE, 0x46, 0x2a, 0x20), 0x7ffe7b111380) = 0
ioctl(3, _IOC(_IOC_READ|_IOC_WRITE, 0x46, 0x2a, 0x20), 0x7ffe7b111380) = 0
ioctl(3, _IOC(_IOC_READ|_IOC_WRITE, 0x46, 0x2a, 0x20), 0x7ffe7b111250) = 0
ioctl(3, _IOC(_IOC_READ|_IOC_WRITE, 0x46, 0x2a, 0x20), 0x7ffe7b111100) = 0
ioctl(3, _IOC(_IOC_READ|_IOC_WRITE, 0x46, 0x2a, 0x20), 0x7ffe7b1112a0) = 0
ioctl(3, _IOC(_IOC_READ|_IOC_WRITE, 0x46, 0x2a, 0x20), 0x7ffe7b1112a0) = 0
openat(AT_FDCWD, "/proc/driver/nvidia/params", O_RDONLY) = 12
fstat(12, {st_mode=S_IFREG|0444, st_size=0, ...}) = 0
read(12, "ResmanDebugLevel: 4294967295\nRmL"..., 1024) = 803
close(12)                               = 0
stat("/dev/nvidia1", {st_mode=S_IFCHR|0666, st_rdev=makedev(0xc3, 0x1), ...}) = 0
openat(AT_FDCWD, "/dev/nvidia1", O_RDWR|O_CLOEXEC) = 12
fcntl(12, F_GETFD)                      = 0x1 (flags FD_CLOEXEC)
ioctl(12, _IOC(_IOC_READ|_IOC_WRITE, 0x46, 0xc9, 0x4), 0x7ffe7b1112f0) = 0
ioctl(3, _IOC(_IOC_READ|_IOC_WRITE, 0x46, 0x2b, 0x28), 0x7ffe7b1113b0) = 0
ioctl(3, _IOC(_IOC_READ|_IOC_WRITE, 0x46, 0x2a, 0x20), 0x7ffe7b111360) = 0
ioctl(3, _IOC(_IOC_READ|_IOC_WRITE, 0x46, 0x2a, 0x20), 0x7ffe7b111280) = 0
ioctl(3, _IOC(_IOC_READ|_IOC_WRITE, 0x46, 0x2a, 0x20), 0x7ffe7b110f00) = 0
ioctl(3, _IOC(_IOC_READ|_IOC_WRITE, 0x46, 0x2a, 0x20), 0x7ffe7b1112b0) = 0
ioctl(3, _IOC(_IOC_READ|_IOC_WRITE, 0x46, 0x2a, 0x20), 0x7ffe7b111210) = 0
ioctl(3, _IOC(_IOC_READ|_IOC_WRITE, 0x46, 0x2a, 0x20), 0x7ffe7b1110d0) = 0
ioctl(3, _IOC(_IOC_READ|_IOC_WRITE, 0x46, 0x2a, 0x20), 0x7ffe7b1110d0) = 0
ioctl(3, _IOC(_IOC_READ|_IOC_WRITE, 0x46, 0x2a, 0x20), 0x7ffe7b1110d0) = 0
ioctl(3, _IOC(_IOC_READ|_IOC_WRITE, 0x46, 0x2a, 0x20), 0x7ffe7b1110d0) = 0
ioctl(3, _IOC(_IOC_READ|_IOC_WRITE, 0x46, 0x2a, 0x20), 0x7ffe7b110e90) = 0
ioctl(3, _IOC(_IOC_READ|_IOC_WRITE, 0x46, 0x2a, 0x20), 0x7ffe7b111210) = 0
ioctl(3, _IOC(_IOC_READ|_IOC_WRITE, 0x46, 0x2a, 0x20), 0x7ffe7b111210) = 0
ioctl(3, _IOC(_IOC_READ|_IOC_WRITE, 0x46, 0x2a, 0x20), 0x7ffe7b111210) = 0
ioctl(3, _IOC(_IOC_READ|_IOC_WRITE, 0x46, 0x2a, 0x20), 0x7ffe7b111210) = 0
ioctl(3, _IOC(_IOC_READ|_IOC_WRITE, 0x46, 0x2a, 0x20), 0x7ffe7b111190) = 0
ioctl(3, _IOC(_IOC_READ|_IOC_WRITE, 0x46, 0x2a, 0x20), 0x7ffe7b111210) = 0
ioctl(3, _IOC(_IOC_READ|_IOC_WRITE, 0x46, 0x2a, 0x20), 0x7ffe7b111210) = 0
ioctl(3, _IOC(_IOC_READ|_IOC_WRITE, 0x46, 0x2a, 0x20), 0x7ffe7b111040) = 0
ioctl(3, _IOC(_IOC_READ|_IOC_WRITE, 0x46, 0x2a, 0x20), 0x7ffe7b1111f0) = 0
ioctl(3, _IOC(_IOC_READ|_IOC_WRITE, 0x46, 0x2a, 0x20), 0x7ffe7b1111f0) = 0
ioctl(3, _IOC(_IOC_READ|_IOC_WRITE, 0x46, 0x2a, 0x20), 0x7ffe7b1111f0) = 0
ioctl(3, _IOC(_IOC_READ|_IOC_WRITE, 0x46, 0x2a, 0x20), 0x7ffe7b1111f0) = 0
ioctl(3, _IOC(_IOC_READ|_IOC_WRITE, 0x46, 0x2a, 0x20), 0x7ffe7b1111f0) = 0
ioctl(3, _IOC(_IOC_READ|_IOC_WRITE, 0x46, 0x2a, 0x20), 0x7ffe7b1111f0) = 0
ioctl(3, _IOC(_IOC_READ|_IOC_WRITE, 0x46, 0x2a, 0x20), 0x7ffe7b1111f0) = 0
ioctl(3, _IOC(_IOC_READ|_IOC_WRITE, 0x46, 0x2a, 0x20), 0x7ffe7b1111f0) = 0
ioctl(3, _IOC(_IOC_READ|_IOC_WRITE, 0x46, 0x2a, 0x20), 0x7ffe7b1111e0) = 0
ioctl(3, _IOC(_IOC_READ|_IOC_WRITE, 0x46, 0x2a, 0x20), 0x7ffe7b1111f0) = 0
ioctl(3, _IOC(_IOC_READ|_IOC_WRITE, 0x46, 0x2a, 0x20), 0x7ffe7b1111f0) = 0
ioctl(3, _IOC(_IOC_READ|_IOC_WRITE, 0x46, 0x2a, 0x20), 0x7ffe7b1111f0) = 0
ioctl(3, _IOC(_IOC_READ|_IOC_WRITE, 0x46, 0x2a, 0x20), 0x7ffe7b1111f0) = 0
ioctl(3, _IOC(_IOC_READ|_IOC_WRITE, 0x46, 0x2a, 0x20), 0x7ffe7b10f9a0) = 0
ioctl(3, _IOC(_IOC_READ|_IOC_WRITE, 0x46, 0x2a, 0x20), 0x7ffe7b111280) = 0
ioctl(3, _IOC(_IOC_READ|_IOC_WRITE, 0x46, 0x2a, 0x20), 0x7ffe7b111260) = 0
ioctl(3, _IOC(_IOC_READ|_IOC_WRITE, 0x46, 0x2b, 0x28), 0x7ffe7b1113d0) = 0
ioctl(3, _IOC(_IOC_READ|_IOC_WRITE, 0x46, 0x2a, 0x20), 0x7ffe7b1111c0) = 0
openat(AT_FDCWD, "/dev/nvidia1", O_RDWR|O_CLOEXEC) = 13
fcntl(13, F_GETFD)                      = 0x1 (flags FD_CLOEXEC)
ioctl(3, _IOC(_IOC_READ|_IOC_WRITE, 0x46, 0x4e, 0x38), 0x7ffe7b111390) = 0
mmap(NULL, 65536, PROT_WRITE, MAP_SHARED, 13, 0) = 0x7f9a864f1000
close(13)                               = 0
ioctl(3, _IOC(_IOC_READ|_IOC_WRITE, 0x46, 0x2a, 0x20), 0x7ffe7b111270) = 0
ioctl(3, _IOC(_IOC_READ|_IOC_WRITE, 0x46, 0x2b, 0x28), 0x7ffe7b111390) = 0
ioctl(3, _IOC(_IOC_READ|_IOC_WRITE, 0x46, 0x2b, 0x28), 0x7ffe7b111390) = 0
ioctl(3, _IOC(_IOC_READ|_IOC_WRITE, 0x46, 0x2a, 0x20), 0x7ffe7b1112a0) = 0
ioctl(3, _IOC(_IOC_READ|_IOC_WRITE, 0x46, 0x2a, 0x20), 0x7ffe7b111200) = 0
ioctl(3, _IOC(_IOC_READ|_IOC_WRITE, 0x46, 0x2a, 0x20), 0x7ffe7b1111e0) = 0
ioctl(3, _IOC(_IOC_READ|_IOC_WRITE, 0x46, 0x2a, 0x20), 0x7ffe7b1112d0) = 0
ioctl(3, _IOC(_IOC_READ|_IOC_WRITE, 0x46, 0x2a, 0x20), 0x7ffe7b1111d0) = 0
ioctl(3, _IOC(_IOC_READ|_IOC_WRITE, 0x46, 0x2a, 0x20), 0x7ffe7b111370) = 0
ioctl(3, _IOC(_IOC_READ|_IOC_WRITE, 0x46, 0x2a, 0x20), 0x7ffe7b1111a0) = 0
ioctl(3, _IOC(_IOC_READ|_IOC_WRITE, 0x46, 0x2a, 0x20), 0x7ffe7b111340) = 0
ioctl(3, _IOC(_IOC_READ|_IOC_WRITE, 0x46, 0x2a, 0x20), 0x7ffe7b111340) = 0
ioctl(3, _IOC(_IOC_READ|_IOC_WRITE, 0x46, 0x2a, 0x20), 0x7ffe7b111340) = 0
openat(AT_FDCWD, "/proc/driver/nvidia/params", O_RDONLY) = 13
fstat(13, {st_mode=S_IFREG|0444, st_size=0, ...}) = 0
read(13, "ResmanDebugLevel: 4294967295\nRmL"..., 1024) = 803
close(13)                               = 0
stat("/dev/nvidia2", {st_mode=S_IFCHR|0666, st_rdev=makedev(0xc3, 0x2), ...}) = 0
openat(AT_FDCWD, "/dev/nvidia2", O_RDWR|O_CLOEXEC) = 13
fcntl(13, F_GETFD)                      = 0x1 (flags FD_CLOEXEC)
ioctl(13, _IOC(_IOC_READ|_IOC_WRITE, 0x46, 0xc9, 0x4), 0x7ffe7b111390) = 0
ioctl(13, _IOC(_IOC_READ|_IOC_WRITE, 0x46, 0xd7, 0x228), 0x7ffe7b111130) = 0
ioctl(3, _IOC(_IOC_READ|_IOC_WRITE, 0x46, 0x2b, 0x28), 0x7ffe7b111470) = 0
ioctl(3, _IOC(_IOC_READ|_IOC_WRITE, 0x46, 0x2a, 0x20), 0x7ffe7b111380) = 0
ioctl(3, _IOC(_IOC_READ|_IOC_WRITE, 0x46, 0x2a, 0x20), 0x7ffe7b111380) = 0
ioctl(3, _IOC(_IOC_READ|_IOC_WRITE, 0x46, 0x2a, 0x20), 0x7ffe7b111380) = 0
ioctl(3, _IOC(_IOC_READ|_IOC_WRITE, 0x46, 0x2a, 0x20), 0x7ffe7b111380) = 0
ioctl(3, _IOC(_IOC_READ|_IOC_WRITE, 0x46, 0x2a, 0x20), 0x7ffe7b111250) = 0
ioctl(3, _IOC(_IOC_READ|_IOC_WRITE, 0x46, 0x2a, 0x20), 0x7ffe7b111100) = 0
ioctl(3, _IOC(_IOC_READ|_IOC_WRITE, 0x46, 0x2a, 0x20), 0x7ffe7b1112a0) = 0
ioctl(3, _IOC(_IOC_READ|_IOC_WRITE, 0x46, 0x2a, 0x20), 0x7ffe7b1112a0) = 0
ioctl(3, _IOC(_IOC_READ|_IOC_WRITE, 0x46, 0x2a, 0x20), 0x7ffe7b1112a0) = 0
openat(AT_FDCWD, "/proc/driver/nvidia/params", O_RDONLY) = 14
fstat(14, {st_mode=S_IFREG|0444, st_size=0, ...}) = 0
read(14, "ResmanDebugLevel: 4294967295\nRmL"..., 1024) = 803
close(14)                               = 0
stat("/dev/nvidia2", {st_mode=S_IFCHR|0666, st_rdev=makedev(0xc3, 0x2), ...}) = 0
openat(AT_FDCWD, "/dev/nvidia2", O_RDWR|O_CLOEXEC) = 14
fcntl(14, F_GETFD)                      = 0x1 (flags FD_CLOEXEC)
ioctl(14, _IOC(_IOC_READ|_IOC_WRITE, 0x46, 0xc9, 0x4), 0x7ffe7b1112f0) = 0
ioctl(3, _IOC(_IOC_READ|_IOC_WRITE, 0x46, 0x2b, 0x28), 0x7ffe7b1113b0) = 0
ioctl(3, _IOC(_IOC_READ|_IOC_WRITE, 0x46, 0x2a, 0x20), 0x7ffe7b111360) = 0
ioctl(3, _IOC(_IOC_READ|_IOC_WRITE, 0x46, 0x2a, 0x20), 0x7ffe7b111280) = 0
ioctl(3, _IOC(_IOC_READ|_IOC_WRITE, 0x46, 0x2a, 0x20), 0x7ffe7b110f00) = 0
ioctl(3, _IOC(_IOC_READ|_IOC_WRITE, 0x46, 0x2a, 0x20), 0x7ffe7b1112b0) = 0
ioctl(3, _IOC(_IOC_READ|_IOC_WRITE, 0x46, 0x2a, 0x20), 0x7ffe7b111210) = 0
ioctl(3, _IOC(_IOC_READ|_IOC_WRITE, 0x46, 0x2a, 0x20), 0x7ffe7b1110d0) = 0
ioctl(3, _IOC(_IOC_READ|_IOC_WRITE, 0x46, 0x2a, 0x20), 0x7ffe7b1110d0) = 0
ioctl(3, _IOC(_IOC_READ|_IOC_WRITE, 0x46, 0x2a, 0x20), 0x7ffe7b1110d0) = 0
ioctl(3, _IOC(_IOC_READ|_IOC_WRITE, 0x46, 0x2a, 0x20), 0x7ffe7b1110d0) = 0
ioctl(3, _IOC(_IOC_READ|_IOC_WRITE, 0x46, 0x2a, 0x20), 0x7ffe7b110e90) = 0
ioctl(3, _IOC(_IOC_READ|_IOC_WRITE, 0x46, 0x2a, 0x20), 0x7ffe7b111210) = 0
ioctl(3, _IOC(_IOC_READ|_IOC_WRITE, 0x46, 0x2a, 0x20), 0x7ffe7b111210) = 0
ioctl(3, _IOC(_IOC_READ|_IOC_WRITE, 0x46, 0x2a, 0x20), 0x7ffe7b111210) = 0
ioctl(3, _IOC(_IOC_READ|_IOC_WRITE, 0x46, 0x2a, 0x20), 0x7ffe7b111210) = 0
ioctl(3, _IOC(_IOC_READ|_IOC_WRITE, 0x46, 0x2a, 0x20), 0x7ffe7b111190) = 0
ioctl(3, _IOC(_IOC_READ|_IOC_WRITE, 0x46, 0x2a, 0x20), 0x7ffe7b111210) = 0
ioctl(3, _IOC(_IOC_READ|_IOC_WRITE, 0x46, 0x2a, 0x20), 0x7ffe7b111210) = 0
ioctl(3, _IOC(_IOC_READ|_IOC_WRITE, 0x46, 0x2a, 0x20), 0x7ffe7b111040) = 0
ioctl(3, _IOC(_IOC_READ|_IOC_WRITE, 0x46, 0x2a, 0x20), 0x7ffe7b1111f0) = 0
ioctl(3, _IOC(_IOC_READ|_IOC_WRITE, 0x46, 0x2a, 0x20), 0x7ffe7b1111f0) = 0
ioctl(3, _IOC(_IOC_READ|_IOC_WRITE, 0x46, 0x2a, 0x20), 0x7ffe7b1111f0) = 0
ioctl(3, _IOC(_IOC_READ|_IOC_WRITE, 0x46, 0x2a, 0x20), 0x7ffe7b1111f0) = 0
ioctl(3, _IOC(_IOC_READ|_IOC_WRITE, 0x46, 0x2a, 0x20), 0x7ffe7b1111f0) = 0
ioctl(3, _IOC(_IOC_READ|_IOC_WRITE, 0x46, 0x2a, 0x20), 0x7ffe7b1111f0) = 0
ioctl(3, _IOC(_IOC_READ|_IOC_WRITE, 0x46, 0x2a, 0x20), 0x7ffe7b1111f0) = 0
ioctl(3, _IOC(_IOC_READ|_IOC_WRITE, 0x46, 0x2a, 0x20), 0x7ffe7b1111f0) = 0
ioctl(3, _IOC(_IOC_READ|_IOC_WRITE, 0x46, 0x2a, 0x20), 0x7ffe7b1111e0) = 0
ioctl(3, _IOC(_IOC_READ|_IOC_WRITE, 0x46, 0x2a, 0x20), 0x7ffe7b1111f0) = 0
ioctl(3, _IOC(_IOC_READ|_IOC_WRITE, 0x46, 0x2a, 0x20), 0x7ffe7b1111f0) = 0
ioctl(3, _IOC(_IOC_READ|_IOC_WRITE, 0x46, 0x2a, 0x20), 0x7ffe7b1111f0) = 0
ioctl(3, _IOC(_IOC_READ|_IOC_WRITE, 0x46, 0x2a, 0x20), 0x7ffe7b1111f0) = 0
ioctl(3, _IOC(_IOC_READ|_IOC_WRITE, 0x46, 0x2a, 0x20), 0x7ffe7b10f9a0) = 0
ioctl(3, _IOC(_IOC_READ|_IOC_WRITE, 0x46, 0x2a, 0x20), 0x7ffe7b111280) = 0
ioctl(3, _IOC(_IOC_READ|_IOC_WRITE, 0x46, 0x2a, 0x20), 0x7ffe7b111260) = 0
ioctl(3, _IOC(_IOC_READ|_IOC_WRITE, 0x46, 0x2b, 0x28), 0x7ffe7b1113d0) = 0
ioctl(3, _IOC(_IOC_READ|_IOC_WRITE, 0x46, 0x2a, 0x20), 0x7ffe7b1111c0) = 0
openat(AT_FDCWD, "/dev/nvidia2", O_RDWR|O_CLOEXEC) = 15
fcntl(15, F_GETFD)                      = 0x1 (flags FD_CLOEXEC)
ioctl(3, _IOC(_IOC_READ|_IOC_WRITE, 0x46, 0x4e, 0x38), 0x7ffe7b111390) = 0
mmap(NULL, 65536, PROT_WRITE, MAP_SHARED, 15, 0) = 0x7f9a864e1000
close(15)                               = 0
ioctl(3, _IOC(_IOC_READ|_IOC_WRITE, 0x46, 0x2a, 0x20), 0x7ffe7b111270) = 0
ioctl(3, _IOC(_IOC_READ|_IOC_WRITE, 0x46, 0x2b, 0x28), 0x7ffe7b111390) = 0
ioctl(3, _IOC(_IOC_READ|_IOC_WRITE, 0x46, 0x2b, 0x28), 0x7ffe7b111390) = 0
ioctl(3, _IOC(_IOC_READ|_IOC_WRITE, 0x46, 0x2a, 0x20), 0x7ffe7b1112a0) = 0
ioctl(3, _IOC(_IOC_READ|_IOC_WRITE, 0x46, 0x2a, 0x20), 0x7ffe7b111200) = 0
ioctl(3, _IOC(_IOC_READ|_IOC_WRITE, 0x46, 0x2a, 0x20), 0x7ffe7b1111e0) = 0
ioctl(3, _IOC(_IOC_READ|_IOC_WRITE, 0x46, 0x2a, 0x20), 0x7ffe7b1112d0) = 0
ioctl(3, _IOC(_IOC_READ|_IOC_WRITE, 0x46, 0x2a, 0x20), 0x7ffe7b1111d0) = 0
ioctl(3, _IOC(_IOC_READ|_IOC_WRITE, 0x46, 0x2a, 0x20), 0x7ffe7b111370) = 0
ioctl(3, _IOC(_IOC_READ|_IOC_WRITE, 0x46, 0x2a, 0x20), 0x7ffe7b1111a0) = 0
ioctl(3, _IOC(_IOC_READ|_IOC_WRITE, 0x46, 0x2a, 0x20), 0x7ffe7b111340) = 0
ioctl(3, _IOC(_IOC_READ|_IOC_WRITE, 0x46, 0x2a, 0x20), 0x7ffe7b111340) = 0
ioctl(3, _IOC(_IOC_READ|_IOC_WRITE, 0x46, 0x2a, 0x20), 0x7ffe7b111340) = 0
ioctl(3, _IOC(_IOC_READ|_IOC_WRITE, 0x46, 0x2a, 0x20), 0x7ffe7b111340) = 0
openat(AT_FDCWD, "/proc/driver/nvidia/params", O_RDONLY) = 15
fstat(15, {st_mode=S_IFREG|0444, st_size=0, ...}) = 0
read(15, "ResmanDebugLevel: 4294967295\nRmL"..., 1024) = 803
close(15)                               = 0
stat("/dev/nvidia3", {st_mode=S_IFCHR|0666, st_rdev=makedev(0xc3, 0x3), ...}) = 0
openat(AT_FDCWD, "/dev/nvidia3", O_RDWR|O_CLOEXEC) = 15
fcntl(15, F_GETFD)                      = 0x1 (flags FD_CLOEXEC)
ioctl(15, _IOC(_IOC_READ|_IOC_WRITE, 0x46, 0xc9, 0x4), 0x7ffe7b111390) = 0
ioctl(15, _IOC(_IOC_READ|_IOC_WRITE, 0x46, 0xd7, 0x228), 0x7ffe7b111130) = 0
ioctl(3, _IOC(_IOC_READ|_IOC_WRITE, 0x46, 0x2b, 0x28), 0x7ffe7b111470) = 0
ioctl(3, _IOC(_IOC_READ|_IOC_WRITE, 0x46, 0x2a, 0x20), 0x7ffe7b111380) = 0
ioctl(3, _IOC(_IOC_READ|_IOC_WRITE, 0x46, 0x2a, 0x20), 0x7ffe7b111380) = 0
ioctl(3, _IOC(_IOC_READ|_IOC_WRITE, 0x46, 0x2a, 0x20), 0x7ffe7b111380) = 0
ioctl(3, _IOC(_IOC_READ|_IOC_WRITE, 0x46, 0x2a, 0x20), 0x7ffe7b111380) = 0
ioctl(3, _IOC(_IOC_READ|_IOC_WRITE, 0x46, 0x2a, 0x20), 0x7ffe7b111250) = 0
ioctl(3, _IOC(_IOC_READ|_IOC_WRITE, 0x46, 0x2a, 0x20), 0x7ffe7b111100) = 0
ioctl(3, _IOC(_IOC_READ|_IOC_WRITE, 0x46, 0x2a, 0x20), 0x7ffe7b1112a0) = 0
ioctl(3, _IOC(_IOC_READ|_IOC_WRITE, 0x46, 0x2a, 0x20), 0x7ffe7b1112a0) = 0
ioctl(3, _IOC(_IOC_READ|_IOC_WRITE, 0x46, 0x2a, 0x20), 0x7ffe7b1112a0) = 0
ioctl(3, _IOC(_IOC_READ|_IOC_WRITE, 0x46, 0x2a, 0x20), 0x7ffe7b1112a0) = 0
openat(AT_FDCWD, "/proc/driver/nvidia/params", O_RDONLY) = 16
fstat(16, {st_mode=S_IFREG|0444, st_size=0, ...}) = 0
read(16, "ResmanDebugLevel: 4294967295\nRmL"..., 1024) = 803
close(16)                               = 0
stat("/dev/nvidia3", {st_mode=S_IFCHR|0666, st_rdev=makedev(0xc3, 0x3), ...}) = 0
openat(AT_FDCWD, "/dev/nvidia3", O_RDWR|O_CLOEXEC) = 16
fcntl(16, F_GETFD)                      = 0x1 (flags FD_CLOEXEC)
ioctl(16, _IOC(_IOC_READ|_IOC_WRITE, 0x46, 0xc9, 0x4), 0x7ffe7b1112f0) = 0
ioctl(3, _IOC(_IOC_READ|_IOC_WRITE, 0x46, 0x2b, 0x28), 0x7ffe7b1113b0) = 0
ioctl(3, _IOC(_IOC_READ|_IOC_WRITE, 0x46, 0x2a, 0x20), 0x7ffe7b111360) = 0
ioctl(3, _IOC(_IOC_READ|_IOC_WRITE, 0x46, 0x2a, 0x20), 0x7ffe7b111280) = 0
ioctl(3, _IOC(_IOC_READ|_IOC_WRITE, 0x46, 0x2a, 0x20), 0x7ffe7b110f00) = 0
ioctl(3, _IOC(_IOC_READ|_IOC_WRITE, 0x46, 0x2a, 0x20), 0x7ffe7b1112b0) = 0
ioctl(3, _IOC(_IOC_READ|_IOC_WRITE, 0x46, 0x2a, 0x20), 0x7ffe7b111210) = 0
ioctl(3, _IOC(_IOC_READ|_IOC_WRITE, 0x46, 0x2a, 0x20), 0x7ffe7b1110d0) = 0
ioctl(3, _IOC(_IOC_READ|_IOC_WRITE, 0x46, 0x2a, 0x20), 0x7ffe7b1110d0) = 0
ioctl(3, _IOC(_IOC_READ|_IOC_WRITE, 0x46, 0x2a, 0x20), 0x7ffe7b1110d0) = 0
ioctl(3, _IOC(_IOC_READ|_IOC_WRITE, 0x46, 0x2a, 0x20), 0x7ffe7b1110d0) = 0
ioctl(3, _IOC(_IOC_READ|_IOC_WRITE, 0x46, 0x2a, 0x20), 0x7ffe7b110e90) = 0
ioctl(3, _IOC(_IOC_READ|_IOC_WRITE, 0x46, 0x2a, 0x20), 0x7ffe7b111210) = 0
ioctl(3, _IOC(_IOC_READ|_IOC_WRITE, 0x46, 0x2a, 0x20), 0x7ffe7b111210) = 0
ioctl(3, _IOC(_IOC_READ|_IOC_WRITE, 0x46, 0x2a, 0x20), 0x7ffe7b111210) = 0
ioctl(3, _IOC(_IOC_READ|_IOC_WRITE, 0x46, 0x2a, 0x20), 0x7ffe7b111210) = 0
ioctl(3, _IOC(_IOC_READ|_IOC_WRITE, 0x46, 0x2a, 0x20), 0x7ffe7b111190) = 0
ioctl(3, _IOC(_IOC_READ|_IOC_WRITE, 0x46, 0x2a, 0x20), 0x7ffe7b111210) = 0
ioctl(3, _IOC(_IOC_READ|_IOC_WRITE, 0x46, 0x2a, 0x20), 0x7ffe7b111210) = 0
ioctl(3, _IOC(_IOC_READ|_IOC_WRITE, 0x46, 0x2a, 0x20), 0x7ffe7b111040) = 0
ioctl(3, _IOC(_IOC_READ|_IOC_WRITE, 0x46, 0x2a, 0x20), 0x7ffe7b1111f0) = 0
ioctl(3, _IOC(_IOC_READ|_IOC_WRITE, 0x46, 0x2a, 0x20), 0x7ffe7b1111f0) = 0
ioctl(3, _IOC(_IOC_READ|_IOC_WRITE, 0x46, 0x2a, 0x20), 0x7ffe7b1111f0) = 0
ioctl(3, _IOC(_IOC_READ|_IOC_WRITE, 0x46, 0x2a, 0x20), 0x7ffe7b1111f0) = 0
ioctl(3, _IOC(_IOC_READ|_IOC_WRITE, 0x46, 0x2a, 0x20), 0x7ffe7b1111f0) = 0
ioctl(3, _IOC(_IOC_READ|_IOC_WRITE, 0x46, 0x2a, 0x20), 0x7ffe7b1111f0) = 0
ioctl(3, _IOC(_IOC_READ|_IOC_WRITE, 0x46, 0x2a, 0x20), 0x7ffe7b1111f0) = 0
ioctl(3, _IOC(_IOC_READ|_IOC_WRITE, 0x46, 0x2a, 0x20), 0x7ffe7b1111f0) = 0
ioctl(3, _IOC(_IOC_READ|_IOC_WRITE, 0x46, 0x2a, 0x20), 0x7ffe7b1111e0) = 0
ioctl(3, _IOC(_IOC_READ|_IOC_WRITE, 0x46, 0x2a, 0x20), 0x7ffe7b1111f0) = 0
ioctl(3, _IOC(_IOC_READ|_IOC_WRITE, 0x46, 0x2a, 0x20), 0x7ffe7b1111f0) = 0
ioctl(3, _IOC(_IOC_READ|_IOC_WRITE, 0x46, 0x2a, 0x20), 0x7ffe7b1111f0) = 0
ioctl(3, _IOC(_IOC_READ|_IOC_WRITE, 0x46, 0x2a, 0x20), 0x7ffe7b1111f0) = 0
ioctl(3, _IOC(_IOC_READ|_IOC_WRITE, 0x46, 0x2a, 0x20), 0x7ffe7b10f9a0) = 0
ioctl(3, _IOC(_IOC_READ|_IOC_WRITE, 0x46, 0x2a, 0x20), 0x7ffe7b111280) = 0
ioctl(3, _IOC(_IOC_READ|_IOC_WRITE, 0x46, 0x2a, 0x20), 0x7ffe7b111260) = 0
ioctl(3, _IOC(_IOC_READ|_IOC_WRITE, 0x46, 0x2b, 0x28), 0x7ffe7b1113d0) = 0
ioctl(3, _IOC(_IOC_READ|_IOC_WRITE, 0x46, 0x2a, 0x20), 0x7ffe7b1111c0) = 0
openat(AT_FDCWD, "/dev/nvidia3", O_RDWR|O_CLOEXEC) = 17
fcntl(17, F_GETFD)                      = 0x1 (flags FD_CLOEXEC)
ioctl(3, _IOC(_IOC_READ|_IOC_WRITE, 0x46, 0x4e, 0x38), 0x7ffe7b111390) = 0
mmap(NULL, 65536, PROT_WRITE, MAP_SHARED, 17, 0) = 0x7f9a864d1000
close(17)                               = 0
ioctl(3, _IOC(_IOC_READ|_IOC_WRITE, 0x46, 0x2a, 0x20), 0x7ffe7b111270) = 0
ioctl(3, _IOC(_IOC_READ|_IOC_WRITE, 0x46, 0x2b, 0x28), 0x7ffe7b111390) = 0
ioctl(3, _IOC(_IOC_READ|_IOC_WRITE, 0x46, 0x2b, 0x28), 0x7ffe7b111390) = 0
ioctl(3, _IOC(_IOC_READ|_IOC_WRITE, 0x46, 0x2a, 0x20), 0x7ffe7b1112a0) = 0
ioctl(3, _IOC(_IOC_READ|_IOC_WRITE, 0x46, 0x2a, 0x20), 0x7ffe7b111200) = 0
ioctl(3, _IOC(_IOC_READ|_IOC_WRITE, 0x46, 0x2a, 0x20), 0x7ffe7b1111e0) = 0
ioctl(3, _IOC(_IOC_READ|_IOC_WRITE, 0x46, 0x2a, 0x20), 0x7ffe7b1112d0) = 0
ioctl(3, _IOC(_IOC_READ|_IOC_WRITE, 0x46, 0x2a, 0x20), 0x7ffe7b1111d0) = 0
mmap(NULL, 100663296, PROT_NONE, MAP_PRIVATE|MAP_ANONYMOUS, -1, 0) = 0x7f9a804d1000
ioctl(3, _IOC(_IOC_READ|_IOC_WRITE, 0x46, 0x2a, 0x20), 0x7ffe7b111fb0) = 0
ioctl(3, _IOC(_IOC_READ|_IOC_WRITE, 0x46, 0x2a, 0x20), 0x7ffe7b111fb0) = 0
ioctl(3, _IOC(_IOC_READ|_IOC_WRITE, 0x46, 0x2a, 0x20), 0x7ffe7b111fb0) = 0
ioctl(3, _IOC(_IOC_READ|_IOC_WRITE, 0x46, 0x2a, 0x20), 0x7ffe7b111fb0) = 0
ioctl(3, _IOC(_IOC_READ|_IOC_WRITE, 0x46, 0x2a, 0x20), 0x7ffe7b111fb0) = 0
ioctl(3, _IOC(_IOC_READ|_IOC_WRITE, 0x46, 0x2a, 0x20), 0x7ffe7b111fb0) = 0
ioctl(3, _IOC(_IOC_READ|_IOC_WRITE, 0x46, 0x2a, 0x20), 0x7ffe7b111fb0) = 0
ioctl(3, _IOC(_IOC_READ|_IOC_WRITE, 0x46, 0x2a, 0x20), 0x7ffe7b111fb0) = 0
mmap(NULL, 172032, PROT_READ|PROT_WRITE, MAP_PRIVATE|MAP_ANONYMOUS, -1, 0) = 0x7f9a804a7000
ioctl(3, _IOC(_IOC_READ|_IOC_WRITE, 0x46, 0x2a, 0x20), 0x7ffe7b1117e0) = 0
ioctl(3, _IOC(_IOC_READ|_IOC_WRITE, 0x46, 0x2a, 0x20), 0x7ffe7b1106b0) = 0
ioctl(3, _IOC(_IOC_READ|_IOC_WRITE, 0x46, 0x2a, 0x20), 0x7ffe7b1106b0) = 0
ioctl(3, _IOC(_IOC_READ|_IOC_WRITE, 0x46, 0x2a, 0x20), 0x7ffe7b1106b0) = 0
ioctl(3, _IOC(_IOC_READ|_IOC_WRITE, 0x46, 0x2a, 0x20), 0x7ffe7b1106b0) = 0
mmap(NULL, 659456, PROT_READ|PROT_WRITE, MAP_PRIVATE|MAP_ANONYMOUS, -1, 0) = 0x7f9a80406000
sysinfo({uptime=3265419, loads=[33792, 11008, 3584], totalram=404320174080, freeram=390408806400, sharedram=3276800, bufferram=1204989952, totalswap=8589930496, freeswap=8589930496, procs=1004, totalhigh=0, freehigh=0, mem_unit=1}) = 0
uname({sysname="Linux", nodename="t640-126", ...}) = 0
ioctl(4, _IOC(_IOC_NONE, 0, 0x25, 0), 0x7ffe7b1125d0) = 0
ioctl(4, _IOC(_IOC_NONE, 0, 0x25, 0), 0x7ffe7b1125d0) = 0
ioctl(4, _IOC(_IOC_NONE, 0, 0x25, 0), 0x7ffe7b1125d0) = 0
ioctl(4, _IOC(_IOC_NONE, 0, 0x25, 0), 0x7ffe7b1125d0) = 0
ioctl(4, _IOC(_IOC_NONE, 0, 0x17, 0), 0x7ffe7b112670) = 0
ioctl(3, _IOC(_IOC_READ|_IOC_WRITE, 0x46, 0x4a, 0xb8), 0x7ffe7b1123f0) = 0
ioctl(3, _IOC(_IOC_READ|_IOC_WRITE, 0x46, 0x4a, 0xb8), 0x7ffe7b1123f0) = 0
ioctl(3, _IOC(_IOC_READ|_IOC_WRITE, 0x46, 0x4a, 0xb8), 0x7ffe7b1123f0) = 0
ioctl(3, _IOC(_IOC_READ|_IOC_WRITE, 0x46, 0x4a, 0xb8), 0x7ffe7b1123f0) = 0
prlimit64(0, RLIMIT_AS, NULL, {rlim_cur=RLIM64_INFINITY, rlim_max=RLIM64_INFINITY}) = 0
mmap(0x200000000, 17181966336, PROT_NONE, MAP_PRIVATE|MAP_ANONYMOUS, -1, 0) = 0x200000000
mmap(NULL, 536866816, PROT_NONE, MAP_PRIVATE|MAP_ANONYMOUS, -1, 0) = 0x7f9a60407000
munmap(0x7f9a60407000, 264212480)       = 0
munmap(0x7f9a80000000, 4218880)         = 0
eventfd2(0, EFD_CLOEXEC|EFD_NONBLOCK)   = 17
fcntl(17, F_SETFL, O_RDONLY|O_NONBLOCK) = 0
mmap(NULL, 8392704, PROT_NONE, MAP_PRIVATE|MAP_ANONYMOUS|MAP_STACK, -1, 0) = 0x7f9a6f7ff000
mprotect(0x7f9a6f800000, 8388608, PROT_READ|PROT_WRITE) = 0
clone(child_stack=0x7f9a6fffecf0, flags=CLONE_VM|CLONE_FS|CLONE_FILES|CLONE_SIGHAND|CLONE_THREAD|CLONE_SYSVSEM|CLONE_SETTLS|CLONE_PARENT_SETTID|CLONE_CHILD_CLEARTID, parent_tid=[2097623], tls=0x7f9a6ffff700, child_tidptr=0x7f9a6ffff9d0) = 2097623
openat(AT_FDCWD, "/proc/self/task/2097623/comm", O_RDWR) = 18
write(18, "cuda-EvtHandlr", 14)         = 14
close(18)                               = 0
futex(0x560e860f8098, FUTEX_WAKE_PRIVATE, 1) = 1
getpid()                                = 2097614
stat("/proc/2097614/ns/pid", {st_mode=S_IFREG|0444, st_size=0, ...}) = 0
stat("/proc/2097614/ns/pid", {st_mode=S_IFREG|0444, st_size=0, ...}) = 0
socket(AF_UNIX, SOCK_SEQPACKET|SOCK_CLOEXEC, 0) = 18
unlink("")                              = -1 ENOENT (No such file or directory)
bind(18, {sa_family=AF_UNIX, sun_path=@"cuda-uvmfd-4026531836-2097614\0"}, 33) = 0
listen(18, 128)                         = 0
write(17, "\1\0\0\0\0\0\0\0", 8)        = 8
getpid()                                = 2097614
futex(0x560e845f1270, FUTEX_WAKE_PRIVATE, 2147483647) = 0
ioctl(3, _IOC(_IOC_READ|_IOC_WRITE, 0x46, 0x2a, 0x20), 0x7ffe7b1125a0) = 0
ioctl(3, _IOC(_IOC_READ|_IOC_WRITE, 0x46, 0x4a, 0xb8), 0x7ffe7b112720) = 0
ioctl(3, _IOC(_IOC_READ|_IOC_WRITE, 0x46, 0x2a, 0x20), 0x7ffe7b1125c0) = 0
ioctl(3, _IOC(_IOC_READ|_IOC_WRITE, 0x46, 0x2a, 0x20), 0x7ffe7b112480) = 0
ioctl(3, _IOC(_IOC_READ|_IOC_WRITE, 0x46, 0x2a, 0x20), 0x7ffe7b112480) = 0
ioctl(3, _IOC(_IOC_READ|_IOC_WRITE, 0x46, 0x2a, 0x20), 0x7ffe7b112480) = 0
ioctl(3, _IOC(_IOC_READ|_IOC_WRITE, 0x46, 0x2a, 0x20), 0x7ffe7b1124f0) = 0
ioctl(3, _IOC(_IOC_READ|_IOC_WRITE, 0x46, 0x2a, 0x20), 0x7ffe7b1124f0) = 0
ioctl(3, _IOC(_IOC_READ|_IOC_WRITE, 0x46, 0x2a, 0x20), 0x7ffe7b112480) = 0
ioctl(3, _IOC(_IOC_READ|_IOC_WRITE, 0x46, 0x2a, 0x20), 0x7ffe7b112480) = 0
ioctl(3, _IOC(_IOC_READ|_IOC_WRITE, 0x46, 0x2a, 0x20), 0x7ffe7b112480) = 0
ioctl(3, _IOC(_IOC_READ|_IOC_WRITE, 0x46, 0x2a, 0x20), 0x7ffe7b1124f0) = 0
ioctl(3, _IOC(_IOC_READ|_IOC_WRITE, 0x46, 0x2a, 0x20), 0x7ffe7b1124f0) = 0
ioctl(3, _IOC(_IOC_READ|_IOC_WRITE, 0x46, 0x2a, 0x20), 0x7ffe7b1125a0) = 0
ioctl(3, _IOC(_IOC_READ|_IOC_WRITE, 0x46, 0x4a, 0xb8), 0x7ffe7b112720) = 0
ioctl(3, _IOC(_IOC_READ|_IOC_WRITE, 0x46, 0x2a, 0x20), 0x7ffe7b1125c0) = 0
ioctl(3, _IOC(_IOC_READ|_IOC_WRITE, 0x46, 0x2a, 0x20), 0x7ffe7b112480) = 0
ioctl(3, _IOC(_IOC_READ|_IOC_WRITE, 0x46, 0x2a, 0x20), 0x7ffe7b112480) = 0
ioctl(3, _IOC(_IOC_READ|_IOC_WRITE, 0x46, 0x2a, 0x20), 0x7ffe7b112480) = 0
ioctl(3, _IOC(_IOC_READ|_IOC_WRITE, 0x46, 0x2a, 0x20), 0x7ffe7b1124f0) = 0
ioctl(3, _IOC(_IOC_READ|_IOC_WRITE, 0x46, 0x2a, 0x20), 0x7ffe7b1124f0) = 0
ioctl(3, _IOC(_IOC_READ|_IOC_WRITE, 0x46, 0x2a, 0x20), 0x7ffe7b112480) = 0
ioctl(3, _IOC(_IOC_READ|_IOC_WRITE, 0x46, 0x2a, 0x20), 0x7ffe7b112480) = 0
ioctl(3, _IOC(_IOC_READ|_IOC_WRITE, 0x46, 0x2a, 0x20), 0x7ffe7b112480) = 0
ioctl(3, _IOC(_IOC_READ|_IOC_WRITE, 0x46, 0x2a, 0x20), 0x7ffe7b1124f0) = 0
ioctl(3, _IOC(_IOC_READ|_IOC_WRITE, 0x46, 0x2a, 0x20), 0x7ffe7b1124f0) = 0
ioctl(3, _IOC(_IOC_READ|_IOC_WRITE, 0x46, 0x2a, 0x20), 0x7ffe7b1125a0) = 0
ioctl(3, _IOC(_IOC_READ|_IOC_WRITE, 0x46, 0x4a, 0xb8), 0x7ffe7b112720) = 0
ioctl(3, _IOC(_IOC_READ|_IOC_WRITE, 0x46, 0x2a, 0x20), 0x7ffe7b1125c0) = 0
ioctl(3, _IOC(_IOC_READ|_IOC_WRITE, 0x46, 0x2a, 0x20), 0x7ffe7b112480) = 0
ioctl(3, _IOC(_IOC_READ|_IOC_WRITE, 0x46, 0x2a, 0x20), 0x7ffe7b112480) = 0
ioctl(3, _IOC(_IOC_READ|_IOC_WRITE, 0x46, 0x2a, 0x20), 0x7ffe7b112480) = 0
ioctl(3, _IOC(_IOC_READ|_IOC_WRITE, 0x46, 0x2a, 0x20), 0x7ffe7b1124f0) = 0
ioctl(3, _IOC(_IOC_READ|_IOC_WRITE, 0x46, 0x2a, 0x20), 0x7ffe7b1124f0) = 0
ioctl(3, _IOC(_IOC_READ|_IOC_WRITE, 0x46, 0x2a, 0x20), 0x7ffe7b112480) = 0
ioctl(3, _IOC(_IOC_READ|_IOC_WRITE, 0x46, 0x2a, 0x20), 0x7ffe7b112480) = 0
ioctl(3, _IOC(_IOC_READ|_IOC_WRITE, 0x46, 0x2a, 0x20), 0x7ffe7b112480) = 0
ioctl(3, _IOC(_IOC_READ|_IOC_WRITE, 0x46, 0x2a, 0x20), 0x7ffe7b1124f0) = 0
ioctl(3, _IOC(_IOC_READ|_IOC_WRITE, 0x46, 0x2a, 0x20), 0x7ffe7b1124f0) = 0
ioctl(3, _IOC(_IOC_READ|_IOC_WRITE, 0x46, 0x2a, 0x20), 0x7ffe7b1125a0) = 0
ioctl(3, _IOC(_IOC_READ|_IOC_WRITE, 0x46, 0x4a, 0xb8), 0x7ffe7b112720) = 0
ioctl(3, _IOC(_IOC_READ|_IOC_WRITE, 0x46, 0x2a, 0x20), 0x7ffe7b1125c0) = 0
ioctl(3, _IOC(_IOC_READ|_IOC_WRITE, 0x46, 0x2a, 0x20), 0x7ffe7b112480) = 0
ioctl(3, _IOC(_IOC_READ|_IOC_WRITE, 0x46, 0x2a, 0x20), 0x7ffe7b112480) = 0
ioctl(3, _IOC(_IOC_READ|_IOC_WRITE, 0x46, 0x2a, 0x20), 0x7ffe7b112480) = 0
ioctl(3, _IOC(_IOC_READ|_IOC_WRITE, 0x46, 0x2a, 0x20), 0x7ffe7b1124f0) = 0
ioctl(3, _IOC(_IOC_READ|_IOC_WRITE, 0x46, 0x2a, 0x20), 0x7ffe7b1124f0) = 0
ioctl(3, _IOC(_IOC_READ|_IOC_WRITE, 0x46, 0x2a, 0x20), 0x7ffe7b112480) = 0
ioctl(3, _IOC(_IOC_READ|_IOC_WRITE, 0x46, 0x2a, 0x20), 0x7ffe7b112480) = 0
ioctl(3, _IOC(_IOC_READ|_IOC_WRITE, 0x46, 0x2a, 0x20), 0x7ffe7b112480) = 0
ioctl(3, _IOC(_IOC_READ|_IOC_WRITE, 0x46, 0x2a, 0x20), 0x7ffe7b1124f0) = 0
ioctl(3, _IOC(_IOC_READ|_IOC_WRITE, 0x46, 0x2a, 0x20), 0x7ffe7b1124f0) = 0
clock_gettime(CLOCK_PROCESS_CPUTIME_ID, {tv_sec=0, tv_nsec=116111340}) = 0
futex(0x7f9a87c4efa4, FUTEX_WAKE_PRIVATE, 2147483647) = 0
ioctl(3, _IOC(_IOC_READ|_IOC_WRITE, 0x46, 0x2a, 0x20), 0x7ffe7b111d00) = 0
eventfd2(0, EFD_CLOEXEC|EFD_NONBLOCK)   = 20
fcntl(20, F_SETFL, O_RDONLY|O_NONBLOCK) = 0
mmap(NULL, 8392704, PROT_NONE, MAP_PRIVATE|MAP_ANONYMOUS|MAP_STACK, -1, 0) = 0x7f9a6effe000
mprotect(0x7f9a6efff000, 8388608, PROT_READ|PROT_WRITE) = 0
clone(child_stack=0x7f9a6f7fdcf0, flags=CLONE_VM|CLONE_FS|CLONE_FILES|CLONE_SIGHAND|CLONE_THREAD|CLONE_SYSVSEM|CLONE_SETTLS|CLONE_PARENT_SETTID|CLONE_CHILD_CLEARTID, parent_tid=[2097624], tls=0x7f9a6f7fe700, child_tidptr=0x7f9a6f7fe9d0) = 2097624
openat(AT_FDCWD, "/proc/self/task/2097624/comm", O_RDWR) = 21
write(21, "cuda-EvtHandlr", 14)         = 14
close(21)                               = 0
futex(0x560e860edac8, FUTEX_WAKE_PRIVATE, 1) = 1
ioctl(3, _IOC(_IOC_READ|_IOC_WRITE, 0x46, 0x2a, 0x20), 0x7ffe7b111d20) = 0
ioctl(4, _IOC(_IOC_NONE, 0, 0x19, 0), 0x7ffe7b111e60) = 0
ioctl(3, _IOC(_IOC_READ|_IOC_WRITE, 0x46, 0x4a, 0xb8), 0x7ffe7b111130) = 0
ioctl(4, _IOC(_IOC_NONE, 0, 0x49, 0), 0x7ffe7b1110c0) = 0
ioctl(4, _IOC(_IOC_NONE, 0, 0x21, 0), 0x7ffe7b110c30) = 0
ioctl(3, _IOC(_IOC_READ|_IOC_WRITE, 0x46, 0x4a, 0xb8), 0x7ffe7b111160) = 0
ioctl(3, _IOC(_IOC_READ|_IOC_WRITE, 0x46, 0x2a, 0x20), 0x7ffe7b111120) = 0
openat(AT_FDCWD, "/dev/nvidiactl", O_RDWR|O_CLOEXEC) = 21
fcntl(21, F_GETFD)                      = 0x1 (flags FD_CLOEXEC)
ioctl(3, _IOC(_IOC_READ|_IOC_WRITE, 0x46, 0x4e, 0x38), 0x7ffe7b1112f0) = 0
mmap(0x200200000, 2097152, PROT_READ|PROT_WRITE, MAP_SHARED|MAP_FIXED, 21, 0) = 0x200200000
close(21)                               = 0
ioctl(4, _IOC(_IOC_NONE, 0, 0x49, 0), 0x7ffe7b1110f0) = 0
ioctl(4, _IOC(_IOC_NONE, 0, 0x21, 0), 0x7ffe7b110c60) = 0
brk(0x560e8617c000)                     = 0x560e8617c000
mmap(0x10000000000, 67108864, PROT_NONE, MAP_PRIVATE|MAP_ANONYMOUS, -1, 0) = 0x10000000000
ioctl(3, _IOC(_IOC_READ|_IOC_WRITE, 0x46, 0x4a, 0xb8), 0x7ffe7b1111b0) = 0
ioctl(4, _IOC(_IOC_NONE, 0, 0x49, 0), 0x7ffe7b111140) = 0
ioctl(4, _IOC(_IOC_NONE, 0, 0x21, 0), 0x7ffe7b110cb0) = 0
ioctl(3, _IOC(_IOC_READ|_IOC_WRITE, 0x46, 0x4a, 0xb8), 0x7ffe7b1111b0) = 0
ioctl(4, _IOC(_IOC_NONE, 0, 0x49, 0), 0x7ffe7b111140) = 0
ioctl(4, _IOC(_IOC_NONE, 0, 0x21, 0), 0x7ffe7b110cb0) = 0
mmap(NULL, 266240, PROT_READ|PROT_WRITE, MAP_PRIVATE|MAP_ANONYMOUS, -1, 0) = 0x7f9a803c5000
mmap(NULL, 528384, PROT_READ|PROT_WRITE, MAP_PRIVATE|MAP_ANONYMOUS, -1, 0) = 0x7f9a80344000
mmap(NULL, 528384, PROT_READ|PROT_WRITE, MAP_PRIVATE|MAP_ANONYMOUS, -1, 0) = 0x7f9a802c3000
mmap(NULL, 528384, PROT_READ|PROT_WRITE, MAP_PRIVATE|MAP_ANONYMOUS, -1, 0) = 0x7f9a80242000
mmap(NULL, 67104768, PROT_NONE, MAP_PRIVATE|MAP_ANONYMOUS, -1, 0) = 0x7f9a64001000
munmap(0x7f9a64001000, 33550336)        = 0
ioctl(3, _IOC(_IOC_READ|_IOC_WRITE, 0x46, 0x4a, 0xb8), 0x7ffe7b111210) = 0
ioctl(4, _IOC(_IOC_NONE, 0, 0x49, 0), 0x7ffe7b1111a0) = 0
ioctl(4, _IOC(_IOC_NONE, 0, 0x21, 0), 0x7ffe7b110d10) = 0
ioctl(3, _IOC(_IOC_READ|_IOC_WRITE, 0x46, 0x2b, 0x28), 0x7ffe7b111ad0) = 0
ioctl(3, _IOC(_IOC_READ|_IOC_WRITE, 0x46, 0x2b, 0x28), 0x7ffe7b111a80) = 0
brk(0x560e861a8000)                     = 0x560e861a8000
ioctl(3, _IOC(_IOC_READ|_IOC_WRITE, 0x46, 0x4a, 0xb8), 0x7ffe7b110cd0) = 0
ioctl(3, _IOC(_IOC_READ|_IOC_WRITE, 0x46, 0x2a, 0x20), 0x7ffe7b110c90) = 0
openat(AT_FDCWD, "/dev/nvidia0", O_RDWR|O_CLOEXEC) = 21
fcntl(21, F_GETFD)                      = 0x1 (flags FD_CLOEXEC)
ioctl(3, _IOC(_IOC_READ|_IOC_WRITE, 0x46, 0x4e, 0x38), 0x7ffe7b110e60) = 0
mmap(0x200400000, 2097152, PROT_READ|PROT_WRITE, MAP_SHARED|MAP_FIXED, 21, 0) = 0x200400000
ioctl(3, _IOC(_IOC_READ|_IOC_WRITE, 0x46, 0x5e, 0x28), 0x7ffe7b110e30) = 0
close(21)                               = 0
ioctl(4, _IOC(_IOC_NONE, 0, 0x49, 0), 0x7ffe7b110c60) = 0
ioctl(4, _IOC(_IOC_NONE, 0, 0x21, 0), 0x7ffe7b1107d0) = 0
ioctl(3, _IOC(_IOC_READ|_IOC_WRITE, 0x46, 0x4a, 0xb8), 0x7ffe7b110b50) = 0
ioctl(3, _IOC(_IOC_READ|_IOC_WRITE, 0x46, 0x2a, 0x20), 0x7ffe7b110b10) = 0
openat(AT_FDCWD, "/dev/nvidiactl", O_RDWR|O_CLOEXEC) = 21
fcntl(21, F_GETFD)                      = 0x1 (flags FD_CLOEXEC)
ioctl(3, _IOC(_IOC_READ|_IOC_WRITE, 0x46, 0x4e, 0x38), 0x7ffe7b110ce0) = 0
mmap(0x200600000, 50331648, PROT_READ|PROT_WRITE, MAP_SHARED|MAP_FIXED, 21, 0) = 0x200600000
close(21)                               = 0
ioctl(4, _IOC(_IOC_NONE, 0, 0x49, 0), 0x7ffe7b110ae0) = 0
ioctl(4, _IOC(_IOC_NONE, 0, 0x21, 0), 0x7ffe7b110650) = 0
ioctl(3, _IOC(_IOC_READ|_IOC_WRITE, 0x46, 0x4a, 0xb8), 0x7ffe7b110e00) = 0
ioctl(3, _IOC(_IOC_READ|_IOC_WRITE, 0x46, 0x2a, 0x20), 0x7ffe7b110dc0) = 0
openat(AT_FDCWD, "/dev/nvidiactl", O_RDWR|O_CLOEXEC) = 21
fcntl(21, F_GETFD)                      = 0x1 (flags FD_CLOEXEC)
ioctl(3, _IOC(_IOC_READ|_IOC_WRITE, 0x46, 0x4e, 0x38), 0x7ffe7b110f90) = 0
mmap(NULL, 4096, PROT_READ|PROT_WRITE, MAP_SHARED, 21, 0) = 0x7f9a88215000
close(21)                               = 0
ioctl(3, _IOC(_IOC_READ|_IOC_WRITE, 0x46, 0x2b, 0x28), 0x7ffe7b111910) = 0
ioctl(3, _IOC(_IOC_READ|_IOC_WRITE, 0x46, 0x2a, 0x20), 0x7ffe7b111810) = 0
ioctl(3, _IOC(_IOC_READ|_IOC_WRITE, 0x46, 0x2b, 0x28), 0x7ffe7b1118b0) = 0
ioctl(3, _IOC(_IOC_READ|_IOC_WRITE, 0x46, 0x2a, 0x20), 0x7ffe7b1117c0) = 0
ioctl(3, _IOC(_IOC_READ|_IOC_WRITE, 0x46, 0x2b, 0x28), 0x7ffe7b1118b0) = 0
ioctl(3, _IOC(_IOC_READ|_IOC_WRITE, 0x46, 0x2a, 0x20), 0x7ffe7b1117c0) = 0
ioctl(3, _IOC(_IOC_READ|_IOC_WRITE, 0x46, 0x2a, 0x20), 0x7ffe7b111820) = 0
ioctl(3, _IOC(_IOC_READ|_IOC_WRITE, 0x46, 0x2a, 0x20), 0x7ffe7b111820) = 0
ioctl(3, _IOC(_IOC_READ|_IOC_WRITE, 0x46, 0x4a, 0xb8), 0x7ffe7b110f40) = 0
ioctl(3, _IOC(_IOC_READ|_IOC_WRITE, 0x46, 0x2a, 0x20), 0x7ffe7b110f00) = 0
openat(AT_FDCWD, "/dev/nvidiactl", O_RDWR|O_CLOEXEC) = 21
fcntl(21, F_GETFD)                      = 0x1 (flags FD_CLOEXEC)
ioctl(3, _IOC(_IOC_READ|_IOC_WRITE, 0x46, 0x4e, 0x38), 0x7ffe7b1110d0) = 0
mmap(0x204600000, 2097152, PROT_READ|PROT_WRITE, MAP_SHARED|MAP_FIXED, 21, 0) = 0x204600000
close(21)                               = 0
ioctl(4, _IOC(_IOC_NONE, 0, 0x49, 0), 0x7ffe7b110ed0) = 0
ioctl(4, _IOC(_IOC_NONE, 0, 0x21, 0), 0x7ffe7b110a40) = 0
ioctl(3, _IOC(_IOC_READ|_IOC_WRITE, 0x46, 0x4a, 0xb8), 0x7ffe7b110f40) = 0
ioctl(3, _IOC(_IOC_READ|_IOC_WRITE, 0x46, 0x2a, 0x20), 0x7ffe7b110f00) = 0
openat(AT_FDCWD, "/dev/nvidiactl", O_RDWR|O_CLOEXEC) = 21
fcntl(21, F_GETFD)                      = 0x1 (flags FD_CLOEXEC)
ioctl(3, _IOC(_IOC_READ|_IOC_WRITE, 0x46, 0x4e, 0x38), 0x7ffe7b1110d0) = 0
mmap(0x204800000, 2097152, PROT_READ|PROT_WRITE, MAP_SHARED|MAP_FIXED, 21, 0) = 0x204800000
close(21)                               = 0
ioctl(4, _IOC(_IOC_NONE, 0, 0x49, 0), 0x7ffe7b110ed0) = 0
ioctl(4, _IOC(_IOC_NONE, 0, 0x21, 0), 0x7ffe7b110a40) = 0
brk(0x560e861d2000)                     = 0x560e861d2000
ioctl(3, _IOC(_IOC_READ|_IOC_WRITE, 0x46, 0x4a, 0xb8), 0x7ffe7b110e00) = 0
ioctl(3, _IOC(_IOC_READ|_IOC_WRITE, 0x46, 0x2a, 0x20), 0x7ffe7b110dc0) = 0
openat(AT_FDCWD, "/dev/nvidiactl", O_RDWR|O_CLOEXEC) = 21
fcntl(21, F_GETFD)                      = 0x1 (flags FD_CLOEXEC)
ioctl(3, _IOC(_IOC_READ|_IOC_WRITE, 0x46, 0x4e, 0x38), 0x7ffe7b110f90) = 0
mmap(NULL, 4096, PROT_READ|PROT_WRITE, MAP_SHARED, 21, 0) = 0x7f9a881d8000
close(21)                               = 0
ioctl(3, _IOC(_IOC_READ|_IOC_WRITE, 0x46, 0x2b, 0x28), 0x7ffe7b111910) = 0
ioctl(3, _IOC(_IOC_READ|_IOC_WRITE, 0x46, 0x2a, 0x20), 0x7ffe7b111810) = 0
ioctl(3, _IOC(_IOC_READ|_IOC_WRITE, 0x46, 0x2b, 0x28), 0x7ffe7b1118b0) = 0
ioctl(3, _IOC(_IOC_READ|_IOC_WRITE, 0x46, 0x2a, 0x20), 0x7ffe7b1117c0) = 0
ioctl(3, _IOC(_IOC_READ|_IOC_WRITE, 0x46, 0x2b, 0x28), 0x7ffe7b1118b0) = 0
ioctl(3, _IOC(_IOC_READ|_IOC_WRITE, 0x46, 0x2a, 0x20), 0x7ffe7b1117c0) = 0
ioctl(3, _IOC(_IOC_READ|_IOC_WRITE, 0x46, 0x2a, 0x20), 0x7ffe7b111820) = 0
ioctl(3, _IOC(_IOC_READ|_IOC_WRITE, 0x46, 0x2a, 0x20), 0x7ffe7b111820) = 0
ioctl(3, _IOC(_IOC_READ|_IOC_WRITE, 0x46, 0x4a, 0xb8), 0x7ffe7b110e00) = 0
ioctl(3, _IOC(_IOC_READ|_IOC_WRITE, 0x46, 0x2a, 0x20), 0x7ffe7b110dc0) = 0
openat(AT_FDCWD, "/dev/nvidiactl", O_RDWR|O_CLOEXEC) = 21
fcntl(21, F_GETFD)                      = 0x1 (flags FD_CLOEXEC)
ioctl(3, _IOC(_IOC_READ|_IOC_WRITE, 0x46, 0x4e, 0x38), 0x7ffe7b110f90) = 0
mmap(NULL, 4096, PROT_READ|PROT_WRITE, MAP_SHARED, 21, 0) = 0x7f9a881d7000
close(21)                               = 0
ioctl(3, _IOC(_IOC_READ|_IOC_WRITE, 0x46, 0x2b, 0x28), 0x7ffe7b111910) = 0
ioctl(3, _IOC(_IOC_READ|_IOC_WRITE, 0x46, 0x2a, 0x20), 0x7ffe7b111810) = 0
ioctl(3, _IOC(_IOC_READ|_IOC_WRITE, 0x46, 0x2b, 0x28), 0x7ffe7b1118b0) = 0
ioctl(3, _IOC(_IOC_READ|_IOC_WRITE, 0x46, 0x2a, 0x20), 0x7ffe7b1117c0) = 0
ioctl(3, _IOC(_IOC_READ|_IOC_WRITE, 0x46, 0x2b, 0x28), 0x7ffe7b1118b0) = 0
ioctl(3, _IOC(_IOC_READ|_IOC_WRITE, 0x46, 0x2a, 0x20), 0x7ffe7b1117c0) = 0
ioctl(3, _IOC(_IOC_READ|_IOC_WRITE, 0x46, 0x2a, 0x20), 0x7ffe7b111820) = 0
ioctl(3, _IOC(_IOC_READ|_IOC_WRITE, 0x46, 0x2a, 0x20), 0x7ffe7b111820) = 0
brk(0x560e861ff000)                     = 0x560e861ff000
ioctl(3, _IOC(_IOC_READ|_IOC_WRITE, 0x46, 0x4a, 0xb8), 0x7ffe7b110e00) = 0
ioctl(3, _IOC(_IOC_READ|_IOC_WRITE, 0x46, 0x2a, 0x20), 0x7ffe7b110dc0) = 0
openat(AT_FDCWD, "/dev/nvidiactl", O_RDWR|O_CLOEXEC) = 21
fcntl(21, F_GETFD)                      = 0x1 (flags FD_CLOEXEC)
ioctl(3, _IOC(_IOC_READ|_IOC_WRITE, 0x46, 0x4e, 0x38), 0x7ffe7b110f90) = 0
mmap(NULL, 4096, PROT_READ|PROT_WRITE, MAP_SHARED, 21, 0) = 0x7f9a881d6000
close(21)                               = 0
ioctl(3, _IOC(_IOC_READ|_IOC_WRITE, 0x46, 0x2b, 0x28), 0x7ffe7b111910) = 0
ioctl(3, _IOC(_IOC_READ|_IOC_WRITE, 0x46, 0x2a, 0x20), 0x7ffe7b111810) = 0
ioctl(3, _IOC(_IOC_READ|_IOC_WRITE, 0x46, 0x2b, 0x28), 0x7ffe7b1118b0) = 0
ioctl(3, _IOC(_IOC_READ|_IOC_WRITE, 0x46, 0x2a, 0x20), 0x7ffe7b1117c0) = 0
ioctl(3, _IOC(_IOC_READ|_IOC_WRITE, 0x46, 0x2b, 0x28), 0x7ffe7b1118b0) = 0
ioctl(3, _IOC(_IOC_READ|_IOC_WRITE, 0x46, 0x2a, 0x20), 0x7ffe7b1117c0) = 0
ioctl(3, _IOC(_IOC_READ|_IOC_WRITE, 0x46, 0x2a, 0x20), 0x7ffe7b111820) = 0
ioctl(3, _IOC(_IOC_READ|_IOC_WRITE, 0x46, 0x2a, 0x20), 0x7ffe7b111820) = 0
ioctl(3, _IOC(_IOC_READ|_IOC_WRITE, 0x46, 0x4a, 0xb8), 0x7ffe7b110e00) = 0
ioctl(3, _IOC(_IOC_READ|_IOC_WRITE, 0x46, 0x2a, 0x20), 0x7ffe7b110dc0) = 0
openat(AT_FDCWD, "/dev/nvidiactl", O_RDWR|O_CLOEXEC) = 21
fcntl(21, F_GETFD)                      = 0x1 (flags FD_CLOEXEC)
ioctl(3, _IOC(_IOC_READ|_IOC_WRITE, 0x46, 0x4e, 0x38), 0x7ffe7b110f90) = 0
mmap(NULL, 4096, PROT_READ|PROT_WRITE, MAP_SHARED, 21, 0) = 0x7f9a80241000
close(21)                               = 0
ioctl(3, _IOC(_IOC_READ|_IOC_WRITE, 0x46, 0x2b, 0x28), 0x7ffe7b111910) = 0
ioctl(3, _IOC(_IOC_READ|_IOC_WRITE, 0x46, 0x2a, 0x20), 0x7ffe7b111810) = 0
ioctl(3, _IOC(_IOC_READ|_IOC_WRITE, 0x46, 0x2b, 0x28), 0x7ffe7b1118b0) = 0
ioctl(3, _IOC(_IOC_READ|_IOC_WRITE, 0x46, 0x2a, 0x20), 0x7ffe7b1117c0) = 0
ioctl(3, _IOC(_IOC_READ|_IOC_WRITE, 0x46, 0x2b, 0x28), 0x7ffe7b1118b0) = 0
ioctl(3, _IOC(_IOC_READ|_IOC_WRITE, 0x46, 0x2a, 0x20), 0x7ffe7b1117c0) = 0
ioctl(3, _IOC(_IOC_READ|_IOC_WRITE, 0x46, 0x2a, 0x20), 0x7ffe7b111820) = 0
ioctl(3, _IOC(_IOC_READ|_IOC_WRITE, 0x46, 0x2a, 0x20), 0x7ffe7b111820) = 0
ioctl(3, _IOC(_IOC_READ|_IOC_WRITE, 0x46, 0x4a, 0xb8), 0x7ffe7b110e00) = 0
ioctl(3, _IOC(_IOC_READ|_IOC_WRITE, 0x46, 0x2a, 0x20), 0x7ffe7b110dc0) = 0
openat(AT_FDCWD, "/dev/nvidiactl", O_RDWR|O_CLOEXEC) = 21
fcntl(21, F_GETFD)                      = 0x1 (flags FD_CLOEXEC)
ioctl(3, _IOC(_IOC_READ|_IOC_WRITE, 0x46, 0x4e, 0x38), 0x7ffe7b110f90) = 0
mmap(NULL, 4096, PROT_READ|PROT_WRITE, MAP_SHARED, 21, 0) = 0x7f9a80240000
close(21)                               = 0
ioctl(3, _IOC(_IOC_READ|_IOC_WRITE, 0x46, 0x2b, 0x28), 0x7ffe7b111910) = 0
ioctl(3, _IOC(_IOC_READ|_IOC_WRITE, 0x46, 0x2a, 0x20), 0x7ffe7b111810) = 0
ioctl(3, _IOC(_IOC_READ|_IOC_WRITE, 0x46, 0x2b, 0x28), 0x7ffe7b1118b0) = 0
ioctl(3, _IOC(_IOC_READ|_IOC_WRITE, 0x46, 0x2a, 0x20), 0x7ffe7b1117c0) = 0
ioctl(3, _IOC(_IOC_READ|_IOC_WRITE, 0x46, 0x2b, 0x28), 0x7ffe7b1118b0) = 0
ioctl(3, _IOC(_IOC_READ|_IOC_WRITE, 0x46, 0x2a, 0x20), 0x7ffe7b1117c0) = 0
ioctl(3, _IOC(_IOC_READ|_IOC_WRITE, 0x46, 0x2a, 0x20), 0x7ffe7b111820) = 0
ioctl(3, _IOC(_IOC_READ|_IOC_WRITE, 0x46, 0x2a, 0x20), 0x7ffe7b111820) = 0
brk(0x560e8622d000)                     = 0x560e8622d000
ioctl(3, _IOC(_IOC_READ|_IOC_WRITE, 0x46, 0x4a, 0xb8), 0x7ffe7b110e00) = 0
ioctl(3, _IOC(_IOC_READ|_IOC_WRITE, 0x46, 0x2a, 0x20), 0x7ffe7b110dc0) = 0
openat(AT_FDCWD, "/dev/nvidiactl", O_RDWR|O_CLOEXEC) = 21
fcntl(21, F_GETFD)                      = 0x1 (flags FD_CLOEXEC)
ioctl(3, _IOC(_IOC_READ|_IOC_WRITE, 0x46, 0x4e, 0x38), 0x7ffe7b110f90) = 0
mmap(NULL, 4096, PROT_READ|PROT_WRITE, MAP_SHARED, 21, 0) = 0x7f9a8023f000
close(21)                               = 0
ioctl(3, _IOC(_IOC_READ|_IOC_WRITE, 0x46, 0x2b, 0x28), 0x7ffe7b111910) = 0
ioctl(3, _IOC(_IOC_READ|_IOC_WRITE, 0x46, 0x2a, 0x20), 0x7ffe7b111810) = 0
ioctl(3, _IOC(_IOC_READ|_IOC_WRITE, 0x46, 0x2b, 0x28), 0x7ffe7b1118b0) = 0
ioctl(3, _IOC(_IOC_READ|_IOC_WRITE, 0x46, 0x2a, 0x20), 0x7ffe7b1117c0) = 0
ioctl(3, _IOC(_IOC_READ|_IOC_WRITE, 0x46, 0x2b, 0x28), 0x7ffe7b1118b0) = 0
ioctl(3, _IOC(_IOC_READ|_IOC_WRITE, 0x46, 0x2a, 0x20), 0x7ffe7b1117c0) = 0
ioctl(3, _IOC(_IOC_READ|_IOC_WRITE, 0x46, 0x2a, 0x20), 0x7ffe7b111820) = 0
ioctl(3, _IOC(_IOC_READ|_IOC_WRITE, 0x46, 0x2a, 0x20), 0x7ffe7b111820) = 0
ioctl(3, _IOC(_IOC_READ|_IOC_WRITE, 0x46, 0x4a, 0xb8), 0x7ffe7b110e00) = 0
ioctl(3, _IOC(_IOC_READ|_IOC_WRITE, 0x46, 0x2a, 0x20), 0x7ffe7b110dc0) = 0
openat(AT_FDCWD, "/dev/nvidiactl", O_RDWR|O_CLOEXEC) = 21
fcntl(21, F_GETFD)                      = 0x1 (flags FD_CLOEXEC)
ioctl(3, _IOC(_IOC_READ|_IOC_WRITE, 0x46, 0x4e, 0x38), 0x7ffe7b110f90) = 0
mmap(NULL, 4096, PROT_READ|PROT_WRITE, MAP_SHARED, 21, 0) = 0x7f9a8023e000
close(21)                               = 0
ioctl(3, _IOC(_IOC_READ|_IOC_WRITE, 0x46, 0x2b, 0x28), 0x7ffe7b111910) = 0
ioctl(3, _IOC(_IOC_READ|_IOC_WRITE, 0x46, 0x2a, 0x20), 0x7ffe7b111810) = 0
ioctl(3, _IOC(_IOC_READ|_IOC_WRITE, 0x46, 0x2b, 0x28), 0x7ffe7b1118b0) = 0
ioctl(3, _IOC(_IOC_READ|_IOC_WRITE, 0x46, 0x2a, 0x20), 0x7ffe7b1117c0) = 0
ioctl(3, _IOC(_IOC_READ|_IOC_WRITE, 0x46, 0x2b, 0x28), 0x7ffe7b1118b0) = 0
ioctl(3, _IOC(_IOC_READ|_IOC_WRITE, 0x46, 0x2a, 0x20), 0x7ffe7b1117c0) = 0
ioctl(3, _IOC(_IOC_READ|_IOC_WRITE, 0x46, 0x2a, 0x20), 0x7ffe7b111820) = 0
ioctl(3, _IOC(_IOC_READ|_IOC_WRITE, 0x46, 0x2a, 0x20), 0x7ffe7b111820) = 0
ioctl(4, _IOC(_IOC_NONE, 0, 0x1b, 0), 0x7ffe7b111c40) = 0
ioctl(4, _IOC(_IOC_NONE, 0, 0x1b, 0), 0x7ffe7b111c40) = 0
ioctl(4, _IOC(_IOC_NONE, 0, 0x1b, 0), 0x7ffe7b111c40) = 0
ioctl(4, _IOC(_IOC_NONE, 0, 0x1b, 0), 0x7ffe7b111c40) = 0
ioctl(4, _IOC(_IOC_NONE, 0, 0x1b, 0), 0x7ffe7b111c40) = 0
ioctl(4, _IOC(_IOC_NONE, 0, 0x1b, 0), 0x7ffe7b111c40) = 0
ioctl(4, _IOC(_IOC_NONE, 0, 0x1b, 0), 0x7ffe7b111c40) = 0
ioctl(4, _IOC(_IOC_NONE, 0, 0x1b, 0), 0x7ffe7b111c40) = 0
ioctl(3, _IOC(_IOC_READ|_IOC_WRITE, 0x46, 0x2a, 0x20), 0x7ffe7b111b20) = 0
openat(AT_FDCWD, "/dev/nvidia0", O_RDWR|O_CLOEXEC) = 21
fcntl(21, F_GETFD)                      = 0x1 (flags FD_CLOEXEC)
ioctl(21, _IOC(_IOC_READ|_IOC_WRITE, 0x46, 0xc9, 0x4), 0x7ffe7b111b90) = 0
ioctl(21, _IOC(_IOC_READ|_IOC_WRITE, 0x46, 0xce, 0x10), 0x7ffe7b111b90) = 0
ioctl(21, _IOC(_IOC_READ|_IOC_WRITE, 0x46, 0x2b, 0x28), 0x7ffe7b111b00) = 0
write(20, "\1\0\0\0\0\0\0\0", 8)        = 8
futex(0x7ffe7b111bd0, FUTEX_WAIT_BITSET_PRIVATE|FUTEX_CLOCK_REALTIME, 0, {tv_sec=1634792338, tv_nsec=134146000}, FUTEX_BITSET_MATCH_ANY) = 0
ioctl(3, _IOC(_IOC_READ|_IOC_WRITE, 0x46, 0x2b, 0x28), 0x7ffe7b111ad0) = 0
brk(0x560e86252000)                     = 0x560e86252000
ioctl(3, _IOC(_IOC_READ|_IOC_WRITE, 0x46, 0x4a, 0xb8), 0x7ffe7b110e00) = 0
ioctl(3, _IOC(_IOC_READ|_IOC_WRITE, 0x46, 0x2a, 0x20), 0x7ffe7b110dc0) = 0
openat(AT_FDCWD, "/dev/nvidiactl", O_RDWR|O_CLOEXEC) = 22
fcntl(22, F_GETFD)                      = 0x1 (flags FD_CLOEXEC)
ioctl(3, _IOC(_IOC_READ|_IOC_WRITE, 0x46, 0x4e, 0x38), 0x7ffe7b110f90) = 0
mmap(NULL, 4096, PROT_READ|PROT_WRITE, MAP_SHARED, 22, 0) = 0x7f9a8023d000
close(22)                               = 0
ioctl(3, _IOC(_IOC_READ|_IOC_WRITE, 0x46, 0x2b, 0x28), 0x7ffe7b111910) = 0
ioctl(3, _IOC(_IOC_READ|_IOC_WRITE, 0x46, 0x2a, 0x20), 0x7ffe7b111810) = 0
ioctl(3, _IOC(_IOC_READ|_IOC_WRITE, 0x46, 0x2b, 0x28), 0x7ffe7b1118b0) = 0
ioctl(3, _IOC(_IOC_READ|_IOC_WRITE, 0x46, 0x2a, 0x20), 0x7ffe7b1117c0) = 0
ioctl(3, _IOC(_IOC_READ|_IOC_WRITE, 0x46, 0x2a, 0x20), 0x7ffe7b111820) = 0
ioctl(3, _IOC(_IOC_READ|_IOC_WRITE, 0x46, 0x4a, 0xb8), 0x7ffe7b110e00) = 0
ioctl(3, _IOC(_IOC_READ|_IOC_WRITE, 0x46, 0x2a, 0x20), 0x7ffe7b110dc0) = 0
openat(AT_FDCWD, "/dev/nvidiactl", O_RDWR|O_CLOEXEC) = 22
fcntl(22, F_GETFD)                      = 0x1 (flags FD_CLOEXEC)
ioctl(3, _IOC(_IOC_READ|_IOC_WRITE, 0x46, 0x4e, 0x38), 0x7ffe7b110f90) = 0
mmap(NULL, 4096, PROT_READ|PROT_WRITE, MAP_SHARED, 22, 0) = 0x7f9a8023c000
close(22)                               = 0
ioctl(3, _IOC(_IOC_READ|_IOC_WRITE, 0x46, 0x2b, 0x28), 0x7ffe7b111910) = 0
ioctl(3, _IOC(_IOC_READ|_IOC_WRITE, 0x46, 0x2a, 0x20), 0x7ffe7b111810) = 0
ioctl(3, _IOC(_IOC_READ|_IOC_WRITE, 0x46, 0x2b, 0x28), 0x7ffe7b1118b0) = 0
ioctl(3, _IOC(_IOC_READ|_IOC_WRITE, 0x46, 0x2a, 0x20), 0x7ffe7b1117c0) = 0
ioctl(3, _IOC(_IOC_READ|_IOC_WRITE, 0x46, 0x2a, 0x20), 0x7ffe7b111820) = 0
ioctl(3, _IOC(_IOC_READ|_IOC_WRITE, 0x46, 0x4a, 0xb8), 0x7ffe7b110e00) = 0
ioctl(3, _IOC(_IOC_READ|_IOC_WRITE, 0x46, 0x2a, 0x20), 0x7ffe7b110dc0) = 0
openat(AT_FDCWD, "/dev/nvidiactl", O_RDWR|O_CLOEXEC) = 22
fcntl(22, F_GETFD)                      = 0x1 (flags FD_CLOEXEC)
ioctl(3, _IOC(_IOC_READ|_IOC_WRITE, 0x46, 0x4e, 0x38), 0x7ffe7b110f90) = 0
mmap(NULL, 4096, PROT_READ|PROT_WRITE, MAP_SHARED, 22, 0) = 0x7f9a8023b000
close(22)                               = 0
ioctl(3, _IOC(_IOC_READ|_IOC_WRITE, 0x46, 0x2b, 0x28), 0x7ffe7b111910) = 0
ioctl(3, _IOC(_IOC_READ|_IOC_WRITE, 0x46, 0x2a, 0x20), 0x7ffe7b111810) = 0
ioctl(3, _IOC(_IOC_READ|_IOC_WRITE, 0x46, 0x2b, 0x28), 0x7ffe7b1118b0) = 0
ioctl(3, _IOC(_IOC_READ|_IOC_WRITE, 0x46, 0x2a, 0x20), 0x7ffe7b1117c0) = 0
ioctl(3, _IOC(_IOC_READ|_IOC_WRITE, 0x46, 0x2a, 0x20), 0x7ffe7b111820) = 0
brk(0x560e86280000)                     = 0x560e86280000
ioctl(3, _IOC(_IOC_READ|_IOC_WRITE, 0x46, 0x4a, 0xb8), 0x7ffe7b110e00) = 0
ioctl(3, _IOC(_IOC_READ|_IOC_WRITE, 0x46, 0x2a, 0x20), 0x7ffe7b110dc0) = 0
openat(AT_FDCWD, "/dev/nvidiactl", O_RDWR|O_CLOEXEC) = 22
fcntl(22, F_GETFD)                      = 0x1 (flags FD_CLOEXEC)
ioctl(3, _IOC(_IOC_READ|_IOC_WRITE, 0x46, 0x4e, 0x38), 0x7ffe7b110f90) = 0
mmap(NULL, 4096, PROT_READ|PROT_WRITE, MAP_SHARED, 22, 0) = 0x7f9a8023a000
close(22)                               = 0
ioctl(3, _IOC(_IOC_READ|_IOC_WRITE, 0x46, 0x2b, 0x28), 0x7ffe7b111910) = 0
ioctl(3, _IOC(_IOC_READ|_IOC_WRITE, 0x46, 0x2a, 0x20), 0x7ffe7b111810) = 0
ioctl(3, _IOC(_IOC_READ|_IOC_WRITE, 0x46, 0x2b, 0x28), 0x7ffe7b1118b0) = 0
ioctl(3, _IOC(_IOC_READ|_IOC_WRITE, 0x46, 0x2a, 0x20), 0x7ffe7b1117c0) = 0
ioctl(3, _IOC(_IOC_READ|_IOC_WRITE, 0x46, 0x2a, 0x20), 0x7ffe7b111820) = 0
ioctl(4, _IOC(_IOC_NONE, 0, 0x1b, 0), 0x7ffe7b111c40) = 0
ioctl(4, _IOC(_IOC_NONE, 0, 0x1b, 0), 0x7ffe7b111c40) = 0
ioctl(4, _IOC(_IOC_NONE, 0, 0x1b, 0), 0x7ffe7b111c40) = 0
ioctl(4, _IOC(_IOC_NONE, 0, 0x1b, 0), 0x7ffe7b111c40) = 0
ioctl(3, _IOC(_IOC_READ|_IOC_WRITE, 0x46, 0x2a, 0x20), 0x7ffe7b111b20) = 0
openat(AT_FDCWD, "/dev/nvidia0", O_RDWR|O_CLOEXEC) = 22
fcntl(22, F_GETFD)                      = 0x1 (flags FD_CLOEXEC)
ioctl(22, _IOC(_IOC_READ|_IOC_WRITE, 0x46, 0xc9, 0x4), 0x7ffe7b111b90) = 0
ioctl(22, _IOC(_IOC_READ|_IOC_WRITE, 0x46, 0xce, 0x10), 0x7ffe7b111b90) = 0
ioctl(22, _IOC(_IOC_READ|_IOC_WRITE, 0x46, 0x2b, 0x28), 0x7ffe7b111b00) = 0
write(20, "\1\0\0\0\0\0\0\0", 8)        = 8
futex(0x7ffe7b111bd0, FUTEX_WAIT_BITSET_PRIVATE|FUTEX_CLOCK_REALTIME, 0, {tv_sec=1634792338, tv_nsec=138847000}, FUTEX_BITSET_MATCH_ANY) = 0
ioctl(3, _IOC(_IOC_READ|_IOC_WRITE, 0x46, 0x2b, 0x28), 0x7ffe7b111ad0) = 0
ioctl(3, _IOC(_IOC_READ|_IOC_WRITE, 0x46, 0x4a, 0xb8), 0x7ffe7b110e00) = 0
ioctl(3, _IOC(_IOC_READ|_IOC_WRITE, 0x46, 0x2a, 0x20), 0x7ffe7b110dc0) = 0
openat(AT_FDCWD, "/dev/nvidiactl", O_RDWR|O_CLOEXEC) = 23
fcntl(23, F_GETFD)                      = 0x1 (flags FD_CLOEXEC)
ioctl(3, _IOC(_IOC_READ|_IOC_WRITE, 0x46, 0x4e, 0x38), 0x7ffe7b110f90) = 0
mmap(NULL, 4096, PROT_READ|PROT_WRITE, MAP_SHARED, 23, 0) = 0x7f9a80239000
close(23)                               = 0
ioctl(3, _IOC(_IOC_READ|_IOC_WRITE, 0x46, 0x2b, 0x28), 0x7ffe7b111910) = 0
ioctl(3, _IOC(_IOC_READ|_IOC_WRITE, 0x46, 0x2a, 0x20), 0x7ffe7b111810) = 0
ioctl(3, _IOC(_IOC_READ|_IOC_WRITE, 0x46, 0x2b, 0x28), 0x7ffe7b1118b0) = 0
ioctl(3, _IOC(_IOC_READ|_IOC_WRITE, 0x46, 0x2a, 0x20), 0x7ffe7b1117c0) = 0
ioctl(3, _IOC(_IOC_READ|_IOC_WRITE, 0x46, 0x2a, 0x20), 0x7ffe7b111820) = 0
brk(0x560e862a5000)                     = 0x560e862a5000
ioctl(3, _IOC(_IOC_READ|_IOC_WRITE, 0x46, 0x4a, 0xb8), 0x7ffe7b110e00) = 0
ioctl(3, _IOC(_IOC_READ|_IOC_WRITE, 0x46, 0x2a, 0x20), 0x7ffe7b110dc0) = 0
openat(AT_FDCWD, "/dev/nvidiactl", O_RDWR|O_CLOEXEC) = 23
fcntl(23, F_GETFD)                      = 0x1 (flags FD_CLOEXEC)
ioctl(3, _IOC(_IOC_READ|_IOC_WRITE, 0x46, 0x4e, 0x38), 0x7ffe7b110f90) = 0
mmap(NULL, 4096, PROT_READ|PROT_WRITE, MAP_SHARED, 23, 0) = 0x7f9a80238000
close(23)                               = 0
ioctl(3, _IOC(_IOC_READ|_IOC_WRITE, 0x46, 0x2b, 0x28), 0x7ffe7b111910) = 0
ioctl(3, _IOC(_IOC_READ|_IOC_WRITE, 0x46, 0x2a, 0x20), 0x7ffe7b111810) = 0
ioctl(3, _IOC(_IOC_READ|_IOC_WRITE, 0x46, 0x2b, 0x28), 0x7ffe7b1118b0) = 0
ioctl(3, _IOC(_IOC_READ|_IOC_WRITE, 0x46, 0x2a, 0x20), 0x7ffe7b1117c0) = 0
ioctl(3, _IOC(_IOC_READ|_IOC_WRITE, 0x46, 0x2a, 0x20), 0x7ffe7b111820) = 0
ioctl(3, _IOC(_IOC_READ|_IOC_WRITE, 0x46, 0x4a, 0xb8), 0x7ffe7b110e00) = 0
ioctl(3, _IOC(_IOC_READ|_IOC_WRITE, 0x46, 0x2a, 0x20), 0x7ffe7b110dc0) = 0
openat(AT_FDCWD, "/dev/nvidiactl", O_RDWR|O_CLOEXEC) = 23
fcntl(23, F_GETFD)                      = 0x1 (flags FD_CLOEXEC)
ioctl(3, _IOC(_IOC_READ|_IOC_WRITE, 0x46, 0x4e, 0x38), 0x7ffe7b110f90) = 0
mmap(NULL, 4096, PROT_READ|PROT_WRITE, MAP_SHARED, 23, 0) = 0x7f9a80237000
close(23)                               = 0
ioctl(3, _IOC(_IOC_READ|_IOC_WRITE, 0x46, 0x2b, 0x28), 0x7ffe7b111910) = 0
ioctl(3, _IOC(_IOC_READ|_IOC_WRITE, 0x46, 0x2a, 0x20), 0x7ffe7b111810) = 0
ioctl(3, _IOC(_IOC_READ|_IOC_WRITE, 0x46, 0x2b, 0x28), 0x7ffe7b1118b0) = 0
ioctl(3, _IOC(_IOC_READ|_IOC_WRITE, 0x46, 0x2a, 0x20), 0x7ffe7b1117c0) = 0
ioctl(3, _IOC(_IOC_READ|_IOC_WRITE, 0x46, 0x2a, 0x20), 0x7ffe7b111820) = 0
ioctl(3, _IOC(_IOC_READ|_IOC_WRITE, 0x46, 0x4a, 0xb8), 0x7ffe7b110e00) = 0
ioctl(3, _IOC(_IOC_READ|_IOC_WRITE, 0x46, 0x2a, 0x20), 0x7ffe7b110dc0) = 0
openat(AT_FDCWD, "/dev/nvidiactl", O_RDWR|O_CLOEXEC) = 23
fcntl(23, F_GETFD)                      = 0x1 (flags FD_CLOEXEC)
ioctl(3, _IOC(_IOC_READ|_IOC_WRITE, 0x46, 0x4e, 0x38), 0x7ffe7b110f90) = 0
mmap(NULL, 4096, PROT_READ|PROT_WRITE, MAP_SHARED, 23, 0) = 0x7f9a80236000
close(23)                               = 0
ioctl(3, _IOC(_IOC_READ|_IOC_WRITE, 0x46, 0x2b, 0x28), 0x7ffe7b111910) = 0
ioctl(3, _IOC(_IOC_READ|_IOC_WRITE, 0x46, 0x2a, 0x20), 0x7ffe7b111810) = 0
ioctl(3, _IOC(_IOC_READ|_IOC_WRITE, 0x46, 0x2b, 0x28), 0x7ffe7b1118b0) = 0
ioctl(3, _IOC(_IOC_READ|_IOC_WRITE, 0x46, 0x2a, 0x20), 0x7ffe7b1117c0) = 0
ioctl(3, _IOC(_IOC_READ|_IOC_WRITE, 0x46, 0x2a, 0x20), 0x7ffe7b111820) = 0
ioctl(4, _IOC(_IOC_NONE, 0, 0x1b, 0), 0x7ffe7b111c40) = 0
ioctl(4, _IOC(_IOC_NONE, 0, 0x1b, 0), 0x7ffe7b111c40) = 0
ioctl(4, _IOC(_IOC_NONE, 0, 0x1b, 0), 0x7ffe7b111c40) = 0
ioctl(4, _IOC(_IOC_NONE, 0, 0x1b, 0), 0x7ffe7b111c40) = 0
ioctl(3, _IOC(_IOC_READ|_IOC_WRITE, 0x46, 0x2a, 0x20), 0x7ffe7b111b20) = 0
openat(AT_FDCWD, "/dev/nvidia0", O_RDWR|O_CLOEXEC) = 23
fcntl(23, F_GETFD)                      = 0x1 (flags FD_CLOEXEC)
ioctl(23, _IOC(_IOC_READ|_IOC_WRITE, 0x46, 0xc9, 0x4), 0x7ffe7b111b90) = 0
ioctl(23, _IOC(_IOC_READ|_IOC_WRITE, 0x46, 0xce, 0x10), 0x7ffe7b111b90) = 0
ioctl(23, _IOC(_IOC_READ|_IOC_WRITE, 0x46, 0x2b, 0x28), 0x7ffe7b111b00) = 0
write(20, "\1\0\0\0\0\0\0\0", 8)        = 8
futex(0x7ffe7b111bd0, FUTEX_WAIT_BITSET_PRIVATE|FUTEX_CLOCK_REALTIME, 0, {tv_sec=1634792338, tv_nsec=143602000}, FUTEX_BITSET_MATCH_ANY) = 0
eventfd2(0, EFD_CLOEXEC|EFD_NONBLOCK)   = 24
fcntl(24, F_SETFL, O_RDONLY|O_NONBLOCK) = 0
write(20, "\1\0\0\0\0\0\0\0", 8)        = 8
ioctl(3, _IOC(_IOC_READ|_IOC_WRITE, 0x46, 0x2a, 0x20), 0x7ffe7b111cd0) = 0
mmap(NULL, 8392704, PROT_NONE, MAP_PRIVATE|MAP_ANONYMOUS|MAP_STACK, -1, 0) = 0x7f9a6e7fd000
mprotect(0x7f9a6e7fe000, 8388608, PROT_READ|PROT_WRITE) = 0
brk(0x560e862c6000)                     = 0x560e862c6000
clone(child_stack=0x7f9a6effccf0, flags=CLONE_VM|CLONE_FS|CLONE_FILES|CLONE_SIGHAND|CLONE_THREAD|CLONE_SYSVSEM|CLONE_SETTLS|CLONE_PARENT_SETTID|CLONE_CHILD_CLEARTID, parent_tid=[2097625], tls=0x7f9a6effd700, child_tidptr=0x7f9a6effd9d0) = 2097625
ioctl(3, _IOC(_IOC_READ|_IOC_WRITE, 0x46, 0x4a, 0xb8), 0x7ffe7b111070) = 0
ioctl(4, _IOC(_IOC_NONE, 0, 0x49, 0), 0x7ffe7b111000) = 0
ioctl(4, _IOC(_IOC_NONE, 0, 0x21, 0), 0x7ffe7b110b70) = 0
ioctl(4, _IOC(_IOC_NONE, 0, 0x44, 0), 0x7ffe7b110d90) = 0
mmap(0x204a00000, 2097152, PROT_READ|PROT_WRITE, MAP_SHARED|MAP_FIXED, 4, 0x204a00000) = 0x204a00000
ioctl(4, _IOC(_IOC_NONE, 0, 0x48, 0), 0x7ffe7b110ca0) = 0
ioctl(3, _IOC(_IOC_READ|_IOC_WRITE, 0x46, 0x4a, 0xb8), 0x7ffe7b1110b0) = 0
ioctl(3, _IOC(_IOC_READ|_IOC_WRITE, 0x46, 0x2a, 0x20), 0x7ffe7b111070) = 0
openat(AT_FDCWD, "/dev/nvidiactl", O_RDWR|O_CLOEXEC) = 25
fcntl(25, F_GETFD)                      = 0x1 (flags FD_CLOEXEC)
ioctl(3, _IOC(_IOC_READ|_IOC_WRITE, 0x46, 0x4e, 0x38), 0x7ffe7b111240) = 0
mmap(0x204c00000, 2097152, PROT_READ|PROT_WRITE, MAP_SHARED|MAP_FIXED, 25, 0) = 0x204c00000
close(25)                               = 0
ioctl(4, _IOC(_IOC_NONE, 0, 0x49, 0), 0x7ffe7b111040) = 0
ioctl(4, _IOC(_IOC_NONE, 0, 0x21, 0), 0x7ffe7b110bb0) = 0
brk(0x560e862e8000)                     = 0x560e862e8000
ioctl(4, _IOC(_IOC_NONE, 0, 0x17, 0), 0x7ffe7b111df0) = 0
ioctl(4, _IOC(_IOC_NONE, 0, 0x17, 0), 0x7ffe7b111df0) = 0
ioctl(4, _IOC(_IOC_NONE, 0, 0x17, 0), 0x7ffe7b111df0) = 0
ioctl(4, _IOC(_IOC_NONE, 0, 0x17, 0), 0x7ffe7b111df0) = 0
ioctl(4, _IOC(_IOC_NONE, 0, 0x17, 0), 0x7ffe7b111df0) = 0
ioctl(4, _IOC(_IOC_NONE, 0, 0x17, 0), 0x7ffe7b111df0) = 0
ioctl(4, _IOC(_IOC_NONE, 0, 0x17, 0), 0x7ffe7b111df0) = 0
ioctl(4, _IOC(_IOC_NONE, 0, 0x17, 0), 0x7ffe7b111df0) = 0
ioctl(4, _IOC(_IOC_NONE, 0, 0x17, 0), 0x7ffe7b111df0) = 0
ioctl(4, _IOC(_IOC_NONE, 0, 0x17, 0), 0x7ffe7b111df0) = 0
mmap(0x7f9a66400000, 2097152, PROT_READ|PROT_WRITE, MAP_SHARED|MAP_FIXED|MAP_ANONYMOUS, -1, 0) = 0x7f9a66400000
ioctl(9, _IOC(_IOC_READ|_IOC_WRITE, 0x46, 0x27, 0x38), 0x7ffe7b1113c0) = 0
ioctl(4, _IOC(_IOC_NONE, 0, 0x49, 0), 0x7ffe7b1112e0) = 0
ioctl(4, _IOC(_IOC_NONE, 0, 0x21, 0), 0x7ffe7b110e50) = 0
ioctl(3, _IOC(_IOC_READ|_IOC_WRITE, 0x46, 0x4a, 0xb8), 0x7ffe7b111350) = 0
ioctl(3, _IOC(_IOC_READ|_IOC_WRITE, 0x46, 0x2a, 0x20), 0x7ffe7b111310) = 0
openat(AT_FDCWD, "/dev/nvidiactl", O_RDWR|O_CLOEXEC) = 25
fcntl(25, F_GETFD)                      = 0x1 (flags FD_CLOEXEC)
ioctl(3, _IOC(_IOC_READ|_IOC_WRITE, 0x46, 0x4e, 0x38), 0x7ffe7b1114e0) = 0
mmap(0x7f9a66600000, 2097152, PROT_READ|PROT_WRITE, MAP_SHARED|MAP_FIXED, 25, 0) = 0x7f9a66600000
close(25)                               = 0
ioctl(4, _IOC(_IOC_NONE, 0, 0x49, 0), 0x7ffe7b1112e0) = 0
ioctl(4, _IOC(_IOC_NONE, 0, 0x21, 0), 0x7ffe7b110e50) = 0
brk(0x560e8630e000)                     = 0x560e8630e000
ioctl(3, _IOC(_IOC_READ|_IOC_WRITE, 0x46, 0x4a, 0xb8), 0x7ffe7b1111c0) = 0
ioctl(4, _IOC(_IOC_NONE, 0, 0x49, 0), 0x7ffe7b111150) = 0
ioctl(4, _IOC(_IOC_NONE, 0, 0x21, 0), 0x7ffe7b110cc0) = 0
ioctl(3, _IOC(_IOC_READ|_IOC_WRITE, 0x46, 0x4a, 0xb8), 0x7ffe7b110fd0) = 0
ioctl(3, _IOC(_IOC_READ|_IOC_WRITE, 0x46, 0x2a, 0x20), 0x7ffe7b110f90) = 0
openat(AT_FDCWD, "/dev/nvidiactl", O_RDWR|O_CLOEXEC) = 25
fcntl(25, F_GETFD)                      = 0x1 (flags FD_CLOEXEC)
ioctl(3, _IOC(_IOC_READ|_IOC_WRITE, 0x46, 0x4e, 0x38), 0x7ffe7b111160) = 0
mmap(0x205000000, 2097152, PROT_READ|PROT_WRITE, MAP_SHARED|MAP_FIXED, 25, 0) = 0x205000000
close(25)                               = 0
ioctl(4, _IOC(_IOC_NONE, 0, 0x49, 0), 0x7ffe7b110f60) = 0
ioctl(4, _IOC(_IOC_NONE, 0, 0x21, 0), 0x7ffe7b110ad0) = 0
mmap(0x7f9a66800000, 2097152, PROT_READ|PROT_WRITE, MAP_SHARED|MAP_FIXED|MAP_ANONYMOUS, -1, 0) = 0x7f9a66800000
ioctl(9, _IOC(_IOC_READ|_IOC_WRITE, 0x46, 0x27, 0x38), 0x7ffe7b111110) = 0
ioctl(4, _IOC(_IOC_NONE, 0, 0x49, 0), 0x7ffe7b111030) = 0
ioctl(4, _IOC(_IOC_NONE, 0, 0x21, 0), 0x7ffe7b110ba0) = 0
brk(0x560e8632f000)                     = 0x560e8632f000
ioctl(3, _IOC(_IOC_READ|_IOC_WRITE, 0x46, 0x4a, 0xb8), 0x7ffe7b110f40) = 0
ioctl(4, _IOC(_IOC_NONE, 0, 0x49, 0), 0x7ffe7b110ed0) = 0
ioctl(4, _IOC(_IOC_NONE, 0, 0x21, 0), 0x7ffe7b110a40) = 0
ioctl(4, _IOC(_IOC_NONE, 0, 0x41, 0), 0x7ffe7b1112f0) = 0
mmap(NULL, 2097152, PROT_READ|PROT_WRITE, MAP_SHARED|MAP_ANONYMOUS, -1, 0) = 0x7f9a80036000
ioctl(9, _IOC(_IOC_READ|_IOC_WRITE, 0x46, 0x27, 0x38), 0x7ffe7b111200) = 0
ioctl(4, _IOC(_IOC_NONE, 0, 0x49, 0), 0x7ffe7b111120) = 0
ioctl(4, _IOC(_IOC_NONE, 0, 0x21, 0), 0x7ffe7b110c90) = 0
ioctl(3, _IOC(_IOC_READ|_IOC_WRITE, 0x46, 0x4a, 0xb8), 0x7ffe7b110b10) = 0
ioctl(4, _IOC(_IOC_NONE, 0, 0x49, 0), 0x7ffe7b110aa0) = 0
ioctl(4, _IOC(_IOC_NONE, 0, 0x21, 0), 0x7ffe7b110610) = 0
mkdir("/home", 0700)                    = -1 EEXIST (File exists)
mkdir("/home/user01", 0700)             = -1 EEXIST (File exists)
mkdir("/home/user01/.nv", 0700)         = -1 EEXIST (File exists)
mkdir("/home/user01/.nv/ComputeCache", 0700) = -1 EEXIST (File exists)
ioctl(3, _IOC(_IOC_READ|_IOC_WRITE, 0x46, 0x2b, 0x28), 0x7ffe7b111e50) = 0
ioctl(3, _IOC(_IOC_READ|_IOC_WRITE, 0x46, 0x4a, 0xb8), 0x7ffe7b111350) = 0
ioctl(3, _IOC(_IOC_READ|_IOC_WRITE, 0x46, 0x2a, 0x20), 0x7ffe7b111310) = 0
openat(AT_FDCWD, "/dev/nvidiactl", O_RDWR|O_CLOEXEC) = 25
fcntl(25, F_GETFD)                      = 0x1 (flags FD_CLOEXEC)
ioctl(3, _IOC(_IOC_READ|_IOC_WRITE, 0x46, 0x4e, 0x38), 0x7ffe7b1114e0) = 0
mmap(0x7f9a67000000, 2097152, PROT_READ|PROT_WRITE, MAP_SHARED|MAP_FIXED, 25, 0) = 0x7f9a67000000
close(25)                               = 0
ioctl(4, _IOC(_IOC_NONE, 0, 0x49, 0), 0x7ffe7b1112e0) = 0
ioctl(4, _IOC(_IOC_NONE, 0, 0x21, 0), 0x7ffe7b110e50) = 0
mmap(NULL, 1101824, PROT_READ|PROT_WRITE, MAP_PRIVATE|MAP_ANONYMOUS, -1, 0) = 0x7f9a6e6f0000
brk(0x560e86353000)                     = 0x560e86353000
brk(0x560e8637a000)                     = 0x560e8637a000
brk(0x560e8639b000)                     = 0x560e8639b000
brk(0x560e863c6000)                     = 0x560e863c6000
brk(0x560e863ea000)                     = 0x560e863ea000
brk(0x560e8640b000)                     = 0x560e8640b000
brk(0x560e8642c000)                     = 0x560e8642c000
brk(0x560e8644e000)                     = 0x560e8644e000
brk(0x560e8646f000)                     = 0x560e8646f000
brk(0x560e86490000)                     = 0x560e86490000
mmap(NULL, 2101248, PROT_READ|PROT_WRITE, MAP_PRIVATE|MAP_ANONYMOUS, -1, 0) = 0x7f9a6e4ef000
munmap(0x7f9a6e4ef000, 2101248)         = 0
brk(0x560e864b5000)                     = 0x560e864b5000
brk(0x560e864d6000)                     = 0x560e864d6000
brk(0x560e866e3000)                     = 0x560e866e3000
mmap(0x7f9a67200000, 2097152, PROT_READ|PROT_WRITE, MAP_SHARED|MAP_FIXED|MAP_ANONYMOUS, -1, 0) = 0x7f9a67200000
ioctl(9, _IOC(_IOC_READ|_IOC_WRITE, 0x46, 0x27, 0x38), 0x7ffe7b111260) = 0
ioctl(4, _IOC(_IOC_NONE, 0, 0x49, 0), 0x7ffe7b111180) = 0
ioctl(4, _IOC(_IOC_NONE, 0, 0x21, 0), 0x7ffe7b110cf0) = 0
ioctl(3, _IOC(_IOC_READ|_IOC_WRITE, 0x46, 0x4a, 0xb8), 0x7ffe7b111120) = 0
ioctl(3, _IOC(_IOC_READ|_IOC_WRITE, 0x46, 0x2a, 0x20), 0x7ffe7b1110e0) = 0
openat(AT_FDCWD, "/dev/nvidiactl", O_RDWR|O_CLOEXEC) = 25
fcntl(25, F_GETFD)                      = 0x1 (flags FD_CLOEXEC)
ioctl(3, _IOC(_IOC_READ|_IOC_WRITE, 0x46, 0x4e, 0x38), 0x7ffe7b1112b0) = 0
mmap(0x7f9a67400000, 3354624, PROT_READ|PROT_WRITE, MAP_SHARED|MAP_FIXED, 25, 0) = 0x7f9a67400000
close(25)                               = 0
ioctl(4, _IOC(_IOC_NONE, 0, 0x49, 0), 0x7ffe7b1110b0) = 0
ioctl(4, _IOC(_IOC_NONE, 0, 0x21, 0), 0x7ffe7b110c20) = 0
mmap(NULL, 3354624, PROT_READ|PROT_WRITE, MAP_PRIVATE|MAP_ANONYMOUS, -1, 0) = 0x7f9a6e3bd000
write(24, "\1\0\0\0\0\0\0\0", 8)        = 8
munmap(0x7f9a6e3bd000, 3354624)         = 0
mmap(NULL, 100659200, PROT_NONE, MAP_PRIVATE|MAP_ANONYMOUS, -1, 0) = 0x7f9a5a001000
munmap(0x7f9a5a001000, 33550336)        = 0
ioctl(3, _IOC(_IOC_READ|_IOC_WRITE, 0x46, 0x4a, 0xb8), 0x7ffe7b111130) = 0
ioctl(4, _IOC(_IOC_NONE, 0, 0x49, 0), 0x7ffe7b1110c0) = 0
ioctl(4, _IOC(_IOC_NONE, 0, 0x21, 0), 0x7ffe7b110c30) = 0
mmap(NULL, 39174144, PROT_READ|PROT_WRITE, MAP_PRIVATE|MAP_ANONYMOUS, -1, 0) = 0x7f9a6c194000
munmap(0x7f9a6c194000, 39174144)        = 0
ioctl(3, _IOC(_IOC_READ|_IOC_WRITE, 0x46, 0x4a, 0xb8), 0x7ffe7b111110) = 0
ioctl(4, _IOC(_IOC_NONE, 0, 0x49, 0), 0x7ffe7b1110a0) = 0
ioctl(4, _IOC(_IOC_NONE, 0, 0x21, 0), 0x7ffe7b110c10) = 0
brk(0x560e8673c000)                     = 0x560e8673c000
brk(0x560e86761000)                     = 0x560e86761000
openat(AT_FDCWD, "/dev/nvidia0", O_RDWR|O_CLOEXEC) = 25
fcntl(25, F_GETFD)                      = 0x1 (flags FD_CLOEXEC)
ioctl(25, _IOC(_IOC_READ|_IOC_WRITE, 0x46, 0xc9, 0x4), 0x7ffe7b111d50) = 0
ioctl(25, _IOC(_IOC_READ|_IOC_WRITE, 0x46, 0xce, 0x10), 0x7ffe7b111d50) = 0
ioctl(25, _IOC(_IOC_READ|_IOC_WRITE, 0x46, 0x2b, 0x28), 0x7ffe7b111cc0) = 0
write(20, "\1\0\0\0\0\0\0\0", 8)        = 8
openat(AT_FDCWD, "/dev/nvidia0", O_RDWR|O_CLOEXEC) = 26
fcntl(26, F_GETFD)                      = 0x1 (flags FD_CLOEXEC)
ioctl(26, _IOC(_IOC_READ|_IOC_WRITE, 0x46, 0xc9, 0x4), 0x7ffe7b111d50) = 0
ioctl(26, _IOC(_IOC_READ|_IOC_WRITE, 0x46, 0xce, 0x10), 0x7ffe7b111d50) = 0
ioctl(26, _IOC(_IOC_READ|_IOC_WRITE, 0x46, 0x2b, 0x28), 0x7ffe7b111cc0) = 0
write(20, "\1\0\0\0\0\0\0\0", 8)        = 8
openat(AT_FDCWD, "/dev/nvidia0", O_RDWR|O_CLOEXEC) = 27
fcntl(27, F_GETFD)                      = 0x1 (flags FD_CLOEXEC)
ioctl(27, _IOC(_IOC_READ|_IOC_WRITE, 0x46, 0xc9, 0x4), 0x7ffe7b111d50) = 0
ioctl(27, _IOC(_IOC_READ|_IOC_WRITE, 0x46, 0xce, 0x10), 0x7ffe7b111d50) = 0
ioctl(27, _IOC(_IOC_READ|_IOC_WRITE, 0x46, 0x2b, 0x28), 0x7ffe7b111cc0) = 0
write(20, "\1\0\0\0\0\0\0\0", 8)        = 8
openat(AT_FDCWD, "/dev/nvidia0", O_RDWR|O_CLOEXEC) = 28
fcntl(28, F_GETFD)                      = 0x1 (flags FD_CLOEXEC)
ioctl(28, _IOC(_IOC_READ|_IOC_WRITE, 0x46, 0xc9, 0x4), 0x7ffe7b111d50) = 0
ioctl(28, _IOC(_IOC_READ|_IOC_WRITE, 0x46, 0xce, 0x10), 0x7ffe7b111d50) = 0
ioctl(28, _IOC(_IOC_READ|_IOC_WRITE, 0x46, 0x2b, 0x28), 0x7ffe7b111cc0) = 0
write(20, "\1\0\0\0\0\0\0\0", 8)        = 8
ioctl(3, _IOC(_IOC_READ|_IOC_WRITE, 0x46, 0x2a, 0x20), 0x7ffe7b111bf0) = 0
ioctl(3, _IOC(_IOC_READ|_IOC_WRITE, 0x46, 0x2a, 0x20), 0x7ffe7b111cd0) = 0
ioctl(3, _IOC(_IOC_READ|_IOC_WRITE, 0x46, 0x2a, 0x20), 0x7ffe7b111d10) = 0
mmap(NULL, 268431360, PROT_NONE, MAP_PRIVATE|MAP_ANONYMOUS, -1, 0) = 0x7f9a4c001000
munmap(0x7f9a4c001000, 33550336)        = 0
ioctl(3, _IOC(_IOC_READ|_IOC_WRITE, 0x46, 0x4a, 0xb8), 0x7ffe7b1110e0) = 0
ioctl(4, _IOC(_IOC_NONE, 0, 0x49, 0), 0x7ffe7b111070) = 0
ioctl(4, _IOC(_IOC_NONE, 0, 0x21, 0), 0x7ffe7b110be0) = 0
brk(0x560e867ce000)                     = 0x560e867ce000
brk(0x560e867fa000)                     = 0x560e867fa000
brk(0x560e86820000)                     = 0x560e86820000
ioctl(3, _IOC(_IOC_READ|_IOC_WRITE, 0x46, 0x2a, 0x20), 0x7ffe7b111d10) = 0
pipe2([29, 30], O_CLOEXEC)              = 0
fcntl(29, F_SETFL, O_RDONLY|O_NONBLOCK) = 0
fcntl(30, F_SETFL, O_RDONLY|O_NONBLOCK) = 0
write(20, "\1\0\0\0\0\0\0\0", 8)        = 8
futex(0x7ffe7b111dd0, FUTEX_WAIT_BITSET_PRIVATE|FUTEX_CLOCK_REALTIME, 0, {tv_sec=1634792338, tv_nsec=207112000}, FUTEX_BITSET_MATCH_ANY) = 0
openat(AT_FDCWD, "/home/user01/.nv/ComputeCache/index", O_RDWR) = 31
fcntl(31, F_SETLK, {l_type=F_RDLCK, l_whence=SEEK_SET, l_start=0, l_len=0}) = 0
fstat(31, {st_mode=S_IFREG|0664, st_size=1536, ...}) = 0
lseek(31, 0, SEEK_SET)                  = 0
read(31, "A\0\0\0_\0\0\0003<\25\0\0\0\0\0\6\366\370\200k\2546\360\267\207\0\0\0\0\0\0"..., 4096) = 1536
openat(AT_FDCWD, "/home/user01/.nv/ComputeCache/4/a/dabd3b6c825d50", O_RDONLY) = 32
fstat(32, {st_mode=S_IFREG|0664, st_size=3797, ...}) = 0
read(32, "A\0\0\0Q\3\0\0\0\0\0\0h\v\0\0\0\0\0\0U\307o\206\323\307\nOJul "..., 4096) = 3797
fcntl(31, F_SETLK, {l_type=F_UNLCK, l_whence=SEEK_SET, l_start=0, l_len=0}) = 0
close(31)                               = 0
close(32)                               = 0
mmap(NULL, 4060082176, PROT_NONE, MAP_PRIVATE|MAP_ANONYMOUS, -1, 0) = 0x7f995c001000
munmap(0x7f995c001000, 33550336)        = 0
ioctl(3, _IOC(_IOC_READ|_IOC_WRITE, 0x46, 0x4a, 0xb8), 0x7ffe7b111b90) = 0
ioctl(4, _IOC(_IOC_NONE, 0, 0x49, 0), 0x7ffe7b111b20) = 0
ioctl(4, _IOC(_IOC_NONE, 0, 0x21, 0), 0x7ffe7b111690) = 0
clock_gettime(CLOCK_PROCESS_CPUTIME_ID, {tv_sec=0, tv_nsec=214010869}) = 0
fstat(1, {st_mode=S_IFCHR|0620, st_rdev=makedev(0x88, 0x1), ...}) = 0
write(1, "master first time 0.097899\n", 27) = 27
clock_gettime(CLOCK_PROCESS_CPUTIME_ID, {tv_sec=0, tv_nsec=214062288}) = 0
mmap(NULL, 4060082176, PROT_NONE, MAP_PRIVATE|MAP_ANONYMOUS, -1, 0) = 0x7f986c001000
munmap(0x7f986c001000, 33550336)        = 0
ioctl(3, _IOC(_IOC_READ|_IOC_WRITE, 0x46, 0x4a, 0xb8), 0x7ffe7b111b90) = 0
ioctl(4, _IOC(_IOC_NONE, 0, 0x49, 0), 0x7ffe7b111b20) = 0
ioctl(4, _IOC(_IOC_NONE, 0, 0x21, 0), 0x7ffe7b111690) = 0
clock_gettime(CLOCK_PROCESS_CPUTIME_ID, {tv_sec=0, tv_nsec=217350960}) = 0
write(1, "master second time 0.003288\n", 28) = 28
mmap(NULL, 8392704, PROT_NONE, MAP_PRIVATE|MAP_ANONYMOUS|MAP_STACK, -1, 0) = 0x7f9a6deef000
mprotect(0x7f9a6def0000, 8388608, PROT_READ|PROT_WRITE) = 0
clone(child_stack=0x7f9a6e6eecf0, flags=CLONE_VM|CLONE_FS|CLONE_FILES|CLONE_SIGHAND|CLONE_THREAD|CLONE_SYSVSEM|CLONE_SETTLS|CLONE_PARENT_SETTID|CLONE_CHILD_CLEARTID, parent_tid=[2097626], tls=0x7f9a6e6ef700, child_tidptr=0x7f9a6e6ef9d0) = 2097626
futex(0x7f9a6e6ef9d0, FUTEX_WAIT, 2097626, NULL) = 0
ioctl(4, _IOC(_IOC_NONE, 0, 0x22, 0), 0x7ffe7b112360) = 0
ioctl(3, _IOC(_IOC_READ|_IOC_WRITE, 0x46, 0x29, 0x10), 0x7ffe7b1124b0) = 0
munmap(0x7f995e000000, 4026531840)      = 0
ioctl(4, _IOC(_IOC_NONE, 0, 0x22, 0), 0x7ffe7b112360) = 0
ioctl(3, _IOC(_IOC_READ|_IOC_WRITE, 0x46, 0x29, 0x10), 0x7ffe7b1124b0) = 0
munmap(0x7f9778000000, 4026531840)      = 0
ioctl(4, _IOC(_IOC_NONE, 0, 0x22, 0), 0x7ffe7b112360) = 0
ioctl(3, _IOC(_IOC_READ|_IOC_WRITE, 0x46, 0x29, 0x10), 0x7ffe7b1124b0) = 0
munmap(0x7f9688000000, 4026531840)      = 0
exit_group(0)                           = ?
+++ exited with 0 +++
