execve("./a.out", ["./a.out"], 0x7ffcb5cb7060 /* 32 vars */) = 0
brk(NULL)                               = 0x55918422b000
arch_prctl(0x3001 /* ARCH_??? */, 0x7ffdc4de39a0) = -1 EINVAL (Invalid argument)
access("/etc/ld.so.preload", R_OK)      = -1 ENOENT (No such file or directory)
openat(AT_FDCWD, "/etc/ld.so.cache", O_RDONLY|O_CLOEXEC) = 3
fstat(3, {st_mode=S_IFREG|0644, st_size=75516, ...}) = 0
mmap(NULL, 75516, PROT_READ, MAP_PRIVATE, 3, 0) = 0x7f9863178000
close(3)                                = 0
openat(AT_FDCWD, "/lib/x86_64-linux-gnu/librt.so.1", O_RDONLY|O_CLOEXEC) = 3
read(3, "\177ELF\2\1\1\0\0\0\0\0\0\0\0\0\3\0>\0\1\0\0\0 7\0\0\0\0\0\0"..., 832) = 832
fstat(3, {st_mode=S_IFREG|0644, st_size=40040, ...}) = 0
mmap(NULL, 8192, PROT_READ|PROT_WRITE, MAP_PRIVATE|MAP_ANONYMOUS, -1, 0) = 0x7f9863176000
mmap(NULL, 44000, PROT_READ, MAP_PRIVATE|MAP_DENYWRITE, 3, 0) = 0x7f986316b000
mprotect(0x7f986316e000, 24576, PROT_NONE) = 0
mmap(0x7f986316e000, 16384, PROT_READ|PROT_EXEC, MAP_PRIVATE|MAP_FIXED|MAP_DENYWRITE, 3, 0x3000) = 0x7f986316e000
mmap(0x7f9863172000, 4096, PROT_READ, MAP_PRIVATE|MAP_FIXED|MAP_DENYWRITE, 3, 0x7000) = 0x7f9863172000
mmap(0x7f9863174000, 8192, PROT_READ|PROT_WRITE, MAP_PRIVATE|MAP_FIXED|MAP_DENYWRITE, 3, 0x8000) = 0x7f9863174000
close(3)                                = 0
openat(AT_FDCWD, "/lib/x86_64-linux-gnu/libpthread.so.0", O_RDONLY|O_CLOEXEC) = 3
read(3, "\177ELF\2\1\1\0\0\0\0\0\0\0\0\0\3\0>\0\1\0\0\0\220\201\0\0\0\0\0\0"..., 832) = 832
pread64(3, "\4\0\0\0\24\0\0\0\3\0\0\0GNU\0\345Ga\367\265T\320\374\301V)Yf]\223\337"..., 68, 824) = 68
fstat(3, {st_mode=S_IFREG|0755, st_size=157224, ...}) = 0
pread64(3, "\4\0\0\0\24\0\0\0\3\0\0\0GNU\0\345Ga\367\265T\320\374\301V)Yf]\223\337"..., 68, 824) = 68
mmap(NULL, 140408, PROT_READ, MAP_PRIVATE|MAP_DENYWRITE, 3, 0) = 0x7f9863148000
mmap(0x7f986314f000, 69632, PROT_READ|PROT_EXEC, MAP_PRIVATE|MAP_FIXED|MAP_DENYWRITE, 3, 0x7000) = 0x7f986314f000
mmap(0x7f9863160000, 20480, PROT_READ, MAP_PRIVATE|MAP_FIXED|MAP_DENYWRITE, 3, 0x18000) = 0x7f9863160000
mmap(0x7f9863165000, 8192, PROT_READ|PROT_WRITE, MAP_PRIVATE|MAP_FIXED|MAP_DENYWRITE, 3, 0x1c000) = 0x7f9863165000
mmap(0x7f9863167000, 13432, PROT_READ|PROT_WRITE, MAP_PRIVATE|MAP_FIXED|MAP_ANONYMOUS, -1, 0) = 0x7f9863167000
close(3)                                = 0
openat(AT_FDCWD, "/lib/x86_64-linux-gnu/libdl.so.2", O_RDONLY|O_CLOEXEC) = 3
read(3, "\177ELF\2\1\1\0\0\0\0\0\0\0\0\0\3\0>\0\1\0\0\0 \22\0\0\0\0\0\0"..., 832) = 832
fstat(3, {st_mode=S_IFREG|0644, st_size=18816, ...}) = 0
mmap(NULL, 20752, PROT_READ, MAP_PRIVATE|MAP_DENYWRITE, 3, 0) = 0x7f9863142000
mmap(0x7f9863143000, 8192, PROT_READ|PROT_EXEC, MAP_PRIVATE|MAP_FIXED|MAP_DENYWRITE, 3, 0x1000) = 0x7f9863143000
mmap(0x7f9863145000, 4096, PROT_READ, MAP_PRIVATE|MAP_FIXED|MAP_DENYWRITE, 3, 0x3000) = 0x7f9863145000
mmap(0x7f9863146000, 8192, PROT_READ|PROT_WRITE, MAP_PRIVATE|MAP_FIXED|MAP_DENYWRITE, 3, 0x3000) = 0x7f9863146000
close(3)                                = 0
openat(AT_FDCWD, "/lib/x86_64-linux-gnu/libstdc++.so.6", O_RDONLY|O_CLOEXEC) = 3
read(3, "\177ELF\2\1\1\3\0\0\0\0\0\0\0\0\3\0>\0\1\0\0\0`\341\t\0\0\0\0\0"..., 832) = 832
fstat(3, {st_mode=S_IFREG|0644, st_size=1956992, ...}) = 0
mmap(NULL, 1972224, PROT_READ, MAP_PRIVATE|MAP_DENYWRITE, 3, 0) = 0x7f9862f60000
mprotect(0x7f9862ff6000, 1290240, PROT_NONE) = 0
mmap(0x7f9862ff6000, 987136, PROT_READ|PROT_EXEC, MAP_PRIVATE|MAP_FIXED|MAP_DENYWRITE, 3, 0x96000) = 0x7f9862ff6000
mmap(0x7f98630e7000, 299008, PROT_READ, MAP_PRIVATE|MAP_FIXED|MAP_DENYWRITE, 3, 0x187000) = 0x7f98630e7000
mmap(0x7f9863131000, 57344, PROT_READ|PROT_WRITE, MAP_PRIVATE|MAP_FIXED|MAP_DENYWRITE, 3, 0x1d0000) = 0x7f9863131000
mmap(0x7f986313f000, 10240, PROT_READ|PROT_WRITE, MAP_PRIVATE|MAP_FIXED|MAP_ANONYMOUS, -1, 0) = 0x7f986313f000
close(3)                                = 0
openat(AT_FDCWD, "/lib/x86_64-linux-gnu/libgcc_s.so.1", O_RDONLY|O_CLOEXEC) = 3
read(3, "\177ELF\2\1\1\0\0\0\0\0\0\0\0\0\3\0>\0\1\0\0\0\3405\0\0\0\0\0\0"..., 832) = 832
fstat(3, {st_mode=S_IFREG|0644, st_size=104984, ...}) = 0
mmap(NULL, 107592, PROT_READ, MAP_PRIVATE|MAP_DENYWRITE, 3, 0) = 0x7f9862f45000
mmap(0x7f9862f48000, 73728, PROT_READ|PROT_EXEC, MAP_PRIVATE|MAP_FIXED|MAP_DENYWRITE, 3, 0x3000) = 0x7f9862f48000
mmap(0x7f9862f5a000, 16384, PROT_READ, MAP_PRIVATE|MAP_FIXED|MAP_DENYWRITE, 3, 0x15000) = 0x7f9862f5a000
mmap(0x7f9862f5e000, 8192, PROT_READ|PROT_WRITE, MAP_PRIVATE|MAP_FIXED|MAP_DENYWRITE, 3, 0x18000) = 0x7f9862f5e000
close(3)                                = 0
openat(AT_FDCWD, "/lib/x86_64-linux-gnu/libc.so.6", O_RDONLY|O_CLOEXEC) = 3
read(3, "\177ELF\2\1\1\3\0\0\0\0\0\0\0\0\3\0>\0\1\0\0\0\360q\2\0\0\0\0\0"..., 832) = 832
pread64(3, "\6\0\0\0\4\0\0\0@\0\0\0\0\0\0\0@\0\0\0\0\0\0\0@\0\0\0\0\0\0\0"..., 784, 64) = 784
pread64(3, "\4\0\0\0\20\0\0\0\5\0\0\0GNU\0\2\0\0\300\4\0\0\0\3\0\0\0\0\0\0\0", 32, 848) = 32
pread64(3, "\4\0\0\0\24\0\0\0\3\0\0\0GNU\0\t\233\222%\274\260\320\31\331\326\10\204\276X>\263"..., 68, 880) = 68
fstat(3, {st_mode=S_IFREG|0755, st_size=2029224, ...}) = 0
pread64(3, "\6\0\0\0\4\0\0\0@\0\0\0\0\0\0\0@\0\0\0\0\0\0\0@\0\0\0\0\0\0\0"..., 784, 64) = 784
pread64(3, "\4\0\0\0\20\0\0\0\5\0\0\0GNU\0\2\0\0\300\4\0\0\0\3\0\0\0\0\0\0\0", 32, 848) = 32
pread64(3, "\4\0\0\0\24\0\0\0\3\0\0\0GNU\0\t\233\222%\274\260\320\31\331\326\10\204\276X>\263"..., 68, 880) = 68
mmap(NULL, 2036952, PROT_READ, MAP_PRIVATE|MAP_DENYWRITE, 3, 0) = 0x7f9862d53000
mprotect(0x7f9862d78000, 1847296, PROT_NONE) = 0
mmap(0x7f9862d78000, 1540096, PROT_READ|PROT_EXEC, MAP_PRIVATE|MAP_FIXED|MAP_DENYWRITE, 3, 0x25000) = 0x7f9862d78000
mmap(0x7f9862ef0000, 303104, PROT_READ, MAP_PRIVATE|MAP_FIXED|MAP_DENYWRITE, 3, 0x19d000) = 0x7f9862ef0000
mmap(0x7f9862f3b000, 24576, PROT_READ|PROT_WRITE, MAP_PRIVATE|MAP_FIXED|MAP_DENYWRITE, 3, 0x1e7000) = 0x7f9862f3b000
mmap(0x7f9862f41000, 13528, PROT_READ|PROT_WRITE, MAP_PRIVATE|MAP_FIXED|MAP_ANONYMOUS, -1, 0) = 0x7f9862f41000
close(3)                                = 0
openat(AT_FDCWD, "/lib/x86_64-linux-gnu/libm.so.6", O_RDONLY|O_CLOEXEC) = 3
read(3, "\177ELF\2\1\1\3\0\0\0\0\0\0\0\0\3\0>\0\1\0\0\0\300\363\0\0\0\0\0\0"..., 832) = 832
fstat(3, {st_mode=S_IFREG|0644, st_size=1369352, ...}) = 0
mmap(NULL, 8192, PROT_READ|PROT_WRITE, MAP_PRIVATE|MAP_ANONYMOUS, -1, 0) = 0x7f9862d51000
mmap(NULL, 1368336, PROT_READ, MAP_PRIVATE|MAP_DENYWRITE, 3, 0) = 0x7f9862c02000
mmap(0x7f9862c11000, 684032, PROT_READ|PROT_EXEC, MAP_PRIVATE|MAP_FIXED|MAP_DENYWRITE, 3, 0xf000) = 0x7f9862c11000
mmap(0x7f9862cb8000, 618496, PROT_READ, MAP_PRIVATE|MAP_FIXED|MAP_DENYWRITE, 3, 0xb6000) = 0x7f9862cb8000
mmap(0x7f9862d4f000, 8192, PROT_READ|PROT_WRITE, MAP_PRIVATE|MAP_FIXED|MAP_DENYWRITE, 3, 0x14c000) = 0x7f9862d4f000
close(3)                                = 0
mmap(NULL, 12288, PROT_READ|PROT_WRITE, MAP_PRIVATE|MAP_ANONYMOUS, -1, 0) = 0x7f9862bff000
arch_prctl(ARCH_SET_FS, 0x7f9862bffa00) = 0
mprotect(0x7f9862f3b000, 12288, PROT_READ) = 0
mprotect(0x7f9862d4f000, 4096, PROT_READ) = 0
mprotect(0x7f9862f5e000, 4096, PROT_READ) = 0
mprotect(0x7f9863131000, 45056, PROT_READ) = 0
mprotect(0x7f9863146000, 4096, PROT_READ) = 0
mprotect(0x7f9863165000, 4096, PROT_READ) = 0
mprotect(0x7f9863174000, 4096, PROT_READ) = 0
mprotect(0x559182657000, 16384, PROT_READ) = 0
mprotect(0x7f98631b8000, 4096, PROT_READ) = 0
munmap(0x7f9863178000, 75516)           = 0
set_tid_address(0x7f9862bffcd0)         = 2094270
set_robust_list(0x7f9862bffce0, 24)     = 0
rt_sigaction(SIGRTMIN, {sa_handler=0x7f986314fbf0, sa_mask=[], sa_flags=SA_RESTORER|SA_SIGINFO, sa_restorer=0x7f986315d3c0}, NULL, 8) = 0
rt_sigaction(SIGRT_1, {sa_handler=0x7f986314fc90, sa_mask=[], sa_flags=SA_RESTORER|SA_RESTART|SA_SIGINFO, sa_restorer=0x7f986315d3c0}, NULL, 8) = 0
rt_sigprocmask(SIG_UNBLOCK, [RTMIN RT_1], NULL, 8) = 0
prlimit64(0, RLIMIT_STACK, NULL, {rlim_cur=8192*1024, rlim_max=RLIM64_INFINITY}) = 0
brk(NULL)                               = 0x55918422b000
brk(0x55918424c000)                     = 0x55918424c000
futex(0x55918265ba38, FUTEX_WAKE_PRIVATE, 2147483647) = 0
futex(0x7f98631470c8, FUTEX_WAKE_PRIVATE, 2147483647) = 0
openat(AT_FDCWD, "/etc/ld.so.cache", O_RDONLY|O_CLOEXEC) = 3
fstat(3, {st_mode=S_IFREG|0644, st_size=75516, ...}) = 0
mmap(NULL, 75516, PROT_READ, MAP_PRIVATE, 3, 0) = 0x7f9863178000
close(3)                                = 0
openat(AT_FDCWD, "/lib/x86_64-linux-gnu/libcuda.so.1", O_RDONLY|O_CLOEXEC) = 3
read(3, "\177ELF\2\1\1\0\0\0\0\0\0\0\0\0\3\0>\0\1\0\0\0 j\r\0\0\0\0\0"..., 832) = 832
fstat(3, {st_mode=S_IFREG|0644, st_size=22267208, ...}) = 0
mmap(NULL, 24493992, PROT_READ|PROT_EXEC, MAP_PRIVATE|MAP_DENYWRITE, 3, 0) = 0x7f98614a3000
mprotect(0x7f98627e7000, 2093056, PROT_NONE) = 0
mmap(0x7f98629e6000, 2068480, PROT_READ|PROT_WRITE, MAP_PRIVATE|MAP_FIXED|MAP_DENYWRITE, 3, 0x1343000) = 0x7f98629e6000
mmap(0x7f9862bdf000, 130984, PROT_READ|PROT_WRITE, MAP_PRIVATE|MAP_FIXED|MAP_ANONYMOUS, -1, 0) = 0x7f9862bdf000
close(3)                                = 0
mprotect(0x7f98629e6000, 974848, PROT_READ) = 0
sched_get_priority_max(SCHED_RR)        = 99
sched_get_priority_min(SCHED_RR)        = 1
munmap(0x7f9863178000, 75516)           = 0
getpid()                                = 2094270
openat(AT_FDCWD, "/sys/devices/system/cpu/online", O_RDONLY|O_CLOEXEC) = 3
read(3, "0-63\n", 8192)                 = 5
close(3)                                = 0
mmap(NULL, 135168, PROT_READ|PROT_WRITE, MAP_PRIVATE|MAP_ANONYMOUS, -1, 0) = 0x7f9861482000
sched_getaffinity(2094270, 8, [0, 1, 2, 3, 4, 5, 6, 7, 8, 9, 10, 11, 12, 13, 14, 15, 16, 17, 18, 19, 20, 21, 22, 23, 24, 25, 26, 27, 28, 29, 30, 31, 32, 33, 34, 35, 36, 37, 38, 39, 40, 41, 42, 43, 44, 45, 46, 47, 48, 49, 50, 51, 52, 53, 54, 55, 56, 57, 58, 59, 60, 61, 62, 63]) = 8
munmap(0x7f9861482000, 135168)          = 0
openat(AT_FDCWD, "/proc/sys/vm/mmap_min_addr", O_RDONLY) = 3
fstat(3, {st_mode=S_IFREG|0644, st_size=0, ...}) = 0
read(3, "65536\n", 1024)                = 6
close(3)                                = 0
openat(AT_FDCWD, "/proc/cpuinfo", O_RDONLY) = 3
fstat(3, {st_mode=S_IFREG|0444, st_size=0, ...}) = 0
read(3, "processor\t: 0\nvendor_id\t: Genuin"..., 1024) = 1024
read(3, " smap clflushopt clwb intel_pt a"..., 1024) = 1024
close(3)                                = 0
openat(AT_FDCWD, "/proc/self/maps", O_RDONLY) = 3
brk(0x55918426e000)                     = 0x55918426e000
fstat(3, {st_mode=S_IFREG|0444, st_size=0, ...}) = 0
read(3, "5591825e5000-5591825ec000 r--p 0"..., 1024) = 1024
read(3, "6618                   /usr/lib/"..., 1024) = 1024
read(3, "         /usr/lib/x86_64-linux-g"..., 1024) = 1024
read(3, "w-p 00019000 08:02 52303453     "..., 1024) = 1024
read(3, "           /usr/lib/x86_64-linux"..., 1024) = 1024
read(3, "0 0 \n7f986316b000-7f986316e000 r"..., 1024) = 1024
read(3, " /usr/lib/x86_64-linux-gnu/ld-2."..., 1024) = 632
close(3)                                = 0
getpid()                                = 2094270
futex(0x7f9862be8bbc, FUTEX_WAKE_PRIVATE, 2147483647) = 0
statfs("/dev/shm/", {f_type=TMPFS_MAGIC, f_bsize=4096, f_blocks=49355490, f_bfree=49355490, f_bavail=49355490, f_files=49355490, f_ffree=49355486, f_fsid={val=[0, 0]}, f_namelen=255, f_frsize=4096, f_flags=ST_VALID|ST_NOSUID|ST_NODEV}) = 0
futex(0x7f986316a390, FUTEX_WAKE_PRIVATE, 2147483647) = 0
openat(AT_FDCWD, "/dev/shm/cuda_injection_path_shm", O_RDWR|O_NOFOLLOW|O_CLOEXEC) = -1 ENOENT (No such file or directory)
openat(AT_FDCWD, "/home/user01/.nv/nvidia-application-profile-globals-rc", O_RDONLY) = -1 ENOENT (No such file or directory)
openat(AT_FDCWD, "/home/user01/.nv/nvidia-application-profiles-rc", O_RDONLY) = -1 ENOENT (No such file or directory)
openat(AT_FDCWD, "/home/user01/.nv/nvidia-application-profiles-rc.d", O_RDONLY) = -1 ENOENT (No such file or directory)
openat(AT_FDCWD, "/etc/nvidia/nvidia-application-profiles-rc", O_RDONLY) = -1 ENOENT (No such file or directory)
openat(AT_FDCWD, "/etc/nvidia/nvidia-application-profiles-rc.d/", O_RDONLY) = -1 ENOENT (No such file or directory)
openat(AT_FDCWD, "/usr/share/nvidia/nvidia-application-profiles-470.57.02-rc", O_RDONLY) = 3
fstat(3, {st_mode=S_IFREG|0644, st_size=9082, ...}) = 0
fstat(3, {st_mode=S_IFREG|0644, st_size=9082, ...}) = 0
read(3, "# Application profiles for the N"..., 8192) = 8192
read(3, "gcoord\" },\n        { \"pattern\": "..., 4096) = 890
brk(0x55918428f000)                     = 0x55918428f000
close(3)                                = 0
openat(AT_FDCWD, "/usr/share/nvidia/nvidia-application-profiles-rc", O_RDONLY) = -1 ENOENT (No such file or directory)
getpid()                                = 2094270
readlink("/proc/2094270/exe", "/home/user01/microbench/gpu_cont"..., 4095) = 47
openat(AT_FDCWD, "/proc/self/comm", O_RDONLY) = 3
fstat(3, {st_mode=S_IFREG|0644, st_size=0, ...}) = 0
read(3, "a.out\n", 4096)                = 6
read(3, "", 3072)                       = 0
close(3)                                = 0
getpid()                                = 2094270
geteuid()                               = 1000
socket(AF_UNIX, SOCK_SEQPACKET|SOCK_CLOEXEC, 0) = 3
setsockopt(3, SOL_SOCKET, SO_PASSCRED, [1], 4) = 0
connect(3, {sa_family=AF_UNIX, sun_path="/tmp/nvidia-mps/control"}, 26) = -1 ECONNREFUSED (Connection refused)
close(3)                                = 0
lstat("/proc", {st_mode=S_IFDIR|0555, st_size=0, ...}) = 0
lstat("/proc/self", {st_mode=S_IFLNK|0777, st_size=0, ...}) = 0
readlink("/proc/self", "2094270", 4095) = 7
lstat("/proc/2094270", {st_mode=S_IFDIR|0555, st_size=0, ...}) = 0
lstat("/proc/2094270/exe", {st_mode=S_IFLNK|0777, st_size=0, ...}) = 0
readlink("/proc/2094270/exe", "/home/user01/microbench/gpu_cont"..., 4095) = 47
lstat("/home", {st_mode=S_IFDIR|0755, st_size=4096, ...}) = 0
lstat("/home/user01", {st_mode=S_IFDIR|0755, st_size=4096, ...}) = 0
lstat("/home/user01/microbench", {st_mode=S_IFDIR|0775, st_size=4096, ...}) = 0
lstat("/home/user01/microbench/gpu_context_share", {st_mode=S_IFDIR|0775, st_size=4096, ...}) = 0
lstat("/home/user01/microbench/gpu_context_share/a.out", {st_mode=S_IFREG|0775, st_size=658728, ...}) = 0
openat(AT_FDCWD, "/proc/modules", O_RDONLY) = 3
fstat(3, {st_mode=S_IFREG|0444, st_size=0, ...}) = 0
read(3, "ufs 81920 0 - Live 0x00000000000"..., 1024) = 1024
read(3, "2 nf_conntrack_netlink, Live 0x0"..., 1024) = 1024
read(3, "0000000000\nscsi_dh_emc 16384 0 -"..., 1024) = 1024
read(3, "0000000\ndell_wmi_descriptor 2048"..., 1024) = 1024
read(3, "84 0 - Live 0x0000000000000000\nn"..., 1024) = 1024
read(3, "0x0000000000000000\nlibcrc32c 163"..., 1024) = 1024
close(3)                                = 0
openat(AT_FDCWD, "/proc/driver/nvidia/params", O_RDONLY) = 3
fstat(3, {st_mode=S_IFREG|0444, st_size=0, ...}) = 0
read(3, "ResmanDebugLevel: 4294967295\nRmL"..., 1024) = 803
close(3)                                = 0
stat("/dev/nvidiactl", {st_mode=S_IFCHR|0666, st_rdev=makedev(0xc3, 0xff), ...}) = 0
openat(AT_FDCWD, "/dev/nvidiactl", O_RDWR) = 3
fcntl(3, F_SETFD, FD_CLOEXEC)           = 0
ioctl(3, _IOC(_IOC_READ|_IOC_WRITE, 0x46, 0xd2, 0x48), 0x7ffdc4ddffa0) = 0
openat(AT_FDCWD, "/sys/devices/system/memory/block_size_bytes", O_RDONLY) = 4
read(4, "40000000\n", 99)               = 9
close(4)                                = 0
ioctl(3, _IOC(_IOC_READ|_IOC_WRITE, 0x46, 0xd6, 0x8), 0x7ffdc4ddffa0) = 0
ioctl(3, _IOC(_IOC_READ|_IOC_WRITE, 0x46, 0xc8, 0x900), 0x7f9862bf01c0) = 0
ioctl(3, _IOC(_IOC_READ|_IOC_WRITE, 0x46, 0x2b, 0x20), 0x7ffdc4ddffa0) = 0
ioctl(3, _IOC(_IOC_READ|_IOC_WRITE, 0x46, 0x2a, 0x20), 0x7ffdc4ddfef0) = 0
ioctl(3, _IOC(_IOC_READ|_IOC_WRITE, 0x46, 0x29, 0x10), 0x7ffdc4ddfff0) = 0
close(3)                                = 0
openat(AT_FDCWD, "/proc/modules", O_RDONLY) = 3
fstat(3, {st_mode=S_IFREG|0444, st_size=0, ...}) = 0
read(3, "ufs 81920 0 - Live 0x00000000000"..., 1024) = 1024
read(3, "2 nf_conntrack_netlink, Live 0x0"..., 1024) = 1024
read(3, "0000000000\nscsi_dh_emc 16384 0 -"..., 1024) = 1024
read(3, "0000000\ndell_wmi_descriptor 2048"..., 1024) = 1024
read(3, "84 0 - Live 0x0000000000000000\nn"..., 1024) = 1024
read(3, "0x0000000000000000\nlibcrc32c 163"..., 1024) = 1024
close(3)                                = 0
openat(AT_FDCWD, "/proc/driver/nvidia/params", O_RDONLY) = 3
fstat(3, {st_mode=S_IFREG|0444, st_size=0, ...}) = 0
read(3, "ResmanDebugLevel: 4294967295\nRmL"..., 1024) = 803
close(3)                                = 0
stat("/dev/nvidiactl", {st_mode=S_IFCHR|0666, st_rdev=makedev(0xc3, 0xff), ...}) = 0
openat(AT_FDCWD, "/dev/nvidiactl", O_RDWR) = 3
fcntl(3, F_SETFD, FD_CLOEXEC)           = 0
ioctl(3, _IOC(_IOC_READ|_IOC_WRITE, 0x46, 0xd2, 0x48), 0x7ffdc4de0560) = 0
openat(AT_FDCWD, "/sys/devices/system/memory/block_size_bytes", O_RDONLY) = 4
read(4, "40000000\n", 99)               = 9
close(4)                                = 0
ioctl(3, _IOC(_IOC_READ|_IOC_WRITE, 0x46, 0xd6, 0x8), 0x7ffdc4de0560) = 0
ioctl(3, _IOC(_IOC_READ|_IOC_WRITE, 0x46, 0xc8, 0x900), 0x7f9862bf01c0) = 0
ioctl(3, _IOC(_IOC_READ|_IOC_WRITE, 0x46, 0x2b, 0x20), 0x7ffdc4de0560) = 0
ioctl(3, _IOC(_IOC_READ|_IOC_WRITE, 0x46, 0x2a, 0x20), 0x7ffdc4de0490) = 0
openat(AT_FDCWD, "/proc/self/status", O_RDONLY) = 4
fstat(4, {st_mode=S_IFREG|0444, st_size=0, ...}) = 0
read(4, "Name:\ta.out\nUmask:\t0002\nState:\tR"..., 1024) = 1024
read(4, "\nMems_allowed:\t00000000,00000000"..., 1024) = 385
close(4)                                = 0
openat(AT_FDCWD, "/sys/devices/system/node", O_RDONLY|O_NONBLOCK|O_CLOEXEC|O_DIRECTORY) = 4
fstat(4, {st_mode=S_IFDIR|0755, st_size=0, ...}) = 0
brk(0x5591842b7000)                     = 0x5591842b7000
getdents64(4, /* 11 entries */, 32768)  = 344
openat(AT_FDCWD, "/sys/devices/system/node/node0/cpumap", O_RDONLY) = 5
fstat(5, {st_mode=S_IFREG|0444, st_size=4096, ...}) = 0
read(5, "55555555,55555555\n", 4096)    = 18
close(5)                                = 0
openat(AT_FDCWD, "/sys/devices/system/node/node1/cpumap", O_RDONLY) = 5
fstat(5, {st_mode=S_IFREG|0444, st_size=4096, ...}) = 0
read(5, "aaaaaaaa,aaaaaaaa\n", 4096)    = 18
close(5)                                = 0
getdents64(4, /* 0 entries */, 32768)   = 0
close(4)                                = 0
futex(0x7f9862be6f38, FUTEX_WAKE_PRIVATE, 2147483647) = 0
get_mempolicy([MPOL_DEFAULT], [000000000000000000, 000000000000000000, 000000000000000000, 000000000000000000, 000000000000000000, 000000000000000000, 000000000000000000, 000000000000000000, 000000000000000000, 000000000000000000, 000000000000000000, 000000000000000000, 000000000000000000, 000000000000000000, 000000000000000000, 000000000000000000], 1024, NULL, 0) = 0
openat(AT_FDCWD, "/proc/modules", O_RDONLY) = 4
fstat(4, {st_mode=S_IFREG|0444, st_size=0, ...}) = 0
read(4, "ufs 81920 0 - Live 0x00000000000"..., 1024) = 1024
read(4, "2 nf_conntrack_netlink, Live 0x0"..., 1024) = 1024
read(4, "0000000000\nscsi_dh_emc 16384 0 -"..., 1024) = 1024
read(4, "0000000\ndell_wmi_descriptor 2048"..., 1024) = 1024
read(4, "84 0 - Live 0x0000000000000000\nn"..., 1024) = 1024
close(4)                                = 0
openat(AT_FDCWD, "/proc/devices", O_RDONLY) = 4
fstat(4, {st_mode=S_IFREG|0444, st_size=0, ...}) = 0
read(4, "Character devices:\n  1 mem\n  4 /"..., 1024) = 717
close(4)                                = 0
stat("/dev/nvidia-uvm", {st_mode=S_IFCHR|0666, st_rdev=makedev(0xeb, 0), ...}) = 0
stat("/dev/nvidia-uvm-tools", {st_mode=S_IFCHR|0666, st_rdev=makedev(0xeb, 0x1), ...}) = 0
openat(AT_FDCWD, "/dev/nvidia-uvm", O_RDWR|O_CLOEXEC) = 4
fcntl(4, F_GETFD)                       = 0x1 (flags FD_CLOEXEC)
ioctl(4, _IOC(_IOC_NONE, 0, 0x1, 0x3000), 0x7ffdc4de05b0) = 0
ioctl(4, _IOC(_IOC_NONE, 0, 0x27, 0), 0x7ffdc4de05c0) = 0
ioctl(3, _IOC(_IOC_READ|_IOC_WRITE, 0x46, 0x2a, 0x20), 0x7ffdc4ddf330) = 0
ioctl(3, _IOC(_IOC_READ|_IOC_WRITE, 0x46, 0x2a, 0x20), 0x7ffdc4ddf230) = 0
ioctl(3, _IOC(_IOC_READ|_IOC_WRITE, 0x46, 0x2a, 0x20), 0x7ffdc4ddeaa0) = 0
ioctl(3, _IOC(_IOC_READ|_IOC_WRITE, 0x46, 0x2a, 0x20), 0x7ffdc4ddf330) = 0
openat(AT_FDCWD, "/proc/driver/nvidia/params", O_RDONLY) = 5
fstat(5, {st_mode=S_IFREG|0444, st_size=0, ...}) = 0
read(5, "ResmanDebugLevel: 4294967295\nRmL"..., 1024) = 803
close(5)                                = 0
stat("/dev/nvidia0", {st_mode=S_IFCHR|0666, st_rdev=makedev(0xc3, 0), ...}) = 0
openat(AT_FDCWD, "/dev/nvidia0", O_RDWR|O_CLOEXEC) = 5
fcntl(5, F_GETFD)                       = 0x1 (flags FD_CLOEXEC)
ioctl(3, _IOC(_IOC_READ|_IOC_WRITE, 0x46, 0x2a, 0x20), 0x7ffdc4ddf330) = 0
openat(AT_FDCWD, "/proc/driver/nvidia/params", O_RDONLY) = 6
fstat(6, {st_mode=S_IFREG|0444, st_size=0, ...}) = 0
read(6, "ResmanDebugLevel: 4294967295\nRmL"..., 1024) = 803
close(6)                                = 0
stat("/dev/nvidia1", {st_mode=S_IFCHR|0666, st_rdev=makedev(0xc3, 0x1), ...}) = 0
openat(AT_FDCWD, "/dev/nvidia1", O_RDWR|O_CLOEXEC) = 6
fcntl(6, F_GETFD)                       = 0x1 (flags FD_CLOEXEC)
ioctl(3, _IOC(_IOC_READ|_IOC_WRITE, 0x46, 0x2a, 0x20), 0x7ffdc4ddf330) = 0
openat(AT_FDCWD, "/proc/driver/nvidia/params", O_RDONLY) = 7
fstat(7, {st_mode=S_IFREG|0444, st_size=0, ...}) = 0
read(7, "ResmanDebugLevel: 4294967295\nRmL"..., 1024) = 803
close(7)                                = 0
stat("/dev/nvidia2", {st_mode=S_IFCHR|0666, st_rdev=makedev(0xc3, 0x2), ...}) = 0
openat(AT_FDCWD, "/dev/nvidia2", O_RDWR|O_CLOEXEC) = 7
fcntl(7, F_GETFD)                       = 0x1 (flags FD_CLOEXEC)
ioctl(3, _IOC(_IOC_READ|_IOC_WRITE, 0x46, 0x2a, 0x20), 0x7ffdc4ddf330) = 0
openat(AT_FDCWD, "/proc/driver/nvidia/params", O_RDONLY) = 8
fstat(8, {st_mode=S_IFREG|0444, st_size=0, ...}) = 0
read(8, "ResmanDebugLevel: 4294967295\nRmL"..., 1024) = 803
close(8)                                = 0
stat("/dev/nvidia3", {st_mode=S_IFCHR|0666, st_rdev=makedev(0xc3, 0x3), ...}) = 0
openat(AT_FDCWD, "/dev/nvidia3", O_RDWR|O_CLOEXEC) = 8
fcntl(8, F_GETFD)                       = 0x1 (flags FD_CLOEXEC)
ioctl(3, _IOC(_IOC_READ|_IOC_WRITE, 0x46, 0x2a, 0x20), 0x7ffdc4ddf320) = 0
ioctl(3, _IOC(_IOC_READ|_IOC_WRITE, 0x46, 0x2a, 0x20), 0x7ffdc4ddf150) = 0
ioctl(3, _IOC(_IOC_READ|_IOC_WRITE, 0x46, 0x2a, 0x20), 0x7ffdc4ddf2f0) = 0
openat(AT_FDCWD, "/proc/driver/nvidia/params", O_RDONLY) = 9
fstat(9, {st_mode=S_IFREG|0444, st_size=0, ...}) = 0
read(9, "ResmanDebugLevel: 4294967295\nRmL"..., 1024) = 803
close(9)                                = 0
stat("/dev/nvidia0", {st_mode=S_IFCHR|0666, st_rdev=makedev(0xc3, 0), ...}) = 0
openat(AT_FDCWD, "/dev/nvidia0", O_RDWR|O_CLOEXEC) = 9
fcntl(9, F_GETFD)                       = 0x1 (flags FD_CLOEXEC)
ioctl(9, _IOC(_IOC_READ|_IOC_WRITE, 0x46, 0xc9, 0x4), 0x7ffdc4ddf340) = 0
ioctl(9, _IOC(_IOC_READ|_IOC_WRITE, 0x46, 0xd7, 0x228), 0x7ffdc4ddf0e0) = 0
ioctl(3, _IOC(_IOC_READ|_IOC_WRITE, 0x46, 0x2b, 0x28), 0x7ffdc4ddf420) = 0
ioctl(3, _IOC(_IOC_READ|_IOC_WRITE, 0x46, 0x2a, 0x20), 0x7ffdc4ddf330) = 0
ioctl(3, _IOC(_IOC_READ|_IOC_WRITE, 0x46, 0x2a, 0x20), 0x7ffdc4ddf330) = 0
ioctl(3, _IOC(_IOC_READ|_IOC_WRITE, 0x46, 0x2a, 0x20), 0x7ffdc4ddf330) = 0
ioctl(3, _IOC(_IOC_READ|_IOC_WRITE, 0x46, 0x2a, 0x20), 0x7ffdc4ddf330) = 0
ioctl(3, _IOC(_IOC_READ|_IOC_WRITE, 0x46, 0x2a, 0x20), 0x7ffdc4ddf200) = 0
ioctl(3, _IOC(_IOC_READ|_IOC_WRITE, 0x46, 0x2a, 0x20), 0x7ffdc4ddf0b0) = 0
ioctl(3, _IOC(_IOC_READ|_IOC_WRITE, 0x46, 0x2a, 0x20), 0x7ffdc4ddf250) = 0
openat(AT_FDCWD, "/proc/driver/nvidia/params", O_RDONLY) = 10
fstat(10, {st_mode=S_IFREG|0444, st_size=0, ...}) = 0
read(10, "ResmanDebugLevel: 4294967295\nRmL"..., 1024) = 803
close(10)                               = 0
stat("/dev/nvidia0", {st_mode=S_IFCHR|0666, st_rdev=makedev(0xc3, 0), ...}) = 0
openat(AT_FDCWD, "/dev/nvidia0", O_RDWR|O_CLOEXEC) = 10
fcntl(10, F_GETFD)                      = 0x1 (flags FD_CLOEXEC)
ioctl(10, _IOC(_IOC_READ|_IOC_WRITE, 0x46, 0xc9, 0x4), 0x7ffdc4ddf2a0) = 0
ioctl(3, _IOC(_IOC_READ|_IOC_WRITE, 0x46, 0x2b, 0x28), 0x7ffdc4ddf360) = 0
ioctl(3, _IOC(_IOC_READ|_IOC_WRITE, 0x46, 0x2a, 0x20), 0x7ffdc4ddf310) = 0
ioctl(3, _IOC(_IOC_READ|_IOC_WRITE, 0x46, 0x2a, 0x20), 0x7ffdc4ddf230) = 0
ioctl(3, _IOC(_IOC_READ|_IOC_WRITE, 0x46, 0x2a, 0x20), 0x7ffdc4ddeeb0) = 0
ioctl(3, _IOC(_IOC_READ|_IOC_WRITE, 0x46, 0x2a, 0x20), 0x7ffdc4ddf260) = 0
ioctl(3, _IOC(_IOC_READ|_IOC_WRITE, 0x46, 0x2a, 0x20), 0x7ffdc4ddf1c0) = 0
ioctl(3, _IOC(_IOC_READ|_IOC_WRITE, 0x46, 0x2a, 0x20), 0x7ffdc4ddf080) = 0
ioctl(3, _IOC(_IOC_READ|_IOC_WRITE, 0x46, 0x2a, 0x20), 0x7ffdc4ddf080) = 0
ioctl(3, _IOC(_IOC_READ|_IOC_WRITE, 0x46, 0x2a, 0x20), 0x7ffdc4ddf080) = 0
ioctl(3, _IOC(_IOC_READ|_IOC_WRITE, 0x46, 0x2a, 0x20), 0x7ffdc4ddf080) = 0
ioctl(3, _IOC(_IOC_READ|_IOC_WRITE, 0x46, 0x2a, 0x20), 0x7ffdc4ddee40) = 0
ioctl(3, _IOC(_IOC_READ|_IOC_WRITE, 0x46, 0x2a, 0x20), 0x7ffdc4ddf1c0) = 0
ioctl(3, _IOC(_IOC_READ|_IOC_WRITE, 0x46, 0x2a, 0x20), 0x7ffdc4ddf1c0) = 0
ioctl(3, _IOC(_IOC_READ|_IOC_WRITE, 0x46, 0x2a, 0x20), 0x7ffdc4ddf1c0) = 0
ioctl(3, _IOC(_IOC_READ|_IOC_WRITE, 0x46, 0x2a, 0x20), 0x7ffdc4ddf1c0) = 0
ioctl(3, _IOC(_IOC_READ|_IOC_WRITE, 0x46, 0x2a, 0x20), 0x7ffdc4ddf140) = 0
ioctl(3, _IOC(_IOC_READ|_IOC_WRITE, 0x46, 0x2a, 0x20), 0x7ffdc4ddf1c0) = 0
ioctl(3, _IOC(_IOC_READ|_IOC_WRITE, 0x46, 0x2a, 0x20), 0x7ffdc4ddf1c0) = 0
ioctl(3, _IOC(_IOC_READ|_IOC_WRITE, 0x46, 0x2a, 0x20), 0x7ffdc4ddeff0) = 0
ioctl(3, _IOC(_IOC_READ|_IOC_WRITE, 0x46, 0x2a, 0x20), 0x7ffdc4ddf1a0) = 0
ioctl(3, _IOC(_IOC_READ|_IOC_WRITE, 0x46, 0x2a, 0x20), 0x7ffdc4ddf1a0) = 0
ioctl(3, _IOC(_IOC_READ|_IOC_WRITE, 0x46, 0x2a, 0x20), 0x7ffdc4ddf1a0) = 0
ioctl(3, _IOC(_IOC_READ|_IOC_WRITE, 0x46, 0x2a, 0x20), 0x7ffdc4ddf1a0) = 0
ioctl(3, _IOC(_IOC_READ|_IOC_WRITE, 0x46, 0x2a, 0x20), 0x7ffdc4ddf1a0) = 0
ioctl(3, _IOC(_IOC_READ|_IOC_WRITE, 0x46, 0x2a, 0x20), 0x7ffdc4ddf1a0) = 0
ioctl(3, _IOC(_IOC_READ|_IOC_WRITE, 0x46, 0x2a, 0x20), 0x7ffdc4ddf1a0) = 0
ioctl(3, _IOC(_IOC_READ|_IOC_WRITE, 0x46, 0x2a, 0x20), 0x7ffdc4ddf1a0) = 0
ioctl(3, _IOC(_IOC_READ|_IOC_WRITE, 0x46, 0x2a, 0x20), 0x7ffdc4ddf190) = 0
ioctl(3, _IOC(_IOC_READ|_IOC_WRITE, 0x46, 0x2a, 0x20), 0x7ffdc4ddf1a0) = 0
ioctl(3, _IOC(_IOC_READ|_IOC_WRITE, 0x46, 0x2a, 0x20), 0x7ffdc4ddf1a0) = 0
ioctl(3, _IOC(_IOC_READ|_IOC_WRITE, 0x46, 0x2a, 0x20), 0x7ffdc4ddf1a0) = 0
ioctl(3, _IOC(_IOC_READ|_IOC_WRITE, 0x46, 0x2a, 0x20), 0x7ffdc4ddf1a0) = 0
ioctl(3, _IOC(_IOC_READ|_IOC_WRITE, 0x46, 0x2a, 0x20), 0x7ffdc4ddd950) = 0
ioctl(3, _IOC(_IOC_READ|_IOC_WRITE, 0x46, 0x2a, 0x20), 0x7ffdc4ddf230) = 0
ioctl(3, _IOC(_IOC_READ|_IOC_WRITE, 0x46, 0x2a, 0x20), 0x7ffdc4ddf210) = 0
ioctl(3, _IOC(_IOC_READ|_IOC_WRITE, 0x46, 0x2b, 0x28), 0x7ffdc4ddf380) = 0
ioctl(3, _IOC(_IOC_READ|_IOC_WRITE, 0x46, 0x2a, 0x20), 0x7ffdc4ddf170) = 0
openat(AT_FDCWD, "/dev/nvidia0", O_RDWR|O_CLOEXEC) = 11
fcntl(11, F_GETFD)                      = 0x1 (flags FD_CLOEXEC)
ioctl(3, _IOC(_IOC_READ|_IOC_WRITE, 0x46, 0x4e, 0x38), 0x7ffdc4ddf340) = 0
mmap(NULL, 65536, PROT_WRITE, MAP_SHARED, 11, 0) = 0x7f986317b000
close(11)                               = 0
ioctl(3, _IOC(_IOC_READ|_IOC_WRITE, 0x46, 0x2a, 0x20), 0x7ffdc4ddf220) = 0
ioctl(3, _IOC(_IOC_READ|_IOC_WRITE, 0x46, 0x2b, 0x28), 0x7ffdc4ddf340) = 0
ioctl(3, _IOC(_IOC_READ|_IOC_WRITE, 0x46, 0x2b, 0x28), 0x7ffdc4ddf340) = 0
ioctl(3, _IOC(_IOC_READ|_IOC_WRITE, 0x46, 0x2a, 0x20), 0x7ffdc4ddf250) = 0
ioctl(3, _IOC(_IOC_READ|_IOC_WRITE, 0x46, 0x2a, 0x20), 0x7ffdc4ddf1b0) = 0
ioctl(3, _IOC(_IOC_READ|_IOC_WRITE, 0x46, 0x2a, 0x20), 0x7ffdc4ddf190) = 0
ioctl(3, _IOC(_IOC_READ|_IOC_WRITE, 0x46, 0x2a, 0x20), 0x7ffdc4ddf280) = 0
ioctl(3, _IOC(_IOC_READ|_IOC_WRITE, 0x46, 0x2a, 0x20), 0x7ffdc4ddf180) = 0
ioctl(3, _IOC(_IOC_READ|_IOC_WRITE, 0x46, 0x2a, 0x20), 0x7ffdc4ddf320) = 0
ioctl(3, _IOC(_IOC_READ|_IOC_WRITE, 0x46, 0x2a, 0x20), 0x7ffdc4ddf150) = 0
ioctl(3, _IOC(_IOC_READ|_IOC_WRITE, 0x46, 0x2a, 0x20), 0x7ffdc4ddf2f0) = 0
ioctl(3, _IOC(_IOC_READ|_IOC_WRITE, 0x46, 0x2a, 0x20), 0x7ffdc4ddf2f0) = 0
openat(AT_FDCWD, "/proc/driver/nvidia/params", O_RDONLY) = 11
fstat(11, {st_mode=S_IFREG|0444, st_size=0, ...}) = 0
read(11, "ResmanDebugLevel: 4294967295\nRmL"..., 1024) = 803
close(11)                               = 0
stat("/dev/nvidia1", {st_mode=S_IFCHR|0666, st_rdev=makedev(0xc3, 0x1), ...}) = 0
openat(AT_FDCWD, "/dev/nvidia1", O_RDWR|O_CLOEXEC) = 11
fcntl(11, F_GETFD)                      = 0x1 (flags FD_CLOEXEC)
ioctl(11, _IOC(_IOC_READ|_IOC_WRITE, 0x46, 0xc9, 0x4), 0x7ffdc4ddf340) = 0
ioctl(11, _IOC(_IOC_READ|_IOC_WRITE, 0x46, 0xd7, 0x228), 0x7ffdc4ddf0e0) = 0
ioctl(3, _IOC(_IOC_READ|_IOC_WRITE, 0x46, 0x2b, 0x28), 0x7ffdc4ddf420) = 0
ioctl(3, _IOC(_IOC_READ|_IOC_WRITE, 0x46, 0x2a, 0x20), 0x7ffdc4ddf330) = 0
ioctl(3, _IOC(_IOC_READ|_IOC_WRITE, 0x46, 0x2a, 0x20), 0x7ffdc4ddf330) = 0
ioctl(3, _IOC(_IOC_READ|_IOC_WRITE, 0x46, 0x2a, 0x20), 0x7ffdc4ddf330) = 0
ioctl(3, _IOC(_IOC_READ|_IOC_WRITE, 0x46, 0x2a, 0x20), 0x7ffdc4ddf330) = 0
ioctl(3, _IOC(_IOC_READ|_IOC_WRITE, 0x46, 0x2a, 0x20), 0x7ffdc4ddf200) = 0
ioctl(3, _IOC(_IOC_READ|_IOC_WRITE, 0x46, 0x2a, 0x20), 0x7ffdc4ddf0b0) = 0
ioctl(3, _IOC(_IOC_READ|_IOC_WRITE, 0x46, 0x2a, 0x20), 0x7ffdc4ddf250) = 0
ioctl(3, _IOC(_IOC_READ|_IOC_WRITE, 0x46, 0x2a, 0x20), 0x7ffdc4ddf250) = 0
openat(AT_FDCWD, "/proc/driver/nvidia/params", O_RDONLY) = 12
fstat(12, {st_mode=S_IFREG|0444, st_size=0, ...}) = 0
read(12, "ResmanDebugLevel: 4294967295\nRmL"..., 1024) = 803
close(12)                               = 0
stat("/dev/nvidia1", {st_mode=S_IFCHR|0666, st_rdev=makedev(0xc3, 0x1), ...}) = 0
openat(AT_FDCWD, "/dev/nvidia1", O_RDWR|O_CLOEXEC) = 12
fcntl(12, F_GETFD)                      = 0x1 (flags FD_CLOEXEC)
ioctl(12, _IOC(_IOC_READ|_IOC_WRITE, 0x46, 0xc9, 0x4), 0x7ffdc4ddf2a0) = 0
ioctl(3, _IOC(_IOC_READ|_IOC_WRITE, 0x46, 0x2b, 0x28), 0x7ffdc4ddf360) = 0
ioctl(3, _IOC(_IOC_READ|_IOC_WRITE, 0x46, 0x2a, 0x20), 0x7ffdc4ddf310) = 0
ioctl(3, _IOC(_IOC_READ|_IOC_WRITE, 0x46, 0x2a, 0x20), 0x7ffdc4ddf230) = 0
ioctl(3, _IOC(_IOC_READ|_IOC_WRITE, 0x46, 0x2a, 0x20), 0x7ffdc4ddeeb0) = 0
ioctl(3, _IOC(_IOC_READ|_IOC_WRITE, 0x46, 0x2a, 0x20), 0x7ffdc4ddf260) = 0
ioctl(3, _IOC(_IOC_READ|_IOC_WRITE, 0x46, 0x2a, 0x20), 0x7ffdc4ddf1c0) = 0
ioctl(3, _IOC(_IOC_READ|_IOC_WRITE, 0x46, 0x2a, 0x20), 0x7ffdc4ddf080) = 0
ioctl(3, _IOC(_IOC_READ|_IOC_WRITE, 0x46, 0x2a, 0x20), 0x7ffdc4ddf080) = 0
ioctl(3, _IOC(_IOC_READ|_IOC_WRITE, 0x46, 0x2a, 0x20), 0x7ffdc4ddf080) = 0
ioctl(3, _IOC(_IOC_READ|_IOC_WRITE, 0x46, 0x2a, 0x20), 0x7ffdc4ddf080) = 0
ioctl(3, _IOC(_IOC_READ|_IOC_WRITE, 0x46, 0x2a, 0x20), 0x7ffdc4ddee40) = 0
ioctl(3, _IOC(_IOC_READ|_IOC_WRITE, 0x46, 0x2a, 0x20), 0x7ffdc4ddf1c0) = 0
ioctl(3, _IOC(_IOC_READ|_IOC_WRITE, 0x46, 0x2a, 0x20), 0x7ffdc4ddf1c0) = 0
ioctl(3, _IOC(_IOC_READ|_IOC_WRITE, 0x46, 0x2a, 0x20), 0x7ffdc4ddf1c0) = 0
ioctl(3, _IOC(_IOC_READ|_IOC_WRITE, 0x46, 0x2a, 0x20), 0x7ffdc4ddf1c0) = 0
ioctl(3, _IOC(_IOC_READ|_IOC_WRITE, 0x46, 0x2a, 0x20), 0x7ffdc4ddf140) = 0
ioctl(3, _IOC(_IOC_READ|_IOC_WRITE, 0x46, 0x2a, 0x20), 0x7ffdc4ddf1c0) = 0
ioctl(3, _IOC(_IOC_READ|_IOC_WRITE, 0x46, 0x2a, 0x20), 0x7ffdc4ddf1c0) = 0
ioctl(3, _IOC(_IOC_READ|_IOC_WRITE, 0x46, 0x2a, 0x20), 0x7ffdc4ddeff0) = 0
ioctl(3, _IOC(_IOC_READ|_IOC_WRITE, 0x46, 0x2a, 0x20), 0x7ffdc4ddf1a0) = 0
ioctl(3, _IOC(_IOC_READ|_IOC_WRITE, 0x46, 0x2a, 0x20), 0x7ffdc4ddf1a0) = 0
ioctl(3, _IOC(_IOC_READ|_IOC_WRITE, 0x46, 0x2a, 0x20), 0x7ffdc4ddf1a0) = 0
ioctl(3, _IOC(_IOC_READ|_IOC_WRITE, 0x46, 0x2a, 0x20), 0x7ffdc4ddf1a0) = 0
ioctl(3, _IOC(_IOC_READ|_IOC_WRITE, 0x46, 0x2a, 0x20), 0x7ffdc4ddf1a0) = 0
ioctl(3, _IOC(_IOC_READ|_IOC_WRITE, 0x46, 0x2a, 0x20), 0x7ffdc4ddf1a0) = 0
ioctl(3, _IOC(_IOC_READ|_IOC_WRITE, 0x46, 0x2a, 0x20), 0x7ffdc4ddf1a0) = 0
ioctl(3, _IOC(_IOC_READ|_IOC_WRITE, 0x46, 0x2a, 0x20), 0x7ffdc4ddf1a0) = 0
ioctl(3, _IOC(_IOC_READ|_IOC_WRITE, 0x46, 0x2a, 0x20), 0x7ffdc4ddf190) = 0
ioctl(3, _IOC(_IOC_READ|_IOC_WRITE, 0x46, 0x2a, 0x20), 0x7ffdc4ddf1a0) = 0
ioctl(3, _IOC(_IOC_READ|_IOC_WRITE, 0x46, 0x2a, 0x20), 0x7ffdc4ddf1a0) = 0
ioctl(3, _IOC(_IOC_READ|_IOC_WRITE, 0x46, 0x2a, 0x20), 0x7ffdc4ddf1a0) = 0
ioctl(3, _IOC(_IOC_READ|_IOC_WRITE, 0x46, 0x2a, 0x20), 0x7ffdc4ddf1a0) = 0
ioctl(3, _IOC(_IOC_READ|_IOC_WRITE, 0x46, 0x2a, 0x20), 0x7ffdc4ddd950) = 0
ioctl(3, _IOC(_IOC_READ|_IOC_WRITE, 0x46, 0x2a, 0x20), 0x7ffdc4ddf230) = 0
ioctl(3, _IOC(_IOC_READ|_IOC_WRITE, 0x46, 0x2a, 0x20), 0x7ffdc4ddf210) = 0
ioctl(3, _IOC(_IOC_READ|_IOC_WRITE, 0x46, 0x2b, 0x28), 0x7ffdc4ddf380) = 0
ioctl(3, _IOC(_IOC_READ|_IOC_WRITE, 0x46, 0x2a, 0x20), 0x7ffdc4ddf170) = 0
openat(AT_FDCWD, "/dev/nvidia1", O_RDWR|O_CLOEXEC) = 13
fcntl(13, F_GETFD)                      = 0x1 (flags FD_CLOEXEC)
ioctl(3, _IOC(_IOC_READ|_IOC_WRITE, 0x46, 0x4e, 0x38), 0x7ffdc4ddf340) = 0
mmap(NULL, 65536, PROT_WRITE, MAP_SHARED, 13, 0) = 0x7f9861493000
close(13)                               = 0
ioctl(3, _IOC(_IOC_READ|_IOC_WRITE, 0x46, 0x2a, 0x20), 0x7ffdc4ddf220) = 0
ioctl(3, _IOC(_IOC_READ|_IOC_WRITE, 0x46, 0x2b, 0x28), 0x7ffdc4ddf340) = 0
ioctl(3, _IOC(_IOC_READ|_IOC_WRITE, 0x46, 0x2b, 0x28), 0x7ffdc4ddf340) = 0
ioctl(3, _IOC(_IOC_READ|_IOC_WRITE, 0x46, 0x2a, 0x20), 0x7ffdc4ddf250) = 0
ioctl(3, _IOC(_IOC_READ|_IOC_WRITE, 0x46, 0x2a, 0x20), 0x7ffdc4ddf1b0) = 0
ioctl(3, _IOC(_IOC_READ|_IOC_WRITE, 0x46, 0x2a, 0x20), 0x7ffdc4ddf190) = 0
ioctl(3, _IOC(_IOC_READ|_IOC_WRITE, 0x46, 0x2a, 0x20), 0x7ffdc4ddf280) = 0
ioctl(3, _IOC(_IOC_READ|_IOC_WRITE, 0x46, 0x2a, 0x20), 0x7ffdc4ddf180) = 0
ioctl(3, _IOC(_IOC_READ|_IOC_WRITE, 0x46, 0x2a, 0x20), 0x7ffdc4ddf320) = 0
ioctl(3, _IOC(_IOC_READ|_IOC_WRITE, 0x46, 0x2a, 0x20), 0x7ffdc4ddf150) = 0
ioctl(3, _IOC(_IOC_READ|_IOC_WRITE, 0x46, 0x2a, 0x20), 0x7ffdc4ddf2f0) = 0
ioctl(3, _IOC(_IOC_READ|_IOC_WRITE, 0x46, 0x2a, 0x20), 0x7ffdc4ddf2f0) = 0
ioctl(3, _IOC(_IOC_READ|_IOC_WRITE, 0x46, 0x2a, 0x20), 0x7ffdc4ddf2f0) = 0
openat(AT_FDCWD, "/proc/driver/nvidia/params", O_RDONLY) = 13
fstat(13, {st_mode=S_IFREG|0444, st_size=0, ...}) = 0
read(13, "ResmanDebugLevel: 4294967295\nRmL"..., 1024) = 803
close(13)                               = 0
stat("/dev/nvidia2", {st_mode=S_IFCHR|0666, st_rdev=makedev(0xc3, 0x2), ...}) = 0
openat(AT_FDCWD, "/dev/nvidia2", O_RDWR|O_CLOEXEC) = 13
fcntl(13, F_GETFD)                      = 0x1 (flags FD_CLOEXEC)
ioctl(13, _IOC(_IOC_READ|_IOC_WRITE, 0x46, 0xc9, 0x4), 0x7ffdc4ddf340) = 0
ioctl(13, _IOC(_IOC_READ|_IOC_WRITE, 0x46, 0xd7, 0x228), 0x7ffdc4ddf0e0) = 0
ioctl(3, _IOC(_IOC_READ|_IOC_WRITE, 0x46, 0x2b, 0x28), 0x7ffdc4ddf420) = 0
ioctl(3, _IOC(_IOC_READ|_IOC_WRITE, 0x46, 0x2a, 0x20), 0x7ffdc4ddf330) = 0
ioctl(3, _IOC(_IOC_READ|_IOC_WRITE, 0x46, 0x2a, 0x20), 0x7ffdc4ddf330) = 0
ioctl(3, _IOC(_IOC_READ|_IOC_WRITE, 0x46, 0x2a, 0x20), 0x7ffdc4ddf330) = 0
ioctl(3, _IOC(_IOC_READ|_IOC_WRITE, 0x46, 0x2a, 0x20), 0x7ffdc4ddf330) = 0
ioctl(3, _IOC(_IOC_READ|_IOC_WRITE, 0x46, 0x2a, 0x20), 0x7ffdc4ddf200) = 0
ioctl(3, _IOC(_IOC_READ|_IOC_WRITE, 0x46, 0x2a, 0x20), 0x7ffdc4ddf0b0) = 0
ioctl(3, _IOC(_IOC_READ|_IOC_WRITE, 0x46, 0x2a, 0x20), 0x7ffdc4ddf250) = 0
ioctl(3, _IOC(_IOC_READ|_IOC_WRITE, 0x46, 0x2a, 0x20), 0x7ffdc4ddf250) = 0
ioctl(3, _IOC(_IOC_READ|_IOC_WRITE, 0x46, 0x2a, 0x20), 0x7ffdc4ddf250) = 0
openat(AT_FDCWD, "/proc/driver/nvidia/params", O_RDONLY) = 14
fstat(14, {st_mode=S_IFREG|0444, st_size=0, ...}) = 0
read(14, "ResmanDebugLevel: 4294967295\nRmL"..., 1024) = 803
close(14)                               = 0
stat("/dev/nvidia2", {st_mode=S_IFCHR|0666, st_rdev=makedev(0xc3, 0x2), ...}) = 0
openat(AT_FDCWD, "/dev/nvidia2", O_RDWR|O_CLOEXEC) = 14
fcntl(14, F_GETFD)                      = 0x1 (flags FD_CLOEXEC)
ioctl(14, _IOC(_IOC_READ|_IOC_WRITE, 0x46, 0xc9, 0x4), 0x7ffdc4ddf2a0) = 0
ioctl(3, _IOC(_IOC_READ|_IOC_WRITE, 0x46, 0x2b, 0x28), 0x7ffdc4ddf360) = 0
ioctl(3, _IOC(_IOC_READ|_IOC_WRITE, 0x46, 0x2a, 0x20), 0x7ffdc4ddf310) = 0
ioctl(3, _IOC(_IOC_READ|_IOC_WRITE, 0x46, 0x2a, 0x20), 0x7ffdc4ddf230) = 0
ioctl(3, _IOC(_IOC_READ|_IOC_WRITE, 0x46, 0x2a, 0x20), 0x7ffdc4ddeeb0) = 0
ioctl(3, _IOC(_IOC_READ|_IOC_WRITE, 0x46, 0x2a, 0x20), 0x7ffdc4ddf260) = 0
ioctl(3, _IOC(_IOC_READ|_IOC_WRITE, 0x46, 0x2a, 0x20), 0x7ffdc4ddf1c0) = 0
ioctl(3, _IOC(_IOC_READ|_IOC_WRITE, 0x46, 0x2a, 0x20), 0x7ffdc4ddf080) = 0
ioctl(3, _IOC(_IOC_READ|_IOC_WRITE, 0x46, 0x2a, 0x20), 0x7ffdc4ddf080) = 0
ioctl(3, _IOC(_IOC_READ|_IOC_WRITE, 0x46, 0x2a, 0x20), 0x7ffdc4ddf080) = 0
ioctl(3, _IOC(_IOC_READ|_IOC_WRITE, 0x46, 0x2a, 0x20), 0x7ffdc4ddf080) = 0
ioctl(3, _IOC(_IOC_READ|_IOC_WRITE, 0x46, 0x2a, 0x20), 0x7ffdc4ddee40) = 0
ioctl(3, _IOC(_IOC_READ|_IOC_WRITE, 0x46, 0x2a, 0x20), 0x7ffdc4ddf1c0) = 0
ioctl(3, _IOC(_IOC_READ|_IOC_WRITE, 0x46, 0x2a, 0x20), 0x7ffdc4ddf1c0) = 0
ioctl(3, _IOC(_IOC_READ|_IOC_WRITE, 0x46, 0x2a, 0x20), 0x7ffdc4ddf1c0) = 0
ioctl(3, _IOC(_IOC_READ|_IOC_WRITE, 0x46, 0x2a, 0x20), 0x7ffdc4ddf1c0) = 0
ioctl(3, _IOC(_IOC_READ|_IOC_WRITE, 0x46, 0x2a, 0x20), 0x7ffdc4ddf140) = 0
ioctl(3, _IOC(_IOC_READ|_IOC_WRITE, 0x46, 0x2a, 0x20), 0x7ffdc4ddf1c0) = 0
ioctl(3, _IOC(_IOC_READ|_IOC_WRITE, 0x46, 0x2a, 0x20), 0x7ffdc4ddf1c0) = 0
ioctl(3, _IOC(_IOC_READ|_IOC_WRITE, 0x46, 0x2a, 0x20), 0x7ffdc4ddeff0) = 0
ioctl(3, _IOC(_IOC_READ|_IOC_WRITE, 0x46, 0x2a, 0x20), 0x7ffdc4ddf1a0) = 0
ioctl(3, _IOC(_IOC_READ|_IOC_WRITE, 0x46, 0x2a, 0x20), 0x7ffdc4ddf1a0) = 0
ioctl(3, _IOC(_IOC_READ|_IOC_WRITE, 0x46, 0x2a, 0x20), 0x7ffdc4ddf1a0) = 0
ioctl(3, _IOC(_IOC_READ|_IOC_WRITE, 0x46, 0x2a, 0x20), 0x7ffdc4ddf1a0) = 0
ioctl(3, _IOC(_IOC_READ|_IOC_WRITE, 0x46, 0x2a, 0x20), 0x7ffdc4ddf1a0) = 0
ioctl(3, _IOC(_IOC_READ|_IOC_WRITE, 0x46, 0x2a, 0x20), 0x7ffdc4ddf1a0) = 0
ioctl(3, _IOC(_IOC_READ|_IOC_WRITE, 0x46, 0x2a, 0x20), 0x7ffdc4ddf1a0) = 0
ioctl(3, _IOC(_IOC_READ|_IOC_WRITE, 0x46, 0x2a, 0x20), 0x7ffdc4ddf1a0) = 0
ioctl(3, _IOC(_IOC_READ|_IOC_WRITE, 0x46, 0x2a, 0x20), 0x7ffdc4ddf190) = 0
ioctl(3, _IOC(_IOC_READ|_IOC_WRITE, 0x46, 0x2a, 0x20), 0x7ffdc4ddf1a0) = 0
ioctl(3, _IOC(_IOC_READ|_IOC_WRITE, 0x46, 0x2a, 0x20), 0x7ffdc4ddf1a0) = 0
ioctl(3, _IOC(_IOC_READ|_IOC_WRITE, 0x46, 0x2a, 0x20), 0x7ffdc4ddf1a0) = 0
ioctl(3, _IOC(_IOC_READ|_IOC_WRITE, 0x46, 0x2a, 0x20), 0x7ffdc4ddf1a0) = 0
ioctl(3, _IOC(_IOC_READ|_IOC_WRITE, 0x46, 0x2a, 0x20), 0x7ffdc4ddd950) = 0
ioctl(3, _IOC(_IOC_READ|_IOC_WRITE, 0x46, 0x2a, 0x20), 0x7ffdc4ddf230) = 0
ioctl(3, _IOC(_IOC_READ|_IOC_WRITE, 0x46, 0x2a, 0x20), 0x7ffdc4ddf210) = 0
ioctl(3, _IOC(_IOC_READ|_IOC_WRITE, 0x46, 0x2b, 0x28), 0x7ffdc4ddf380) = 0
ioctl(3, _IOC(_IOC_READ|_IOC_WRITE, 0x46, 0x2a, 0x20), 0x7ffdc4ddf170) = 0
openat(AT_FDCWD, "/dev/nvidia2", O_RDWR|O_CLOEXEC) = 15
fcntl(15, F_GETFD)                      = 0x1 (flags FD_CLOEXEC)
ioctl(3, _IOC(_IOC_READ|_IOC_WRITE, 0x46, 0x4e, 0x38), 0x7ffdc4ddf340) = 0
mmap(NULL, 65536, PROT_WRITE, MAP_SHARED, 15, 0) = 0x7f9861483000
close(15)                               = 0
ioctl(3, _IOC(_IOC_READ|_IOC_WRITE, 0x46, 0x2a, 0x20), 0x7ffdc4ddf220) = 0
ioctl(3, _IOC(_IOC_READ|_IOC_WRITE, 0x46, 0x2b, 0x28), 0x7ffdc4ddf340) = 0
ioctl(3, _IOC(_IOC_READ|_IOC_WRITE, 0x46, 0x2b, 0x28), 0x7ffdc4ddf340) = 0
ioctl(3, _IOC(_IOC_READ|_IOC_WRITE, 0x46, 0x2a, 0x20), 0x7ffdc4ddf250) = 0
ioctl(3, _IOC(_IOC_READ|_IOC_WRITE, 0x46, 0x2a, 0x20), 0x7ffdc4ddf1b0) = 0
ioctl(3, _IOC(_IOC_READ|_IOC_WRITE, 0x46, 0x2a, 0x20), 0x7ffdc4ddf190) = 0
ioctl(3, _IOC(_IOC_READ|_IOC_WRITE, 0x46, 0x2a, 0x20), 0x7ffdc4ddf280) = 0
ioctl(3, _IOC(_IOC_READ|_IOC_WRITE, 0x46, 0x2a, 0x20), 0x7ffdc4ddf180) = 0
ioctl(3, _IOC(_IOC_READ|_IOC_WRITE, 0x46, 0x2a, 0x20), 0x7ffdc4ddf320) = 0
ioctl(3, _IOC(_IOC_READ|_IOC_WRITE, 0x46, 0x2a, 0x20), 0x7ffdc4ddf150) = 0
ioctl(3, _IOC(_IOC_READ|_IOC_WRITE, 0x46, 0x2a, 0x20), 0x7ffdc4ddf2f0) = 0
ioctl(3, _IOC(_IOC_READ|_IOC_WRITE, 0x46, 0x2a, 0x20), 0x7ffdc4ddf2f0) = 0
ioctl(3, _IOC(_IOC_READ|_IOC_WRITE, 0x46, 0x2a, 0x20), 0x7ffdc4ddf2f0) = 0
ioctl(3, _IOC(_IOC_READ|_IOC_WRITE, 0x46, 0x2a, 0x20), 0x7ffdc4ddf2f0) = 0
openat(AT_FDCWD, "/proc/driver/nvidia/params", O_RDONLY) = 15
fstat(15, {st_mode=S_IFREG|0444, st_size=0, ...}) = 0
read(15, "ResmanDebugLevel: 4294967295\nRmL"..., 1024) = 803
close(15)                               = 0
stat("/dev/nvidia3", {st_mode=S_IFCHR|0666, st_rdev=makedev(0xc3, 0x3), ...}) = 0
openat(AT_FDCWD, "/dev/nvidia3", O_RDWR|O_CLOEXEC) = 15
fcntl(15, F_GETFD)                      = 0x1 (flags FD_CLOEXEC)
ioctl(15, _IOC(_IOC_READ|_IOC_WRITE, 0x46, 0xc9, 0x4), 0x7ffdc4ddf340) = 0
ioctl(15, _IOC(_IOC_READ|_IOC_WRITE, 0x46, 0xd7, 0x228), 0x7ffdc4ddf0e0) = 0
ioctl(3, _IOC(_IOC_READ|_IOC_WRITE, 0x46, 0x2b, 0x28), 0x7ffdc4ddf420) = 0
ioctl(3, _IOC(_IOC_READ|_IOC_WRITE, 0x46, 0x2a, 0x20), 0x7ffdc4ddf330) = 0
ioctl(3, _IOC(_IOC_READ|_IOC_WRITE, 0x46, 0x2a, 0x20), 0x7ffdc4ddf330) = 0
ioctl(3, _IOC(_IOC_READ|_IOC_WRITE, 0x46, 0x2a, 0x20), 0x7ffdc4ddf330) = 0
ioctl(3, _IOC(_IOC_READ|_IOC_WRITE, 0x46, 0x2a, 0x20), 0x7ffdc4ddf330) = 0
ioctl(3, _IOC(_IOC_READ|_IOC_WRITE, 0x46, 0x2a, 0x20), 0x7ffdc4ddf200) = 0
ioctl(3, _IOC(_IOC_READ|_IOC_WRITE, 0x46, 0x2a, 0x20), 0x7ffdc4ddf0b0) = 0
ioctl(3, _IOC(_IOC_READ|_IOC_WRITE, 0x46, 0x2a, 0x20), 0x7ffdc4ddf250) = 0
ioctl(3, _IOC(_IOC_READ|_IOC_WRITE, 0x46, 0x2a, 0x20), 0x7ffdc4ddf250) = 0
ioctl(3, _IOC(_IOC_READ|_IOC_WRITE, 0x46, 0x2a, 0x20), 0x7ffdc4ddf250) = 0
ioctl(3, _IOC(_IOC_READ|_IOC_WRITE, 0x46, 0x2a, 0x20), 0x7ffdc4ddf250) = 0
openat(AT_FDCWD, "/proc/driver/nvidia/params", O_RDONLY) = 16
fstat(16, {st_mode=S_IFREG|0444, st_size=0, ...}) = 0
read(16, "ResmanDebugLevel: 4294967295\nRmL"..., 1024) = 803
close(16)                               = 0
stat("/dev/nvidia3", {st_mode=S_IFCHR|0666, st_rdev=makedev(0xc3, 0x3), ...}) = 0
openat(AT_FDCWD, "/dev/nvidia3", O_RDWR|O_CLOEXEC) = 16
fcntl(16, F_GETFD)                      = 0x1 (flags FD_CLOEXEC)
ioctl(16, _IOC(_IOC_READ|_IOC_WRITE, 0x46, 0xc9, 0x4), 0x7ffdc4ddf2a0) = 0
ioctl(3, _IOC(_IOC_READ|_IOC_WRITE, 0x46, 0x2b, 0x28), 0x7ffdc4ddf360) = 0
ioctl(3, _IOC(_IOC_READ|_IOC_WRITE, 0x46, 0x2a, 0x20), 0x7ffdc4ddf310) = 0
ioctl(3, _IOC(_IOC_READ|_IOC_WRITE, 0x46, 0x2a, 0x20), 0x7ffdc4ddf230) = 0
ioctl(3, _IOC(_IOC_READ|_IOC_WRITE, 0x46, 0x2a, 0x20), 0x7ffdc4ddeeb0) = 0
ioctl(3, _IOC(_IOC_READ|_IOC_WRITE, 0x46, 0x2a, 0x20), 0x7ffdc4ddf260) = 0
ioctl(3, _IOC(_IOC_READ|_IOC_WRITE, 0x46, 0x2a, 0x20), 0x7ffdc4ddf1c0) = 0
ioctl(3, _IOC(_IOC_READ|_IOC_WRITE, 0x46, 0x2a, 0x20), 0x7ffdc4ddf080) = 0
ioctl(3, _IOC(_IOC_READ|_IOC_WRITE, 0x46, 0x2a, 0x20), 0x7ffdc4ddf080) = 0
ioctl(3, _IOC(_IOC_READ|_IOC_WRITE, 0x46, 0x2a, 0x20), 0x7ffdc4ddf080) = 0
ioctl(3, _IOC(_IOC_READ|_IOC_WRITE, 0x46, 0x2a, 0x20), 0x7ffdc4ddf080) = 0
ioctl(3, _IOC(_IOC_READ|_IOC_WRITE, 0x46, 0x2a, 0x20), 0x7ffdc4ddee40) = 0
ioctl(3, _IOC(_IOC_READ|_IOC_WRITE, 0x46, 0x2a, 0x20), 0x7ffdc4ddf1c0) = 0
ioctl(3, _IOC(_IOC_READ|_IOC_WRITE, 0x46, 0x2a, 0x20), 0x7ffdc4ddf1c0) = 0
ioctl(3, _IOC(_IOC_READ|_IOC_WRITE, 0x46, 0x2a, 0x20), 0x7ffdc4ddf1c0) = 0
ioctl(3, _IOC(_IOC_READ|_IOC_WRITE, 0x46, 0x2a, 0x20), 0x7ffdc4ddf1c0) = 0
ioctl(3, _IOC(_IOC_READ|_IOC_WRITE, 0x46, 0x2a, 0x20), 0x7ffdc4ddf140) = 0
ioctl(3, _IOC(_IOC_READ|_IOC_WRITE, 0x46, 0x2a, 0x20), 0x7ffdc4ddf1c0) = 0
ioctl(3, _IOC(_IOC_READ|_IOC_WRITE, 0x46, 0x2a, 0x20), 0x7ffdc4ddf1c0) = 0
ioctl(3, _IOC(_IOC_READ|_IOC_WRITE, 0x46, 0x2a, 0x20), 0x7ffdc4ddeff0) = 0
ioctl(3, _IOC(_IOC_READ|_IOC_WRITE, 0x46, 0x2a, 0x20), 0x7ffdc4ddf1a0) = 0
ioctl(3, _IOC(_IOC_READ|_IOC_WRITE, 0x46, 0x2a, 0x20), 0x7ffdc4ddf1a0) = 0
ioctl(3, _IOC(_IOC_READ|_IOC_WRITE, 0x46, 0x2a, 0x20), 0x7ffdc4ddf1a0) = 0
ioctl(3, _IOC(_IOC_READ|_IOC_WRITE, 0x46, 0x2a, 0x20), 0x7ffdc4ddf1a0) = 0
ioctl(3, _IOC(_IOC_READ|_IOC_WRITE, 0x46, 0x2a, 0x20), 0x7ffdc4ddf1a0) = 0
ioctl(3, _IOC(_IOC_READ|_IOC_WRITE, 0x46, 0x2a, 0x20), 0x7ffdc4ddf1a0) = 0
ioctl(3, _IOC(_IOC_READ|_IOC_WRITE, 0x46, 0x2a, 0x20), 0x7ffdc4ddf1a0) = 0
ioctl(3, _IOC(_IOC_READ|_IOC_WRITE, 0x46, 0x2a, 0x20), 0x7ffdc4ddf1a0) = 0
ioctl(3, _IOC(_IOC_READ|_IOC_WRITE, 0x46, 0x2a, 0x20), 0x7ffdc4ddf190) = 0
ioctl(3, _IOC(_IOC_READ|_IOC_WRITE, 0x46, 0x2a, 0x20), 0x7ffdc4ddf1a0) = 0
ioctl(3, _IOC(_IOC_READ|_IOC_WRITE, 0x46, 0x2a, 0x20), 0x7ffdc4ddf1a0) = 0
ioctl(3, _IOC(_IOC_READ|_IOC_WRITE, 0x46, 0x2a, 0x20), 0x7ffdc4ddf1a0) = 0
ioctl(3, _IOC(_IOC_READ|_IOC_WRITE, 0x46, 0x2a, 0x20), 0x7ffdc4ddf1a0) = 0
ioctl(3, _IOC(_IOC_READ|_IOC_WRITE, 0x46, 0x2a, 0x20), 0x7ffdc4ddd950) = 0
ioctl(3, _IOC(_IOC_READ|_IOC_WRITE, 0x46, 0x2a, 0x20), 0x7ffdc4ddf230) = 0
ioctl(3, _IOC(_IOC_READ|_IOC_WRITE, 0x46, 0x2a, 0x20), 0x7ffdc4ddf210) = 0
ioctl(3, _IOC(_IOC_READ|_IOC_WRITE, 0x46, 0x2b, 0x28), 0x7ffdc4ddf380) = 0
ioctl(3, _IOC(_IOC_READ|_IOC_WRITE, 0x46, 0x2a, 0x20), 0x7ffdc4ddf170) = 0
openat(AT_FDCWD, "/dev/nvidia3", O_RDWR|O_CLOEXEC) = 17
fcntl(17, F_GETFD)                      = 0x1 (flags FD_CLOEXEC)
ioctl(3, _IOC(_IOC_READ|_IOC_WRITE, 0x46, 0x4e, 0x38), 0x7ffdc4ddf340) = 0
mmap(NULL, 65536, PROT_WRITE, MAP_SHARED, 17, 0) = 0x7f9861473000
close(17)                               = 0
ioctl(3, _IOC(_IOC_READ|_IOC_WRITE, 0x46, 0x2a, 0x20), 0x7ffdc4ddf220) = 0
ioctl(3, _IOC(_IOC_READ|_IOC_WRITE, 0x46, 0x2b, 0x28), 0x7ffdc4ddf340) = 0
ioctl(3, _IOC(_IOC_READ|_IOC_WRITE, 0x46, 0x2b, 0x28), 0x7ffdc4ddf340) = 0
ioctl(3, _IOC(_IOC_READ|_IOC_WRITE, 0x46, 0x2a, 0x20), 0x7ffdc4ddf250) = 0
ioctl(3, _IOC(_IOC_READ|_IOC_WRITE, 0x46, 0x2a, 0x20), 0x7ffdc4ddf1b0) = 0
ioctl(3, _IOC(_IOC_READ|_IOC_WRITE, 0x46, 0x2a, 0x20), 0x7ffdc4ddf190) = 0
ioctl(3, _IOC(_IOC_READ|_IOC_WRITE, 0x46, 0x2a, 0x20), 0x7ffdc4ddf280) = 0
ioctl(3, _IOC(_IOC_READ|_IOC_WRITE, 0x46, 0x2a, 0x20), 0x7ffdc4ddf180) = 0
mmap(NULL, 100663296, PROT_NONE, MAP_PRIVATE|MAP_ANONYMOUS, -1, 0) = 0x7f985b473000
ioctl(3, _IOC(_IOC_READ|_IOC_WRITE, 0x46, 0x2a, 0x20), 0x7ffdc4ddff60) = 0
ioctl(3, _IOC(_IOC_READ|_IOC_WRITE, 0x46, 0x2a, 0x20), 0x7ffdc4ddff60) = 0
ioctl(3, _IOC(_IOC_READ|_IOC_WRITE, 0x46, 0x2a, 0x20), 0x7ffdc4ddff60) = 0
ioctl(3, _IOC(_IOC_READ|_IOC_WRITE, 0x46, 0x2a, 0x20), 0x7ffdc4ddff60) = 0
ioctl(3, _IOC(_IOC_READ|_IOC_WRITE, 0x46, 0x2a, 0x20), 0x7ffdc4ddff60) = 0
ioctl(3, _IOC(_IOC_READ|_IOC_WRITE, 0x46, 0x2a, 0x20), 0x7ffdc4ddff60) = 0
ioctl(3, _IOC(_IOC_READ|_IOC_WRITE, 0x46, 0x2a, 0x20), 0x7ffdc4ddff60) = 0
ioctl(3, _IOC(_IOC_READ|_IOC_WRITE, 0x46, 0x2a, 0x20), 0x7ffdc4ddff60) = 0
mmap(NULL, 172032, PROT_READ|PROT_WRITE, MAP_PRIVATE|MAP_ANONYMOUS, -1, 0) = 0x7f985b449000
ioctl(3, _IOC(_IOC_READ|_IOC_WRITE, 0x46, 0x2a, 0x20), 0x7ffdc4ddf790) = 0
ioctl(3, _IOC(_IOC_READ|_IOC_WRITE, 0x46, 0x2a, 0x20), 0x7ffdc4dde660) = 0
ioctl(3, _IOC(_IOC_READ|_IOC_WRITE, 0x46, 0x2a, 0x20), 0x7ffdc4dde660) = 0
ioctl(3, _IOC(_IOC_READ|_IOC_WRITE, 0x46, 0x2a, 0x20), 0x7ffdc4dde660) = 0
ioctl(3, _IOC(_IOC_READ|_IOC_WRITE, 0x46, 0x2a, 0x20), 0x7ffdc4dde660) = 0
mmap(NULL, 659456, PROT_READ|PROT_WRITE, MAP_PRIVATE|MAP_ANONYMOUS, -1, 0) = 0x7f985b3a8000
sysinfo({uptime=3264842, loads=[160, 832, 0], totalram=404320174080, freeram=390416846848, sharedram=3276800, bufferram=1204957184, totalswap=8589930496, freeswap=8589930496, procs=1001, totalhigh=0, freehigh=0, mem_unit=1}) = 0
uname({sysname="Linux", nodename="t640-126", ...}) = 0
ioctl(4, _IOC(_IOC_NONE, 0, 0x25, 0), 0x7ffdc4de0580) = 0
ioctl(4, _IOC(_IOC_NONE, 0, 0x25, 0), 0x7ffdc4de0580) = 0
ioctl(4, _IOC(_IOC_NONE, 0, 0x25, 0), 0x7ffdc4de0580) = 0
ioctl(4, _IOC(_IOC_NONE, 0, 0x25, 0), 0x7ffdc4de0580) = 0
ioctl(4, _IOC(_IOC_NONE, 0, 0x17, 0), 0x7ffdc4de0620) = 0
ioctl(3, _IOC(_IOC_READ|_IOC_WRITE, 0x46, 0x4a, 0xb8), 0x7ffdc4de03a0) = 0
ioctl(3, _IOC(_IOC_READ|_IOC_WRITE, 0x46, 0x4a, 0xb8), 0x7ffdc4de03a0) = 0
ioctl(3, _IOC(_IOC_READ|_IOC_WRITE, 0x46, 0x4a, 0xb8), 0x7ffdc4de03a0) = 0
ioctl(3, _IOC(_IOC_READ|_IOC_WRITE, 0x46, 0x4a, 0xb8), 0x7ffdc4de03a0) = 0
prlimit64(0, RLIMIT_AS, NULL, {rlim_cur=RLIM64_INFINITY, rlim_max=RLIM64_INFINITY}) = 0
mmap(0x200000000, 17181966336, PROT_NONE, MAP_PRIVATE|MAP_ANONYMOUS, -1, 0) = 0x200000000
mmap(NULL, 536866816, PROT_NONE, MAP_PRIVATE|MAP_ANONYMOUS, -1, 0) = 0x7f983b3a9000
munmap(0x7f983b3a9000, 80048128)        = 0
munmap(0x7f9850000000, 188383232)       = 0
eventfd2(0, EFD_CLOEXEC|EFD_NONBLOCK)   = 17
fcntl(17, F_SETFL, O_RDONLY|O_NONBLOCK) = 0
mmap(NULL, 8392704, PROT_NONE, MAP_PRIVATE|MAP_ANONYMOUS|MAP_STACK, -1, 0) = 0x7f985aba7000
mprotect(0x7f985aba8000, 8388608, PROT_READ|PROT_WRITE) = 0
clone(child_stack=0x7f985b3a6cf0, flags=CLONE_VM|CLONE_FS|CLONE_FILES|CLONE_SIGHAND|CLONE_THREAD|CLONE_SYSVSEM|CLONE_SETTLS|CLONE_PARENT_SETTID|CLONE_CHILD_CLEARTID, parent_tid=[2094279], tls=0x7f985b3a7700, child_tidptr=0x7f985b3a79d0) = 2094279
openat(AT_FDCWD, "/proc/self/task/2094279/comm", O_RDWR) = 18
write(18, "cuda-EvtHandlr", 14)         = 14
close(18)                               = 0
futex(0x559184258098, FUTEX_WAKE_PRIVATE, 1) = 1
getpid()                                = 2094270
stat("/proc/2094270/ns/pid", {st_mode=S_IFREG|0444, st_size=0, ...}) = 0
stat("/proc/2094270/ns/pid", {st_mode=S_IFREG|0444, st_size=0, ...}) = 0
socket(AF_UNIX, SOCK_SEQPACKET|SOCK_CLOEXEC, 0) = 18
unlink("")                              = -1 ENOENT (No such file or directory)
bind(18, {sa_family=AF_UNIX, sun_path=@"cuda-uvmfd-4026531836-2094270\0"}, 33) = 0
listen(18, 128)                         = 0
write(17, "\1\0\0\0\0\0\0\0", 8)        = 8
getpid()                                = 2094270
futex(0x55918265c370, FUTEX_WAKE_PRIVATE, 2147483647) = 0
ioctl(3, _IOC(_IOC_READ|_IOC_WRITE, 0x46, 0x2a, 0x20), 0x7ffdc4de0550) = 0
ioctl(3, _IOC(_IOC_READ|_IOC_WRITE, 0x46, 0x4a, 0xb8), 0x7ffdc4de06d0) = 0
ioctl(3, _IOC(_IOC_READ|_IOC_WRITE, 0x46, 0x2a, 0x20), 0x7ffdc4de0570) = 0
ioctl(3, _IOC(_IOC_READ|_IOC_WRITE, 0x46, 0x2a, 0x20), 0x7ffdc4de0430) = 0
ioctl(3, _IOC(_IOC_READ|_IOC_WRITE, 0x46, 0x2a, 0x20), 0x7ffdc4de0430) = 0
ioctl(3, _IOC(_IOC_READ|_IOC_WRITE, 0x46, 0x2a, 0x20), 0x7ffdc4de0430) = 0
ioctl(3, _IOC(_IOC_READ|_IOC_WRITE, 0x46, 0x2a, 0x20), 0x7ffdc4de04a0) = 0
ioctl(3, _IOC(_IOC_READ|_IOC_WRITE, 0x46, 0x2a, 0x20), 0x7ffdc4de04a0) = 0
ioctl(3, _IOC(_IOC_READ|_IOC_WRITE, 0x46, 0x2a, 0x20), 0x7ffdc4de0430) = 0
ioctl(3, _IOC(_IOC_READ|_IOC_WRITE, 0x46, 0x2a, 0x20), 0x7ffdc4de0430) = 0
ioctl(3, _IOC(_IOC_READ|_IOC_WRITE, 0x46, 0x2a, 0x20), 0x7ffdc4de0430) = 0
ioctl(3, _IOC(_IOC_READ|_IOC_WRITE, 0x46, 0x2a, 0x20), 0x7ffdc4de04a0) = 0
ioctl(3, _IOC(_IOC_READ|_IOC_WRITE, 0x46, 0x2a, 0x20), 0x7ffdc4de04a0) = 0
ioctl(3, _IOC(_IOC_READ|_IOC_WRITE, 0x46, 0x2a, 0x20), 0x7ffdc4de0550) = 0
ioctl(3, _IOC(_IOC_READ|_IOC_WRITE, 0x46, 0x4a, 0xb8), 0x7ffdc4de06d0) = 0
ioctl(3, _IOC(_IOC_READ|_IOC_WRITE, 0x46, 0x2a, 0x20), 0x7ffdc4de0570) = 0
ioctl(3, _IOC(_IOC_READ|_IOC_WRITE, 0x46, 0x2a, 0x20), 0x7ffdc4de0430) = 0
ioctl(3, _IOC(_IOC_READ|_IOC_WRITE, 0x46, 0x2a, 0x20), 0x7ffdc4de0430) = 0
ioctl(3, _IOC(_IOC_READ|_IOC_WRITE, 0x46, 0x2a, 0x20), 0x7ffdc4de0430) = 0
ioctl(3, _IOC(_IOC_READ|_IOC_WRITE, 0x46, 0x2a, 0x20), 0x7ffdc4de04a0) = 0
ioctl(3, _IOC(_IOC_READ|_IOC_WRITE, 0x46, 0x2a, 0x20), 0x7ffdc4de04a0) = 0
ioctl(3, _IOC(_IOC_READ|_IOC_WRITE, 0x46, 0x2a, 0x20), 0x7ffdc4de0430) = 0
ioctl(3, _IOC(_IOC_READ|_IOC_WRITE, 0x46, 0x2a, 0x20), 0x7ffdc4de0430) = 0
ioctl(3, _IOC(_IOC_READ|_IOC_WRITE, 0x46, 0x2a, 0x20), 0x7ffdc4de0430) = 0
ioctl(3, _IOC(_IOC_READ|_IOC_WRITE, 0x46, 0x2a, 0x20), 0x7ffdc4de04a0) = 0
ioctl(3, _IOC(_IOC_READ|_IOC_WRITE, 0x46, 0x2a, 0x20), 0x7ffdc4de04a0) = 0
ioctl(3, _IOC(_IOC_READ|_IOC_WRITE, 0x46, 0x2a, 0x20), 0x7ffdc4de0550) = 0
ioctl(3, _IOC(_IOC_READ|_IOC_WRITE, 0x46, 0x4a, 0xb8), 0x7ffdc4de06d0) = 0
ioctl(3, _IOC(_IOC_READ|_IOC_WRITE, 0x46, 0x2a, 0x20), 0x7ffdc4de0570) = 0
ioctl(3, _IOC(_IOC_READ|_IOC_WRITE, 0x46, 0x2a, 0x20), 0x7ffdc4de0430) = 0
ioctl(3, _IOC(_IOC_READ|_IOC_WRITE, 0x46, 0x2a, 0x20), 0x7ffdc4de0430) = 0
ioctl(3, _IOC(_IOC_READ|_IOC_WRITE, 0x46, 0x2a, 0x20), 0x7ffdc4de0430) = 0
ioctl(3, _IOC(_IOC_READ|_IOC_WRITE, 0x46, 0x2a, 0x20), 0x7ffdc4de04a0) = 0
ioctl(3, _IOC(_IOC_READ|_IOC_WRITE, 0x46, 0x2a, 0x20), 0x7ffdc4de04a0) = 0
ioctl(3, _IOC(_IOC_READ|_IOC_WRITE, 0x46, 0x2a, 0x20), 0x7ffdc4de0430) = 0
ioctl(3, _IOC(_IOC_READ|_IOC_WRITE, 0x46, 0x2a, 0x20), 0x7ffdc4de0430) = 0
ioctl(3, _IOC(_IOC_READ|_IOC_WRITE, 0x46, 0x2a, 0x20), 0x7ffdc4de0430) = 0
ioctl(3, _IOC(_IOC_READ|_IOC_WRITE, 0x46, 0x2a, 0x20), 0x7ffdc4de04a0) = 0
ioctl(3, _IOC(_IOC_READ|_IOC_WRITE, 0x46, 0x2a, 0x20), 0x7ffdc4de04a0) = 0
ioctl(3, _IOC(_IOC_READ|_IOC_WRITE, 0x46, 0x2a, 0x20), 0x7ffdc4de0550) = 0
ioctl(3, _IOC(_IOC_READ|_IOC_WRITE, 0x46, 0x4a, 0xb8), 0x7ffdc4de06d0) = 0
ioctl(3, _IOC(_IOC_READ|_IOC_WRITE, 0x46, 0x2a, 0x20), 0x7ffdc4de0570) = 0
ioctl(3, _IOC(_IOC_READ|_IOC_WRITE, 0x46, 0x2a, 0x20), 0x7ffdc4de0430) = 0
ioctl(3, _IOC(_IOC_READ|_IOC_WRITE, 0x46, 0x2a, 0x20), 0x7ffdc4de0430) = 0
ioctl(3, _IOC(_IOC_READ|_IOC_WRITE, 0x46, 0x2a, 0x20), 0x7ffdc4de0430) = 0
ioctl(3, _IOC(_IOC_READ|_IOC_WRITE, 0x46, 0x2a, 0x20), 0x7ffdc4de04a0) = 0
ioctl(3, _IOC(_IOC_READ|_IOC_WRITE, 0x46, 0x2a, 0x20), 0x7ffdc4de04a0) = 0
ioctl(3, _IOC(_IOC_READ|_IOC_WRITE, 0x46, 0x2a, 0x20), 0x7ffdc4de0430) = 0
ioctl(3, _IOC(_IOC_READ|_IOC_WRITE, 0x46, 0x2a, 0x20), 0x7ffdc4de0430) = 0
ioctl(3, _IOC(_IOC_READ|_IOC_WRITE, 0x46, 0x2a, 0x20), 0x7ffdc4de0430) = 0
ioctl(3, _IOC(_IOC_READ|_IOC_WRITE, 0x46, 0x2a, 0x20), 0x7ffdc4de04a0) = 0
ioctl(3, _IOC(_IOC_READ|_IOC_WRITE, 0x46, 0x2a, 0x20), 0x7ffdc4de04a0) = 0
vfork()                                 = 2094280
--- SIGCHLD {si_signo=SIGCHLD, si_code=CLD_EXITED, si_pid=2094280, si_uid=1000, si_status=0, si_utime=0, si_stime=0} ---
writev(2, [{iov_base="*** ", iov_len=4}, {iov_base="stack smashing detected", iov_len=23}, {iov_base=" ***: terminated\n", iov_len=17}], 3*** stack smashing detected ***: terminated
) = 44
mmap(NULL, 4096, PROT_READ|PROT_WRITE, MAP_PRIVATE|MAP_ANONYMOUS, -1, 0) = 0x7f98631b7000
rt_sigprocmask(SIG_UNBLOCK, [ABRT], NULL, 8) = 0
rt_sigprocmask(SIG_BLOCK, ~[RTMIN RT_1], [], 8) = 0
getpid()                                = 2094270
gettid()                                = 2094270
tgkill(2094270, 2094270, SIGABRT)       = 0
rt_sigprocmask(SIG_SETMASK, [], NULL, 8) = 0
--- SIGABRT {si_signo=SIGABRT, si_code=SI_TKILL, si_pid=2094270, si_uid=1000} ---
+++ killed by SIGABRT (core dumped) +++
